<?xml version="1.0" encoding="UTF-8"?>
<!-- Generated by org.testng.reporters.JUnitXMLReporter -->
<testsuite hostname="WS-AMRKA-OSX.local" ignored="0" name="Nexus" tests="3" failures="0" timestamp="2019-11-27T16:44:13 EET" time="101.431" errors="0">
  <testcase name="Verify_user_can_use_tourist_mode" time="12.66" classname="Tests.LandingPageTest"/>
  <testcase name="Verify_user_can_use_local_mode" time="13.371" classname="Tests.LandingPageTest"/>
  <testcase name="Verify_Places_near_by_is_displayed" time="5.785" classname="Tests.LandingPageTest"/>
</testsuite> <!-- Nexus -->
