<?xml version="1.0" encoding="UTF-8"?>
<!-- Generated by org.testng.reporters.JUnitXMLReporter -->
<testsuite hostname="WS-AMRKA" ignored="0" name="Note5" tests="3" failures="1" timestamp="13 Jun 2019 10:48:22 GMT" time="74.851" errors="0">
  <testcase name="Verify_user_can_use_tourist_mode" time="12.151" classname="Tests.LandingPageTest">
    <failure type="java.lang.AssertionError" message="expected [TourSist] but found [Tourist]">
      <![CDATA[java.lang.AssertionError: expected [TourSist] but found [Tourist]
at Pages.LandingPage.sign_as_Tourist(LandingPage.java:101)
at Tests.LandingPageTest.Verify_user_can_use_tourist_mode(LandingPageTest.java:28)
at java.util.concurrent.FutureTask.run(FutureTask.java:266)
at java.util.concurrent.ThreadPoolExecutor.runWorker(ThreadPoolExecutor.java:1149)
at java.util.concurrent.ThreadPoolExecutor$Worker.run(ThreadPoolExecutor.java:624)
at java.lang.Thread.run(Thread.java:748)
... Removed 22 stack frames]]>
    </failure>
  </testcase> <!-- Verify_user_can_use_tourist_mode -->
  <testcase name="Verify_user_can_use_local_mode" time="14.565" classname="Tests.LandingPageTest"/>
  <testcase name="Verify_Places_near_by_is_displayed" time="5.346" classname="Tests.LandingPageTest"/>
</testsuite> <!-- Note5 -->
