<?xml version="1.0" encoding="UTF-8"?>
<!-- Generated by org.testng.reporters.JUnitXMLReporter -->
<testsuite hostname="warrior" ignored="0" name="Note5" tests="3" failures="0" timestamp="2019-10-19T22:57:38 CEST" time="40.038" errors="0">
  <testcase name="Verify_user_can_use_tourist_mode" time="9.142" classname="Tests.LandingPageTest"/>
  <testcase name="Verify_user_can_use_local_mode" time="11.772" classname="Tests.LandingPageTest"/>
  <testcase name="Verify_Places_near_by_is_displayed" time="3.156" classname="Tests.LandingPageTest"/>
</testsuite> <!-- Note5 -->
