<?xml version="1.0" encoding="UTF-8"?>
<testsuite xmlns:xsi="http://www.w3.org/2001/XMLSchema-instance" xsi:noNamespaceSchemaLocation="https://maven.apache.org/surefire/maven-surefire-plugin/xsd/surefire-test-report-3.0.xsd" version="3.0" name="TestSuite" time="4.777" tests="7" errors="0" skipped="3" failures="4">
  <properties>
[...]
</properties>
  <testcase name="setUp" classname="Tests.LandingPageTest" time="4.277">
    <failure message="Unable to create a new remote session. Please check the server log for more details. Original error: An unknown server-side error occurred while processing the command. Original error: Unable to find an active device or emulator with OS 9. The following are available: 04ccf63925272a44 (6.0.1)&#10;Build info: version: &apos;3.141.59&apos;, revision: &apos;e82be7d358&apos;, time: &apos;2018-11-14T08:17:03&apos;&#10;System info: host: &apos;WS-AMRKA&apos;, ip: &apos;10.0.75.1&apos;, os.name: &apos;Windows 10&apos;, os.arch: &apos;amd64&apos;, os.version: &apos;10.0&apos;, java.version: &apos;1.8.0_231&apos;&#10;Driver info: driver.version: AndroidDriver&#10;remote stacktrace: UnknownError: An unknown server-side error occurred while processing the command. Original error: Unable to find an active device or emulator with OS 9. The following are available: 04ccf63925272a44 (6.0.1)&#10;    at getResponseForW3CError (/home/linuxbrew/.linuxbrew/lib/node_modules/appium/node_modules/appium-base-driver/lib/protocol/errors.js:804:9)&#10;    at asyncHandler (/home/linuxbrew/.linuxbrew/lib/node_modules/appium/node_modules/appium-base-driver/lib/protocol/protocol.js:388:37)&#10;    at &lt;anonymous&gt;&#10;Build info: version: &apos;3.141.59&apos;, revision: &apos;e82be7d358&apos;, time: &apos;2018-11-14T08:17:03&apos;&#10;System info: host: &apos;WS-AMRKA&apos;, ip: &apos;10.0.75.1&apos;, os.name: &apos;Windows 10&apos;, os.arch: &apos;amd64&apos;, os.version: &apos;10.0&apos;, java.version: &apos;1.8.0_231&apos;&#10;Driver info: driver.version: AndroidDriver" type="org.openqa.selenium.SessionNotCreatedException"><![CDATA[org.openqa.selenium.SessionNotCreatedException: 
Unable to create a new remote session. Please check the server log for more details. Original error: An unknown server-side error occurred while processing the command. Original error: Unable to find an active device or emulator with OS 9. The following are available: 04ccf63925272a44 (6.0.1)
Build info: version: '3.141.59', revision: 'e82be7d358', time: '2018-11-14T08:17:03'
System info: host: 'WS-AMRKA', ip: '10.0.75.1', os.name: 'Windows 10', os.arch: 'amd64', os.version: '10.0', java.version: '1.8.0_231'
Driver info: driver.version: AndroidDriver
remote stacktrace: UnknownError: An unknown server-side error occurred while processing the command. Original error: Unable to find an active device or emulator with OS 9. The following are available: 04ccf63925272a44 (6.0.1)
    at getResponseForW3CError (/home/linuxbrew/.linuxbrew/lib/node_modules/appium/node_modules/appium-base-driver/lib/protocol/errors.js:804:9)
    at asyncHandler (/home/linuxbrew/.linuxbrew/lib/node_modules/appium/node_modules/appium-base-driver/lib/protocol/protocol.js:388:37)
    at <anonymous>
Build info: version: '3.141.59', revision: 'e82be7d358', time: '2018-11-14T08:17:03'
System info: host: 'WS-AMRKA', ip: '10.0.75.1', os.name: 'Windows 10', os.arch: 'amd64', os.version: '10.0', java.version: '1.8.0_231'
Driver info: driver.version: AndroidDriver
Caused by: java.lang.reflect.InvocationTargetException
Caused by: org.openqa.selenium.WebDriverException: 
An unknown server-side error occurred while processing the command. Original error: Unable to find an active device or emulator with OS 9. The following are available: 04ccf63925272a44 (6.0.1)
Build info: version: '3.141.59', revision: 'e82be7d358', time: '2018-11-14T08:17:03'
System info: host: 'WS-AMRKA', ip: '10.0.75.1', os.name: 'Windows 10', os.arch: 'amd64', os.version: '10.0', java.version: '1.8.0_231'
Driver info: driver.version: AndroidDriver
remote stacktrace: UnknownError: An unknown server-side error occurred while processing the command. Original error: Unable to find an active device or emulator with OS 9. The following are available: 04ccf63925272a44 (6.0.1)
    at getResponseForW3CError (/home/linuxbrew/.linuxbrew/lib/node_modules/appium/node_modules/appium-base-driver/lib/protocol/errors.js:804:9)
    at asyncHandler (/home/linuxbrew/.linuxbrew/lib/node_modules/appium/node_modules/appium-base-driver/lib/protocol/protocol.js:388:37)
    at <anonymous>
]]></failure>
    <system-out><![CDATA[I am in onStart method Nexus
Driver Is Initiated
]]></system-out>
  </testcase>
  <testcase name="setUp" classname="Tests.LandingPageTest" time="0.18">
    <failure message="Unable to create a new remote session. Please check the server log for more details. Original error: An unknown server-side error occurred while processing the command. Original error: Unable to find an active device or emulator with OS 9. The following are available: 04ccf63925272a44 (6.0.1)&#10;Build info: version: &apos;3.141.59&apos;, revision: &apos;e82be7d358&apos;, time: &apos;2018-11-14T08:17:03&apos;&#10;System info: host: &apos;WS-AMRKA&apos;, ip: &apos;10.0.75.1&apos;, os.name: &apos;Windows 10&apos;, os.arch: &apos;amd64&apos;, os.version: &apos;10.0&apos;, java.version: &apos;1.8.0_231&apos;&#10;Driver info: driver.version: AndroidDriver&#10;remote stacktrace: UnknownError: An unknown server-side error occurred while processing the command. Original error: Unable to find an active device or emulator with OS 9. The following are available: 04ccf63925272a44 (6.0.1)&#10;    at getResponseForW3CError (/home/linuxbrew/.linuxbrew/lib/node_modules/appium/node_modules/appium-base-driver/lib/protocol/errors.js:804:9)&#10;    at asyncHandler (/home/linuxbrew/.linuxbrew/lib/node_modules/appium/node_modules/appium-base-driver/lib/protocol/protocol.js:388:37)&#10;    at &lt;anonymous&gt;&#10;Build info: version: &apos;3.141.59&apos;, revision: &apos;e82be7d358&apos;, time: &apos;2018-11-14T08:17:03&apos;&#10;System info: host: &apos;WS-AMRKA&apos;, ip: &apos;10.0.75.1&apos;, os.name: &apos;Windows 10&apos;, os.arch: &apos;amd64&apos;, os.version: &apos;10.0&apos;, java.version: &apos;1.8.0_231&apos;&#10;Driver info: driver.version: AndroidDriver" type="org.openqa.selenium.SessionNotCreatedException"><![CDATA[org.openqa.selenium.SessionNotCreatedException: 
Unable to create a new remote session. Please check the server log for more details. Original error: An unknown server-side error occurred while processing the command. Original error: Unable to find an active device or emulator with OS 9. The following are available: 04ccf63925272a44 (6.0.1)
Build info: version: '3.141.59', revision: 'e82be7d358', time: '2018-11-14T08:17:03'
System info: host: 'WS-AMRKA', ip: '10.0.75.1', os.name: 'Windows 10', os.arch: 'amd64', os.version: '10.0', java.version: '1.8.0_231'
Driver info: driver.version: AndroidDriver
remote stacktrace: UnknownError: An unknown server-side error occurred while processing the command. Original error: Unable to find an active device or emulator with OS 9. The following are available: 04ccf63925272a44 (6.0.1)
    at getResponseForW3CError (/home/linuxbrew/.linuxbrew/lib/node_modules/appium/node_modules/appium-base-driver/lib/protocol/errors.js:804:9)
    at asyncHandler (/home/linuxbrew/.linuxbrew/lib/node_modules/appium/node_modules/appium-base-driver/lib/protocol/protocol.js:388:37)
    at <anonymous>
Build info: version: '3.141.59', revision: 'e82be7d358', time: '2018-11-14T08:17:03'
System info: host: 'WS-AMRKA', ip: '10.0.75.1', os.name: 'Windows 10', os.arch: 'amd64', os.version: '10.0', java.version: '1.8.0_231'
Driver info: driver.version: AndroidDriver
Caused by: java.lang.reflect.InvocationTargetException
Caused by: org.openqa.selenium.WebDriverException: 
An unknown server-side error occurred while processing the command. Original error: Unable to find an active device or emulator with OS 9. The following are available: 04ccf63925272a44 (6.0.1)
Build info: version: '3.141.59', revision: 'e82be7d358', time: '2018-11-14T08:17:03'
System info: host: 'WS-AMRKA', ip: '10.0.75.1', os.name: 'Windows 10', os.arch: 'amd64', os.version: '10.0', java.version: '1.8.0_231'
Driver info: driver.version: AndroidDriver
remote stacktrace: UnknownError: An unknown server-side error occurred while processing the command. Original error: Unable to find an active device or emulator with OS 9. The following are available: 04ccf63925272a44 (6.0.1)
    at getResponseForW3CError (/home/linuxbrew/.linuxbrew/lib/node_modules/appium/node_modules/appium-base-driver/lib/protocol/errors.js:804:9)
    at asyncHandler (/home/linuxbrew/.linuxbrew/lib/node_modules/appium/node_modules/appium-base-driver/lib/protocol/protocol.js:388:37)
    at <anonymous>
]]></failure>
    <system-out><![CDATA[Driver Is Initiated
]]></system-out>
  </testcase>
  <testcase name="setUp" classname="Tests.LandingPageTest" time="0.106">
    <failure message="Unable to create a new remote session. Please check the server log for more details. Original error: An unknown server-side error occurred while processing the command. Original error: Unable to find an active device or emulator with OS 9. The following are available: 04ccf63925272a44 (6.0.1)&#10;Build info: version: &apos;3.141.59&apos;, revision: &apos;e82be7d358&apos;, time: &apos;2018-11-14T08:17:03&apos;&#10;System info: host: &apos;WS-AMRKA&apos;, ip: &apos;10.0.75.1&apos;, os.name: &apos;Windows 10&apos;, os.arch: &apos;amd64&apos;, os.version: &apos;10.0&apos;, java.version: &apos;1.8.0_231&apos;&#10;Driver info: driver.version: AndroidDriver&#10;remote stacktrace: UnknownError: An unknown server-side error occurred while processing the command. Original error: Unable to find an active device or emulator with OS 9. The following are available: 04ccf63925272a44 (6.0.1)&#10;    at getResponseForW3CError (/home/linuxbrew/.linuxbrew/lib/node_modules/appium/node_modules/appium-base-driver/lib/protocol/errors.js:804:9)&#10;    at asyncHandler (/home/linuxbrew/.linuxbrew/lib/node_modules/appium/node_modules/appium-base-driver/lib/protocol/protocol.js:388:37)&#10;    at &lt;anonymous&gt;&#10;Build info: version: &apos;3.141.59&apos;, revision: &apos;e82be7d358&apos;, time: &apos;2018-11-14T08:17:03&apos;&#10;System info: host: &apos;WS-AMRKA&apos;, ip: &apos;10.0.75.1&apos;, os.name: &apos;Windows 10&apos;, os.arch: &apos;amd64&apos;, os.version: &apos;10.0&apos;, java.version: &apos;1.8.0_231&apos;&#10;Driver info: driver.version: AndroidDriver" type="org.openqa.selenium.SessionNotCreatedException"><![CDATA[org.openqa.selenium.SessionNotCreatedException: 
Unable to create a new remote session. Please check the server log for more details. Original error: An unknown server-side error occurred while processing the command. Original error: Unable to find an active device or emulator with OS 9. The following are available: 04ccf63925272a44 (6.0.1)
Build info: version: '3.141.59', revision: 'e82be7d358', time: '2018-11-14T08:17:03'
System info: host: 'WS-AMRKA', ip: '10.0.75.1', os.name: 'Windows 10', os.arch: 'amd64', os.version: '10.0', java.version: '1.8.0_231'
Driver info: driver.version: AndroidDriver
remote stacktrace: UnknownError: An unknown server-side error occurred while processing the command. Original error: Unable to find an active device or emulator with OS 9. The following are available: 04ccf63925272a44 (6.0.1)
    at getResponseForW3CError (/home/linuxbrew/.linuxbrew/lib/node_modules/appium/node_modules/appium-base-driver/lib/protocol/errors.js:804:9)
    at asyncHandler (/home/linuxbrew/.linuxbrew/lib/node_modules/appium/node_modules/appium-base-driver/lib/protocol/protocol.js:388:37)
    at <anonymous>
Build info: version: '3.141.59', revision: 'e82be7d358', time: '2018-11-14T08:17:03'
System info: host: 'WS-AMRKA', ip: '10.0.75.1', os.name: 'Windows 10', os.arch: 'amd64', os.version: '10.0', java.version: '1.8.0_231'
Driver info: driver.version: AndroidDriver
Caused by: java.lang.reflect.InvocationTargetException
Caused by: org.openqa.selenium.WebDriverException: 
An unknown server-side error occurred while processing the command. Original error: Unable to find an active device or emulator with OS 9. The following are available: 04ccf63925272a44 (6.0.1)
Build info: version: '3.141.59', revision: 'e82be7d358', time: '2018-11-14T08:17:03'
System info: host: 'WS-AMRKA', ip: '10.0.75.1', os.name: 'Windows 10', os.arch: 'amd64', os.version: '10.0', java.version: '1.8.0_231'
Driver info: driver.version: AndroidDriver
remote stacktrace: UnknownError: An unknown server-side error occurred while processing the command. Original error: Unable to find an active device or emulator with OS 9. The following are available: 04ccf63925272a44 (6.0.1)
    at getResponseForW3CError (/home/linuxbrew/.linuxbrew/lib/node_modules/appium/node_modules/appium-base-driver/lib/protocol/errors.js:804:9)
    at asyncHandler (/home/linuxbrew/.linuxbrew/lib/node_modules/appium/node_modules/appium-base-driver/lib/protocol/protocol.js:388:37)
    at <anonymous>
]]></failure>
    <system-out><![CDATA[Driver Is Initiated
]]></system-out>
  </testcase>
  <testcase name="Verify_user_can_use_tourist_mode" classname="Tests.LandingPageTest" time="0">
    <skipped message="Unable to create a new remote session. Please check the server log for more details. Original error: An unknown server-side error occurred while processing the command. Original error: Unable to find an active device or emulator with OS 9. The following are available: 04ccf63925272a44 (6.0.1)&#10;Build info: version: &apos;3.141.59&apos;, revision: &apos;e82be7d358&apos;, time: &apos;2018-11-14T08:17:03&apos;&#10;System info: host: &apos;WS-AMRKA&apos;, ip: &apos;10.0.75.1&apos;, os.name: &apos;Windows 10&apos;, os.arch: &apos;amd64&apos;, os.version: &apos;10.0&apos;, java.version: &apos;1.8.0_231&apos;&#10;Driver info: driver.version: AndroidDriver&#10;remote stacktrace: UnknownError: An unknown server-side error occurred while processing the command. Original error: Unable to find an active device or emulator with OS 9. The following are available: 04ccf63925272a44 (6.0.1)&#10;    at getResponseForW3CError (/home/linuxbrew/.linuxbrew/lib/node_modules/appium/node_modules/appium-base-driver/lib/protocol/errors.js:804:9)&#10;    at asyncHandler (/home/linuxbrew/.linuxbrew/lib/node_modules/appium/node_modules/appium-base-driver/lib/protocol/protocol.js:388:37)&#10;    at &lt;anonymous&gt;&#10;Build info: version: &apos;3.141.59&apos;, revision: &apos;e82be7d358&apos;, time: &apos;2018-11-14T08:17:03&apos;&#10;System info: host: &apos;WS-AMRKA&apos;, ip: &apos;10.0.75.1&apos;, os.name: &apos;Windows 10&apos;, os.arch: &apos;amd64&apos;, os.version: &apos;10.0&apos;, java.version: &apos;1.8.0_231&apos;&#10;Driver info: driver.version: AndroidDriver"/>
    <system-out><![CDATA[I am in onTestStart method Verify_user_can_use_tourist_mode start
I am in onTestSkipped method Verify_user_can_use_tourist_mode skipped
]]></system-out>
  </testcase>
  <testcase name="Verify_user_can_use_local_mode" classname="Tests.LandingPageTest" time="0">
    <skipped message="Unable to create a new remote session. Please check the server log for more details. Original error: An unknown server-side error occurred while processing the command. Original error: Unable to find an active device or emulator with OS 9. The following are available: 04ccf63925272a44 (6.0.1)&#10;Build info: version: &apos;3.141.59&apos;, revision: &apos;e82be7d358&apos;, time: &apos;2018-11-14T08:17:03&apos;&#10;System info: host: &apos;WS-AMRKA&apos;, ip: &apos;10.0.75.1&apos;, os.name: &apos;Windows 10&apos;, os.arch: &apos;amd64&apos;, os.version: &apos;10.0&apos;, java.version: &apos;1.8.0_231&apos;&#10;Driver info: driver.version: AndroidDriver&#10;remote stacktrace: UnknownError: An unknown server-side error occurred while processing the command. Original error: Unable to find an active device or emulator with OS 9. The following are available: 04ccf63925272a44 (6.0.1)&#10;    at getResponseForW3CError (/home/linuxbrew/.linuxbrew/lib/node_modules/appium/node_modules/appium-base-driver/lib/protocol/errors.js:804:9)&#10;    at asyncHandler (/home/linuxbrew/.linuxbrew/lib/node_modules/appium/node_modules/appium-base-driver/lib/protocol/protocol.js:388:37)&#10;    at &lt;anonymous&gt;&#10;Build info: version: &apos;3.141.59&apos;, revision: &apos;e82be7d358&apos;, time: &apos;2018-11-14T08:17:03&apos;&#10;System info: host: &apos;WS-AMRKA&apos;, ip: &apos;10.0.75.1&apos;, os.name: &apos;Windows 10&apos;, os.arch: &apos;amd64&apos;, os.version: &apos;10.0&apos;, java.version: &apos;1.8.0_231&apos;&#10;Driver info: driver.version: AndroidDriver"/>
    <system-out><![CDATA[I am in onTestStart method Verify_user_can_use_local_mode start
I am in onTestSkipped method Verify_user_can_use_local_mode skipped
]]></system-out>
  </testcase>
  <testcase name="Verify_Places_near_by_is_displayed" classname="Tests.LandingPageTest" time="0">
    <skipped message="Unable to create a new remote session. Please check the server log for more details. Original error: An unknown server-side error occurred while processing the command. Original error: Unable to find an active device or emulator with OS 9. The following are available: 04ccf63925272a44 (6.0.1)&#10;Build info: version: &apos;3.141.59&apos;, revision: &apos;e82be7d358&apos;, time: &apos;2018-11-14T08:17:03&apos;&#10;System info: host: &apos;WS-AMRKA&apos;, ip: &apos;10.0.75.1&apos;, os.name: &apos;Windows 10&apos;, os.arch: &apos;amd64&apos;, os.version: &apos;10.0&apos;, java.version: &apos;1.8.0_231&apos;&#10;Driver info: driver.version: AndroidDriver&#10;remote stacktrace: UnknownError: An unknown server-side error occurred while processing the command. Original error: Unable to find an active device or emulator with OS 9. The following are available: 04ccf63925272a44 (6.0.1)&#10;    at getResponseForW3CError (/home/linuxbrew/.linuxbrew/lib/node_modules/appium/node_modules/appium-base-driver/lib/protocol/errors.js:804:9)&#10;    at asyncHandler (/home/linuxbrew/.linuxbrew/lib/node_modules/appium/node_modules/appium-base-driver/lib/protocol/protocol.js:388:37)&#10;    at &lt;anonymous&gt;&#10;Build info: version: &apos;3.141.59&apos;, revision: &apos;e82be7d358&apos;, time: &apos;2018-11-14T08:17:03&apos;&#10;System info: host: &apos;WS-AMRKA&apos;, ip: &apos;10.0.75.1&apos;, os.name: &apos;Windows 10&apos;, os.arch: &apos;amd64&apos;, os.version: &apos;10.0&apos;, java.version: &apos;1.8.0_231&apos;&#10;Driver info: driver.version: AndroidDriver"/>
    <system-out><![CDATA[I am in onTestStart method Verify_Places_near_by_is_displayed start
I am in onTestSkipped method Verify_Places_near_by_is_displayed skipped
]]></system-out>
  </testcase>
  <testcase name="cleanUp" classname="Tests.LandingPageTest" time="0.061">
    <failure type="java.lang.NullPointerException">java.lang.NullPointerException
</failure>
    <system-out><![CDATA[I am in onFinish method Nexus
]]></system-out>
  </testcase>
</testsuite>