<?xml version="1.0" encoding="UTF-8"?>
<testsuite xmlns:xsi="http://www.w3.org/2001/XMLSchema-instance" xsi:noNamespaceSchemaLocation="https://maven.apache.org/surefire/maven-surefire-plugin/xsd/surefire-test-report-3.0.xsd" version="3.0" name="TestSuite" time="76.95" tests="3" errors="0" skipped="0" failures="1">
  <properties>
[...]
</properties>
  <testcase name="Verify_user_can_use_tourist_mode" classname="Tests.LandingPageTest" time="12.404">
    <failure message="expected [TourSist] but found [Tourist]" type="java.lang.AssertionError">java.lang.AssertionError: expected [TourSist] but found [Tourist]
	at Tests.LandingPageTest.Verify_user_can_use_tourist_mode(LandingPageTest.java:28)
</failure>
    <system-out><![CDATA[I am in onStart method Note5
Driver Is Initiated
&amp#27;[35m[Appium]&amp#27;[39m Welcome to Appium v1.13.0
&amp#27;[35m[Appium]&amp#27;[39m Non-default server args:
&amp#27;[35m[Appium]&amp#27;[39m   port: 4724
&amp#27;[35m[Appium]&amp#27;[39m   callbackPort: 4724
&amp#27;[35m[Appium]&amp#27;[39m   bootstrapPort: 4729
&amp#27;[35m[Appium]&amp#27;[39m   sessionOverride: true
&amp#27;[35m[Appium]&amp#27;[39m Appium REST http interface listener started on 0.0.0.0:4724
&amp#27;[35m[HTTP]&amp#27;[39m &amp#27;[37m-->&amp#27;[39m &amp#27;[37mGET&amp#27;[39m &amp#27;[37m/wd/hub/status&amp#27;[39m
&amp#27;[35m[HTTP]&amp#27;[39m &amp#27;[90m{}&amp#27;[39m
[debug] &amp#27;[35m[GENERIC]&amp#27;[39m Calling AppiumDriver.getStatus() with args: []
[debug] &amp#27;[35m[GENERIC]&amp#27;[39m Responding to client with driver.getStatus() result: {"build":{"version":"1.13.0"}}
&amp#27;[35m[HTTP]&amp#27;[39m &amp#27;[37m<-- GET /wd/hub/status &amp#27;[39m&amp#27;[32m200&amp#27;[39m &amp#27;[90m6 ms - 68&amp#27;[39m
&amp#27;[35m[HTTP]&amp#27;[39m &amp#27;[90m&amp#27;[39m
&amp#27;[35m[HTTP]&amp#27;[39m &amp#27;[37m-->&amp#27;[39m &amp#27;[37mPOST&amp#27;[39m &amp#27;[37m/wd/hub/session&amp#27;[39m
&amp#27;[35m[HTTP]&amp#27;[39m &amp#27;[90m{"desiredCapabilities":{"appActivity":"com.sfdmobile.MainActivity","appPackage":"com.sarajevo.food.dictionary","appium:unlockKey":"0122882435abA","clearSystemFiles":true,"platformVersion":"9","appium:unlockType":"password","automationName":"uiAutomator2","autoGrantPermissions":"true","platformName":"Android","udid":"988a1641434e36333130","deviceName":"SM_N950F"},"capabilities":{"firstMatch":[{"appium:appActivity":"com.sfdmobile.MainActivity","appium:appPackage":"com.sarajevo.food.dictionary","appium:unlockKey":"0122882435abA","appium:unlockType":"password","appium:autoGrantPermissions":"true","appium:automationName":"uiAutomator2","appium:clearSystemFiles":true,"appium:deviceName":"SM_N950F","platformName":"android","appium:platformVersion":"9","appium:udid":"988a1641434e36333130"}]}}&amp#27;[39m
[debug] &amp#27;[35m[W3C]&amp#27;[39m Calling AppiumDriver.createSession() with args: [{"appActivity":"com.sfdmobile.MainActivity","appPackage":"com.sarajevo.food.dictionary","appium:unlockKey":"0122882435abA","clearSystemFiles":true,"platformVersion":"9","appium:unlockType":"password","automationName":"uiAutomator2","autoGrantPermissions":"true","platformName":"Android","udid":"988a1641434e36333130","deviceName":"SM_N950F"},null,{"firstMatch":[{"appium:appActivity":"com.sfdmobile.MainActivity","appium:appPackage":"com.sarajevo.food.dictionary","appium:unlockKey":"0122882435abA","appium:unlockType":"password","appium:autoGrantPermissions":"true","appium:automationName":"uiAutomator2","appium:clearSystemFiles":true,"appium:deviceName":"SM_N950F","platformName":"android","appium:platformVersion":"9","appium:udid":"988a1641434e36333130"}]}]
[debug] &amp#27;[35m[BaseDriver]&amp#27;[39m Event 'newSessionRequested' logged at 1560422831517 (12:47:11 GMT+0200 (Central European Summer Time))
&amp#27;[35m[Appium]&amp#27;[39m Appium v1.13.0 creating new AndroidUiautomator2Driver (v1.33.1) session
&amp#27;[35m[Appium]&amp#27;[39m Capabilities:
&amp#27;[35m[Appium]&amp#27;[39m   platformName: android
&amp#27;[35m[Appium]&amp#27;[39m   appActivity: com.sfdmobile.MainActivity
&amp#27;[35m[Appium]&amp#27;[39m   appPackage: com.sarajevo.food.dictionary
&amp#27;[35m[Appium]&amp#27;[39m   unlockKey: 0122882435abA
&amp#27;[35m[Appium]&amp#27;[39m   unlockType: password
&amp#27;[35m[Appium]&amp#27;[39m   autoGrantPermissions: true
&amp#27;[35m[Appium]&amp#27;[39m   automationName: uiAutomator2
&amp#27;[35m[Appium]&amp#27;[39m   clearSystemFiles: true
&amp#27;[35m[Appium]&amp#27;[39m   deviceName: SM_N950F
&amp#27;[35m[Appium]&amp#27;[39m   platformVersion: 9
&amp#27;[35m[Appium]&amp#27;[39m   udid: 988a1641434e36333130
[debug] &amp#27;[35m[BaseDriver]&amp#27;[39m W3C capabilities {"alwaysMatch":{"platformNa... and MJSONWP desired capabilities {"appActivity":"com.sfdmobi... were provided
[debug] &amp#27;[35m[BaseDriver]&amp#27;[39m Creating session with W3C capabilities: {"alwaysMatch":{"platformNa...
&amp#27;[35m[BaseDriver]&amp#27;[39m Capability 'autoGrantPermissions' changed from string to boolean. This may cause unexpected behavior
&amp#27;[35m[BaseDriver]&amp#27;[39m Session created with session id: bbfc36f4-517f-4d75-af85-d5476917970f
&amp#27;[35m[ADB]&amp#27;[39m Found 1 'build-tools' folders under 'C:\Users\amrka\AppData\Local\Android\Sdk\' (newest first):
&amp#27;[35m[ADB]&amp#27;[39m     C:/Users/amrka/AppData/Local/Android/Sdk/build-tools/28.0.3
&amp#27;[35m[ADB]&amp#27;[39m Using 'adb.exe' from 'C:\Users\amrka\AppData\Local\Android\Sdk\platform-tools\adb.exe'
&amp#27;[35m[AndroidDriver]&amp#27;[39m Retrieving device list
[debug] &amp#27;[35m[ADB]&amp#27;[39m Trying to find a connected android device
[debug] &amp#27;[35m[ADB]&amp#27;[39m Getting connected devices...
[debug] &amp#27;[35m[ADB]&amp#27;[39m 1 device(s) connected
&amp#27;[35m[AndroidDriver]&amp#27;[39m Using device: 988a1641434e36333130
&amp#27;[35m[ADB]&amp#27;[39m Using 'adb.exe' from 'C:\Users\amrka\AppData\Local\Android\Sdk\platform-tools\adb.exe'
[debug] &amp#27;[35m[ADB]&amp#27;[39m Setting device id to 988a1641434e36333130
[debug] &amp#27;[35m[ADB]&amp#27;[39m Running 'C:\Users\amrka\AppData\Local\Android\Sdk\platform-tools\adb.exe -P 5037 -s 988a1641434e36333130 shell getprop ro.build.version.sdk'
[debug] &amp#27;[35m[ADB]&amp#27;[39m Current device property 'ro.build.version.sdk': 28
[debug] &amp#27;[35m[ADB]&amp#27;[39m Running 'C:\Users\amrka\AppData\Local\Android\Sdk\platform-tools\adb.exe -P 5037 -s 988a1641434e36333130 shell getprop ro.build.version.release'
[debug] &amp#27;[35m[ADB]&amp#27;[39m Current device property 'ro.build.version.release': 9
[debug] &amp#27;[35m[ADB]&amp#27;[39m Device API level: 28
&amp#27;[35m[UiAutomator2]&amp#27;[39m Relaxing hidden api policy
[debug] &amp#27;[35m[ADB]&amp#27;[39m Running 'C:\Users\amrka\AppData\Local\Android\Sdk\platform-tools\adb.exe -P 5037 -s 988a1641434e36333130 shell settings put global hidden_api_policy_pre_p_apps 1'
[debug] &amp#27;[35m[ADB]&amp#27;[39m Running 'C:\Users\amrka\AppData\Local\Android\Sdk\platform-tools\adb.exe -P 5037 -s 988a1641434e36333130 shell settings put global hidden_api_policy_p_apps 1'
[debug] &amp#27;[35m[ADB]&amp#27;[39m Running 'C:\Users\amrka\AppData\Local\Android\Sdk\platform-tools\adb.exe -P 5037 -s 988a1641434e36333130 shell settings put global hidden_api_policy 1'
&amp#27;[35m[AndroidDriver]&amp#27;[39m No app sent in, not parsing package/activity
[debug] &amp#27;[35m[ADB]&amp#27;[39m Running 'C:\Users\amrka\AppData\Local\Android\Sdk\platform-tools\adb.exe -P 5037 -s 988a1641434e36333130 wait-for-device'
[debug] &amp#27;[35m[ADB]&amp#27;[39m Running 'C:\Users\amrka\AppData\Local\Android\Sdk\platform-tools\adb.exe -P 5037 -s 988a1641434e36333130 shell echo ping'
[debug] &amp#27;[35m[AndroidDriver]&amp#27;[39m Pushing settings apk to device...
[debug] &amp#27;[35m[ADB]&amp#27;[39m Getting install status for io.appium.settings
[debug] &amp#27;[35m[ADB]&amp#27;[39m Running 'C:\Users\amrka\AppData\Local\Android\Sdk\platform-tools\adb.exe -P 5037 -s 988a1641434e36333130 shell dumpsys package io.appium.settings'
[debug] &amp#27;[35m[ADB]&amp#27;[39m 'io.appium.settings' is installed
[debug] &amp#27;[35m[ADB]&amp#27;[39m Getting package info for 'io.appium.settings'
[debug] &amp#27;[35m[ADB]&amp#27;[39m Running 'C:\Users\amrka\AppData\Local\Android\Sdk\platform-tools\adb.exe -P 5037 -s 988a1641434e36333130 shell dumpsys package io.appium.settings'
&amp#27;[35m[ADB]&amp#27;[39m Using 'aapt.exe' from 'C:\Users\amrka\AppData\Local\Android\Sdk\build-tools\28.0.3\aapt.exe'
[debug] &amp#27;[35m[ADB]&amp#27;[39m The version name of the installed 'io.appium.settings' is greater or equal to the application version name ('2.14.0' >= '2.14.0')
[debug] &amp#27;[35m[ADB]&amp#27;[39m There is no need to install/upgrade 'C:\Users\amrka\AppData\Local\Programs\Appium\resources\app\node_modules\appium\node_modules\io.appium.settings\apks\settings_apk-debug.apk'
[debug] &amp#27;[35m[ADB]&amp#27;[39m Getting IDs of all 'io.appium.settings' processes
[debug] &amp#27;[35m[ADB]&amp#27;[39m Running 'C:\Users\amrka\AppData\Local\Android\Sdk\platform-tools\adb.exe -P 5037 -s 988a1641434e36333130 shell 'pgrep --help; echo $?''
[debug] &amp#27;[35m[ADB]&amp#27;[39m Running 'C:\Users\amrka\AppData\Local\Android\Sdk\platform-tools\adb.exe -P 5037 -s 988a1641434e36333130 shell pgrep -f io\\.appium\\.settings'
[debug] &amp#27;[35m[AndroidDriver]&amp#27;[39m io.appium.settings is already running. There is no need to reset its permissions.
[debug] &amp#27;[35m[ADB]&amp#27;[39m Running 'C:\Users\amrka\AppData\Local\Android\Sdk\platform-tools\adb.exe -P 5037 -s 988a1641434e36333130 shell appops set io.appium.settings android\:mock_location allow'
[debug] &amp#27;[35m[Logcat]&amp#27;[39m Starting logcat capture
[debug] &amp#27;[35m[ADB]&amp#27;[39m Getting install status for io.appium.uiautomator2.server
[debug] &amp#27;[35m[ADB]&amp#27;[39m Running 'C:\Users\amrka\AppData\Local\Android\Sdk\platform-tools\adb.exe -P 5037 -s 988a1641434e36333130 shell dumpsys package io.appium.uiautomator2.server'
[debug] &amp#27;[35m[ADB]&amp#27;[39m 'io.appium.uiautomator2.server' is installed
[debug] &amp#27;[35m[ADB]&amp#27;[39m Getting package info for 'io.appium.uiautomator2.server'
[debug] &amp#27;[35m[ADB]&amp#27;[39m Running 'C:\Users\amrka\AppData\Local\Android\Sdk\platform-tools\adb.exe -P 5037 -s 988a1641434e36333130 shell dumpsys package io.appium.uiautomator2.server'
[debug] &amp#27;[35m[ADB]&amp#27;[39m The version name of the installed 'io.appium.uiautomator2.server' is greater or equal to the application version name ('3.5.1' >= '3.5.1')
[debug] &amp#27;[35m[UiAutomator2]&amp#27;[39m io.appium.uiautomator2.server installation state: sameVersionInstalled
[debug] &amp#27;[35m[ADB]&amp#27;[39m Checking app cert for C:\Users\amrka\AppData\Local\Programs\Appium\resources\app\node_modules\appium\node_modules\appium-uiautomator2-server\apks\appium-uiautomator2-server-v3.5.1.apk
&amp#27;[35m[ADB]&amp#27;[39m Using 'apksigner.bat' from 'C:\Users\amrka\AppData\Local\Android\Sdk\build-tools\28.0.3\apksigner.bat'
[debug] &amp#27;[35m[ADB]&amp#27;[39m Starting 'C:\Users\amrka\AppData\Local\Android\Sdk\build-tools\28.0.3\apksigner.bat' with args '["verify","--print-certs","C:\\Users\\amrka\\AppData\\Local\\Programs\\Appium\\resources\\app\\node_modules\\appium\\node_modules\\appium-uiautomator2-server\\apks\\appium-uiautomator2-server-v3.5.1.apk"]'
[debug] &amp#27;[35m[ADB]&amp#27;[39m apksigner stdout: Signer #1 certificate DN: EMAILADDRESS=android@android.com, CN=Android, OU=Android, O=Android, L=Mountain View, ST=California, C=US
[debug] &amp#27;[35m[ADB]&amp#27;[39m Signer #1 certificate SHA-256 digest: a40da80a59d170caa950cf15c18c454d47a39b26989d8b640ecd745ba71bf5dc
[debug] &amp#27;[35m[ADB]&amp#27;[39m Signer #1 certificate SHA-1 digest: 61ed377e85d386a8dfee6b864bd85b0bfaa5af81
[debug] &amp#27;[35m[ADB]&amp#27;[39m Signer #1 certificate MD5 digest: e89b158e4bcf988ebd09eb83f5378e87
[debug] &amp#27;[35m[ADB]&amp#27;[39m 
[debug] &amp#27;[35m[ADB]&amp#27;[39m 'C:\Users\amrka\AppData\Local\Programs\Appium\resources\app\node_modules\appium\node_modules\appium-uiautomator2-server\apks\appium-uiautomator2-server-v3.5.1.apk' is already signed.
[debug] &amp#27;[35m[ADB]&amp#27;[39m Getting install status for io.appium.uiautomator2.server.test
[debug] &amp#27;[35m[ADB]&amp#27;[39m Running 'C:\Users\amrka\AppData\Local\Android\Sdk\platform-tools\adb.exe -P 5037 -s 988a1641434e36333130 shell dumpsys package io.appium.uiautomator2.server.test'
[debug] &amp#27;[35m[ADB]&amp#27;[39m 'io.appium.uiautomator2.server.test' is installed
[debug] &amp#27;[35m[ADB]&amp#27;[39m Checking app cert for C:\Users\amrka\AppData\Local\Programs\Appium\resources\app\node_modules\appium\node_modules\appium-uiautomator2-server\apks\appium-uiautomator2-server-debug-androidTest.apk
[debug] &amp#27;[35m[ADB]&amp#27;[39m Starting 'C:\Users\amrka\AppData\Local\Android\Sdk\build-tools\28.0.3\apksigner.bat' with args '["verify","--print-certs","C:\\Users\\amrka\\AppData\\Local\\Programs\\Appium\\resources\\app\\node_modules\\appium\\node_modules\\appium-uiautomator2-server\\apks\\appium-uiautomator2-server-debug-androidTest.apk"]'
[debug] &amp#27;[35m[ADB]&amp#27;[39m apksigner stdout: Signer #1 certificate DN: EMAILADDRESS=android@android.com, CN=Android, OU=Android, O=Android, L=Mountain View, ST=California, C=US
[debug] &amp#27;[35m[ADB]&amp#27;[39m Signer #1 certificate SHA-256 digest: a40da80a59d170caa950cf15c18c454d47a39b26989d8b640ecd745ba71bf5dc
[debug] &amp#27;[35m[ADB]&amp#27;[39m Signer #1 certificate SHA-1 digest: 61ed377e85d386a8dfee6b864bd85b0bfaa5af81
[debug] &amp#27;[35m[ADB]&amp#27;[39m Signer #1 certificate MD5 digest: e89b158e4bcf988ebd09eb83f5378e87
[debug] &amp#27;[35m[ADB]&amp#27;[39m 
[debug] &amp#27;[35m[ADB]&amp#27;[39m 'C:\Users\amrka\AppData\Local\Programs\Appium\resources\app\node_modules\appium\node_modules\appium-uiautomator2-server\apks\appium-uiautomator2-server-debug-androidTest.apk' is already signed.
&amp#27;[35m[UiAutomator2]&amp#27;[39m Server packages are not going to be (re)installed
[debug] &amp#27;[35m[UiAutomator2]&amp#27;[39m Waiting up to 30000ms for services to be available
[debug] &amp#27;[35m[ADB]&amp#27;[39m Running 'C:\Users\amrka\AppData\Local\Android\Sdk\platform-tools\adb.exe -P 5037 -s 988a1641434e36333130 shell pm list instrumentation'
[debug] &amp#27;[35m[UiAutomator2]&amp#27;[39m Instrumentation target 'io.appium.uiautomator2.server.test/androidx.test.runner.AndroidJUnitRunner' is available
[debug] &amp#27;[35m[UiAutomator2]&amp#27;[39m Forwarding UiAutomator2 Server port 6790 to 8203
[debug] &amp#27;[35m[ADB]&amp#27;[39m Forwarding system: 8203 to device: 6790
[debug] &amp#27;[35m[ADB]&amp#27;[39m Running 'C:\Users\amrka\AppData\Local\Android\Sdk\platform-tools\adb.exe -P 5037 -s 988a1641434e36333130 forward tcp\:8203 tcp\:6790'
[debug] &amp#27;[35m[UiAutomator2]&amp#27;[39m No app capability. Assuming it is already on the device
[debug] &amp#27;[35m[ADB]&amp#27;[39m Getting install status for com.sarajevo.food.dictionary
[debug] &amp#27;[35m[ADB]&amp#27;[39m Running 'C:\Users\amrka\AppData\Local\Android\Sdk\platform-tools\adb.exe -P 5037 -s 988a1641434e36333130 shell dumpsys package com.sarajevo.food.dictionary'
[debug] &amp#27;[35m[ADB]&amp#27;[39m 'com.sarajevo.food.dictionary' is installed
[debug] &amp#27;[35m[ADB]&amp#27;[39m Running 'C:\Users\amrka\AppData\Local\Android\Sdk\platform-tools\adb.exe -P 5037 -s 988a1641434e36333130 shell am force-stop com.sarajevo.food.dictionary'
[debug] &amp#27;[35m[ADB]&amp#27;[39m Running 'C:\Users\amrka\AppData\Local\Android\Sdk\platform-tools\adb.exe -P 5037 -s 988a1641434e36333130 shell pm clear com.sarajevo.food.dictionary'
[debug] &amp#27;[35m[ADB]&amp#27;[39m Running 'C:\Users\amrka\AppData\Local\Android\Sdk\platform-tools\adb.exe -P 5037 -s 988a1641434e36333130 shell dumpsys package com.sarajevo.food.dictionary'
[debug] &amp#27;[35m[ADB]&amp#27;[39m Retrieving requested permissions
[debug] &amp#27;[35m[ADB]&amp#27;[39m Retrieved 20 permission(s) from ["requested"] group(s)
[debug] &amp#27;[35m[ADB]&amp#27;[39m Retrieving granted permissions
[debug] &amp#27;[35m[ADB]&amp#27;[39m Retrieved 7 permission(s) from ["install","runtime"] group(s)
[debug] &amp#27;[35m[ADB]&amp#27;[39m Granting permissions ["android.permission.ACCESS_FINE_LOCATION","android.permission.WRITE_EXTERNAL_STORAGE","android.permission.ACCESS_COARSE_LOCATION","android.permission.READ_APP_BADGE","android.permission.READ_PHONE_STATE","android.permission.READ_EXTERNAL_STORAGE"] to 'com.sarajevo.food.dictionary'
[debug] &amp#27;[35m[ADB]&amp#27;[39m Got the following command chunks to execute: [["pm","grant","com.sarajevo.food.dictionary","android.permission.ACCESS_FINE_LOCATION",";","pm","grant","com.sarajevo.food.dictionary","android.permission.WRITE_EXTERNAL_STORAGE",";","pm","grant","com.sarajevo.food.dictionary","android.permission.ACCESS_COARSE_LOCATION",";","pm","grant","com.sarajevo.food.dictionary","android.permission.READ_APP_BADGE",";","pm","grant","com.sarajevo.food.dictionary","android.permission.READ_PHONE_STATE",";","pm","grant","com.sarajevo.food.dictionary","android.permission.READ_EXTERNAL_STORAGE",";"]]
[debug] &amp#27;[35m[ADB]&amp#27;[39m Running 'C:\Users\amrka\AppData\Local\Android\Sdk\platform-tools\adb.exe -P 5037 -s 988a1641434e36333130 shell pm grant com.sarajevo.food.dictionary android.permission.ACCESS_FINE_LOCATION \; pm grant com.sarajevo.food.dictionary android.permission.WRITE_EXTERNAL_STORAGE \; pm grant com.sarajevo.food.dictionary android.permission.ACCESS_COARSE_LOCATION \; pm grant com.sarajevo.food.dictionary android.permission.READ_APP_BADGE \; pm grant com.sarajevo.food.dictionary android.permission.READ_PHONE_STATE \; pm grant com.sarajevo.food.dictionary android.permission.READ_EXTERNAL_STORAGE \;'
[debug] &amp#27;[35m[AndroidDriver]&amp#27;[39m Performed fast reset on the installed 'com.sarajevo.food.dictionary' application (stop and clear)
[debug] &amp#27;[35m[UiAutomator2]&amp#27;[39m Performing shallow cleanup of automation leftovers
[debug] &amp#27;[35m[UiAutomator2]&amp#27;[39m No obsolete sessions have been detected (Error: socket hang up)
[debug] &amp#27;[35m[ADB]&amp#27;[39m Running 'C:\Users\amrka\AppData\Local\Android\Sdk\platform-tools\adb.exe -P 5037 -s 988a1641434e36333130 shell am force-stop io.appium.uiautomator2.server.test'
&amp#27;[35m[UiAutomator2]&amp#27;[39m Starting UIAutomator2 server 3.5.1
&amp#27;[35m[UiAutomator2]&amp#27;[39m Using UIAutomator2 server from 'C:\Users\amrka\AppData\Local\Programs\Appium\resources\app\node_modules\appium\node_modules\appium-uiautomator2-server\apks\appium-uiautomator2-server-v3.5.1.apk' and test from 'C:\Users\amrka\AppData\Local\Programs\Appium\resources\app\node_modules\appium\node_modules\appium-uiautomator2-server\apks\appium-uiautomator2-server-debug-androidTest.apk'
&amp#27;[35m[UiAutomator2]&amp#27;[39m Waiting up to 30000ms for UiAutomator2 to be online...
[debug] &amp#27;[35m[ADB]&amp#27;[39m Creating ADB subprocess with args: ["-P",5037,"-s","988a1641434e36333130","shell","am","instrument","-w","io.appium.uiautomator2.server.test/androidx.test.runner.AndroidJUnitRunner"]
[debug] &amp#27;[35m[WD Proxy]&amp#27;[39m Matched '/status' to command name 'getStatus'
[debug] &amp#27;[35m[WD Proxy]&amp#27;[39m Proxying [GET /status] to [GET http://localhost:8203/wd/hub/status] with no body
&amp#27;[35m[WD Proxy]&amp#27;[39m Got an unexpected response: {"code":"ECONNRESET"}
[debug] &amp#27;[35m[WD Proxy]&amp#27;[39m Matched '/status' to command name 'getStatus'
[debug] &amp#27;[35m[WD Proxy]&amp#27;[39m Proxying [GET /status] to [GET http://localhost:8203/wd/hub/status] with no body
&amp#27;[35m[WD Proxy]&amp#27;[39m Got an unexpected response: {"code":"ECONNRESET"}
[debug] &amp#27;[35m[Instrumentation]&amp#27;[39m io.appium.uiautomator2.server.test.AppiumUiAutomator2Server:
[debug] &amp#27;[35m[WD Proxy]&amp#27;[39m Matched '/status' to command name 'getStatus'
[debug] &amp#27;[35m[WD Proxy]&amp#27;[39m Proxying [GET /status] to [GET http://localhost:8203/wd/hub/status] with no body
&amp#27;[35m[WD Proxy]&amp#27;[39m Got an unexpected response: {"code":"ECONNRESET"}
[debug] &amp#27;[35m[WD Proxy]&amp#27;[39m Matched '/status' to command name 'getStatus'
[debug] &amp#27;[35m[WD Proxy]&amp#27;[39m Proxying [GET /status] to [GET http://localhost:8203/wd/hub/status] with no body
[debug] &amp#27;[35m[WD Proxy]&amp#27;[39m Got response with status 200: "{\"sessionId\":\"None\",\"status\":0,\"value\":\"Status Invoked\"}"
[debug] &amp#27;[35m[WD Proxy]&amp#27;[39m Determined that the downstream protocol for proxy is MJSONWP
[debug] &amp#27;[35m[UiAutomator2]&amp#27;[39m The initialization of the instrumentation process took 4238ms
[debug] &amp#27;[35m[WD Proxy]&amp#27;[39m Matched '/session' to command name 'createSession'
[debug] &amp#27;[35m[WD Proxy]&amp#27;[39m Proxying [POST /session] to [POST http://localhost:8203/wd/hub/session] with body: {"desiredCapabilities":{"platform":"LINUX","webStorageEnabled":false,"takesScreenshot":true,"javascriptEnabled":true,"databaseEnabled":false,"networkConnectionEnabled":true,"locationContextEnabled":false,"warnings":{},"desired":{"platformName":"android","appActivity":"com.sfdmobile.MainActivity","appPackage":"com.sarajevo.food.dictionary","unlockKey":"0122882435abA","unlockType":"password","autoGrantPermissions":true,"automationName":"uiAutomator2","clearSystemFiles":true,"deviceName":"SM_N950F","platformVersion":"9","udid":"988a1641434e36333130"},"platformName":"android","appActivity":"com.sfdmobile.MainActivity","appPackage":"com.sarajevo.food.dictionary","unlockKey":"0122882435abA","unlockType":"password","autoGrantPermissions":true,"automationName":"uiAutomator2","clearSystemFiles":true,"deviceName":"988a1641434e36333130","platformVersion":"9","udid":"988a1641434e36333130","deviceUDID":"988a1641434e36333130"}}
[debug] &amp#27;[35m[WD Proxy]&amp#27;[39m Got response with status 200: {"sessionId":"93d11d2b-08da-4cdb-bd1f-32288482d514","status":0,"value":"Created Session"}
[debug] &amp#27;[35m[WD Proxy]&amp#27;[39m Proxying [GET /appium/device/info] to [GET http://localhost:8203/wd/hub/session/93d11d2b-08da-4cdb-bd1f-32288482d514/appium/device/info] with no body
[debug] &amp#27;[35m[WD Proxy]&amp#27;[39m Got response with status 200: "{\"sessionId\":\"93d11d2b-08da-4cdb-bd1f-32288482d514\",\"status\":0,\"value\":{\"androidId\":\"9535aa2189cf6059\",\"manufacturer\":\"samsung\",\"model\":\"SM-N950F\",\"brand\":\"samsung\",\"apiVersion\":\"28\",\"platformVersion\":\"9\",\"carrierName\":\"BH Mobile\",\"realDisplaySize\":\"1080x2220\",\"displayDensity\":420,\"networks\":[{\"type\":13,\"typeName\":\"WIFI_P2P\",\"subtype\":0,\"subtypeName\":\"\",\"isConnected\":false,\"detailedState\":\"DISCONNECTED\",\"state\":\"DISCONNECTED\",\"extraInfo\":null,\"isAvailable\":true,\"isFailover\":false,\"isRoaming\":false,\"capabilities\":{\"transportTypes\":\"NET_CAPABILITY_SUPL\",\"networkCapabilities\":\"\",\"linkUpstreamBandwidthKbps\":1048576,\"linkDownBandwidthKbps\":1048576,\"signalStrength\":-2147483648,\"networkSpecifier\":null,\"SSID\":null}},{\"type\":1,\"typeName\":\"WIFI\",\"subtype\":0,\"subtypeName\":\"\",\"isConnected\":true,\"detailedState\":\"CONNECTED\",\"state\":\"CONNECTED\",\"extraInfo\":null,\"isAvailable\":true,\"isFailover\":false,\...
[debug] &amp#27;[35m[ADB]&amp#27;[39m Running 'C:\Users\amrka\AppData\Local\Android\Sdk\platform-tools\adb.exe -P 5037 -s 988a1641434e36333130 shell dumpsys window'
&amp#27;[35m[AndroidDriver]&amp#27;[39m Screen already unlocked, doing nothing
&amp#27;[35m[UiAutomator2]&amp#27;[39m UiAutomator2 did not start the activity we were waiting for, 'com.sarajevo.food.dictionary/com.sfdmobile.MainActivity'. Starting it ourselves
[debug] &amp#27;[35m[ADB]&amp#27;[39m Running 'C:\Users\amrka\AppData\Local\Android\Sdk\platform-tools\adb.exe -P 5037 -s 988a1641434e36333130 shell am start -W -n com.sarajevo.food.dictionary/com.sfdmobile.MainActivity -S -a android.intent.action.MAIN -c android.intent.category.LAUNCHER -f 0x10200000'
[debug] &amp#27;[35m[WD Proxy]&amp#27;[39m Proxying [GET /appium/device/pixel_ratio] to [GET http://localhost:8203/wd/hub/session/93d11d2b-08da-4cdb-bd1f-32288482d514/appium/device/pixel_ratio] with body: {}
[debug] &amp#27;[35m[WD Proxy]&amp#27;[39m Got response with status 200: "{\"sessionId\":\"93d11d2b-08da-4cdb-bd1f-32288482d514\",\"status\":0,\"value\":2.625}"
[debug] &amp#27;[35m[WD Proxy]&amp#27;[39m Matched '/appium/device/system_bars' to command name 'getSystemBars'
[debug] &amp#27;[35m[WD Proxy]&amp#27;[39m Proxying [GET /appium/device/system_bars] to [GET http://localhost:8203/wd/hub/session/93d11d2b-08da-4cdb-bd1f-32288482d514/appium/device/system_bars] with body: {}
[debug] &amp#27;[35m[WD Proxy]&amp#27;[39m Got response with status 200: "{\"sessionId\":\"93d11d2b-08da-4cdb-bd1f-32288482d514\",\"status\":0,\"value\":{\"statusBar\":63}}"
[debug] &amp#27;[35m[WD Proxy]&amp#27;[39m Matched '/window/current/size' to command name 'getWindowSize'
[debug] &amp#27;[35m[WD Proxy]&amp#27;[39m Proxying [GET /window/current/size] to [GET http://localhost:8203/wd/hub/session/93d11d2b-08da-4cdb-bd1f-32288482d514/window/current/size] with body: {}
[debug] &amp#27;[35m[WD Proxy]&amp#27;[39m Got response with status 200: "{\"sessionId\":\"93d11d2b-08da-4cdb-bd1f-32288482d514\",\"status\":0,\"value\":{\"height\":2094,\"width\":1080}}"
&amp#27;[35m[Appium]&amp#27;[39m New AndroidUiautomator2Driver session created successfully, session bbfc36f4-517f-4d75-af85-d5476917970f added to master session list
[debug] &amp#27;[35m[BaseDriver]&amp#27;[39m Event 'newSessionStarted' logged at 1560422844284 (12:47:24 GMT+0200 (Central European Summer Time))
[debug] &amp#27;[35m[W3C (bbfc36f4)]&amp#27;[39m Cached the protocol value 'W3C' for the new session bbfc36f4-517f-4d75-af85-d5476917970f
[debug] &amp#27;[35m[W3C (bbfc36f4)]&amp#27;[39m Responding to client with driver.createSession() result: {"capabilities":{"platform":"LINUX","webStorageEnabled":false,"takesScreenshot":true,"javascriptEnabled":true,"databaseEnabled":false,"networkConnectionEnabled":true,"locationContextEnabled":false,"warnings":{},"desired":{"platformName":"android","appActivity":"com.sfdmobile.MainActivity","appPackage":"com.sarajevo.food.dictionary","unlockKey":"0122882435abA","unlockType":"password","autoGrantPermissions":true,"automationName":"uiAutomator2","clearSystemFiles":true,"deviceName":"SM_N950F","platformVersion":"9","udid":"988a1641434e36333130"},"platformName":"android","appActivity":"com.sfdmobile.MainActivity","appPackage":"com.sarajevo.food.dictionary","unlockKey":"0122882435abA","unlockType":"password","autoGrantPermissions":true,"automationName":"uiAutomator2","clearSystemFiles":true,"deviceName":"988a1641434e36333130","platformVersion":"9","udid":"988a1641434e36333130","deviceUDID":"988a1641434e36333130","deviceApiLevel":28,"deviceScreenSize":"1080x2220","deviceScreenDensity":420,"deviceModel":"SM-N950F",...
&amp#27;[35m[HTTP]&amp#27;[39m &amp#27;[37m<-- POST /wd/hub/session &amp#27;[39m&amp#27;[32m200&amp#27;[39m &amp#27;[90m12769 ms - 1214&amp#27;[39m
&amp#27;[35m[HTTP]&amp#27;[39m &amp#27;[90m&amp#27;[39m
&amp#27;[35m[HTTP]&amp#27;[39m &amp#27;[37m-->&amp#27;[39m &amp#27;[37mGET&amp#27;[39m &amp#27;[37m/wd/hub/session/bbfc36f4-517f-4d75-af85-d5476917970f&amp#27;[39m
&amp#27;[35m[HTTP]&amp#27;[39m &amp#27;[90m{}&amp#27;[39m
[debug] &amp#27;[35m[W3C (bbfc36f4)]&amp#27;[39m Calling AppiumDriver.getSession() with args: ["bbfc36f4-517f-4d75-af85-d5476917970f"]
[debug] &amp#27;[35m[UiAutomator2]&amp#27;[39m Getting session details from server to mix in
[debug] &amp#27;[35m[WD Proxy]&amp#27;[39m Matched '/' to command name 'getSession'
[debug] &amp#27;[35m[WD Proxy]&amp#27;[39m Proxying [GET /] to [GET http://localhost:8203/wd/hub/session/93d11d2b-08da-4cdb-bd1f-32288482d514] with body: {}
[debug] &amp#27;[35m[WD Proxy]&amp#27;[39m Got response with status 200: "{\"sessionId\":\"93d11d2b-08da-4cdb-bd1f-32288482d514\",\"status\":0,\"value\":{}}"
[debug] &amp#27;[35m[W3C (bbfc36f4)]&amp#27;[39m Responding to client with driver.getSession() result: {"platform":"LINUX","webStorageEnabled":false,"takesScreenshot":true,"javascriptEnabled":true,"databaseEnabled":false,"networkConnectionEnabled":true,"locationContextEnabled":false,"warnings":{},"desired":{"platformName":"android","appActivity":"com.sfdmobile.MainActivity","appPackage":"com.sarajevo.food.dictionary","unlockKey":"0122882435abA","unlockType":"password","autoGrantPermissions":true,"automationName":"uiAutomator2","clearSystemFiles":true,"deviceName":"SM_N950F","platformVersion":"9","udid":"988a1641434e36333130"},"platformName":"android","appActivity":"com.sfdmobile.MainActivity","appPackage":"com.sarajevo.food.dictionary","unlockKey":"0122882435abA","unlockType":"password","autoGrantPermissions":true,"automationName":"uiAutomator2","clearSystemFiles":true,"deviceName":"988a1641434e36333130","platformVersion":"9","udid":"988a1641434e36333130","deviceUDID":"988a1641434e36333130","deviceApiLevel":28,"deviceScreenSize":"1080x2220","deviceScreenDensity":420,"deviceModel":"SM-N950F","deviceManufactu...
&amp#27;[35m[HTTP]&amp#27;[39m &amp#27;[37m<-- GET /wd/hub/session/bbfc36f4-517f-4d75-af85-d5476917970f &amp#27;[39m&amp#27;[32m200&amp#27;[39m &amp#27;[90m42 ms - 1146&amp#27;[39m
&amp#27;[35m[HTTP]&amp#27;[39m &amp#27;[90m&amp#27;[39m
&amp#27;[35m[HTTP]&amp#27;[39m &amp#27;[37m-->&amp#27;[39m &amp#27;[37mGET&amp#27;[39m &amp#27;[37m/wd/hub/session/bbfc36f4-517f-4d75-af85-d5476917970f&amp#27;[39m
&amp#27;[35m[HTTP]&amp#27;[39m &amp#27;[90m{}&amp#27;[39m
[debug] &amp#27;[35m[W3C (bbfc36f4)]&amp#27;[39m Calling AppiumDriver.getSession() with args: ["bbfc36f4-517f-4d75-af85-d5476917970f"]
[debug] &amp#27;[35m[UiAutomator2]&amp#27;[39m Getting session details from server to mix in
[debug] &amp#27;[35m[WD Proxy]&amp#27;[39m Matched '/' to command name 'getSession'
[debug] &amp#27;[35m[WD Proxy]&amp#27;[39m Proxying [GET /] to [GET http://localhost:8203/wd/hub/session/93d11d2b-08da-4cdb-bd1f-32288482d514] with body: {}
[debug] &amp#27;[35m[WD Proxy]&amp#27;[39m Got response with status 200: "{\"sessionId\":\"93d11d2b-08da-4cdb-bd1f-32288482d514\",\"status\":0,\"value\":{}}"
[debug] &amp#27;[35m[W3C (bbfc36f4)]&amp#27;[39m Responding to client with driver.getSession() result: {"platform":"LINUX","webStorageEnabled":false,"takesScreenshot":true,"javascriptEnabled":true,"databaseEnabled":false,"networkConnectionEnabled":true,"locationContextEnabled":false,"warnings":{},"desired":{"platformName":"android","appActivity":"com.sfdmobile.MainActivity","appPackage":"com.sarajevo.food.dictionary","unlockKey":"0122882435abA","unlockType":"password","autoGrantPermissions":true,"automationName":"uiAutomator2","clearSystemFiles":true,"deviceName":"SM_N950F","platformVersion":"9","udid":"988a1641434e36333130"},"platformName":"android","appActivity":"com.sfdmobile.MainActivity","appPackage":"com.sarajevo.food.dictionary","unlockKey":"0122882435abA","unlockType":"password","autoGrantPermissions":true,"automationName":"uiAutomator2","clearSystemFiles":true,"deviceName":"988a1641434e36333130","platformVersion":"9","udid":"988a1641434e36333130","deviceUDID":"988a1641434e36333130","deviceApiLevel":28,"deviceScreenSize":"1080x2220","deviceScreenDensity":420,"deviceModel":"SM-N950F","deviceManufactu...
&amp#27;[35m[HTTP]&amp#27;[39m &amp#27;[37m<-- GET /wd/hub/session/bbfc36f4-517f-4d75-af85-d5476917970f &amp#27;[39m&amp#27;[32m200&amp#27;[39m &amp#27;[90m27 ms - 1146&amp#27;[39m
&amp#27;[35m[HTTP]&amp#27;[39m &amp#27;[90m&amp#27;[39m
I am in onTestStart method Verify_user_can_use_tourist_mode start
&amp#27;[35m[HTTP]&amp#27;[39m &amp#27;[37m-->&amp#27;[39m &amp#27;[37mGET&amp#27;[39m &amp#27;[37m/wd/hub/session/bbfc36f4-517f-4d75-af85-d5476917970f&amp#27;[39m
&amp#27;[35m[HTTP]&amp#27;[39m &amp#27;[90m{}&amp#27;[39m
[debug] &amp#27;[35m[W3C (bbfc36f4)]&amp#27;[39m Calling AppiumDriver.getSession() with args: ["bbfc36f4-517f-4d75-af85-d5476917970f"]
[debug] &amp#27;[35m[UiAutomator2]&amp#27;[39m Getting session details from server to mix in
[debug] &amp#27;[35m[WD Proxy]&amp#27;[39m Matched '/' to command name 'getSession'
[debug] &amp#27;[35m[WD Proxy]&amp#27;[39m Proxying [GET /] to [GET http://localhost:8203/wd/hub/session/93d11d2b-08da-4cdb-bd1f-32288482d514] with body: {}
[debug] &amp#27;[35m[WD Proxy]&amp#27;[39m Got response with status 200: "{\"sessionId\":\"93d11d2b-08da-4cdb-bd1f-32288482d514\",\"status\":0,\"value\":{}}"
[debug] &amp#27;[35m[W3C (bbfc36f4)]&amp#27;[39m Responding to client with driver.getSession() result: {"platform":"LINUX","webStorageEnabled":false,"takesScreenshot":true,"javascriptEnabled":true,"databaseEnabled":false,"networkConnectionEnabled":true,"locationContextEnabled":false,"warnings":{},"desired":{"platformName":"android","appActivity":"com.sfdmobile.MainActivity","appPackage":"com.sarajevo.food.dictionary","unlockKey":"0122882435abA","unlockType":"password","autoGrantPermissions":true,"automationName":"uiAutomator2","clearSystemFiles":true,"deviceName":"SM_N950F","platformVersion":"9","udid":"988a1641434e36333130"},"platformName":"android","appActivity":"com.sfdmobile.MainActivity","appPackage":"com.sarajevo.food.dictionary","unlockKey":"0122882435abA","unlockType":"password","autoGrantPermissions":true,"automationName":"uiAutomator2","clearSystemFiles":true,"deviceName":"988a1641434e36333130","platformVersion":"9","udid":"988a1641434e36333130","deviceUDID":"988a1641434e36333130","deviceApiLevel":28,"deviceScreenSize":"1080x2220","deviceScreenDensity":420,"deviceModel":"SM-N950F","deviceManufactu...
&amp#27;[35m[HTTP]&amp#27;[39m &amp#27;[37m<-- GET /wd/hub/session/bbfc36f4-517f-4d75-af85-d5476917970f &amp#27;[39m&amp#27;[32m200&amp#27;[39m &amp#27;[90m20 ms - 1146&amp#27;[39m
&amp#27;[35m[HTTP]&amp#27;[39m &amp#27;[90m&amp#27;[39m
&amp#27;[35m[HTTP]&amp#27;[39m &amp#27;[37m-->&amp#27;[39m &amp#27;[37mGET&amp#27;[39m &amp#27;[37m/wd/hub/session/bbfc36f4-517f-4d75-af85-d5476917970f&amp#27;[39m
&amp#27;[35m[HTTP]&amp#27;[39m &amp#27;[90m{}&amp#27;[39m
[debug] &amp#27;[35m[W3C (bbfc36f4)]&amp#27;[39m Calling AppiumDriver.getSession() with args: ["bbfc36f4-517f-4d75-af85-d5476917970f"]
[debug] &amp#27;[35m[UiAutomator2]&amp#27;[39m Getting session details from server to mix in
[debug] &amp#27;[35m[WD Proxy]&amp#27;[39m Matched '/' to command name 'getSession'
[debug] &amp#27;[35m[WD Proxy]&amp#27;[39m Proxying [GET /] to [GET http://localhost:8203/wd/hub/session/93d11d2b-08da-4cdb-bd1f-32288482d514] with body: {}
[debug] &amp#27;[35m[WD Proxy]&amp#27;[39m Got response with status 200: "{\"sessionId\":\"93d11d2b-08da-4cdb-bd1f-32288482d514\",\"status\":0,\"value\":{}}"
[debug] &amp#27;[35m[W3C (bbfc36f4)]&amp#27;[39m Responding to client with driver.getSession() result: {"platform":"LINUX","webStorageEnabled":false,"takesScreenshot":true,"javascriptEnabled":true,"databaseEnabled":false,"networkConnectionEnabled":true,"locationContextEnabled":false,"warnings":{},"desired":{"platformName":"android","appActivity":"com.sfdmobile.MainActivity","appPackage":"com.sarajevo.food.dictionary","unlockKey":"0122882435abA","unlockType":"password","autoGrantPermissions":true,"automationName":"uiAutomator2","clearSystemFiles":true,"deviceName":"SM_N950F","platformVersion":"9","udid":"988a1641434e36333130"},"platformName":"android","appActivity":"com.sfdmobile.MainActivity","appPackage":"com.sarajevo.food.dictionary","unlockKey":"0122882435abA","unlockType":"password","autoGrantPermissions":true,"automationName":"uiAutomator2","clearSystemFiles":true,"deviceName":"988a1641434e36333130","platformVersion":"9","udid":"988a1641434e36333130","deviceUDID":"988a1641434e36333130","deviceApiLevel":28,"deviceScreenSize":"1080x2220","deviceScreenDensity":420,"deviceModel":"SM-N950F","deviceManufactu...
&amp#27;[35m[HTTP]&amp#27;[39m &amp#27;[37m<-- GET /wd/hub/session/bbfc36f4-517f-4d75-af85-d5476917970f &amp#27;[39m&amp#27;[32m200&amp#27;[39m &amp#27;[90m26 ms - 1146&amp#27;[39m
&amp#27;[35m[HTTP]&amp#27;[39m &amp#27;[90m&amp#27;[39m
&amp#27;[35m[HTTP]&amp#27;[39m &amp#27;[37m-->&amp#27;[39m &amp#27;[37mGET&amp#27;[39m &amp#27;[37m/wd/hub/session/bbfc36f4-517f-4d75-af85-d5476917970f&amp#27;[39m
&amp#27;[35m[HTTP]&amp#27;[39m &amp#27;[90m{}&amp#27;[39m
[debug] &amp#27;[35m[W3C (bbfc36f4)]&amp#27;[39m Calling AppiumDriver.getSession() with args: ["bbfc36f4-517f-4d75-af85-d5476917970f"]
[debug] &amp#27;[35m[UiAutomator2]&amp#27;[39m Getting session details from server to mix in
[debug] &amp#27;[35m[WD Proxy]&amp#27;[39m Matched '/' to command name 'getSession'
[debug] &amp#27;[35m[WD Proxy]&amp#27;[39m Proxying [GET /] to [GET http://localhost:8203/wd/hub/session/93d11d2b-08da-4cdb-bd1f-32288482d514] with body: {}
[debug] &amp#27;[35m[WD Proxy]&amp#27;[39m Got response with status 200: "{\"sessionId\":\"93d11d2b-08da-4cdb-bd1f-32288482d514\",\"status\":0,\"value\":{}}"
[debug] &amp#27;[35m[W3C (bbfc36f4)]&amp#27;[39m Responding to client with driver.getSession() result: {"platform":"LINUX","webStorageEnabled":false,"takesScreenshot":true,"javascriptEnabled":true,"databaseEnabled":false,"networkConnectionEnabled":true,"locationContextEnabled":false,"warnings":{},"desired":{"platformName":"android","appActivity":"com.sfdmobile.MainActivity","appPackage":"com.sarajevo.food.dictionary","unlockKey":"0122882435abA","unlockType":"password","autoGrantPermissions":true,"automationName":"uiAutomator2","clearSystemFiles":true,"deviceName":"SM_N950F","platformVersion":"9","udid":"988a1641434e36333130"},"platformName":"android","appActivity":"com.sfdmobile.MainActivity","appPackage":"com.sarajevo.food.dictionary","unlockKey":"0122882435abA","unlockType":"password","autoGrantPermissions":true,"automationName":"uiAutomator2","clearSystemFiles":true,"deviceName":"988a1641434e36333130","platformVersion":"9","udid":"988a1641434e36333130","deviceUDID":"988a1641434e36333130","deviceApiLevel":28,"deviceScreenSize":"1080x2220","deviceScreenDensity":420,"deviceModel":"SM-N950F","deviceManufactu...
&amp#27;[35m[HTTP]&amp#27;[39m &amp#27;[37m<-- GET /wd/hub/session/bbfc36f4-517f-4d75-af85-d5476917970f &amp#27;[39m&amp#27;[32m200&amp#27;[39m &amp#27;[90m33 ms - 1146&amp#27;[39m
&amp#27;[35m[HTTP]&amp#27;[39m &amp#27;[90m&amp#27;[39m
&amp#27;[35m[HTTP]&amp#27;[39m &amp#27;[37m-->&amp#27;[39m &amp#27;[37mPOST&amp#27;[39m &amp#27;[37m/wd/hub/session/bbfc36f4-517f-4d75-af85-d5476917970f/element&amp#27;[39m
&amp#27;[35m[HTTP]&amp#27;[39m &amp#27;[90m{"using":"-android uiautomator","value":"new UiSelector().text(\"Visit your favourite venue or discover a new place\")"}&amp#27;[39m
[debug] &amp#27;[35m[W3C (bbfc36f4)]&amp#27;[39m Calling AppiumDriver.findElement() with args: ["-android uiautomator","new UiSelector().text(\"Visit your favourite venue or discover a new place\")","bbfc36f4-517f-4d75-af85-d5476917970f"]
[debug] &amp#27;[35m[BaseDriver]&amp#27;[39m Valid locator strategies for this request: xpath, id, class name, accessibility id, -android uiautomator
[debug] &amp#27;[35m[BaseDriver]&amp#27;[39m Waiting up to 0 ms for condition
[debug] &amp#27;[35m[WD Proxy]&amp#27;[39m Matched '/element' to command name 'findElement'
[debug] &amp#27;[35m[WD Proxy]&amp#27;[39m Proxying [POST /element] to [POST http://localhost:8203/wd/hub/session/93d11d2b-08da-4cdb-bd1f-32288482d514/element] with body: {"strategy":"-android uiautomator","selector":"new UiSelector().text(\"Visit your favourite venue or discover a new place\")","context":"","multiple":false}
[debug] &amp#27;[35m[WD Proxy]&amp#27;[39m Got response with status 200: {"sessionId":"93d11d2b-08da-4cdb-bd1f-32288482d514","status":0,"value":{"ELEMENT":"0dea822e-6ad4-4557-b121-984b9b7518da"}}
[debug] &amp#27;[35m[W3C (bbfc36f4)]&amp#27;[39m Responding to client with driver.findElement() result: {"element-6066-11e4-a52e-4f735466cecf":"0dea822e-6ad4-4557-b121-984b9b7518da","ELEMENT":"0dea822e-6ad4-4557-b121-984b9b7518da"}
&amp#27;[35m[HTTP]&amp#27;[39m &amp#27;[37m<-- POST /wd/hub/session/bbfc36f4-517f-4d75-af85-d5476917970f/element &amp#27;[39m&amp#27;[32m200&amp#27;[39m &amp#27;[90m693 ms - 137&amp#27;[39m
&amp#27;[35m[HTTP]&amp#27;[39m &amp#27;[90m&amp#27;[39m
&amp#27;[35m[HTTP]&amp#27;[39m &amp#27;[37m-->&amp#27;[39m &amp#27;[37mGET&amp#27;[39m &amp#27;[37m/wd/hub/session/bbfc36f4-517f-4d75-af85-d5476917970f/element/0dea822e-6ad4-4557-b121-984b9b7518da/displayed&amp#27;[39m
&amp#27;[35m[HTTP]&amp#27;[39m &amp#27;[90m{}&amp#27;[39m
[debug] &amp#27;[35m[W3C (bbfc36f4)]&amp#27;[39m Calling AppiumDriver.elementDisplayed() with args: ["0dea822e-6ad4-4557-b121-984b9b7518da","bbfc36f4-517f-4d75-af85-d5476917970f"]
[debug] &amp#27;[35m[WD Proxy]&amp#27;[39m Matched '/element/0dea822e-6ad4-4557-b121-984b9b7518da/attribute/displayed' to command name 'getAttribute'
[debug] &amp#27;[35m[WD Proxy]&amp#27;[39m Proxying [GET /element/0dea822e-6ad4-4557-b121-984b9b7518da/attribute/displayed] to [GET http://localhost:8203/wd/hub/session/93d11d2b-08da-4cdb-bd1f-32288482d514/element/0dea822e-6ad4-4557-b121-984b9b7518da/attribute/displayed] with body: {}
[debug] &amp#27;[35m[WD Proxy]&amp#27;[39m Got response with status 200: "{\"sessionId\":\"93d11d2b-08da-4cdb-bd1f-32288482d514\",\"status\":0,\"value\":\"true\"}"
[debug] &amp#27;[35m[W3C (bbfc36f4)]&amp#27;[39m Responding to client with driver.elementDisplayed() result: true
&amp#27;[35m[HTTP]&amp#27;[39m &amp#27;[37m<-- GET /wd/hub/session/bbfc36f4-517f-4d75-af85-d5476917970f/element/0dea822e-6ad4-4557-b121-984b9b7518da/displayed &amp#27;[39m&amp#27;[32m200&amp#27;[39m &amp#27;[90m406 ms - 14&amp#27;[39m
&amp#27;[35m[HTTP]&amp#27;[39m &amp#27;[90m&amp#27;[39m
&amp#27;[35m[HTTP]&amp#27;[39m &amp#27;[37m-->&amp#27;[39m &amp#27;[37mGET&amp#27;[39m &amp#27;[37m/wd/hub/session/bbfc36f4-517f-4d75-af85-d5476917970f&amp#27;[39m
&amp#27;[35m[HTTP]&amp#27;[39m &amp#27;[90m{}&amp#27;[39m
[debug] &amp#27;[35m[W3C (bbfc36f4)]&amp#27;[39m Calling AppiumDriver.getSession() with args: ["bbfc36f4-517f-4d75-af85-d5476917970f"]
[debug] &amp#27;[35m[UiAutomator2]&amp#27;[39m Getting session details from server to mix in
[debug] &amp#27;[35m[WD Proxy]&amp#27;[39m Matched '/' to command name 'getSession'
[debug] &amp#27;[35m[WD Proxy]&amp#27;[39m Proxying [GET /] to [GET http://localhost:8203/wd/hub/session/93d11d2b-08da-4cdb-bd1f-32288482d514] with body: {}
[debug] &amp#27;[35m[WD Proxy]&amp#27;[39m Got response with status 200: "{\"sessionId\":\"93d11d2b-08da-4cdb-bd1f-32288482d514\",\"status\":0,\"value\":{}}"
[debug] &amp#27;[35m[W3C (bbfc36f4)]&amp#27;[39m Responding to client with driver.getSession() result: {"platform":"LINUX","webStorageEnabled":false,"takesScreenshot":true,"javascriptEnabled":true,"databaseEnabled":false,"networkConnectionEnabled":true,"locationContextEnabled":false,"warnings":{},"desired":{"platformName":"android","appActivity":"com.sfdmobile.MainActivity","appPackage":"com.sarajevo.food.dictionary","unlockKey":"0122882435abA","unlockType":"password","autoGrantPermissions":true,"automationName":"uiAutomator2","clearSystemFiles":true,"deviceName":"SM_N950F","platformVersion":"9","udid":"988a1641434e36333130"},"platformName":"android","appActivity":"com.sfdmobile.MainActivity","appPackage":"com.sarajevo.food.dictionary","unlockKey":"0122882435abA","unlockType":"password","autoGrantPermissions":true,"automationName":"uiAutomator2","clearSystemFiles":true,"deviceName":"988a1641434e36333130","platformVersion":"9","udid":"988a1641434e36333130","deviceUDID":"988a1641434e36333130","deviceApiLevel":28,"deviceScreenSize":"1080x2220","deviceScreenDensity":420,"deviceModel":"SM-N950F","deviceManufactu...
&amp#27;[35m[HTTP]&amp#27;[39m &amp#27;[37m<-- GET /wd/hub/session/bbfc36f4-517f-4d75-af85-d5476917970f &amp#27;[39m&amp#27;[32m200&amp#27;[39m &amp#27;[90m52 ms - 1146&amp#27;[39m
&amp#27;[35m[HTTP]&amp#27;[39m &amp#27;[90m&amp#27;[39m
&amp#27;[35m[HTTP]&amp#27;[39m &amp#27;[37m-->&amp#27;[39m &amp#27;[37mPOST&amp#27;[39m &amp#27;[37m/wd/hub/session/bbfc36f4-517f-4d75-af85-d5476917970f/element&amp#27;[39m
&amp#27;[35m[HTTP]&amp#27;[39m &amp#27;[90m{"using":"xpath","value":"//android.widget.TextView[contains(@text, 'Next')]"}&amp#27;[39m
[debug] &amp#27;[35m[W3C (bbfc36f4)]&amp#27;[39m Calling AppiumDriver.findElement() with args: ["xpath","//android.widget.TextView[contains(@text, 'Next')]","bbfc36f4-517f-4d75-af85-d5476917970f"]
[debug] &amp#27;[35m[BaseDriver]&amp#27;[39m Valid locator strategies for this request: xpath, id, class name, accessibility id, -android uiautomator
[debug] &amp#27;[35m[BaseDriver]&amp#27;[39m Waiting up to 0 ms for condition
[debug] &amp#27;[35m[WD Proxy]&amp#27;[39m Matched '/element' to command name 'findElement'
[debug] &amp#27;[35m[WD Proxy]&amp#27;[39m Proxying [POST /element] to [POST http://localhost:8203/wd/hub/session/93d11d2b-08da-4cdb-bd1f-32288482d514/element] with body: {"strategy":"xpath","selector":"//android.widget.TextView[contains(@text, 'Next')]","context":"","multiple":false}
[debug] &amp#27;[35m[WD Proxy]&amp#27;[39m Got response with status 200: {"sessionId":"93d11d2b-08da-4cdb-bd1f-32288482d514","status":0,"value":{"ELEMENT":"ae6aeb9e-23ed-4d1d-9b33-57abc5734d93"}}
[debug] &amp#27;[35m[W3C (bbfc36f4)]&amp#27;[39m Responding to client with driver.findElement() result: {"element-6066-11e4-a52e-4f735466cecf":"ae6aeb9e-23ed-4d1d-9b33-57abc5734d93","ELEMENT":"ae6aeb9e-23ed-4d1d-9b33-57abc5734d93"}
&amp#27;[35m[HTTP]&amp#27;[39m &amp#27;[37m<-- POST /wd/hub/session/bbfc36f4-517f-4d75-af85-d5476917970f/element &amp#27;[39m&amp#27;[32m200&amp#27;[39m &amp#27;[90m1104 ms - 137&amp#27;[39m
&amp#27;[35m[HTTP]&amp#27;[39m &amp#27;[90m&amp#27;[39m
&amp#27;[35m[HTTP]&amp#27;[39m &amp#27;[37m-->&amp#27;[39m &amp#27;[37mPOST&amp#27;[39m &amp#27;[37m/wd/hub/session/bbfc36f4-517f-4d75-af85-d5476917970f/element/ae6aeb9e-23ed-4d1d-9b33-57abc5734d93/click&amp#27;[39m
&amp#27;[35m[HTTP]&amp#27;[39m &amp#27;[90m{"id":"ae6aeb9e-23ed-4d1d-9b33-57abc5734d93"}&amp#27;[39m
[debug] &amp#27;[35m[W3C (bbfc36f4)]&amp#27;[39m Calling AppiumDriver.click() with args: ["ae6aeb9e-23ed-4d1d-9b33-57abc5734d93","bbfc36f4-517f-4d75-af85-d5476917970f"]
[debug] &amp#27;[35m[WD Proxy]&amp#27;[39m Matched '/element/ae6aeb9e-23ed-4d1d-9b33-57abc5734d93/click' to command name 'click'
[debug] &amp#27;[35m[WD Proxy]&amp#27;[39m Proxying [POST /element/ae6aeb9e-23ed-4d1d-9b33-57abc5734d93/click] to [POST http://localhost:8203/wd/hub/session/93d11d2b-08da-4cdb-bd1f-32288482d514/element/ae6aeb9e-23ed-4d1d-9b33-57abc5734d93/click] with body: {"element":"ae6aeb9e-23ed-4d1d-9b33-57abc5734d93"}
[debug] &amp#27;[35m[WD Proxy]&amp#27;[39m Got response with status 200: {"sessionId":"93d11d2b-08da-4cdb-bd1f-32288482d514","status":0,"value":true}
[debug] &amp#27;[35m[W3C (bbfc36f4)]&amp#27;[39m Responding to client with driver.click() result: true
&amp#27;[35m[HTTP]&amp#27;[39m &amp#27;[37m<-- POST /wd/hub/session/bbfc36f4-517f-4d75-af85-d5476917970f/element/ae6aeb9e-23ed-4d1d-9b33-57abc5734d93/click &amp#27;[39m&amp#27;[32m200&amp#27;[39m &amp#27;[90m208 ms - 14&amp#27;[39m
&amp#27;[35m[HTTP]&amp#27;[39m &amp#27;[90m&amp#27;[39m
&amp#27;[35m[HTTP]&amp#27;[39m &amp#27;[37m-->&amp#27;[39m &amp#27;[37mGET&amp#27;[39m &amp#27;[37m/wd/hub/session/bbfc36f4-517f-4d75-af85-d5476917970f&amp#27;[39m
&amp#27;[35m[HTTP]&amp#27;[39m &amp#27;[90m{}&amp#27;[39m
[debug] &amp#27;[35m[W3C (bbfc36f4)]&amp#27;[39m Calling AppiumDriver.getSession() with args: ["bbfc36f4-517f-4d75-af85-d5476917970f"]
[debug] &amp#27;[35m[UiAutomator2]&amp#27;[39m Getting session details from server to mix in
[debug] &amp#27;[35m[WD Proxy]&amp#27;[39m Matched '/' to command name 'getSession'
[debug] &amp#27;[35m[WD Proxy]&amp#27;[39m Proxying [GET /] to [GET http://localhost:8203/wd/hub/session/93d11d2b-08da-4cdb-bd1f-32288482d514] with body: {}
[debug] &amp#27;[35m[WD Proxy]&amp#27;[39m Got response with status 200: "{\"sessionId\":\"93d11d2b-08da-4cdb-bd1f-32288482d514\",\"status\":0,\"value\":{}}"
[debug] &amp#27;[35m[W3C (bbfc36f4)]&amp#27;[39m Responding to client with driver.getSession() result: {"platform":"LINUX","webStorageEnabled":false,"takesScreenshot":true,"javascriptEnabled":true,"databaseEnabled":false,"networkConnectionEnabled":true,"locationContextEnabled":false,"warnings":{},"desired":{"platformName":"android","appActivity":"com.sfdmobile.MainActivity","appPackage":"com.sarajevo.food.dictionary","unlockKey":"0122882435abA","unlockType":"password","autoGrantPermissions":true,"automationName":"uiAutomator2","clearSystemFiles":true,"deviceName":"SM_N950F","platformVersion":"9","udid":"988a1641434e36333130"},"platformName":"android","appActivity":"com.sfdmobile.MainActivity","appPackage":"com.sarajevo.food.dictionary","unlockKey":"0122882435abA","unlockType":"password","autoGrantPermissions":true,"automationName":"uiAutomator2","clearSystemFiles":true,"deviceName":"988a1641434e36333130","platformVersion":"9","udid":"988a1641434e36333130","deviceUDID":"988a1641434e36333130","deviceApiLevel":28,"deviceScreenSize":"1080x2220","deviceScreenDensity":420,"deviceModel":"SM-N950F","deviceManufactu...
&amp#27;[35m[HTTP]&amp#27;[39m &amp#27;[37m<-- GET /wd/hub/session/bbfc36f4-517f-4d75-af85-d5476917970f &amp#27;[39m&amp#27;[32m200&amp#27;[39m &amp#27;[90m52 ms - 1146&amp#27;[39m
&amp#27;[35m[HTTP]&amp#27;[39m &amp#27;[90m&amp#27;[39m
&amp#27;[35m[HTTP]&amp#27;[39m &amp#27;[37m-->&amp#27;[39m &amp#27;[37mPOST&amp#27;[39m &amp#27;[37m/wd/hub/session/bbfc36f4-517f-4d75-af85-d5476917970f/element&amp#27;[39m
&amp#27;[35m[HTTP]&amp#27;[39m &amp#27;[90m{"using":"xpath","value":"//android.widget.TextView[contains(@text, 'Next')]"}&amp#27;[39m
[debug] &amp#27;[35m[W3C (bbfc36f4)]&amp#27;[39m Calling AppiumDriver.findElement() with args: ["xpath","//android.widget.TextView[contains(@text, 'Next')]","bbfc36f4-517f-4d75-af85-d5476917970f"]
[debug] &amp#27;[35m[BaseDriver]&amp#27;[39m Valid locator strategies for this request: xpath, id, class name, accessibility id, -android uiautomator
[debug] &amp#27;[35m[BaseDriver]&amp#27;[39m Waiting up to 0 ms for condition
[debug] &amp#27;[35m[WD Proxy]&amp#27;[39m Matched '/element' to command name 'findElement'
[debug] &amp#27;[35m[WD Proxy]&amp#27;[39m Proxying [POST /element] to [POST http://localhost:8203/wd/hub/session/93d11d2b-08da-4cdb-bd1f-32288482d514/element] with body: {"strategy":"xpath","selector":"//android.widget.TextView[contains(@text, 'Next')]","context":"","multiple":false}
[debug] &amp#27;[35m[WD Proxy]&amp#27;[39m Got response with status 200: {"sessionId":"93d11d2b-08da-4cdb-bd1f-32288482d514","status":0,"value":{"ELEMENT":"51e77492-419a-43c0-92f2-7e269617cf0f"}}
[debug] &amp#27;[35m[W3C (bbfc36f4)]&amp#27;[39m Responding to client with driver.findElement() result: {"element-6066-11e4-a52e-4f735466cecf":"51e77492-419a-43c0-92f2-7e269617cf0f","ELEMENT":"51e77492-419a-43c0-92f2-7e269617cf0f"}
&amp#27;[35m[HTTP]&amp#27;[39m &amp#27;[37m<-- POST /wd/hub/session/bbfc36f4-517f-4d75-af85-d5476917970f/element &amp#27;[39m&amp#27;[32m200&amp#27;[39m &amp#27;[90m631 ms - 137&amp#27;[39m
&amp#27;[35m[HTTP]&amp#27;[39m &amp#27;[90m&amp#27;[39m
&amp#27;[35m[HTTP]&amp#27;[39m &amp#27;[37m-->&amp#27;[39m &amp#27;[37mPOST&amp#27;[39m &amp#27;[37m/wd/hub/session/bbfc36f4-517f-4d75-af85-d5476917970f/element/51e77492-419a-43c0-92f2-7e269617cf0f/click&amp#27;[39m
&amp#27;[35m[HTTP]&amp#27;[39m &amp#27;[90m{"id":"51e77492-419a-43c0-92f2-7e269617cf0f"}&amp#27;[39m
[debug] &amp#27;[35m[W3C (bbfc36f4)]&amp#27;[39m Calling AppiumDriver.click() with args: ["51e77492-419a-43c0-92f2-7e269617cf0f","bbfc36f4-517f-4d75-af85-d5476917970f"]
[debug] &amp#27;[35m[WD Proxy]&amp#27;[39m Matched '/element/51e77492-419a-43c0-92f2-7e269617cf0f/click' to command name 'click'
[debug] &amp#27;[35m[WD Proxy]&amp#27;[39m Proxying [POST /element/51e77492-419a-43c0-92f2-7e269617cf0f/click] to [POST http://localhost:8203/wd/hub/session/93d11d2b-08da-4cdb-bd1f-32288482d514/element/51e77492-419a-43c0-92f2-7e269617cf0f/click] with body: {"element":"51e77492-419a-43c0-92f2-7e269617cf0f"}
[debug] &amp#27;[35m[WD Proxy]&amp#27;[39m Got response with status 200: {"sessionId":"93d11d2b-08da-4cdb-bd1f-32288482d514","status":0,"value":true}
[debug] &amp#27;[35m[W3C (bbfc36f4)]&amp#27;[39m Responding to client with driver.click() result: true
&amp#27;[35m[HTTP]&amp#27;[39m &amp#27;[37m<-- POST /wd/hub/session/bbfc36f4-517f-4d75-af85-d5476917970f/element/51e77492-419a-43c0-92f2-7e269617cf0f/click &amp#27;[39m&amp#27;[32m200&amp#27;[39m &amp#27;[90m170 ms - 14&amp#27;[39m
&amp#27;[35m[HTTP]&amp#27;[39m &amp#27;[90m&amp#27;[39m
&amp#27;[35m[HTTP]&amp#27;[39m &amp#27;[37m-->&amp#27;[39m &amp#27;[37mGET&amp#27;[39m &amp#27;[37m/wd/hub/session/bbfc36f4-517f-4d75-af85-d5476917970f&amp#27;[39m
&amp#27;[35m[HTTP]&amp#27;[39m &amp#27;[90m{}&amp#27;[39m
[debug] &amp#27;[35m[W3C (bbfc36f4)]&amp#27;[39m Calling AppiumDriver.getSession() with args: ["bbfc36f4-517f-4d75-af85-d5476917970f"]
[debug] &amp#27;[35m[UiAutomator2]&amp#27;[39m Getting session details from server to mix in
[debug] &amp#27;[35m[WD Proxy]&amp#27;[39m Matched '/' to command name 'getSession'
[debug] &amp#27;[35m[WD Proxy]&amp#27;[39m Proxying [GET /] to [GET http://localhost:8203/wd/hub/session/93d11d2b-08da-4cdb-bd1f-32288482d514] with body: {}
[debug] &amp#27;[35m[WD Proxy]&amp#27;[39m Got response with status 200: "{\"sessionId\":\"93d11d2b-08da-4cdb-bd1f-32288482d514\",\"status\":0,\"value\":{}}"
[debug] &amp#27;[35m[W3C (bbfc36f4)]&amp#27;[39m Responding to client with driver.getSession() result: {"platform":"LINUX","webStorageEnabled":false,"takesScreenshot":true,"javascriptEnabled":true,"databaseEnabled":false,"networkConnectionEnabled":true,"locationContextEnabled":false,"warnings":{},"desired":{"platformName":"android","appActivity":"com.sfdmobile.MainActivity","appPackage":"com.sarajevo.food.dictionary","unlockKey":"0122882435abA","unlockType":"password","autoGrantPermissions":true,"automationName":"uiAutomator2","clearSystemFiles":true,"deviceName":"SM_N950F","platformVersion":"9","udid":"988a1641434e36333130"},"platformName":"android","appActivity":"com.sfdmobile.MainActivity","appPackage":"com.sarajevo.food.dictionary","unlockKey":"0122882435abA","unlockType":"password","autoGrantPermissions":true,"automationName":"uiAutomator2","clearSystemFiles":true,"deviceName":"988a1641434e36333130","platformVersion":"9","udid":"988a1641434e36333130","deviceUDID":"988a1641434e36333130","deviceApiLevel":28,"deviceScreenSize":"1080x2220","deviceScreenDensity":420,"deviceModel":"SM-N950F","deviceManufactu...
&amp#27;[35m[HTTP]&amp#27;[39m &amp#27;[37m<-- GET /wd/hub/session/bbfc36f4-517f-4d75-af85-d5476917970f &amp#27;[39m&amp#27;[32m200&amp#27;[39m &amp#27;[90m40 ms - 1146&amp#27;[39m
&amp#27;[35m[HTTP]&amp#27;[39m &amp#27;[90m&amp#27;[39m
&amp#27;[35m[HTTP]&amp#27;[39m &amp#27;[37m-->&amp#27;[39m &amp#27;[37mPOST&amp#27;[39m &amp#27;[37m/wd/hub/session/bbfc36f4-517f-4d75-af85-d5476917970f/element&amp#27;[39m
&amp#27;[35m[HTTP]&amp#27;[39m &amp#27;[90m{"using":"xpath","value":"//android.widget.TextView[contains(@text, 'Next')]"}&amp#27;[39m
[debug] &amp#27;[35m[W3C (bbfc36f4)]&amp#27;[39m Calling AppiumDriver.findElement() with args: ["xpath","//android.widget.TextView[contains(@text, 'Next')]","bbfc36f4-517f-4d75-af85-d5476917970f"]
[debug] &amp#27;[35m[BaseDriver]&amp#27;[39m Valid locator strategies for this request: xpath, id, class name, accessibility id, -android uiautomator
[debug] &amp#27;[35m[BaseDriver]&amp#27;[39m Waiting up to 0 ms for condition
[debug] &amp#27;[35m[WD Proxy]&amp#27;[39m Matched '/element' to command name 'findElement'
[debug] &amp#27;[35m[WD Proxy]&amp#27;[39m Proxying [POST /element] to [POST http://localhost:8203/wd/hub/session/93d11d2b-08da-4cdb-bd1f-32288482d514/element] with body: {"strategy":"xpath","selector":"//android.widget.TextView[contains(@text, 'Next')]","context":"","multiple":false}
[debug] &amp#27;[35m[WD Proxy]&amp#27;[39m Got response with status 200: {"sessionId":"93d11d2b-08da-4cdb-bd1f-32288482d514","status":0,"value":{"ELEMENT":"779aefe8-bbba-40b3-98fb-4a3a04b7f925"}}
[debug] &amp#27;[35m[W3C (bbfc36f4)]&amp#27;[39m Responding to client with driver.findElement() result: {"element-6066-11e4-a52e-4f735466cecf":"779aefe8-bbba-40b3-98fb-4a3a04b7f925","ELEMENT":"779aefe8-bbba-40b3-98fb-4a3a04b7f925"}
&amp#27;[35m[HTTP]&amp#27;[39m &amp#27;[37m<-- POST /wd/hub/session/bbfc36f4-517f-4d75-af85-d5476917970f/element &amp#27;[39m&amp#27;[32m200&amp#27;[39m &amp#27;[90m1042 ms - 137&amp#27;[39m
&amp#27;[35m[HTTP]&amp#27;[39m &amp#27;[90m&amp#27;[39m
&amp#27;[35m[HTTP]&amp#27;[39m &amp#27;[37m-->&amp#27;[39m &amp#27;[37mPOST&amp#27;[39m &amp#27;[37m/wd/hub/session/bbfc36f4-517f-4d75-af85-d5476917970f/element/779aefe8-bbba-40b3-98fb-4a3a04b7f925/click&amp#27;[39m
&amp#27;[35m[HTTP]&amp#27;[39m &amp#27;[90m{"id":"779aefe8-bbba-40b3-98fb-4a3a04b7f925"}&amp#27;[39m
[debug] &amp#27;[35m[W3C (bbfc36f4)]&amp#27;[39m Calling AppiumDriver.click() with args: ["779aefe8-bbba-40b3-98fb-4a3a04b7f925","bbfc36f4-517f-4d75-af85-d5476917970f"]
[debug] &amp#27;[35m[WD Proxy]&amp#27;[39m Matched '/element/779aefe8-bbba-40b3-98fb-4a3a04b7f925/click' to command name 'click'
[debug] &amp#27;[35m[WD Proxy]&amp#27;[39m Proxying [POST /element/779aefe8-bbba-40b3-98fb-4a3a04b7f925/click] to [POST http://localhost:8203/wd/hub/session/93d11d2b-08da-4cdb-bd1f-32288482d514/element/779aefe8-bbba-40b3-98fb-4a3a04b7f925/click] with body: {"element":"779aefe8-bbba-40b3-98fb-4a3a04b7f925"}
[debug] &amp#27;[35m[WD Proxy]&amp#27;[39m Got response with status 200: {"sessionId":"93d11d2b-08da-4cdb-bd1f-32288482d514","status":0,"value":true}
[debug] &amp#27;[35m[W3C (bbfc36f4)]&amp#27;[39m Responding to client with driver.click() result: true
&amp#27;[35m[HTTP]&amp#27;[39m &amp#27;[37m<-- POST /wd/hub/session/bbfc36f4-517f-4d75-af85-d5476917970f/element/779aefe8-bbba-40b3-98fb-4a3a04b7f925/click &amp#27;[39m&amp#27;[32m200&amp#27;[39m &amp#27;[90m209 ms - 14&amp#27;[39m
&amp#27;[35m[HTTP]&amp#27;[39m &amp#27;[90m&amp#27;[39m
&amp#27;[35m[HTTP]&amp#27;[39m &amp#27;[37m-->&amp#27;[39m &amp#27;[37mGET&amp#27;[39m &amp#27;[37m/wd/hub/session/bbfc36f4-517f-4d75-af85-d5476917970f&amp#27;[39m
&amp#27;[35m[HTTP]&amp#27;[39m &amp#27;[90m{}&amp#27;[39m
[debug] &amp#27;[35m[W3C (bbfc36f4)]&amp#27;[39m Calling AppiumDriver.getSession() with args: ["bbfc36f4-517f-4d75-af85-d5476917970f"]
[debug] &amp#27;[35m[UiAutomator2]&amp#27;[39m Getting session details from server to mix in
[debug] &amp#27;[35m[WD Proxy]&amp#27;[39m Matched '/' to command name 'getSession'
[debug] &amp#27;[35m[WD Proxy]&amp#27;[39m Proxying [GET /] to [GET http://localhost:8203/wd/hub/session/93d11d2b-08da-4cdb-bd1f-32288482d514] with body: {}
[debug] &amp#27;[35m[WD Proxy]&amp#27;[39m Got response with status 200: "{\"sessionId\":\"93d11d2b-08da-4cdb-bd1f-32288482d514\",\"status\":0,\"value\":{}}"
[debug] &amp#27;[35m[W3C (bbfc36f4)]&amp#27;[39m Responding to client with driver.getSession() result: {"platform":"LINUX","webStorageEnabled":false,"takesScreenshot":true,"javascriptEnabled":true,"databaseEnabled":false,"networkConnectionEnabled":true,"locationContextEnabled":false,"warnings":{},"desired":{"platformName":"android","appActivity":"com.sfdmobile.MainActivity","appPackage":"com.sarajevo.food.dictionary","unlockKey":"0122882435abA","unlockType":"password","autoGrantPermissions":true,"automationName":"uiAutomator2","clearSystemFiles":true,"deviceName":"SM_N950F","platformVersion":"9","udid":"988a1641434e36333130"},"platformName":"android","appActivity":"com.sfdmobile.MainActivity","appPackage":"com.sarajevo.food.dictionary","unlockKey":"0122882435abA","unlockType":"password","autoGrantPermissions":true,"automationName":"uiAutomator2","clearSystemFiles":true,"deviceName":"988a1641434e36333130","platformVersion":"9","udid":"988a1641434e36333130","deviceUDID":"988a1641434e36333130","deviceApiLevel":28,"deviceScreenSize":"1080x2220","deviceScreenDensity":420,"deviceModel":"SM-N950F","deviceManufactu...
&amp#27;[35m[HTTP]&amp#27;[39m &amp#27;[37m<-- GET /wd/hub/session/bbfc36f4-517f-4d75-af85-d5476917970f &amp#27;[39m&amp#27;[32m200&amp#27;[39m &amp#27;[90m44 ms - 1146&amp#27;[39m
&amp#27;[35m[HTTP]&amp#27;[39m &amp#27;[90m&amp#27;[39m
&amp#27;[35m[HTTP]&amp#27;[39m &amp#27;[37m-->&amp#27;[39m &amp#27;[37mPOST&amp#27;[39m &amp#27;[37m/wd/hub/session/bbfc36f4-517f-4d75-af85-d5476917970f/element&amp#27;[39m
&amp#27;[35m[HTTP]&amp#27;[39m &amp#27;[90m{"using":"-android uiautomator","value":"new UiSelector().text(\"Tourist\")"}&amp#27;[39m
[debug] &amp#27;[35m[W3C (bbfc36f4)]&amp#27;[39m Calling AppiumDriver.findElement() with args: ["-android uiautomator","new UiSelector().text(\"Tourist\")","bbfc36f4-517f-4d75-af85-d5476917970f"]
[debug] &amp#27;[35m[BaseDriver]&amp#27;[39m Valid locator strategies for this request: xpath, id, class name, accessibility id, -android uiautomator
[debug] &amp#27;[35m[BaseDriver]&amp#27;[39m Waiting up to 0 ms for condition
[debug] &amp#27;[35m[WD Proxy]&amp#27;[39m Matched '/element' to command name 'findElement'
[debug] &amp#27;[35m[WD Proxy]&amp#27;[39m Proxying [POST /element] to [POST http://localhost:8203/wd/hub/session/93d11d2b-08da-4cdb-bd1f-32288482d514/element] with body: {"strategy":"-android uiautomator","selector":"new UiSelector().text(\"Tourist\")","context":"","multiple":false}
[debug] &amp#27;[35m[WD Proxy]&amp#27;[39m Got response with status 200: {"sessionId":"93d11d2b-08da-4cdb-bd1f-32288482d514","status":0,"value":{"ELEMENT":"938f0f43-795b-43c1-a637-f74cb5ff4d26"}}
[debug] &amp#27;[35m[W3C (bbfc36f4)]&amp#27;[39m Responding to client with driver.findElement() result: {"element-6066-11e4-a52e-4f735466cecf":"938f0f43-795b-43c1-a637-f74cb5ff4d26","ELEMENT":"938f0f43-795b-43c1-a637-f74cb5ff4d26"}
&amp#27;[35m[HTTP]&amp#27;[39m &amp#27;[37m<-- POST /wd/hub/session/bbfc36f4-517f-4d75-af85-d5476917970f/element &amp#27;[39m&amp#27;[32m200&amp#27;[39m &amp#27;[90m726 ms - 137&amp#27;[39m
&amp#27;[35m[HTTP]&amp#27;[39m &amp#27;[90m&amp#27;[39m
&amp#27;[35m[HTTP]&amp#27;[39m &amp#27;[37m-->&amp#27;[39m &amp#27;[37mPOST&amp#27;[39m &amp#27;[37m/wd/hub/session/bbfc36f4-517f-4d75-af85-d5476917970f/element/938f0f43-795b-43c1-a637-f74cb5ff4d26/click&amp#27;[39m
&amp#27;[35m[HTTP]&amp#27;[39m &amp#27;[90m{"id":"938f0f43-795b-43c1-a637-f74cb5ff4d26"}&amp#27;[39m
[debug] &amp#27;[35m[W3C (bbfc36f4)]&amp#27;[39m Calling AppiumDriver.click() with args: ["938f0f43-795b-43c1-a637-f74cb5ff4d26","bbfc36f4-517f-4d75-af85-d5476917970f"]
[debug] &amp#27;[35m[WD Proxy]&amp#27;[39m Matched '/element/938f0f43-795b-43c1-a637-f74cb5ff4d26/click' to command name 'click'
[debug] &amp#27;[35m[WD Proxy]&amp#27;[39m Proxying [POST /element/938f0f43-795b-43c1-a637-f74cb5ff4d26/click] to [POST http://localhost:8203/wd/hub/session/93d11d2b-08da-4cdb-bd1f-32288482d514/element/938f0f43-795b-43c1-a637-f74cb5ff4d26/click] with body: {"element":"938f0f43-795b-43c1-a637-f74cb5ff4d26"}
[debug] &amp#27;[35m[WD Proxy]&amp#27;[39m Got response with status 200: {"sessionId":"93d11d2b-08da-4cdb-bd1f-32288482d514","status":0,"value":true}
[debug] &amp#27;[35m[W3C (bbfc36f4)]&amp#27;[39m Responding to client with driver.click() result: true
&amp#27;[35m[HTTP]&amp#27;[39m &amp#27;[37m<-- POST /wd/hub/session/bbfc36f4-517f-4d75-af85-d5476917970f/element/938f0f43-795b-43c1-a637-f74cb5ff4d26/click &amp#27;[39m&amp#27;[32m200&amp#27;[39m &amp#27;[90m863 ms - 14&amp#27;[39m
&amp#27;[35m[HTTP]&amp#27;[39m &amp#27;[90m&amp#27;[39m
&amp#27;[35m[HTTP]&amp#27;[39m &amp#27;[37m-->&amp#27;[39m &amp#27;[37mGET&amp#27;[39m &amp#27;[37m/wd/hub/session/bbfc36f4-517f-4d75-af85-d5476917970f&amp#27;[39m
&amp#27;[35m[HTTP]&amp#27;[39m &amp#27;[90m{}&amp#27;[39m
[debug] &amp#27;[35m[W3C (bbfc36f4)]&amp#27;[39m Calling AppiumDriver.getSession() with args: ["bbfc36f4-517f-4d75-af85-d5476917970f"]
[debug] &amp#27;[35m[UiAutomator2]&amp#27;[39m Getting session details from server to mix in
[debug] &amp#27;[35m[WD Proxy]&amp#27;[39m Matched '/' to command name 'getSession'
[debug] &amp#27;[35m[WD Proxy]&amp#27;[39m Proxying [GET /] to [GET http://localhost:8203/wd/hub/session/93d11d2b-08da-4cdb-bd1f-32288482d514] with body: {}
[debug] &amp#27;[35m[WD Proxy]&amp#27;[39m Got response with status 200: "{\"sessionId\":\"93d11d2b-08da-4cdb-bd1f-32288482d514\",\"status\":0,\"value\":{}}"
[debug] &amp#27;[35m[W3C (bbfc36f4)]&amp#27;[39m Responding to client with driver.getSession() result: {"platform":"LINUX","webStorageEnabled":false,"takesScreenshot":true,"javascriptEnabled":true,"databaseEnabled":false,"networkConnectionEnabled":true,"locationContextEnabled":false,"warnings":{},"desired":{"platformName":"android","appActivity":"com.sfdmobile.MainActivity","appPackage":"com.sarajevo.food.dictionary","unlockKey":"0122882435abA","unlockType":"password","autoGrantPermissions":true,"automationName":"uiAutomator2","clearSystemFiles":true,"deviceName":"SM_N950F","platformVersion":"9","udid":"988a1641434e36333130"},"platformName":"android","appActivity":"com.sfdmobile.MainActivity","appPackage":"com.sarajevo.food.dictionary","unlockKey":"0122882435abA","unlockType":"password","autoGrantPermissions":true,"automationName":"uiAutomator2","clearSystemFiles":true,"deviceName":"988a1641434e36333130","platformVersion":"9","udid":"988a1641434e36333130","deviceUDID":"988a1641434e36333130","deviceApiLevel":28,"deviceScreenSize":"1080x2220","deviceScreenDensity":420,"deviceModel":"SM-N950F","deviceManufactu...
&amp#27;[35m[HTTP]&amp#27;[39m &amp#27;[37m<-- GET /wd/hub/session/bbfc36f4-517f-4d75-af85-d5476917970f &amp#27;[39m&amp#27;[32m200&amp#27;[39m &amp#27;[90m55 ms - 1146&amp#27;[39m
&amp#27;[35m[HTTP]&amp#27;[39m &amp#27;[90m&amp#27;[39m
&amp#27;[35m[HTTP]&amp#27;[39m &amp#27;[37m-->&amp#27;[39m &amp#27;[37mPOST&amp#27;[39m &amp#27;[37m/wd/hub/session/bbfc36f4-517f-4d75-af85-d5476917970f/element&amp#27;[39m
&amp#27;[35m[HTTP]&amp#27;[39m &amp#27;[90m{"using":"xpath","value":"//android.widget.TextView[contains(@text, 'Get Started')]"}&amp#27;[39m
[debug] &amp#27;[35m[W3C (bbfc36f4)]&amp#27;[39m Calling AppiumDriver.findElement() with args: ["xpath","//android.widget.TextView[contains(@text, 'Get Started')]","bbfc36f4-517f-4d75-af85-d5476917970f"]
[debug] &amp#27;[35m[BaseDriver]&amp#27;[39m Valid locator strategies for this request: xpath, id, class name, accessibility id, -android uiautomator
[debug] &amp#27;[35m[BaseDriver]&amp#27;[39m Waiting up to 0 ms for condition
[debug] &amp#27;[35m[WD Proxy]&amp#27;[39m Matched '/element' to command name 'findElement'
[debug] &amp#27;[35m[WD Proxy]&amp#27;[39m Proxying [POST /element] to [POST http://localhost:8203/wd/hub/session/93d11d2b-08da-4cdb-bd1f-32288482d514/element] with body: {"strategy":"xpath","selector":"//android.widget.TextView[contains(@text, 'Get Started')]","context":"","multiple":false}
[debug] &amp#27;[35m[WD Proxy]&amp#27;[39m Got response with status 200: {"sessionId":"93d11d2b-08da-4cdb-bd1f-32288482d514","status":0,"value":{"ELEMENT":"7de5ef7a-60da-42e3-bfa2-963404d1109a"}}
[debug] &amp#27;[35m[W3C (bbfc36f4)]&amp#27;[39m Responding to client with driver.findElement() result: {"element-6066-11e4-a52e-4f735466cecf":"7de5ef7a-60da-42e3-bfa2-963404d1109a","ELEMENT":"7de5ef7a-60da-42e3-bfa2-963404d1109a"}
&amp#27;[35m[HTTP]&amp#27;[39m &amp#27;[37m<-- POST /wd/hub/session/bbfc36f4-517f-4d75-af85-d5476917970f/element &amp#27;[39m&amp#27;[32m200&amp#27;[39m &amp#27;[90m365 ms - 137&amp#27;[39m
&amp#27;[35m[HTTP]&amp#27;[39m &amp#27;[90m&amp#27;[39m
&amp#27;[35m[HTTP]&amp#27;[39m &amp#27;[37m-->&amp#27;[39m &amp#27;[37mPOST&amp#27;[39m &amp#27;[37m/wd/hub/session/bbfc36f4-517f-4d75-af85-d5476917970f/element/7de5ef7a-60da-42e3-bfa2-963404d1109a/click&amp#27;[39m
&amp#27;[35m[HTTP]&amp#27;[39m &amp#27;[90m{"id":"7de5ef7a-60da-42e3-bfa2-963404d1109a"}&amp#27;[39m
[debug] &amp#27;[35m[W3C (bbfc36f4)]&amp#27;[39m Calling AppiumDriver.click() with args: ["7de5ef7a-60da-42e3-bfa2-963404d1109a","bbfc36f4-517f-4d75-af85-d5476917970f"]
[debug] &amp#27;[35m[WD Proxy]&amp#27;[39m Matched '/element/7de5ef7a-60da-42e3-bfa2-963404d1109a/click' to command name 'click'
[debug] &amp#27;[35m[WD Proxy]&amp#27;[39m Proxying [POST /element/7de5ef7a-60da-42e3-bfa2-963404d1109a/click] to [POST http://localhost:8203/wd/hub/session/93d11d2b-08da-4cdb-bd1f-32288482d514/element/7de5ef7a-60da-42e3-bfa2-963404d1109a/click] with body: {"element":"7de5ef7a-60da-42e3-bfa2-963404d1109a"}
[debug] &amp#27;[35m[WD Proxy]&amp#27;[39m Got response with status 200: {"sessionId":"93d11d2b-08da-4cdb-bd1f-32288482d514","status":0,"value":true}
[debug] &amp#27;[35m[W3C (bbfc36f4)]&amp#27;[39m Responding to client with driver.click() result: true
&amp#27;[35m[HTTP]&amp#27;[39m &amp#27;[37m<-- POST /wd/hub/session/bbfc36f4-517f-4d75-af85-d5476917970f/element/7de5ef7a-60da-42e3-bfa2-963404d1109a/click &amp#27;[39m&amp#27;[32m200&amp#27;[39m &amp#27;[90m96 ms - 14&amp#27;[39m
&amp#27;[35m[HTTP]&amp#27;[39m &amp#27;[90m&amp#27;[39m
&amp#27;[35m[HTTP]&amp#27;[39m &amp#27;[37m-->&amp#27;[39m &amp#27;[37mPOST&amp#27;[39m &amp#27;[37m/wd/hub/session/bbfc36f4-517f-4d75-af85-d5476917970f/timeouts&amp#27;[39m
&amp#27;[35m[HTTP]&amp#27;[39m &amp#27;[90m{"implicit":2000}&amp#27;[39m
[debug] &amp#27;[35m[W3C (bbfc36f4)]&amp#27;[39m Calling AppiumDriver.timeouts() with args: [null,null,null,null,2000,"bbfc36f4-517f-4d75-af85-d5476917970f"]
[debug] &amp#27;[35m[BaseDriver]&amp#27;[39m W3C timeout argument: {"implicit":2000}}
[debug] &amp#27;[35m[BaseDriver]&amp#27;[39m Set implicit wait to 2000ms
[debug] &amp#27;[35m[W3C (bbfc36f4)]&amp#27;[39m Responding to client with driver.timeouts() result: null
&amp#27;[35m[HTTP]&amp#27;[39m &amp#27;[37m<-- POST /wd/hub/session/bbfc36f4-517f-4d75-af85-d5476917970f/timeouts &amp#27;[39m&amp#27;[32m200&amp#27;[39m &amp#27;[90m3 ms - 14&amp#27;[39m
&amp#27;[35m[HTTP]&amp#27;[39m &amp#27;[90m&amp#27;[39m
&amp#27;[35m[HTTP]&amp#27;[39m &amp#27;[37m-->&amp#27;[39m &amp#27;[37mGET&amp#27;[39m &amp#27;[37m/wd/hub/session/bbfc36f4-517f-4d75-af85-d5476917970f&amp#27;[39m
&amp#27;[35m[HTTP]&amp#27;[39m &amp#27;[90m{}&amp#27;[39m
[debug] &amp#27;[35m[W3C (bbfc36f4)]&amp#27;[39m Calling AppiumDriver.getSession() with args: ["bbfc36f4-517f-4d75-af85-d5476917970f"]
[debug] &amp#27;[35m[UiAutomator2]&amp#27;[39m Getting session details from server to mix in
[debug] &amp#27;[35m[WD Proxy]&amp#27;[39m Matched '/' to command name 'getSession'
[debug] &amp#27;[35m[WD Proxy]&amp#27;[39m Proxying [GET /] to [GET http://localhost:8203/wd/hub/session/93d11d2b-08da-4cdb-bd1f-32288482d514] with body: {}
[debug] &amp#27;[35m[WD Proxy]&amp#27;[39m Got response with status 200: "{\"sessionId\":\"93d11d2b-08da-4cdb-bd1f-32288482d514\",\"status\":0,\"value\":{}}"
[debug] &amp#27;[35m[W3C (bbfc36f4)]&amp#27;[39m Responding to client with driver.getSession() result: {"platform":"LINUX","webStorageEnabled":false,"takesScreenshot":true,"javascriptEnabled":true,"databaseEnabled":false,"networkConnectionEnabled":true,"locationContextEnabled":false,"warnings":{},"desired":{"platformName":"android","appActivity":"com.sfdmobile.MainActivity","appPackage":"com.sarajevo.food.dictionary","unlockKey":"0122882435abA","unlockType":"password","autoGrantPermissions":true,"automationName":"uiAutomator2","clearSystemFiles":true,"deviceName":"SM_N950F","platformVersion":"9","udid":"988a1641434e36333130"},"platformName":"android","appActivity":"com.sfdmobile.MainActivity","appPackage":"com.sarajevo.food.dictionary","unlockKey":"0122882435abA","unlockType":"password","autoGrantPermissions":true,"automationName":"uiAutomator2","clearSystemFiles":true,"deviceName":"988a1641434e36333130","platformVersion":"9","udid":"988a1641434e36333130","deviceUDID":"988a1641434e36333130","deviceApiLevel":28,"deviceScreenSize":"1080x2220","deviceScreenDensity":420,"deviceModel":"SM-N950F","deviceManufactu...
&amp#27;[35m[HTTP]&amp#27;[39m &amp#27;[37m<-- GET /wd/hub/session/bbfc36f4-517f-4d75-af85-d5476917970f &amp#27;[39m&amp#27;[32m200&amp#27;[39m &amp#27;[90m69 ms - 1146&amp#27;[39m
&amp#27;[35m[HTTP]&amp#27;[39m &amp#27;[90m&amp#27;[39m
&amp#27;[35m[HTTP]&amp#27;[39m &amp#27;[37m-->&amp#27;[39m &amp#27;[37mPOST&amp#27;[39m &amp#27;[37m/wd/hub/session/bbfc36f4-517f-4d75-af85-d5476917970f/elements&amp#27;[39m
&amp#27;[35m[HTTP]&amp#27;[39m &amp#27;[90m{"using":"class name","value":"android.widget.ImageView"}&amp#27;[39m
[debug] &amp#27;[35m[W3C (bbfc36f4)]&amp#27;[39m Calling AppiumDriver.findElements() with args: ["class name","android.widget.ImageView","bbfc36f4-517f-4d75-af85-d5476917970f"]
[debug] &amp#27;[35m[BaseDriver]&amp#27;[39m Valid locator strategies for this request: xpath, id, class name, accessibility id, -android uiautomator
[debug] &amp#27;[35m[BaseDriver]&amp#27;[39m Waiting up to 2000 ms for condition
[debug] &amp#27;[35m[WD Proxy]&amp#27;[39m Matched '/elements' to command name 'findElements'
[debug] &amp#27;[35m[WD Proxy]&amp#27;[39m Proxying [POST /elements] to [POST http://localhost:8203/wd/hub/session/93d11d2b-08da-4cdb-bd1f-32288482d514/elements] with body: {"strategy":"class name","selector":"android.widget.ImageView","context":"","multiple":true}
[debug] &amp#27;[35m[WD Proxy]&amp#27;[39m Got response with status 200: {"sessionId":"93d11d2b-08da-4cdb-bd1f-32288482d514","status":0,"value":[{"ELEMENT":"4133d06a-9a72-4e83-bfe3-81c7c85f8162"},{"ELEMENT":"aa20c205-dbe9-4616-b4ec-10f579a3e791"},{"ELEMENT":"c313359f-8a98-4009-9020-7bb8ff9bed4b"},{"ELEMENT":"f689cc50-2919-4c75-b592-334818af32e7"},{"ELEMENT":"53a37e26-482e-43ec-97fd-0b215a9f04f9"},{"ELEMENT":"7bd5511f-c384-474b-8479-9cb48edf76d6"},{"ELEMENT":"b20ee20a-62e8-405c-900d-b12809d4b85b"},{"ELEMENT":"d30ea31c-cd70-4de4-a490-c91907c3a678"},{"ELEMENT":"bde98b61-bd2f-49e2-b650-1ee21edfcb21"}]}
[debug] &amp#27;[35m[W3C (bbfc36f4)]&amp#27;[39m Responding to client with driver.findElements() result: [{"element-6066-11e4-a52e-4f735466cecf":"4133d06a-9a72-4e83-bfe3-81c7c85f8162","ELEMENT":"4133d06a-9a72-4e83-bfe3-81c7c85f8162"},{"element-6066-11e4-a52e-4f735466cecf":"aa20c205-dbe9-4616-b4ec-10f579a3e791","ELEMENT":"aa20c205-dbe9-4616-b4ec-10f579a3e791"},{"element-6066-11e4-a52e-4f735466cecf":"c313359f-8a98-4009-9020-7bb8ff9bed4b","ELEMENT":"c313359f-8a98-4009-9020-7bb8ff9bed4b"},{"element-6066-11e4-a52e-4f735466cecf":"f689cc50-2919-4c75-b592-334818af32e7","ELEMENT":"f689cc50-2919-4c75-b592-334818af32e7"},{"element-6066-11e4-a52e-4f735466cecf":"53a37e26-482e-43ec-97fd-0b215a9f04f9","ELEMENT":"53a37e26-482e-43ec-97fd-0b215a9f04f9"},{"element-6066-11e4-a52e-4f735466cecf":"7bd5511f-c384-474b-8479-9cb48edf76d6","ELEMENT":"7bd5511f-c384-474b-8479-9cb48edf76d6"},{"element-6066-11e4-a52e-4f735466cecf":"b20ee20a-62e8-405c-900d-b12809d4b85b","ELEMENT":"b20ee20a-62e8-405c-900d-b12809d4b85b"},{"element-6066-11e4-a52e-4f735466cecf":"d30ea31c-cd70-4de4-a490-c91907c3a678","ELEMENT":"d30ea31c-cd70-4de4-a490-c91907c3a67...
&amp#27;[35m[HTTP]&amp#27;[39m &amp#27;[37m<-- POST /wd/hub/session/bbfc36f4-517f-4d75-af85-d5476917970f/elements &amp#27;[39m&amp#27;[32m200&amp#27;[39m &amp#27;[90m210 ms - 1163&amp#27;[39m
&amp#27;[35m[HTTP]&amp#27;[39m &amp#27;[90m&amp#27;[39m
&amp#27;[35m[HTTP]&amp#27;[39m &amp#27;[37m-->&amp#27;[39m &amp#27;[37mPOST&amp#27;[39m &amp#27;[37m/wd/hub/session/bbfc36f4-517f-4d75-af85-d5476917970f/element/4133d06a-9a72-4e83-bfe3-81c7c85f8162/click&amp#27;[39m
&amp#27;[35m[HTTP]&amp#27;[39m &amp#27;[90m{"id":"4133d06a-9a72-4e83-bfe3-81c7c85f8162"}&amp#27;[39m
[debug] &amp#27;[35m[W3C (bbfc36f4)]&amp#27;[39m Calling AppiumDriver.click() with args: ["4133d06a-9a72-4e83-bfe3-81c7c85f8162","bbfc36f4-517f-4d75-af85-d5476917970f"]
[debug] &amp#27;[35m[WD Proxy]&amp#27;[39m Matched '/element/4133d06a-9a72-4e83-bfe3-81c7c85f8162/click' to command name 'click'
[debug] &amp#27;[35m[WD Proxy]&amp#27;[39m Proxying [POST /element/4133d06a-9a72-4e83-bfe3-81c7c85f8162/click] to [POST http://localhost:8203/wd/hub/session/93d11d2b-08da-4cdb-bd1f-32288482d514/element/4133d06a-9a72-4e83-bfe3-81c7c85f8162/click] with body: {"element":"4133d06a-9a72-4e83-bfe3-81c7c85f8162"}
[debug] &amp#27;[35m[WD Proxy]&amp#27;[39m Got response with status 200: {"sessionId":"93d11d2b-08da-4cdb-bd1f-32288482d514","status":0,"value":true}
[debug] &amp#27;[35m[W3C (bbfc36f4)]&amp#27;[39m Responding to client with driver.click() result: true
&amp#27;[35m[HTTP]&amp#27;[39m &amp#27;[37m<-- POST /wd/hub/session/bbfc36f4-517f-4d75-af85-d5476917970f/element/4133d06a-9a72-4e83-bfe3-81c7c85f8162/click &amp#27;[39m&amp#27;[32m200&amp#27;[39m &amp#27;[90m447 ms - 14&amp#27;[39m
&amp#27;[35m[HTTP]&amp#27;[39m &amp#27;[90m&amp#27;[39m
&amp#27;[35m[HTTP]&amp#27;[39m &amp#27;[37m-->&amp#27;[39m &amp#27;[37mGET&amp#27;[39m &amp#27;[37m/wd/hub/session/bbfc36f4-517f-4d75-af85-d5476917970f&amp#27;[39m
&amp#27;[35m[HTTP]&amp#27;[39m &amp#27;[90m{}&amp#27;[39m
[debug] &amp#27;[35m[W3C (bbfc36f4)]&amp#27;[39m Calling AppiumDriver.getSession() with args: ["bbfc36f4-517f-4d75-af85-d5476917970f"]
[debug] &amp#27;[35m[UiAutomator2]&amp#27;[39m Getting session details from server to mix in
[debug] &amp#27;[35m[WD Proxy]&amp#27;[39m Matched '/' to command name 'getSession'
[debug] &amp#27;[35m[WD Proxy]&amp#27;[39m Proxying [GET /] to [GET http://localhost:8203/wd/hub/session/93d11d2b-08da-4cdb-bd1f-32288482d514] with body: {}
[debug] &amp#27;[35m[WD Proxy]&amp#27;[39m Got response with status 200: "{\"sessionId\":\"93d11d2b-08da-4cdb-bd1f-32288482d514\",\"status\":0,\"value\":{}}"
[debug] &amp#27;[35m[W3C (bbfc36f4)]&amp#27;[39m Responding to client with driver.getSession() result: {"platform":"LINUX","webStorageEnabled":false,"takesScreenshot":true,"javascriptEnabled":true,"databaseEnabled":false,"networkConnectionEnabled":true,"locationContextEnabled":false,"warnings":{},"desired":{"platformName":"android","appActivity":"com.sfdmobile.MainActivity","appPackage":"com.sarajevo.food.dictionary","unlockKey":"0122882435abA","unlockType":"password","autoGrantPermissions":true,"automationName":"uiAutomator2","clearSystemFiles":true,"deviceName":"SM_N950F","platformVersion":"9","udid":"988a1641434e36333130"},"platformName":"android","appActivity":"com.sfdmobile.MainActivity","appPackage":"com.sarajevo.food.dictionary","unlockKey":"0122882435abA","unlockType":"password","autoGrantPermissions":true,"automationName":"uiAutomator2","clearSystemFiles":true,"deviceName":"988a1641434e36333130","platformVersion":"9","udid":"988a1641434e36333130","deviceUDID":"988a1641434e36333130","deviceApiLevel":28,"deviceScreenSize":"1080x2220","deviceScreenDensity":420,"deviceModel":"SM-N950F","deviceManufactu...
&amp#27;[35m[HTTP]&amp#27;[39m &amp#27;[37m<-- GET /wd/hub/session/bbfc36f4-517f-4d75-af85-d5476917970f &amp#27;[39m&amp#27;[32m200&amp#27;[39m &amp#27;[90m33 ms - 1146&amp#27;[39m
&amp#27;[35m[HTTP]&amp#27;[39m &amp#27;[90m&amp#27;[39m
&amp#27;[35m[HTTP]&amp#27;[39m &amp#27;[37m-->&amp#27;[39m &amp#27;[37mPOST&amp#27;[39m &amp#27;[37m/wd/hub/session/bbfc36f4-517f-4d75-af85-d5476917970f/element&amp#27;[39m
&amp#27;[35m[HTTP]&amp#27;[39m &amp#27;[90m{"using":"xpath","value":"//android.widget.TextView[contains(@text, 'Settings')]"}&amp#27;[39m
[debug] &amp#27;[35m[W3C (bbfc36f4)]&amp#27;[39m Calling AppiumDriver.findElement() with args: ["xpath","//android.widget.TextView[contains(@text, 'Settings')]","bbfc36f4-517f-4d75-af85-d5476917970f"]
[debug] &amp#27;[35m[BaseDriver]&amp#27;[39m Valid locator strategies for this request: xpath, id, class name, accessibility id, -android uiautomator
[debug] &amp#27;[35m[BaseDriver]&amp#27;[39m Waiting up to 2000 ms for condition
[debug] &amp#27;[35m[WD Proxy]&amp#27;[39m Matched '/element' to command name 'findElement'
[debug] &amp#27;[35m[WD Proxy]&amp#27;[39m Proxying [POST /element] to [POST http://localhost:8203/wd/hub/session/93d11d2b-08da-4cdb-bd1f-32288482d514/element] with body: {"strategy":"xpath","selector":"//android.widget.TextView[contains(@text, 'Settings')]","context":"","multiple":false}
[debug] &amp#27;[35m[WD Proxy]&amp#27;[39m Got response with status 200: {"sessionId":"93d11d2b-08da-4cdb-bd1f-32288482d514","status":0,"value":{"ELEMENT":"0248d1e2-d4b3-4eff-bd14-9ed2e5a2dc16"}}
[debug] &amp#27;[35m[W3C (bbfc36f4)]&amp#27;[39m Responding to client with driver.findElement() result: {"element-6066-11e4-a52e-4f735466cecf":"0248d1e2-d4b3-4eff-bd14-9ed2e5a2dc16","ELEMENT":"0248d1e2-d4b3-4eff-bd14-9ed2e5a2dc16"}
&amp#27;[35m[HTTP]&amp#27;[39m &amp#27;[37m<-- POST /wd/hub/session/bbfc36f4-517f-4d75-af85-d5476917970f/element &amp#27;[39m&amp#27;[32m200&amp#27;[39m &amp#27;[90m1559 ms - 137&amp#27;[39m
&amp#27;[35m[HTTP]&amp#27;[39m &amp#27;[90m&amp#27;[39m
&amp#27;[35m[HTTP]&amp#27;[39m &amp#27;[37m-->&amp#27;[39m &amp#27;[37mPOST&amp#27;[39m &amp#27;[37m/wd/hub/session/bbfc36f4-517f-4d75-af85-d5476917970f/element/0248d1e2-d4b3-4eff-bd14-9ed2e5a2dc16/click&amp#27;[39m
&amp#27;[35m[HTTP]&amp#27;[39m &amp#27;[90m{"id":"0248d1e2-d4b3-4eff-bd14-9ed2e5a2dc16"}&amp#27;[39m
[debug] &amp#27;[35m[W3C (bbfc36f4)]&amp#27;[39m Calling AppiumDriver.click() with args: ["0248d1e2-d4b3-4eff-bd14-9ed2e5a2dc16","bbfc36f4-517f-4d75-af85-d5476917970f"]
[debug] &amp#27;[35m[WD Proxy]&amp#27;[39m Matched '/element/0248d1e2-d4b3-4eff-bd14-9ed2e5a2dc16/click' to command name 'click'
[debug] &amp#27;[35m[WD Proxy]&amp#27;[39m Proxying [POST /element/0248d1e2-d4b3-4eff-bd14-9ed2e5a2dc16/click] to [POST http://localhost:8203/wd/hub/session/93d11d2b-08da-4cdb-bd1f-32288482d514/element/0248d1e2-d4b3-4eff-bd14-9ed2e5a2dc16/click] with body: {"element":"0248d1e2-d4b3-4eff-bd14-9ed2e5a2dc16"}
[debug] &amp#27;[35m[WD Proxy]&amp#27;[39m Got response with status 200: {"sessionId":"93d11d2b-08da-4cdb-bd1f-32288482d514","status":0,"value":true}
[debug] &amp#27;[35m[W3C (bbfc36f4)]&amp#27;[39m Responding to client with driver.click() result: true
&amp#27;[35m[HTTP]&amp#27;[39m &amp#27;[37m<-- POST /wd/hub/session/bbfc36f4-517f-4d75-af85-d5476917970f/element/0248d1e2-d4b3-4eff-bd14-9ed2e5a2dc16/click &amp#27;[39m&amp#27;[32m200&amp#27;[39m &amp#27;[90m154 ms - 14&amp#27;[39m
&amp#27;[35m[HTTP]&amp#27;[39m &amp#27;[90m&amp#27;[39m
&amp#27;[35m[HTTP]&amp#27;[39m &amp#27;[37m-->&amp#27;[39m &amp#27;[37mGET&amp#27;[39m &amp#27;[37m/wd/hub/session/bbfc36f4-517f-4d75-af85-d5476917970f&amp#27;[39m
&amp#27;[35m[HTTP]&amp#27;[39m &amp#27;[90m{}&amp#27;[39m
[debug] &amp#27;[35m[W3C (bbfc36f4)]&amp#27;[39m Calling AppiumDriver.getSession() with args: ["bbfc36f4-517f-4d75-af85-d5476917970f"]
[debug] &amp#27;[35m[UiAutomator2]&amp#27;[39m Getting session details from server to mix in
[debug] &amp#27;[35m[WD Proxy]&amp#27;[39m Matched '/' to command name 'getSession'
[debug] &amp#27;[35m[WD Proxy]&amp#27;[39m Proxying [GET /] to [GET http://localhost:8203/wd/hub/session/93d11d2b-08da-4cdb-bd1f-32288482d514] with body: {}
[debug] &amp#27;[35m[WD Proxy]&amp#27;[39m Got response with status 200: "{\"sessionId\":\"93d11d2b-08da-4cdb-bd1f-32288482d514\",\"status\":0,\"value\":{}}"
[debug] &amp#27;[35m[W3C (bbfc36f4)]&amp#27;[39m Responding to client with driver.getSession() result: {"platform":"LINUX","webStorageEnabled":false,"takesScreenshot":true,"javascriptEnabled":true,"databaseEnabled":false,"networkConnectionEnabled":true,"locationContextEnabled":false,"warnings":{},"desired":{"platformName":"android","appActivity":"com.sfdmobile.MainActivity","appPackage":"com.sarajevo.food.dictionary","unlockKey":"0122882435abA","unlockType":"password","autoGrantPermissions":true,"automationName":"uiAutomator2","clearSystemFiles":true,"deviceName":"SM_N950F","platformVersion":"9","udid":"988a1641434e36333130"},"platformName":"android","appActivity":"com.sfdmobile.MainActivity","appPackage":"com.sarajevo.food.dictionary","unlockKey":"0122882435abA","unlockType":"password","autoGrantPermissions":true,"automationName":"uiAutomator2","clearSystemFiles":true,"deviceName":"988a1641434e36333130","platformVersion":"9","udid":"988a1641434e36333130","deviceUDID":"988a1641434e36333130","deviceApiLevel":28,"deviceScreenSize":"1080x2220","deviceScreenDensity":420,"deviceModel":"SM-N950F","deviceManufactu...
&amp#27;[35m[HTTP]&amp#27;[39m &amp#27;[37m<-- GET /wd/hub/session/bbfc36f4-517f-4d75-af85-d5476917970f &amp#27;[39m&amp#27;[32m200&amp#27;[39m &amp#27;[90m37 ms - 1146&amp#27;[39m
&amp#27;[35m[HTTP]&amp#27;[39m &amp#27;[90m&amp#27;[39m
&amp#27;[35m[HTTP]&amp#27;[39m &amp#27;[37m-->&amp#27;[39m &amp#27;[37mPOST&amp#27;[39m &amp#27;[37m/wd/hub/session/bbfc36f4-517f-4d75-af85-d5476917970f/element&amp#27;[39m
&amp#27;[35m[HTTP]&amp#27;[39m &amp#27;[90m{"using":"-android uiautomator","value":"new UiSelector().text(\"Tourist\")"}&amp#27;[39m
[debug] &amp#27;[35m[W3C (bbfc36f4)]&amp#27;[39m Calling AppiumDriver.findElement() with args: ["-android uiautomator","new UiSelector().text(\"Tourist\")","bbfc36f4-517f-4d75-af85-d5476917970f"]
[debug] &amp#27;[35m[BaseDriver]&amp#27;[39m Valid locator strategies for this request: xpath, id, class name, accessibility id, -android uiautomator
[debug] &amp#27;[35m[BaseDriver]&amp#27;[39m Waiting up to 2000 ms for condition
[debug] &amp#27;[35m[WD Proxy]&amp#27;[39m Matched '/element' to command name 'findElement'
[debug] &amp#27;[35m[WD Proxy]&amp#27;[39m Proxying [POST /element] to [POST http://localhost:8203/wd/hub/session/93d11d2b-08da-4cdb-bd1f-32288482d514/element] with body: {"strategy":"-android uiautomator","selector":"new UiSelector().text(\"Tourist\")","context":"","multiple":false}
&amp#27;[35m[WD Proxy]&amp#27;[39m Got an unexpected response: {"sessionId":"93d11d2b-08da-4cdb-bd1f-32288482d514","status":7,"value":"An element could not be located on the page using the given search parameters."}
[debug] &amp#27;[35m[MJSONWP]&amp#27;[39m Matched JSONWP error code 7 to NoSuchElementError
[debug] &amp#27;[35m[BaseDriver]&amp#27;[39m Waited for 109 ms so far
[debug] &amp#27;[35m[WD Proxy]&amp#27;[39m Matched '/element' to command name 'findElement'
[debug] &amp#27;[35m[WD Proxy]&amp#27;[39m Proxying [POST /element] to [POST http://localhost:8203/wd/hub/session/93d11d2b-08da-4cdb-bd1f-32288482d514/element] with body: {"strategy":"-android uiautomator","selector":"new UiSelector().text(\"Tourist\")","context":"","multiple":false}
[debug] &amp#27;[35m[WD Proxy]&amp#27;[39m Got response with status 200: {"sessionId":"93d11d2b-08da-4cdb-bd1f-32288482d514","status":0,"value":{"ELEMENT":"32cee4c7-8a74-4829-96dc-f18309f88cdd"}}
[debug] &amp#27;[35m[W3C (bbfc36f4)]&amp#27;[39m Responding to client with driver.findElement() result: {"element-6066-11e4-a52e-4f735466cecf":"32cee4c7-8a74-4829-96dc-f18309f88cdd","ELEMENT":"32cee4c7-8a74-4829-96dc-f18309f88cdd"}
&amp#27;[35m[HTTP]&amp#27;[39m &amp#27;[37m<-- POST /wd/hub/session/bbfc36f4-517f-4d75-af85-d5476917970f/element &amp#27;[39m&amp#27;[32m200&amp#27;[39m &amp#27;[90m1887 ms - 137&amp#27;[39m
&amp#27;[35m[HTTP]&amp#27;[39m &amp#27;[90m&amp#27;[39m
&amp#27;[35m[HTTP]&amp#27;[39m &amp#27;[37m-->&amp#27;[39m &amp#27;[37mGET&amp#27;[39m &amp#27;[37m/wd/hub/session/bbfc36f4-517f-4d75-af85-d5476917970f/element/32cee4c7-8a74-4829-96dc-f18309f88cdd/text&amp#27;[39m
&amp#27;[35m[HTTP]&amp#27;[39m &amp#27;[90m{}&amp#27;[39m
&amp#27;[35m[W3C (bbfc36f4)]&amp#27;[39m Driver proxy active, passing request on via HTTP proxy
[debug] &amp#27;[35m[WD Proxy]&amp#27;[39m Matched '/wd/hub/session/bbfc36f4-517f-4d75-af85-d5476917970f/element/32cee4c7-8a74-4829-96dc-f18309f88cdd/text' to command name 'getText'
[debug] &amp#27;[35m[WD Proxy]&amp#27;[39m Proxying [GET /wd/hub/session/bbfc36f4-517f-4d75-af85-d5476917970f/element/32cee4c7-8a74-4829-96dc-f18309f88cdd/text] to [GET http://localhost:8203/wd/hub/session/93d11d2b-08da-4cdb-bd1f-32288482d514/element/32cee4c7-8a74-4829-96dc-f18309f88cdd/text] with body: {}
[debug] &amp#27;[35m[WD Proxy]&amp#27;[39m Got response with status 200: "{\"sessionId\":\"93d11d2b-08da-4cdb-bd1f-32288482d514\",\"status\":0,\"value\":\"Tourist\"}"
&amp#27;[35m[WD Proxy]&amp#27;[39m Replacing sessionId 93d11d2b-08da-4cdb-bd1f-32288482d514 with bbfc36f4-517f-4d75-af85-d5476917970f
&amp#27;[35m[HTTP]&amp#27;[39m &amp#27;[37m<-- GET /wd/hub/session/bbfc36f4-517f-4d75-af85-d5476917970f/element/32cee4c7-8a74-4829-96dc-f18309f88cdd/text &amp#27;[39m&amp#27;[32m200&amp#27;[39m &amp#27;[90m82 ms - 81&amp#27;[39m
&amp#27;[35m[HTTP]&amp#27;[39m &amp#27;[90m&amp#27;[39m
I am in onTestFailure method Verify_user_can_use_tourist_mode failed
&amp#27;[35m[HTTP]&amp#27;[39m &amp#27;[37m-->&amp#27;[39m &amp#27;[37mGET&amp#27;[39m &amp#27;[37m/wd/hub/session/bbfc36f4-517f-4d75-af85-d5476917970f/screenshot&amp#27;[39m
&amp#27;[35m[HTTP]&amp#27;[39m &amp#27;[90m{}&amp#27;[39m
[debug] &amp#27;[35m[W3C (bbfc36f4)]&amp#27;[39m Calling AppiumDriver.getScreenshot() with args: ["bbfc36f4-517f-4d75-af85-d5476917970f"]
[debug] &amp#27;[35m[WD Proxy]&amp#27;[39m Matched '/screenshot' to command name 'getScreenshot'
[debug] &amp#27;[35m[WD Proxy]&amp#27;[39m Proxying [GET /screenshot] to [GET http://localhost:8203/wd/hub/session/93d11d2b-08da-4cdb-bd1f-32288482d514/screenshot] with no body
[debug] &amp#27;[35m[WD Proxy]&amp#27;[39m Got response with status 200: "{\"sessionId\":\"93d11d2b-08da-4cdb-bd1f-32288482d514\",\"status\":0,\"value\":\"iVBORw0KGgoAAAANSUhEUgAABDgAAAisCAYAAACtR1KuAAAABHNCSVQICAgIfAhkiAAAIABJREFU\\neJzs3XecXFXdP\\/DPuWXqlmSzu+mbTS+kQkICaUSB0Am9Cor6KFhBhedBEUVFRH9SHkXlUVGUIs0g\\nEAihBUIJgZBGQkIS0tumbJt6y\\/n9cWdmd3bKtpndneTzzmtfm52598yZ2TL3fu453yMODLxegoiI\\niIiIiIiogCnd3QEiIiIiIiIios5iwEFEREREREREBY8BBxEREREREREVPAYcRERERERERFTwGHAQ\\nERERERERUcFjwEFEREREREREBY8BBxEREREREREVPAYcRERERERERFTwGHAQERERERERUcFjwEFE\\nREREREREBY8BBxEREREREREVPK27O0BERzfhiUIbdhDu43ZBHbEPanEjAAnriA\\/G1r4w1w2Gsb0S\\nMuzu7q4SEREREVEBY8BBRLmn2Ci65n24TtgGCBPStiEkAFsmPtTyCNSyI5DHbwBsQJgqjA3VaHh6\\nDmBxcBkRERF1ghAQfjegqan3haOQYaPr+0REeScODLxedncniPJB6dcLotiTcrsMRGDvOdINPToG\\nuEyU\\/vcrUPofhhAyKdBAi4DD+QAgJaQlASkBSwIWIPdXoPb\\/LujuZ0NERAVE+N2QgUiPbzMbpbIU\\n\\/h+cC2VALxgfbEX4sXdg76vtssfPRnh0iN5+KMVe2A0hyMMByEgPCgk0FUqfIohSH5QSL0SRB1Cz\\nXDAxLNh1QciGEGRdEPbhgHMsQlRINAXu+ZMgvK6Mm9g1DYguXd+FnepeHMFBRy3PpTPgmjk65Xbj\\nw88QuPs\\/3dCjo5t3\\/iZ4L1kJSLsp0OgAoUiIygMQuglp8E8UERG1Th...
[debug] &amp#27;[35m[W3C (bbfc36f4)]&amp#27;[39m Responding to client with driver.getScreenshot() result: "iVBORw0KGgoAAAANSUhEUgAABDgAAAisCAYAAACtR1KuAAAABHNCSVQICAgIfAhkiAAAIABJREFU\neJzs3XecXFXdP/DPuWXqlmSzu+mbTS+kQkICaUSB0Am9Cor6KFhBhedBEUVFRH9SHkXlUVGUIs0g\nEAihBUIJgZBGQkIS0tumbJt6y/n9cWdmd3bKtpndneTzzmtfm52598yZ2TL3fu453yMODLxegoiI\niIiIiIiogCnd3QEiIiIiIiIios5iwEFEREREREREBY8BBxEREREREREVPAYcRERERERERFTwGHAQ\nERERERERUcFjwEFEREREREREBY8BBxEREREREREVPAYcRERERERERFTwGHAQERERERERUcFjwEFE\nREREREREBY8BBxEREREREREVPK27O0BERzfhiUIbdhDu43ZBHbEPanEjAAnriA/G1r4w1w2Gsb0S\nMuzu7q4SEREREVEBY8BBRLmn2Ci65n24TtgGCBPStiEkAFsmPtTyCNSyI5DHbwBsQJgqjA3VaHh6\nDmBxcBkRERF1ghAQfjegqan3haOQYaPr+0REeScODLxedncniPJB6dcLotiTcrsMRGDvOdINPToG\nuEyU/vcrUPofhhAyKdBAi4DD+QAgJaQlASkBSwIWIPdXoPb/LujuZ0NERAVE+N2QgUiPbzMbpbIU\n/h+cC2VALxgfbEX4sXdg76vtssfPRnh0iN5+KMVe2A0hyMMByEgPCgk0FUqfIohSH5QSL0SRB1Cz\nXDAxLNh1QciGEGRdEPbhgHMsQlRINAXu+ZMgvK6Mm9g1DYguXd+FnepeHMFBRy3PpTPgmjk65Xbj\nw88QuPs/3dCjo5t3/iZ4L1kJSLsp0OgAoUiIygMQuglp8E8UERG1Th1SgaLbL0Lo72/m7EDeNXcc\nvNfOQeNPn4a1vSYnbbbGd+NZUKv6OI8/YyT0KdUI/eMtRJes7ZLHb0kdVAZ95mjoJ42C0q8XAECI\nphzA3n...
&amp#27;[35m[HTTP]&amp#27;[39m &amp#27;[37m<-- GET /wd/hub/session/bbfc36f4-517f-4d75-af85-d5476917970f/screenshot &amp#27;[39m&amp#27;[32m200&amp#27;[39m &amp#27;[90m772 ms - 146562&amp#27;[39m
&amp#27;[35m[HTTP]&amp#27;[39m &amp#27;[90m&amp#27;[39m
Screenshot captured for test case:Verify_user_can_use_tourist_mode
]]></system-out>
    <system-err><![CDATA[Jun 13, 2019 12:47:24 PM io.appium.java_client.remote.AppiumCommandExecutor$1 lambda$0
INFO: Detected dialect: W3C
]]></system-err>
  </testcase>
  <testcase name="Verify_user_can_use_local_mode" classname="Tests.LandingPageTest" time="14.311"/>
  <testcase name="Verify_Places_near_by_is_displayed" classname="Tests.LandingPageTest" time="5.162"/>
</testsuite>