<?xml version="1.0" encoding="UTF-8"?>
<testsuite xmlns:xsi="http://www.w3.org/2001/XMLSchema-instance" xsi:noNamespaceSchemaLocation="https://maven.apache.org/surefire/maven-surefire-plugin/xsd/surefire-test-report-3.0.xsd" version="3.0" name="TestSuite" time="60.147" tests="9" errors="0" skipped="3" failures="3">
  <properties>
[...]
</properties>
  <testcase name="setUp" classname="Tests.LandingPageTest" time="1.323">
    <failure message="Connection refused (Connection refused)&#10;Build info: version: &apos;3.141.59&apos;, revision: &apos;e82be7d358&apos;, time: &apos;2018-11-14T08:17:03&apos;&#10;System info: host: &apos;warrior&apos;, ip: &apos;127.0.1.1&apos;, os.name: &apos;Linux&apos;, os.arch: &apos;amd64&apos;, os.version: &apos;5.0.0-32-generic&apos;, java.version: &apos;1.8.0_221&apos;&#10;Driver info: driver.version: AndroidDriver" type="org.openqa.selenium.WebDriverException">org.openqa.selenium.WebDriverException: 
Connection refused (Connection refused)
Build info: version: '3.141.59', revision: 'e82be7d358', time: '2018-11-14T08:17:03'
System info: host: 'warrior', ip: '127.0.1.1', os.name: 'Linux', os.arch: 'amd64', os.version: '5.0.0-32-generic', java.version: '1.8.0_221'
Driver info: driver.version: AndroidDriver
Caused by: java.net.ConnectException: Connection refused (Connection refused)
</failure>
    <system-out><![CDATA[I am in onStart method Nexus
I am in onStart method Pixel
I am in onStart method Nexus
Driver Is Initiated
Driver Is Initiated
]]></system-out>
  </testcase>
  <testcase name="setUp" classname="Tests.LandingPageTest" time="0.8">
    <failure message="Unable to create a new remote session. Please check the server log for more details. Original error: An unknown server-side error occurred while processing the command. Original error: Unable to find an active device or emulator with OS 10. The following are available: RF8M82EDL8Y (9), 192.168.1.2:5555 (9)&#10;Build info: version: &apos;3.141.59&apos;, revision: &apos;e82be7d358&apos;, time: &apos;2018-11-14T08:17:03&apos;&#10;System info: host: &apos;warrior&apos;, ip: &apos;127.0.1.1&apos;, os.name: &apos;Linux&apos;, os.arch: &apos;amd64&apos;, os.version: &apos;5.0.0-32-generic&apos;, java.version: &apos;1.8.0_221&apos;&#10;Driver info: driver.version: AndroidDriver&#10;remote stacktrace: UnknownError: An unknown server-side error occurred while processing the command. Original error: Unable to find an active device or emulator with OS 10. The following are available: RF8M82EDL8Y (9), 192.168.1.2:5555 (9)&#10;    at getResponseForW3CError (/home/linuxbrew/.linuxbrew/lib/node_modules/appium/node_modules/appium-base-driver/lib/protocol/errors.js:826:9)&#10;    at asyncHandler (/home/linuxbrew/.linuxbrew/lib/node_modules/appium/node_modules/appium-base-driver/lib/protocol/protocol.js:388:37)&#10;    at &lt;anonymous&gt;&#10;Build info: version: &apos;3.141.59&apos;, revision: &apos;e82be7d358&apos;, time: &apos;2018-11-14T08:17:03&apos;&#10;System info: host: &apos;warrior&apos;, ip: &apos;127.0.1.1&apos;, os.name: &apos;Linux&apos;, os.arch: &apos;amd64&apos;, os.version: &apos;5.0.0-32-generic&apos;, java.version: &apos;1.8.0_221&apos;&#10;Driver info: driver.version: AndroidDriver" type="org.openqa.selenium.SessionNotCreatedException"><![CDATA[org.openqa.selenium.SessionNotCreatedException: 
Unable to create a new remote session. Please check the server log for more details. Original error: An unknown server-side error occurred while processing the command. Original error: Unable to find an active device or emulator with OS 10. The following are available: RF8M82EDL8Y (9), 192.168.1.2:5555 (9)
Build info: version: '3.141.59', revision: 'e82be7d358', time: '2018-11-14T08:17:03'
System info: host: 'warrior', ip: '127.0.1.1', os.name: 'Linux', os.arch: 'amd64', os.version: '5.0.0-32-generic', java.version: '1.8.0_221'
Driver info: driver.version: AndroidDriver
remote stacktrace: UnknownError: An unknown server-side error occurred while processing the command. Original error: Unable to find an active device or emulator with OS 10. The following are available: RF8M82EDL8Y (9), 192.168.1.2:5555 (9)
    at getResponseForW3CError (/home/linuxbrew/.linuxbrew/lib/node_modules/appium/node_modules/appium-base-driver/lib/protocol/errors.js:826:9)
    at asyncHandler (/home/linuxbrew/.linuxbrew/lib/node_modules/appium/node_modules/appium-base-driver/lib/protocol/protocol.js:388:37)
    at <anonymous>
Build info: version: '3.141.59', revision: 'e82be7d358', time: '2018-11-14T08:17:03'
System info: host: 'warrior', ip: '127.0.1.1', os.name: 'Linux', os.arch: 'amd64', os.version: '5.0.0-32-generic', java.version: '1.8.0_221'
Driver info: driver.version: AndroidDriver
Caused by: java.lang.reflect.InvocationTargetException
Caused by: org.openqa.selenium.WebDriverException: 
An unknown server-side error occurred while processing the command. Original error: Unable to find an active device or emulator with OS 10. The following are available: RF8M82EDL8Y (9), 192.168.1.2:5555 (9)
Build info: version: '3.141.59', revision: 'e82be7d358', time: '2018-11-14T08:17:03'
System info: host: 'warrior', ip: '127.0.1.1', os.name: 'Linux', os.arch: 'amd64', os.version: '5.0.0-32-generic', java.version: '1.8.0_221'
Driver info: driver.version: AndroidDriver
remote stacktrace: UnknownError: An unknown server-side error occurred while processing the command. Original error: Unable to find an active device or emulator with OS 10. The following are available: RF8M82EDL8Y (9), 192.168.1.2:5555 (9)
    at getResponseForW3CError (/home/linuxbrew/.linuxbrew/lib/node_modules/appium/node_modules/appium-base-driver/lib/protocol/errors.js:826:9)
    at asyncHandler (/home/linuxbrew/.linuxbrew/lib/node_modules/appium/node_modules/appium-base-driver/lib/protocol/protocol.js:388:37)
    at <anonymous>
]]></failure>
    <system-out><![CDATA[Driver Is Initiated
&amp#27;[35m[Appium]&amp#27;[39m Welcome to Appium v1.15.0
&amp#27;[35m[Appium]&amp#27;[39m Non-default server args:
&amp#27;[35m[Appium]&amp#27;[39m   address: 127.0.0.1
&amp#27;[35m[Appium]&amp#27;[39m   port: 4724
&amp#27;[35m[Appium]&amp#27;[39m   callbackPort: 4724
&amp#27;[35m[Appium]&amp#27;[39m   bootstrapPort: 200
&amp#27;[35m[Appium]&amp#27;[39m   sessionOverride: true
&amp#27;[35m[Appium]&amp#27;[39m Welcome to Appium v1.15.0
&amp#27;[35m[Appium]&amp#27;[39m Non-default server args:
&amp#27;[35m[Appium]&amp#27;[39m   address: 127.0.0.1
&amp#27;[35m[Appium]&amp#27;[39m   callbackPort: 4723
&amp#27;[35m[Appium]&amp#27;[39m   bootstrapPort: 100
&amp#27;[35m[Appium]&amp#27;[39m   sessionOverride: true
&amp#27;[35m[Appium]&amp#27;[39m Appium REST http interface listener started on 127.0.0.1:4724
&amp#27;[35m[Appium]&amp#27;[39m Appium REST http interface listener started on 127.0.0.1:4723
&amp#27;[35m[HTTP]&amp#27;[39m &amp#27;[37m-->&amp#27;[39m &amp#27;[37mGET&amp#27;[39m &amp#27;[37m/wd/hub/status&amp#27;[39m
&amp#27;[35m[HTTP]&amp#27;[39m &amp#27;[90m{}&amp#27;[39m
[debug] &amp#27;[35m[GENERIC]&amp#27;[39m Calling AppiumDriver.getStatus() with args: []
[debug] &amp#27;[35m[GENERIC]&amp#27;[39m Responding to client with driver.getStatus() result: {"build":{"version":"1.15.0"}}
&amp#27;[35m[HTTP]&amp#27;[39m &amp#27;[37m<-- GET /wd/hub/status &amp#27;[39m&amp#27;[32m200&amp#27;[39m &amp#27;[90m4 ms - 68&amp#27;[39m
&amp#27;[35m[HTTP]&amp#27;[39m &amp#27;[90m&amp#27;[39m
&amp#27;[35m[HTTP]&amp#27;[39m &amp#27;[37m-->&amp#27;[39m &amp#27;[37mPOST&amp#27;[39m &amp#27;[37m/wd/hub/session&amp#27;[39m
&amp#27;[35m[HTTP]&amp#27;[39m &amp#27;[90m{"desiredCapabilities":{"appPackage":"com.sarajevo.food.dictionary","clearSystemFiles":true,"deviceId":"192.168.1.2:5556","deviceName":"Pixel","appActivity":"com.sfdmobile.MainActivity","appium:unlockKey":"@MR0122882435aba","platformVersion":"10","appium:unlockType":"password","automationName":"uiAutomator2","autoGrantPermissions":"true","platformName":"Android","appium:uiautomator2ServerInstallTimeout":8000,"systemPort":"8201"},"capabilities":{"firstMatch":[{"appium:appActivity":"com.sfdmobile.MainActivity","appium:appPackage":"com.sarajevo.food.dictionary","appium:uiautomator2ServerInstallTimeout":8000,"appium:unlockKey":"@MR0122882435aba","appium:unlockType":"password","appium:autoGrantPermissions":"true","appium:automationName":"uiAutomator2","appium:clearSystemFiles":true,"deviceId":"192.168.1.2:5556","appium:deviceName":"Pixel","platformName":"android","appium:platformVersion":"10","appium:systemPort":"8201"}]}}&amp#27;[39m
[debug] &amp#27;[35m[W3C]&amp#27;[39m Calling AppiumDriver.createSession() with args: [{"appPackage":"com.sarajevo.food.dictionary","clearSystemFiles":true,"deviceId":"192.168.1.2:5556","deviceName":"Pixel","appActivity":"com.sfdmobile.MainActivity","appium:unlockKey":"@MR0122882435aba","platformVersion":"10","appium:unlockType":"password","automationName":"uiAutomator2","autoGrantPermissions":"true","platformName":"Android","appium:uiautomator2ServerInstallTimeout":8000,"systemPort":"8201"},null,{"firstMatch":[{"appium:appActivity":"com.sfdmobile.MainActivity","appium:appPackage":"com.sarajevo.food.dictionary","appium:uiautomator2ServerInstallTimeout":8000,"appium:unlockKey":"@MR0122882435aba","appium:unlockType":"password","appium:autoGrantPermissions":"true","appium:automationName":"uiAutomator2","appium:clearSystemFiles":true,"deviceId":"192.168.1.2:5556","appium:deviceName":"Pixel","platformName":"android","appium:platformVersion":"10","appium:systemPort":"8201"}]}]
[debug] &amp#27;[35m[BaseDriver]&amp#27;[39m Event 'newSessionRequested' logged at 1572706409165 (15:53:29 GMT+0100 (CET))
&amp#27;[35m[BaseDriver]&amp#27;[39m The capabilities ["deviceId"] are not standard capabilities and should have an extension prefix
&amp#27;[35m[Appium]&amp#27;[39m Appium v1.15.0 creating new AndroidUiautomator2Driver (v1.37.1) session
[debug] &amp#27;[35m[BaseDriver]&amp#27;[39m W3C capabilities and MJSONWP desired capabilities were provided
[debug] &amp#27;[35m[BaseDriver]&amp#27;[39m Creating session with W3C capabilities: {
[debug] &amp#27;[35m[BaseDriver]&amp#27;[39m   "alwaysMatch": {
[debug] &amp#27;[35m[BaseDriver]&amp#27;[39m     "appium:deviceId": "192.168.1.2:5556",
[debug] &amp#27;[35m[BaseDriver]&amp#27;[39m     "platformName": "android",
[debug] &amp#27;[35m[BaseDriver]&amp#27;[39m     "appium:appActivity": "com.sfdmobile.MainActivity",
[debug] &amp#27;[35m[BaseDriver]&amp#27;[39m     "appium:appPackage": "com.sarajevo.food.dictionary",
[debug] &amp#27;[35m[BaseDriver]&amp#27;[39m     "appium:uiautomator2ServerInstallTimeout": 8000,
[debug] &amp#27;[35m[BaseDriver]&amp#27;[39m     "appium:unlockKey": "@MR0122882435aba",
[debug] &amp#27;[35m[BaseDriver]&amp#27;[39m     "appium:unlockType": "password",
[debug] &amp#27;[35m[BaseDriver]&amp#27;[39m     "appium:autoGrantPermissions": "true",
[debug] &amp#27;[35m[BaseDriver]&amp#27;[39m     "appium:automationName": "uiAutomator2",
[debug] &amp#27;[35m[BaseDriver]&amp#27;[39m     "appium:clearSystemFiles": true,
[debug] &amp#27;[35m[BaseDriver]&amp#27;[39m     "appium:deviceName": "Pixel",
[debug] &amp#27;[35m[BaseDriver]&amp#27;[39m     "appium:platformVersion": "10",
[debug] &amp#27;[35m[BaseDriver]&amp#27;[39m     "appium:systemPort": "8201"
[debug] &amp#27;[35m[BaseDriver]&amp#27;[39m   },
[debug] &amp#27;[35m[BaseDriver]&amp#27;[39m   "firstMatch": [
[debug] &amp#27;[35m[BaseDriver]&amp#27;[39m     {}
[debug] &amp#27;[35m[BaseDriver]&amp#27;[39m   ]
[debug] &amp#27;[35m[BaseDriver]&amp#27;[39m }
&amp#27;[35m[BaseDriver]&amp#27;[39m Number capability passed in as string. Functionality may be compromised.
&amp#27;[35m[BaseDriver]&amp#27;[39m Capability 'autoGrantPermissions' changed from string to boolean. This may cause unexpected behavior
&amp#27;[35m[BaseDriver]&amp#27;[39m Capability 'systemPort' changed from string ('8201') to integer (8201). This may cause unexpected behavior
&amp#27;[35m[BaseDriver]&amp#27;[39m The following capabilities were provided, but are not recognized by Appium:
&amp#27;[35m[BaseDriver]&amp#27;[39m   deviceId
&amp#27;[35m[BaseDriver]&amp#27;[39m Session created with session id: 5ad9727e-a284-4258-95fe-f1515de03298
&amp#27;[35m[UiAutomator2]&amp#27;[39m Starting 'com.sarajevo.food.dictionary' directly on the device
&amp#27;[35m[HTTP]&amp#27;[39m &amp#27;[37m-->&amp#27;[39m &amp#27;[37mGET&amp#27;[39m &amp#27;[37m/wd/hub/status&amp#27;[39m
&amp#27;[35m[HTTP]&amp#27;[39m &amp#27;[90m{}&amp#27;[39m
[debug] &amp#27;[35m[GENERIC]&amp#27;[39m Calling AppiumDriver.getStatus() with args: []
[debug] &amp#27;[35m[GENERIC]&amp#27;[39m Responding to client with driver.getStatus() result: {"build":{"version":"1.15.0"}}
&amp#27;[35m[HTTP]&amp#27;[39m &amp#27;[37m<-- GET /wd/hub/status &amp#27;[39m&amp#27;[32m200&amp#27;[39m &amp#27;[90m8 ms - 68&amp#27;[39m
&amp#27;[35m[HTTP]&amp#27;[39m &amp#27;[90m&amp#27;[39m
&amp#27;[35m[ADB]&amp#27;[39m Found 1 'build-tools' folders under '/home/amrka/Android/Sdk' (newest first):
&amp#27;[35m[ADB]&amp#27;[39m     /home/amrka/Android/Sdk/build-tools/29.0.2
&amp#27;[35m[HTTP]&amp#27;[39m &amp#27;[37m-->&amp#27;[39m &amp#27;[37mPOST&amp#27;[39m &amp#27;[37m/wd/hub/session&amp#27;[39m
&amp#27;[35m[HTTP]&amp#27;[39m &amp#27;[90m{"desiredCapabilities":{"appPackage":"com.sarajevo.food.dictionary","clearSystemFiles":true,"deviceId":"0.0.0.0:8080","deviceName":"SM-N975F","appActivity":"com.sfdmobile.MainActivity","appium:unlockKey":"@MR0122882435aba","platformVersion":"9","appium:unlockType":"password","automationName":"uiAutomator2","autoGrantPermissions":"true","platformName":"Android","appium:uiautomator2ServerInstallTimeout":8000,"systemPort":"8200"},"capabilities":{"firstMatch":[{"appium:appActivity":"com.sfdmobile.MainActivity","appium:appPackage":"com.sarajevo.food.dictionary","appium:uiautomator2ServerInstallTimeout":8000,"appium:unlockKey":"@MR0122882435aba","appium:unlockType":"password","appium:autoGrantPermissions":"true","appium:automationName":"uiAutomator2","appium:clearSystemFiles":true,"deviceId":"0.0.0.0:8080","appium:deviceName":"SM-N975F","platformName":"android","appium:platformVersion":"9","appium:systemPort":"8200"}]}}&amp#27;[39m
[debug] &amp#27;[35m[W3C]&amp#27;[39m Calling AppiumDriver.createSession() with args: [{"appPackage":"com.sarajevo.food.dictionary","clearSystemFiles":true,"deviceId":"0.0.0.0:8080","deviceName":"SM-N975F","appActivity":"com.sfdmobile.MainActivity","appium:unlockKey":"@MR0122882435aba","platformVersion":"9","appium:unlockType":"password","automationName":"uiAutomator2","autoGrantPermissions":"true","platformName":"Android","appium:uiautomator2ServerInstallTimeout":8000,"systemPort":"8200"},null,{"firstMatch":[{"appium:appActivity":"com.sfdmobile.MainActivity","appium:appPackage":"com.sarajevo.food.dictionary","appium:uiautomator2ServerInstallTimeout":8000,"appium:unlockKey":"@MR0122882435aba","appium:unlockType":"password","appium:autoGrantPermissions":"true","appium:automationName":"uiAutomator2","appium:clearSystemFiles":true,"deviceId":"0.0.0.0:8080","appium:deviceName":"SM-N975F","platformName":"android","appium:platformVersion":"9","appium:systemPort":"8200"}]}]
[debug] &amp#27;[35m[BaseDriver]&amp#27;[39m Event 'newSessionRequested' logged at 1572706409375 (15:53:29 GMT+0100 (CET))
&amp#27;[35m[BaseDriver]&amp#27;[39m The capabilities ["deviceId"] are not standard capabilities and should have an extension prefix
&amp#27;[35m[ADB]&amp#27;[39m Using 'adb' from '/home/amrka/Android/Sdk/platform-tools/adb'
&amp#27;[35m[AndroidDriver]&amp#27;[39m Retrieving device list
[debug] &amp#27;[35m[ADB]&amp#27;[39m Trying to find a connected android device
[debug] &amp#27;[35m[ADB]&amp#27;[39m Getting connected devices...
[debug] &amp#27;[35m[ADB]&amp#27;[39m Connected devices: [{"udid":"RF8M82EDL8Y","state":"device"},{"udid":"192.168.1.2:5555","state":"device"}]
&amp#27;[35m[AndroidDriver]&amp#27;[39m Looking for a device with Android '10'
[debug] &amp#27;[35m[ADB]&amp#27;[39m Setting device id to RF8M82EDL8Y
&amp#27;[35m[ADB]&amp#27;[39m Getting device platform version
[debug] &amp#27;[35m[ADB]&amp#27;[39m Running '/home/amrka/Android/Sdk/platform-tools/adb -P 5037 -s RF8M82EDL8Y shell getprop ro.build.version.release'
[debug] &amp#27;[35m[ADB]&amp#27;[39m Current device property 'ro.build.version.release': 9
[debug] &amp#27;[35m[ADB]&amp#27;[39m Setting device id to 192.168.1.2:5555
&amp#27;[35m[ADB]&amp#27;[39m Getting device platform version
[debug] &amp#27;[35m[ADB]&amp#27;[39m Running '/home/amrka/Android/Sdk/platform-tools/adb -P 5037 -s 192.168.1.2\:5555 shell getprop ro.build.version.release'
&amp#27;[35m[Appium]&amp#27;[39m Appium v1.15.0 creating new AndroidUiautomator2Driver (v1.37.1) session
[debug] &amp#27;[35m[BaseDriver]&amp#27;[39m W3C capabilities and MJSONWP desired capabilities were provided
[debug] &amp#27;[35m[BaseDriver]&amp#27;[39m Creating session with W3C capabilities: {
[debug] &amp#27;[35m[BaseDriver]&amp#27;[39m   "alwaysMatch": {
[debug] &amp#27;[35m[BaseDriver]&amp#27;[39m     "appium:deviceId": "0.0.0.0:8080",
[debug] &amp#27;[35m[BaseDriver]&amp#27;[39m     "platformName": "android",
[debug] &amp#27;[35m[BaseDriver]&amp#27;[39m     "appium:appActivity": "com.sfdmobile.MainActivity",
[debug] &amp#27;[35m[BaseDriver]&amp#27;[39m     "appium:appPackage": "com.sarajevo.food.dictionary",
[debug] &amp#27;[35m[BaseDriver]&amp#27;[39m     "appium:uiautomator2ServerInstallTimeout": 8000,
[debug] &amp#27;[35m[BaseDriver]&amp#27;[39m     "appium:unlockKey": "@MR0122882435aba",
[debug] &amp#27;[35m[BaseDriver]&amp#27;[39m     "appium:unlockType": "password",
[debug] &amp#27;[35m[BaseDriver]&amp#27;[39m     "appium:autoGrantPermissions": "true",
[debug] &amp#27;[35m[BaseDriver]&amp#27;[39m     "appium:automationName": "uiAutomator2",
[debug] &amp#27;[35m[BaseDriver]&amp#27;[39m     "appium:clearSystemFiles": true,
[debug] &amp#27;[35m[BaseDriver]&amp#27;[39m     "appium:deviceName": "SM-N975F",
[debug] &amp#27;[35m[BaseDriver]&amp#27;[39m     "appium:platformVersion": "9",
[debug] &amp#27;[35m[BaseDriver]&amp#27;[39m     "appium:systemPort": "8200"
[debug] &amp#27;[35m[BaseDriver]&amp#27;[39m   },
[debug] &amp#27;[35m[BaseDriver]&amp#27;[39m   "firstMatch": [
[debug] &amp#27;[35m[BaseDriver]&amp#27;[39m     {}
[debug] &amp#27;[35m[BaseDriver]&amp#27;[39m   ]
[debug] &amp#27;[35m[BaseDriver]&amp#27;[39m }
&amp#27;[35m[BaseDriver]&amp#27;[39m Number capability passed in as string. Functionality may be compromised.
&amp#27;[35m[BaseDriver]&amp#27;[39m Capability 'autoGrantPermissions' changed from string to boolean. This may cause unexpected behavior
&amp#27;[35m[BaseDriver]&amp#27;[39m Capability 'systemPort' changed from string ('8200') to integer (8200). This may cause unexpected behavior
&amp#27;[35m[BaseDriver]&amp#27;[39m The following capabilities were provided, but are not recognized by Appium:
&amp#27;[35m[BaseDriver]&amp#27;[39m   deviceId
&amp#27;[35m[BaseDriver]&amp#27;[39m Session created with session id: 562a9e72-cd8a-4423-ae2b-c27d7eedcbc6
&amp#27;[35m[UiAutomator2]&amp#27;[39m Starting 'com.sarajevo.food.dictionary' directly on the device
&amp#27;[35m[ADB]&amp#27;[39m Found 1 'build-tools' folders under '/home/amrka/Android/Sdk' (newest first):
&amp#27;[35m[ADB]&amp#27;[39m     /home/amrka/Android/Sdk/build-tools/29.0.2
&amp#27;[35m[ADB]&amp#27;[39m Using 'adb' from '/home/amrka/Android/Sdk/platform-tools/adb'
&amp#27;[35m[AndroidDriver]&amp#27;[39m Retrieving device list
[debug] &amp#27;[35m[ADB]&amp#27;[39m Trying to find a connected android device
[debug] &amp#27;[35m[ADB]&amp#27;[39m Getting connected devices...
[debug] &amp#27;[35m[ADB]&amp#27;[39m Connected devices: [{"udid":"RF8M82EDL8Y","state":"device"},{"udid":"192.168.1.2:5555","state":"device"}]
&amp#27;[35m[AndroidDriver]&amp#27;[39m Looking for a device with Android '9'
[debug] &amp#27;[35m[ADB]&amp#27;[39m Setting device id to RF8M82EDL8Y
&amp#27;[35m[ADB]&amp#27;[39m Getting device platform version
[debug] &amp#27;[35m[ADB]&amp#27;[39m Running '/home/amrka/Android/Sdk/platform-tools/adb -P 5037 -s RF8M82EDL8Y shell getprop ro.build.version.release'
[debug] &amp#27;[35m[ADB]&amp#27;[39m Current device property 'ro.build.version.release': 9
&amp#27;[35m[AndroidDriver]&amp#27;[39m Using device: RF8M82EDL8Y
&amp#27;[35m[ADB]&amp#27;[39m Using 'adb' from '/home/amrka/Android/Sdk/platform-tools/adb'
[debug] &amp#27;[35m[ADB]&amp#27;[39m Setting device id to RF8M82EDL8Y
[debug] &amp#27;[35m[ADB]&amp#27;[39m Running '/home/amrka/Android/Sdk/platform-tools/adb -P 5037 -s RF8M82EDL8Y shell getprop ro.build.version.sdk'
[debug] &amp#27;[35m[ADB]&amp#27;[39m Current device property 'ro.build.version.sdk': 28
[debug] &amp#27;[35m[ADB]&amp#27;[39m Running '/home/amrka/Android/Sdk/platform-tools/adb -P 5037 -s RF8M82EDL8Y shell getprop ro.build.version.release'
[debug] &amp#27;[35m[ADB]&amp#27;[39m Current device property 'ro.build.version.release': 9
&amp#27;[35m[AndroidDriver]&amp#27;[39m Error: Unable to find an active device or emulator with OS 10. The following are available: RF8M82EDL8Y (9), 192.168.1.2:5555 (9)
&amp#27;[35m[AndroidDriver]&amp#27;[39m     at Object.wrappedLogger.errorAndThrow (/home/linuxbrew/.linuxbrew/lib/node_modules/appium/node_modules/appium-support/lib/logging.js:79:13)
&amp#27;[35m[AndroidDriver]&amp#27;[39m     at Object.errorAndThrow [as getDeviceInfoFromCaps] (/home/linuxbrew/.linuxbrew/lib/node_modules/appium/node_modules/appium-android-driver/lib/android-helpers.js:259:16)
&amp#27;[35m[AndroidDriver]&amp#27;[39m     at <anonymous>
[debug] &amp#27;[35m[UiAutomator2]&amp#27;[39m Deleting UiAutomator2 session
[debug] &amp#27;[35m[BaseDriver]&amp#27;[39m Event 'newSessionStarted' logged at 1572706409714 (15:53:29 GMT+0100 (CET))
[debug] &amp#27;[35m[W3C]&amp#27;[39m Encountered internal error running command: Error: Unable to find an active device or emulator with OS 10. The following are available: RF8M82EDL8Y (9), 192.168.1.2:5555 (9)
[debug] &amp#27;[35m[W3C]&amp#27;[39m     at Object.wrappedLogger.errorAndThrow (/home/linuxbrew/.linuxbrew/lib/node_modules/appium/node_modules/appium-support/lib/logging.js:79:13)
[debug] &amp#27;[35m[W3C]&amp#27;[39m     at Object.errorAndThrow [as getDeviceInfoFromCaps] (/home/linuxbrew/.linuxbrew/lib/node_modules/appium/node_modules/appium-android-driver/lib/android-helpers.js:259:16)
[debug] &amp#27;[35m[W3C]&amp#27;[39m     at <anonymous>
&amp#27;[35m[Appium]&amp#27;[39m Welcome to Appium v1.15.0
&amp#27;[35m[Appium]&amp#27;[39m Non-default server args:
&amp#27;[35m[Appium]&amp#27;[39m   address: 127.0.0.1
&amp#27;[35m[Appium]&amp#27;[39m   port: 4724
&amp#27;[35m[Appium]&amp#27;[39m   callbackPort: 4724
&amp#27;[35m[Appium]&amp#27;[39m   bootstrapPort: 200
&amp#27;[35m[Appium]&amp#27;[39m   sessionOverride: true
[debug] &amp#27;[35m[ADB]&amp#27;[39m Current device property 'ro.build.version.release': 9
[debug] &amp#27;[35m[ADB]&amp#27;[39m Device API level: 28
&amp#27;[35m[UiAutomator2]&amp#27;[39m Relaxing hidden api policy
[debug] &amp#27;[35m[ADB]&amp#27;[39m Running '/home/amrka/Android/Sdk/platform-tools/adb -P 5037 -s RF8M82EDL8Y shell settings put global hidden_api_policy_pre_p_apps 1'
&amp#27;[35m[HTTP]&amp#27;[39m Could not start REST http interface listener. The requested port may already be in use. Please make sure there is no other instance of this server running already.
Fatal Error: listen EADDRINUSE 127.&amp#27;[30.05m[HTT.1:4P]&amp#27;[39m &amp#27;[37m<-- POST /wd/hub/session &amp#27;[39m&amp#27;[31m500&amp#27;[39m &amp#27;[90m575 ms - 793&amp#27;[39m
&amp#27;[35m[HTTP]&amp#27;[39m &amp#27;[90m&amp#27;[39m
724
    at Server.setupListenHandle [as _listen2] (net.js:1360:14)
    at listenInCluster (net.js:1401:12)
    at doListen (net.js:1510:7)
    at _combinedTickCallback (internal/process/next_tick.js:142:11)
    at process._tickCallback (internal/process/next_tick.js:181:9)
]]></system-out>
  </testcase>
  <testcase name="setUp" classname="Tests.LandingPageTest" time="0.116">
    <failure message="Unable to create a new remote session. Please check the server log for more details. Original error: An unknown server-side error occurred while processing the command. Original error: Unable to find an active device or emulator with OS 10. The following are available: RF8M82EDL8Y (9), 192.168.1.2:5555 (9)&#10;Build info: version: &apos;3.141.59&apos;, revision: &apos;e82be7d358&apos;, time: &apos;2018-11-14T08:17:03&apos;&#10;System info: host: &apos;warrior&apos;, ip: &apos;127.0.1.1&apos;, os.name: &apos;Linux&apos;, os.arch: &apos;amd64&apos;, os.version: &apos;5.0.0-32-generic&apos;, java.version: &apos;1.8.0_221&apos;&#10;Driver info: driver.version: AndroidDriver&#10;remote stacktrace: UnknownError: An unknown server-side error occurred while processing the command. Original error: Unable to find an active device or emulator with OS 10. The following are available: RF8M82EDL8Y (9), 192.168.1.2:5555 (9)&#10;    at getResponseForW3CError (/home/linuxbrew/.linuxbrew/lib/node_modules/appium/node_modules/appium-base-driver/lib/protocol/errors.js:826:9)&#10;    at asyncHandler (/home/linuxbrew/.linuxbrew/lib/node_modules/appium/node_modules/appium-base-driver/lib/protocol/protocol.js:388:37)&#10;    at &lt;anonymous&gt;&#10;Build info: version: &apos;3.141.59&apos;, revision: &apos;e82be7d358&apos;, time: &apos;2018-11-14T08:17:03&apos;&#10;System info: host: &apos;warrior&apos;, ip: &apos;127.0.1.1&apos;, os.name: &apos;Linux&apos;, os.arch: &apos;amd64&apos;, os.version: &apos;5.0.0-32-generic&apos;, java.version: &apos;1.8.0_221&apos;&#10;Driver info: driver.version: AndroidDriver" type="org.openqa.selenium.SessionNotCreatedException"><![CDATA[org.openqa.selenium.SessionNotCreatedException: 
Unable to create a new remote session. Please check the server log for more details. Original error: An unknown server-side error occurred while processing the command. Original error: Unable to find an active device or emulator with OS 10. The following are available: RF8M82EDL8Y (9), 192.168.1.2:5555 (9)
Build info: version: '3.141.59', revision: 'e82be7d358', time: '2018-11-14T08:17:03'
System info: host: 'warrior', ip: '127.0.1.1', os.name: 'Linux', os.arch: 'amd64', os.version: '5.0.0-32-generic', java.version: '1.8.0_221'
Driver info: driver.version: AndroidDriver
remote stacktrace: UnknownError: An unknown server-side error occurred while processing the command. Original error: Unable to find an active device or emulator with OS 10. The following are available: RF8M82EDL8Y (9), 192.168.1.2:5555 (9)
    at getResponseForW3CError (/home/linuxbrew/.linuxbrew/lib/node_modules/appium/node_modules/appium-base-driver/lib/protocol/errors.js:826:9)
    at asyncHandler (/home/linuxbrew/.linuxbrew/lib/node_modules/appium/node_modules/appium-base-driver/lib/protocol/protocol.js:388:37)
    at <anonymous>
Build info: version: '3.141.59', revision: 'e82be7d358', time: '2018-11-14T08:17:03'
System info: host: 'warrior', ip: '127.0.1.1', os.name: 'Linux', os.arch: 'amd64', os.version: '5.0.0-32-generic', java.version: '1.8.0_221'
Driver info: driver.version: AndroidDriver
Caused by: java.lang.reflect.InvocationTargetException
Caused by: org.openqa.selenium.WebDriverException: 
An unknown server-side error occurred while processing the command. Original error: Unable to find an active device or emulator with OS 10. The following are available: RF8M82EDL8Y (9), 192.168.1.2:5555 (9)
Build info: version: '3.141.59', revision: 'e82be7d358', time: '2018-11-14T08:17:03'
System info: host: 'warrior', ip: '127.0.1.1', os.name: 'Linux', os.arch: 'amd64', os.version: '5.0.0-32-generic', java.version: '1.8.0_221'
Driver info: driver.version: AndroidDriver
remote stacktrace: UnknownError: An unknown server-side error occurred while processing the command. Original error: Unable to find an active device or emulator with OS 10. The following are available: RF8M82EDL8Y (9), 192.168.1.2:5555 (9)
    at getResponseForW3CError (/home/linuxbrew/.linuxbrew/lib/node_modules/appium/node_modules/appium-base-driver/lib/protocol/errors.js:826:9)
    at asyncHandler (/home/linuxbrew/.linuxbrew/lib/node_modules/appium/node_modules/appium-base-driver/lib/protocol/protocol.js:388:37)
    at <anonymous>
]]></failure>
    <system-out><![CDATA[Driver Is Initiated
&amp#27;[35m[HTTP]&amp#27;[39m &amp#27;[37m-->&amp#27;[39m &amp#27;[37mGET&amp#27;[39m &amp#27;[37m/wd/hub/status&amp#27;[39m
&amp#27;[35m[HTTP]&amp#27;[39m &amp#27;[90m{}&amp#27;[39m
[debug] &amp#27;[35m[GENERIC]&amp#27;[39m Calling AppiumDriver.getStatus() with args: []
[debug] &amp#27;[35m[GENERIC]&amp#27;[39m Responding to client with driver.getStatus() result: {"build":{"version":"1.15.0"}}
&amp#27;[35m[HTTP]&amp#27;[39m &amp#27;[37m<-- GET /wd/hub/status &amp#27;[39m&amp#27;[32m200&amp#27;[39m &amp#27;[90m1 ms - 68&amp#27;[39m
&amp#27;[35m[HTTP]&amp#27;[39m &amp#27;[90m&amp#27;[39m
&amp#27;[35m[HTTP]&amp#27;[39m &amp#27;[37m-->&amp#27;[39m &amp#27;[37mPOST&amp#27;[39m &amp#27;[37m/wd/hub/session&amp#27;[39m
&amp#27;[35m[HTTP]&amp#27;[39m &amp#27;[90m{"desiredCapabilities":{"appPackage":"com.sarajevo.food.dictionary","clearSystemFiles":true,"deviceId":"192.168.1.2:5556","deviceName":"Pixel","appActivity":"com.sfdmobile.MainActivity","appium:unlockKey":"@MR0122882435aba","platformVersion":"10","appium:unlockType":"password","automationName":"uiAutomator2","autoGrantPermissions":"true","platformName":"Android","appium:uiautomator2ServerInstallTimeout":8000,"systemPort":"8201"},"capabilities":{"firstMatch":[{"appium:appActivity":"com.sfdm[debug] &amp#27;[35m[obile.MainActivity","appium:appPackage":"com.sarajevo.food.dictionary","appium:uiautomator2ServerInstallTimeout":8000,"appium:unlockKey":"@MR0122882435aba","appium:unlockType":"password","appium:autoGrantPermissions":"true","appium:automationName":"uiAutomator2","appium:clearSystemFiles":true,"deviceId":"192.168.1.2:5556","appium:deviceName":"Pixel","platformName":"android","appium:platformVersion":"10","appium:systemPort":"8201"}]}}&amp#27;[39m
[debug] &amp#27;[35m[W3C]&amp#27;[39m Calling AppiumDriver.createSession() with args: [{"appPackage":"com.sarajevo.food.dictionary","clearSystemFiles":true,"deviceId":"192.168.1.2:5556","deviceName":"Pixel","appActivity":"com.sfdmobile.MainActivity","appium:unlockKey":"@MR0122882435aba","platformVersion":"10","appium:unlockType":"password","automationName":"uiAutomator2","autoGrantPermissions":"true","platformName":"Android","appium:uiautomator2ServerInstallTimeout":8000,"systemPort":"8201"},null,{"firstMatch":[{"appium:appActivity":"com.sfdmobile.MainActivity","appium:appPADacB]kag&amp#27;[e":39"cmom.sarajevo.food.dictionary","appium:uiautomator2ServerInstallTimeout":8000,"appium:unlockKey":"@MR0122882435aba","appiu Runm:uning '/home/amrka/Android/Sdk/platform-tools/adb -P 5037 -s RF8M82EDL8Y shell settings put global hidden_api_policy_p_apps 1'
nlockType":"password","appium:autoGrantPermissions":"true","appium:automationName":"uiAutomator2","appium:clearSystemFiles":true,"deviceId":"192.168.1.2:5556","appium:deviceName":"Pixel","platformName":"android","appium:platformVersion":"10","appium:systemPort":"8201"}]}]
[debug] &amp#27;[35m[BaseDriver]&amp#27;[39m Event 'newSessionRequested' logged at 1572706409775 (15:53:29 GMT+0100 (CET))
&amp#27;[35m[BaseDriver]&amp#27;[39m The capabilities ["deviceId"] are not standard capabilities and should have an extension prefix
&amp#27;[35m[Appium]&amp#27;[39m Appium v1.15.0 creating new AndroidUiautomator2Driver (v1.37.1) session
[debug] &amp#27;[35m[BaseDriver]&amp#27;[39m W3C capabilities and MJSONWP desired capabilities were provided
[debug] &amp#27;[35m[BaseDriver]&amp#27;[39m Creating session with W3C capabilities: {
[debug] &amp#27;[35m[BaseDriver]&amp#27;[39m   "alwaysMatch": {
[debug] &amp#27;[35m[BaseDriver]&amp#27;[39m     "appium:deviceId": "192.168.1.2:5556",
[debug] &amp#27;[35m[BaseDriver]&amp#27;[39m     "platformName": "android",
[debug] &amp#27;[35m[BaseDriver]&amp#27;[39m     "appium:appActivity": "com.sfdmobile.MainActivity",
[debug] &amp#27;[35m[BaseDriver]&amp#27;[39m     "appium:appPackage": "com.sarajevo.food.dictionary",
[debug] &amp#27;[35m[BaseDriver]&amp#27;[39m     "appium:uiautomator2ServerInstallTimeout": 8000,
[debug] &amp#27;[35m[BaseDriver]&amp#27;[39m     "appium:unlockKey": "@MR0122882435aba",
[debug] &amp#27;[35m[BaseDriver]&amp#27;[39m     "appium:unlockType": "password",
[debug] &amp#27;[35m[BaseDriver]&amp#27;[39m     "appium:autoGrantPermissions": "true",
[debug] &amp#27;[35m[BaseDriver]&amp#27;[39m     "appium:automationName": "uiAutomator2",
[debug] &amp#27;[35m[BaseDriver]&amp#27;[39m     "appium:clearSystemFiles": true,
[debug] &amp#27;[35m[BaseDriver]&amp#27;[39m     "appium:deviceName": "Pixel",
[debug] &amp#27;[35m[BaseDriver]&amp#27;[39m     "appium:platformVersion": "10",
[debug] &amp#27;[35m[BaseDriver]&amp#27;[39m     "appium:systemPort": "8201"
[debug] &amp#27;[35m[BaseDriver]&amp#27;[39m   },
[debug] &amp#27;[35m[BaseDriver]&amp#27;[39m   "firstMatch": [
[debug] &amp#27;[35m[BaseDriver]&amp#27;[39m     {}
[debug] &amp#27;[35m[BaseDriver]&amp#27;[39m   ]
[debug] &amp#27;[35m[BaseDriver]&amp#27;[39m }
&amp#27;[35m[BaseDriver]&amp#27;[39m Number capability passed in as string. Functionality may be compromised.
&amp#27;[35m[BaseDriver]&amp#27;[39m Capability 'autoGrantPermissions' changed from string to boolean. This may cause unexpected behavior
&amp#27;[35m[BaseDriver]&amp#27;[39m Capability 'systemPort' changed from string ('8201') to integer (8201). This may cause unexpected behavior
&amp#27;[35m[BaseDriver]&amp#27;[39m The following capabilities were provided, but are not recognized by Appium:
&amp#27;[35m[BaseDriver]&amp#27;[39m   deviceId
&amp#27;[35m[BaseDriver]&amp#27;[39m Session created with session id: f6db405d-d693-481b-8407-03c23fcd5886
&amp#27;[35m[UiAutomator2]&amp#27;[39m Starting 'com.sarajevo.food.dictionary' directly on the device
&amp#27;[35m[ADB]&amp#27;[39m Using 'adb' from '/home/amrka/Android/Sdk/platform-tools/adb'
&amp#27;[35m[AndroidDriver]&amp#27;[39m Retrieving device list
[debug] &amp#27;[35m[ADB]&amp#27;[39m Trying to find a connected android device
[debug] &amp#27;[35m[ADB]&amp#27;[39m Getting connected devices...
[debug] &amp#27;[35m[ADB]&amp#27;[39m Connected devices: [{"udid":"RF8M82EDL8Y","state":"device"},{"udid":"192.168.1.2:5555","state":"device"}]
&amp#27;[35m[AndroidDriver]&amp#27;[39m Looking for a device with Android '10'
[debug] &amp#27;[35m[ADB]&amp#27;[39m Setting device id to RF8M82EDL8Y
&amp#27;[35m[ADB]&amp#27;[39m Getting device platform version
[debug] &amp#27;[35m[ADB]&amp#27;[39m Running '/home/amrka/Android/Sdk/platform-tools/adb -P 5037 -s RF8M82EDL8Y shell getprop ro.build.version.release'
[debug] &amp#27;[35m[ADB]&amp#27;[39m Current device property 'ro.build.version.release': 9
[debug] &amp#27;[35m[ADB]&amp#27;[39m Setting device id to 192.168.1.2:5555
&amp#27;[35m[ADB]&amp#27;[39m Getting device platform version
[debug] &amp#27;[35m[ADB]&amp#27;[39m Running '/home/amrka/Android/Sdk/platform-tools/adb -P 5037 -s 192.168.1.2\:5555 shell getprop ro.build.version.release'
[debug] &amp#27;[35m[ADB]&amp#27;[39m Running '/home/amrka/Android/Sdk/platform-tools/adb -P 5037 -s RF8M82EDL8Y shell settings put global hidden_api_policy 1'
[debug] &amp#27;[35m[ADB]&amp#27;[39m Current device property 'ro.build.version.release': 9
&amp#27;[35m[AndroidDriver]&amp#27;[39m Error: Unable to find an active device or emulator with OS 10. The following are available: RF8M82EDL8Y (9), 192.168.1.2:5555 (9)
&amp#27;[35m[AndroidDriver]&amp#27;[39m     at Object.wrappedLogger.errorAndThrow (/home/linuxbrew/.linuxbrew/lib/node_modules/appium/node_modules/appium-support/lib/logging.js:79:13)
&amp#27;[35m[AndroidDriver]&amp#27;[39m     at Object.err[debug] orAn&amp#27;d[35Throw [as getDeviceInfoFromCaps] (/home/linuxbrew/.lim[nUiAuutoxmabtorr2e]&amp#27;[w39/m lDeilebti/ng UiAutonomadtoer2_ semssoiodn
ules/ap[dpebiugu] m&amp#27;[/35nm[oBadseeDr_ivemr]o&amp#27;[d39um lEveents 'n/ewaSespsiponiSumta-andrrtoied'd-dri lverogged/lib a/ant 15d72roid70-helpers.64j09s86:257 9:16(1)
&amp#27;[35m5:[53AndroidDr:2iver9 ]G&amp#27;MT[+039m   10 0 (C aETt <a))nonymous>

[debug] &amp#27;[35m[W3C]&amp#27;[39m Encountered internal error running command: Error: Unable to find an active device or emulator with OS 10. The following are available: RF8M82EDL8Y (9), 192.168.1.2:5555 (9)
[debug] &amp#27;[35m[W3C]&amp#27;[39m     at Object.wrappedLogger.errorAndThrow (/home/linuxbrew/.linuxbrew/lib/node_modules/appium/node_modules/appium-support/lib/logging.js:79:13)
[debug] &amp#27;[35m[W3C]&amp#27;[39m     at Object.errorAndThrow [as getDeviceInfoFromCaps] (/home/linuxbrew/.linuxbrew/lib/node_modules/appium/node_modules/appium-android-driver/lib/android-helpers.js:259:16)
[debug] &amp#27;[35m[W3C]&amp#27;[39m     at <anonymous>
&amp#27;[35m[HTTP]&amp#27;[39m &amp#27;[37m<-- POST /wd/hub/session &amp#27;[39m&amp#27;[31m500&amp#27;[39m &amp#27;[90m94 ms - 793&amp#27;[39m
&amp#27;[35m[HTTP]&amp#27;[39m &amp#27;[90m&amp#27;[39m
]]></system-out>
  </testcase>
  <testcase name="Verify_user_can_use_tourist_mode" classname="Tests.LandingPageTest" time="0">
    <skipped message="Connection refused (Connection refused)&#10;Build info: version: &apos;3.141.59&apos;, revision: &apos;e82be7d358&apos;, time: &apos;2018-11-14T08:17:03&apos;&#10;System info: host: &apos;warrior&apos;, ip: &apos;127.0.1.1&apos;, os.name: &apos;Linux&apos;, os.arch: &apos;amd64&apos;, os.version: &apos;5.0.0-32-generic&apos;, java.version: &apos;1.8.0_221&apos;&#10;Driver info: driver.version: AndroidDriver"/>
    <system-out><![CDATA[I am in onTestStart method Verify_user_can_use_tourist_mode start
I am in onTestSkipped method Verify_user_can_use_tourist_mode skipped
]]></system-out>
  </testcase>
  <testcase name="Verify_user_can_use_tourist_mode" classname="Tests.LandingPageTest" time="12.354"/>
  <testcase name="Verify_user_can_use_local_mode" classname="Tests.LandingPageTest" time="0">
    <skipped message="Connection refused (Connection refused)&#10;Build info: version: &apos;3.141.59&apos;, revision: &apos;e82be7d358&apos;, time: &apos;2018-11-14T08:17:03&apos;&#10;System info: host: &apos;warrior&apos;, ip: &apos;127.0.1.1&apos;, os.name: &apos;Linux&apos;, os.arch: &apos;amd64&apos;, os.version: &apos;5.0.0-32-generic&apos;, java.version: &apos;1.8.0_221&apos;&#10;Driver info: driver.version: AndroidDriver"/>
    <system-out><![CDATA[I am in onTestStart method Verify_user_can_use_local_mode start
I am in onTestSkipped method Verify_user_can_use_local_mode skipped
]]></system-out>
  </testcase>
  <testcase name="Verify_user_can_use_local_mode" classname="Tests.LandingPageTest" time="13.891"/>
  <testcase name="Verify_Places_near_by_is_displayed" classname="Tests.LandingPageTest" time="0">
    <skipped message="Connection refused (Connection refused)&#10;Build info: version: &apos;3.141.59&apos;, revision: &apos;e82be7d358&apos;, time: &apos;2018-11-14T08:17:03&apos;&#10;System info: host: &apos;warrior&apos;, ip: &apos;127.0.1.1&apos;, os.name: &apos;Linux&apos;, os.arch: &apos;amd64&apos;, os.version: &apos;5.0.0-32-generic&apos;, java.version: &apos;1.8.0_221&apos;&#10;Driver info: driver.version: AndroidDriver"/>
    <system-out><![CDATA[I am in onTestStart method Verify_Places_near_by_is_displayed start
I am in onTestSkipped method Verify_Places_near_by_is_displayed skipped
]]></system-out>
  </testcase>
  <testcase name="Verify_Places_near_by_is_displayed" classname="Tests.LandingPageTest" time="5.663"/>
</testsuite>