<?xml version="1.0" encoding="UTF-8"?>
<testsuite xmlns:xsi="http://www.w3.org/2001/XMLSchema-instance" xsi:noNamespaceSchemaLocation="https://maven.apache.org/surefire/maven-surefire-plugin/xsd/surefire-test-report-3.0.xsd" version="3.0" name="TestSuite" time="67.466" tests="3" errors="0" skipped="0" failures="1">
  <properties>
[...]
</properties>
  <testcase name="Verify_user_can_use_tourist_mode" classname="Tests.LandingPageTest" time="4.161">
    <failure message="org.openqa.selenium.WebDriverException: An unknown server-side error occurred while processing the command. Original error: Error in building: Ill-formed XML document (missing opening tag for android.widget.ImageView). Try changing the &apos;normalizeTagNames&apos; driver setting to &apos;true&apos; in order to workaround the problem.&#10;Build info: version: &apos;3.141.59&apos;, revision: &apos;e82be7d358&apos;, time: &apos;2018-11-14T08:17:03&apos;&#10;System info: host: &apos;warrior&apos;, ip: &apos;127.0.1.1&apos;, os.name: &apos;Linux&apos;, os.arch: &apos;amd64&apos;, os.version: &apos;5.0.0-31-generic&apos;, java.version: &apos;1.8.0_221&apos;&#10;Driver info: io.appium.java_client.android.AndroidDriver&#10;Capabilities {appActivity: com.sfdmobile.MainActivity, appPackage: com.sarajevo.food.dictionary, autoGrantPermissions: true, automationName: uiAutomator2, avd: Pixel, clearSystemFiles: true, databaseEnabled: false, desired: {appActivity: com.sfdmobile.MainActivity, appPackage: com.sarajevo.food.dictionary, autoGrantPermissions: true, automationName: uiAutomator2, avd: Pixel, clearSystemFiles: true, deviceName: Pixel, platformName: android, platformVersion: 10, udid: emulator-5556, uiautomator2ServerInstallTimeout: 8000, unlockKey: 0122882435abA, unlockType: password}, deviceApiLevel: 29, deviceManufacturer: Google, deviceModel: Android SDK built for x86, deviceName: emulator-5556, deviceScreenDensity: 560, deviceScreenSize: 1440x2560, deviceUDID: emulator-5556, javascriptEnabled: true, locationContextEnabled: false, networkConnectionEnabled: true, pixelRatio: 3.5, platform: LINUX, platformName: Android, platformVersion: 10, statBarHeight: 84, takesScreenshot: true, udid: emulator-5556, uiautomator2ServerInstallTimeout: 8000, unlockKey: 0122882435abA, unlockType: password, viewportRect: {height: 2308, left: 0, top: 84, width: 1440}, warnings: {}, webStorageEnabled: false}&#10;Session ID: 94bae10f-5d74-494f-a400-777ee1f29d70&#10;*** Element info: {Using=xpath, value=//android.widget.TextView[contains(@text, &apos;Next&apos;)]}" type="org.openqa.selenium.WebDriverException">org.openqa.selenium.WebDriverException: 
org.openqa.selenium.WebDriverException: An unknown server-side error occurred while processing the command. Original error: Error in building: Ill-formed XML document (missing opening tag for android.widget.ImageView). Try changing the 'normalizeTagNames' driver setting to 'true' in order to workaround the problem.
Build info: version: '3.141.59', revision: 'e82be7d358', time: '2018-11-14T08:17:03'
System info: host: 'warrior', ip: '127.0.1.1', os.name: 'Linux', os.arch: 'amd64', os.version: '5.0.0-31-generic', java.version: '1.8.0_221'
Driver info: io.appium.java_client.android.AndroidDriver
Capabilities {appActivity: com.sfdmobile.MainActivity, appPackage: com.sarajevo.food.dictionary, autoGrantPermissions: true, automationName: uiAutomator2, avd: Pixel, clearSystemFiles: true, databaseEnabled: false, desired: {appActivity: com.sfdmobile.MainActivity, appPackage: com.sarajevo.food.dictionary, autoGrantPermissions: true, automationName: uiAutomator2, avd: Pixel, clearSystemFiles: true, deviceName: Pixel, platformName: android, platformVersion: 10, udid: emulator-5556, uiautomator2ServerInstallTimeout: 8000, unlockKey: 0122882435abA, unlockType: password}, deviceApiLevel: 29, deviceManufacturer: Google, deviceModel: Android SDK built for x86, deviceName: emulator-5556, deviceScreenDensity: 560, deviceScreenSize: 1440x2560, deviceUDID: emulator-5556, javascriptEnabled: true, locationContextEnabled: false, networkConnectionEnabled: true, pixelRatio: 3.5, platform: LINUX, platformName: Android, platformVersion: 10, statBarHeight: 84, takesScreenshot: true, udid: emulator-5556, uiautomator2ServerInstallTimeout: 8000, unlockKey: 0122882435abA, unlockType: password, viewportRect: {height: 2308, left: 0, top: 84, width: 1440}, warnings: {}, webStorageEnabled: false}
Session ID: 94bae10f-5d74-494f-a400-777ee1f29d70
*** Element info: {Using=xpath, value=//android.widget.TextView[contains(@text, 'Next')]}
	at Tests.LandingPageTest.Verify_user_can_use_tourist_mode(LandingPageTest.java:28)
Caused by: org.openqa.selenium.WebDriverException: 
An unknown server-side error occurred while processing the command. Original error: Error in building: Ill-formed XML document (missing opening tag for android.widget.ImageView). Try changing the 'normalizeTagNames' driver setting to 'true' in order to workaround the problem.
Build info: version: '3.141.59', revision: 'e82be7d358', time: '2018-11-14T08:17:03'
System info: host: 'warrior', ip: '127.0.1.1', os.name: 'Linux', os.arch: 'amd64', os.version: '5.0.0-31-generic', java.version: '1.8.0_221'
Driver info: io.appium.java_client.android.AndroidDriver
Capabilities {appActivity: com.sfdmobile.MainActivity, appPackage: com.sarajevo.food.dictionary, autoGrantPermissions: true, automationName: uiAutomator2, avd: Pixel, clearSystemFiles: true, databaseEnabled: false, desired: {appActivity: com.sfdmobile.MainActivity, appPackage: com.sarajevo.food.dictionary, autoGrantPermissions: true, automationName: uiAutomator2, avd: Pixel, clearSystemFiles: true, deviceName: Pixel, platformName: android, platformVersion: 10, udid: emulator-5556, uiautomator2ServerInstallTimeout: 8000, unlockKey: 0122882435abA, unlockType: password}, deviceApiLevel: 29, deviceManufacturer: Google, deviceModel: Android SDK built for x86, deviceName: emulator-5556, deviceScreenDensity: 560, deviceScreenSize: 1440x2560, deviceUDID: emulator-5556, javascriptEnabled: true, locationContextEnabled: false, networkConnectionEnabled: true, pixelRatio: 3.5, platform: LINUX, platformName: Android, platformVersion: 10, statBarHeight: 84, takesScreenshot: true, udid: emulator-5556, uiautomator2ServerInstallTimeout: 8000, unlockKey: 0122882435abA, unlockType: password, viewportRect: {height: 2308, left: 0, top: 84, width: 1440}, warnings: {}, webStorageEnabled: false}
Session ID: 94bae10f-5d74-494f-a400-777ee1f29d70
*** Element info: {Using=xpath, value=//android.widget.TextView[contains(@text, 'Next')]}
	at Tests.LandingPageTest.Verify_user_can_use_tourist_mode(LandingPageTest.java:28)
</failure>
    <system-out><![CDATA[I am in onStart method Pixel
I am in onStart method Nexus
I am in onStart method Nexus
Driver Is Initiated
Driver Is Initiated
&amp#27;[35m[Appium]&amp#27;[39m Welcome to Appium v1.15.0
&amp#27;[35m[Appium]&amp#27;[39m Non-default server args:
&amp#27;[35m[Appium]&amp#27;[39m   address: 127.0.0.1
&amp#27;[35m[Appium]&amp#27;[39m   port: 4724
&amp#27;[35m[Appium]&amp#27;[39m   callbackPort: 4724
&amp#27;[35m[Appium]&amp#27;[39m   sessionOverride: true
&amp#27;[35m[Appium]&amp#27;[39m Welcome to Appium v1.15.0
&amp#27;[35m[Appium]&amp#27;[39m Non-default server args:
&amp#27;[35m[Appium]&amp#27;[39m   address: 127.0.0.1
&amp#27;[35m[Appium]&amp#27;[39m   callbackPort: 4723
&amp#27;[35m[Appium]&amp#27;[39m   sessionOverride: true
&amp#27;[35m[Appium]&amp#27;[39m Appium REST http interface listener started on 127.0.0.1:4724
&amp#27;[35m[Appium]&amp#27;[39m Appium REST http interface listener started on 127.0.0.1:4723
&amp#27;[35m[HTTP]&amp#27;[39m &amp#27;[37m-->&amp#27;[39m &amp#27;[37mGET&amp#27;[39m &amp#27;[37m/wd/hub/status&amp#27;[39m
&amp#27;[35m&amp#27;[[35m[HHTTTTPP]]&amp#27;[&amp#27;[39m &amp#27;39m[90m &amp#27;[37{}&amp#27;m-[3->9m
&amp#27;[39m &amp#27;[37mGET&amp#27;[39m &amp#27;[37m/wd/hub/status&amp#27;[39m
&amp#27;[35m[HTTP]&amp#27;[39m &amp#27;[90m{}&amp#27;[39m
[debug] &amp#27;[35m[GENERIC]&amp#27;[39m Calling AppiumDriver.getStatus() with [darebugs:g] [ &amp#27;[]
35m[GENERIC]&amp#27;[39m Calling AppiumDriver.getStatus() with args: []
[debug[]d e&amp#27;b[u3g5]m [&amp#27;G[E3N5EmR[IGCE]N&amp#27;E[R3I9Cm] &amp#27;R[e3s9m Repospndingon dtiong  tclio clienent tw iwthi dtrhiv erdri.gevetSr.tagetutSs(ta) tusres() resuultl: t:{" bu{il"d"b:{u"vierlsd":io{"vn"ers:"1ion.15":".0"1.1}}
5.0"}}
&amp#27;[35m[HTTP]&amp#27;[39m &amp#27;[37m<-- GET /wd/hub/status &amp#27;[39m&amp#27;[32m200&amp#27;[39m &amp#27;[90m7 ms - 68&amp#27;[39m
&amp#27;[35m[HTTP]&amp#27;[39m &amp#27;[90m&amp#27;[39m
&amp#27;[35m[HTTP]&amp#27;[39m &amp#27;[37m<-- GET /wd/hub/status &amp#27;[39m&amp#27;[32m200&amp#27;[39m &amp#27;[90m7 ms - 68&amp#27;[39m
&amp#27;[35m[HTTP]&amp#27;[39m &amp#27;[90m&amp#27;[39m
&amp#27;[35m[HTTP]&amp#27;[39m &amp#27;[37m-->&amp#27;[39m &amp#27;[37mPOST&amp#27;[39m &amp#27;[37m/wd/hub/session&amp#27;[39m
&amp#27;[35m[HTTP]&amp#27;[39m &amp#27;[90m{"desiredCapabilities":{"appPackage":"com.sarajevo.food.dictionary","clearSystemFiles":true,"deviceName":"Nexus","avd":"Nexus","appActivity":"com.sfdmobile.MainActivity","appium:unlockKey":"0122882435abA","platformVersion":"10","appium:unlockType":"password","automationName":"uiAutomator2","autoGrantPermissions":"true","platformName":"Android","udid":"emulator-5554","appium:uiautomator2ServerInstallTimeout":8000},"capabilities":{"firstMatch":[{"appium:appActivity":"com.sfdmobile.MainActivity","appium:appPackage":"com.sarajevo.food.dictionary","appium:uiautomator2ServerInstallTimeout":8000,"appium:unlockKey":"0122882435abA","appium:unlockType":"password","appium:autoGrantPermissions":"true","appium:automationName":"uiAutomator2","appium:avd":"Nexus","appium:clearSystemFiles":true,"appium:deviceName":"Nexus","platformName":"android","appium:platformVersion":"10","appium:udid":"emulator-5554"}]}}&amp#27;[39m
[&amp#27;d[eb35m[HTTP]&amp#27;[39m &amp#27;[37m-->&amp#27;[39m &amp#27;[37mPOST&amp#27;[39m &amp#27;[37m/wd/hub/session&amp#27;[39m
ug] &amp#27;[35m[W3C]&amp#27;[39m Calling AppiumDriver.createSession() with args: [{"appPackage":"com.sarajevo.food.dictionary","clearSystemFiles":true,"deviceName":"Nexus","avd":"Nexus","appActivity":"com.sfdmobile.MainActivity","appium:unlockKey":"0122882435abA","platformVersion":"10","appium:unlockType":"password","automationName":"uiAutomator2","autoGrantPermissions":"true","platformName":"Android","udid":"emulator-5554","appium:uiautomator2ServerInstallTimeout":8000},null,{"firstMatch":[{"appium:appActivity":"com.sfdmobile.MainActivity&amp#27;"[,3"5amp[pHiTuTmP:]a&amp#27;p[p3P9amc k&amp#27;a[g9e0"m{":d"ecsoimr.esdaCraapjaebviol.iftoioeds."d:i{c"taipopnPaarcyk"a,g"ea"p:p"icuomm:.sarajeuivaou.tfoomoadt.odri2cSteiroverInstallTimeout":8000,"appium:unlockKey":"0122882435abA","appium:unlockType":"password","appium:autoGrantPermissions":"true","appium:automationName":"uiAutomator2","appium:avd":"Nexus","appium:clearSystemFiles":true,"appium:deviceName":"Nexus","platformName":"android","appium:platformVersion":"10","appium:udid":"emulator-5554"}]}]
nary","clearSystemFiles":true,"deviceName":"Pixel","avd":"Pixel","appActivity":"[debug] &amp#27;[35m[BaseDriver]&amp#27;[39m Event 'newSessionRequested' logged at 1571526859947 (01:14:19 GMT+0200 (Central European Summer Time))
com.sfdmobile.MainActivity","appium:unlockKey":"0122882435abA","platformVersion":"10","appium:unlockType":"password","automationName":"uiAutomator2","autoGrantPermissions":"true","platformName":"Android","udid":"emulator-5556","appium:uiautomator2ServerInstallTimeout":8000},"capabilities":{"firstMatch":[{"appium:appActivity":"com.sfdmobile.MainActivity","appium:appPackage":"com.sarajevo.food.dictionary","appium:uiautomator2ServerInstallTimeout":8000,"appium:unlockKey":"0122882435abA","appium:unlockType":"password","appium:autoGrantPermissions":"true","appium:automationName":"uiAutomator2","appium:avd":"Pixel","appium:clearSystemFiles":true,"appium:deviceName":"Pixel","platformName":"android","appium:platformVersion":"10","appium:udid":"emulator-5556"}]}}&amp#27;[39m
[debug] &amp#27;[35m[W3C]&amp#27;[39m Calling AppiumDriver.createSession() with args: [{"appPackage":"com.sarajevo.food.dictionary","clearSystemFiles":true,"deviceName":"Pixel","avd":"Pixel","appActivity":"com.sfdmobile.MainActivity","appium:unlockKey":"0122882435abA","platformVersion":"10","appium:unlockType":"password","automationName":"uiAutomator2","autoGrantPermissions":"true","platformName":"Android","udid":"emulator-5556","appium:uiautomator2ServerInstallTimeout":8000},null,{"firstMatch":[{"appium:appActivity":"com.sfdmobile.MainActivity","appium:appPackage":"com.sarajevo.food.dictionary","appium:uiautomator2ServerInstallTimeout":8000,"appium:unlockKey":"0122882435abA","appium:unlockType":"password","appium:autoGrantPermissions":"true","appium:automationName":"uiAutomator2","appium:avd":"Pixel","appium:clearSystemFiles":true,"appium:deviceName":"Pixel","platformName":"android","appium:platformVersion":"10","appium:udid":"emulator-5556"}]}]
[debug] &amp#27;[35m[BaseDriver]&amp#27;[39m Event 'newSessionRequested' logged at 1571526859948 (01:14:19 GMT+0200 (Central European Summer Time))
&amp#27;[35m[Appium]&amp#27;[39m Appium v1.15.0 creating new AndroidUiautomator2Driver (v1.37.1) session
[debug] &amp#27;[35m[BaseDriver]&amp#27;[39m W3C capabilities and MJSONWP desired capabilities were provided
[debug] &amp#27;[35m[BaseDriver]&amp#27;[39m Creating session with W3C capabilities: {
[debug] &amp#27;[35m[BaseDriver]&amp#27;[39m   "alwaysMatch": {
[debug] &amp#27;[35m[BaseDriver]&amp#27;[39m     "platformName": "android",
[debug] &amp#27;[35m[BaseDriver]&amp#27;[39m     "appium:appActivity": "com.sfdmobile.MainActivity",
[debug] &amp#27;[35m[BaseDriver]&amp#27;[39m     "appium:appPackage": "com.sarajevo.food.dictionary",
[debug] &amp#27;[35m[BaseDriver]&amp#27;[39m     "appium:uiautomator2ServerInstallTimeout": 8000,
[debug] &amp#27;[35m[BaseDriver]&amp#27;[39m     "appium:unlockKey": "0122882435abA",
[debug] &amp#27;[35m[BaseDriver]&amp#27;[39m     "appium:unlockType": "password",
[debug] &amp#27;[35m[BaseDriver]&amp#27;[39m     "appium:autoGrantPermissions": "true",
[debug] &amp#27;[35m[BaseDriver]&amp#27;[39m     "appium:automationName": "uiAutomator2",
[debug] &amp#27;[35m[BaseDriver]&amp#27;[39m     "appium:avd": "Pixel",
[debug] &amp#27;[35m[BaseDriver]&amp#27;[39m     "appium:clearSystemFiles": true,
[debug] &amp#27;[35m[BaseDriver]&amp#27;[39m     "appium:deviceName": "Pixel",
[debug] &amp#27;[35m[BaseDriver]&amp#27;[39m     "appium:platformVersion": "10",
[debug] &amp#27;[35m[BaseDriver]&amp#27;[39m     "appium:udid": "emulator-5556"
[debug] &amp#27;[35m[BaseDriver]&amp#27;[39m   },
[debug] &amp#27;[35m[BaseDriver]&amp#27;[39m   "firstMatch": [
[debug] &amp#27;[35m[BaseDriver]&amp#27;[39m     {}
[debug] &amp#27;[35m[BaseDriver]&amp#27;[39m   ]
[debug] &amp#27;[35m[BaseDriver]&amp#27;[39m }
&amp#27;[35m[BaseDriver]&amp#27;[39m Capability 'autoGrantPermissions' changed from string to boolean. This may cause unexpected behavior
&amp#27;[35m[BaseDriver]&amp#27;[39m Session created with session id: 94bae10f-5d74-494f-a400-777ee1f29d70
&amp#27;[35m[UiAutomator2]&amp#27;[39m Starting 'com.sarajevo.food.dictionary' directly on the device
&amp#27;[35m[Appium]&amp#27;[39m Appium v1.15.0 creating new AndroidUiautomator2Driver (v1.37.1) session
[debug] &amp#27;[35m[BaseDriver]&amp#27;[39m W3C capabilities and MJSONWP desired capabilities were provided
[debug] &amp#27;[35m[BaseDriver]&amp#27;[39m Creating session with W3C capabilities: {
[debug] &amp#27;[35m[BaseDriver]&amp#27;[39m   "alwaysMatch": {
[debug] &amp#27;[35m[BaseDriver]&amp#27;[39m     "platformName": "android",
[debug] &amp#27;[35m[BaseDriver]&amp#27;[39m     "appium:appActivity": "com.sfdmobile.MainActivity",
[debug] &amp#27;[35m[BaseDriver]&amp#27;[39m     "appium:appPackage": "com.sarajevo.food.dictionary",
[debug] &amp#27;[35m[BaseDriver]&amp#27;[39m     "appium:uiautomator2ServerInstallTimeout": 8000,
[debug] &amp#27;[35m[BaseDriver]&amp#27;[39m     "appium:unlockKey": "0122882435abA",
[debug] &amp#27;[35m[BaseDriver]&amp#27;[39m     "appium:unlockType": "password",
[debug] &amp#27;[35m[BaseDriver]&amp#27;[39m     "appium:autoGrantPermissions": "true",
[debug] &amp#27;[35m[BaseDriver]&amp#27;[39m     "appium:automationName": "uiAutomator2",
[debug] &amp#27;[35m[BaseDriver]&amp#27;[39m     "appium:avd": "Nexus",
[debug] &amp#27;[35m[BaseDriver]&amp#27;[39m     "appium:clearSystemFiles": true,
[debug] &amp#27;[35m[BaseDriver]&amp#27;[39m     "appium:deviceName": "Nexus",
[debug] &amp#27;[35m[BaseDriver]&amp#27;[39m     "appium:platformVersion": "10",
[debug] &amp#27;[35m[BaseDriver]&amp#27;[39m     "appium:udid": "emulator-5554"
[debug] &amp#27;[35m[BaseDriver]&amp#27;[39m   },
[debug] &amp#27;[35m[BaseDriver]&amp#27;[39m   "firstMatch": [
[debug] &amp#27;[35m[BaseDriver]&amp#27;[39m     {}
[debug] &amp#27;[35m[BaseDriver]&amp#27;[39m   ]
[debug] &amp#27;[35m[BaseDriver]&amp#27;[39m }
&amp#27;[35m[BaseDriver]&amp#27;[39m Capability 'autoGrantPermissions' changed from string to boolean. This may cause unexpected behavior
&amp#27;[35m[BaseDriver]&amp#27;[39m Session created with session id: f2d942e6-800b-4d9f-a146-326bb745f6f0
&amp#27;&amp#27;[35m[U[35m[ADB]iAu&amp#27;to[39mma Found 1 'buitor2]ld&amp#27;[39-tools' m Starfoldeting 'com.sarajevo.food.dictionary' directly rs under '/homon the devicee/
amrka/Android/Sdk' (newest first):
&amp#27;[35m[ADB]&amp#27;[39m     /home/amrka/Android/Sdk/build-tools/29.0.2
&amp#27;[35m[ADB]&amp#27;[39m Using 'adb' from '/home/amrka/Android/Sdk/platform-tools/adb'
[debug] &amp#27;[35m[ADB]&amp#27;[39m Trying to find 'Pixel' emulator
[debug] &amp#27;[35m[ADB]&amp#27;[39m Getting connected emulators
[debug] &amp#27;[35m[ADB]&amp#27;[39m Getting connected devices...
[debug] &amp#27;[35m[ADB]&amp#27;[39m Connected devices: [{"udid":"emulator-5554","state":"device"},{"udid":"emulator-5556","state":"device"}]
[debug] &amp#27;[35m[ADB]&amp#27;[39m 2 emulator(s) connected
[debug] &amp#27;[35m[ADB]&amp#27;[39m Sending telnet command to device: avd name
[debug] &amp#27;[35m[ADB]&amp#27;[39m Getting running emulator port
[debug] &amp#27;[35m[ADB]&amp#27;[39m Socket connection to device created
[debug] &amp#27;[35m[ADB]&amp#27;[39m Socket connection to device ready
[debug] &amp#27;[35m[ADB]&amp#27;[39m Telnet command got response: Nexus
[debug] &amp#27;[35m[ADB]&amp#27;[39m Sending telnet command to device: avd name
[debug] &amp#27;[35m[ADB]&amp#27;[39m Getting running emulator port
[debug] &amp#27;[35m[ADB]&amp#27;[39m Socket connection to device created
[debug] &amp#27;[35m[ADB]&amp#27;[39m Socket connection to device ready
[debug] &amp#27;[35m[ADB]&amp#27;[39m Telnet command got response: Pixel
[debug] &amp#27;[35m[ADB]&amp#27;[39m Found emulator 'Pixel' on port 5556
[debug] &amp#27;[35m[ADB]&amp#27;[39m Setting device id to emulator-5556
[debug] &amp#27;[35m[AndroidDriver]&amp#27;[39m Not launching AVD because it is already running.
&amp#27;[35m[AndroidDriver]&amp#27;[39m Using device: emulator-5556
&amp#27;[35m[ADB]&amp#27;[39m Using 'adb' from '/home/amrka/Android/Sdk/platform-tools/adb'
[debug] &amp#27;[35m[ADB]&amp#27;[39m Setting device id to emulator-5556
[debug] &amp#27;[35m[ADB]&amp#27;[39m Running '/home/amrka/Android/Sdk/platform-tools/adb -P 5037 -s emulator-5556 shell getprop ro.build.version.sdk'
&amp#27;[35m[ADB]&amp#27;[39m Found 1 'build-tools' folders under '/home/amrka/Android/Sdk' (newest first):
&amp#27;[35m[ADB]&amp#27;[39m     /home/amrka/Android/Sdk/build-tools/29.0.2
&amp#27;[35m[ADB]&amp#27;[39m Using 'adb' from '/home/amrka/Android/Sdk/platform-tools/adb'
[debug] &amp#27;[35m[ADB]&amp#27;[39m Trying to find 'Nexus' emulator
[debug] &amp#27;[35m[ADB]&amp#27;[39m Getting connected emulators
[debug] &amp#27;[35m[ADB]&amp#27;[39m Getting connected devices...
[debug] &amp#27;[35m[ADB]&amp#27;[39m Connected devices: [{"udid":"emulator-5554","state":"device"},{"udid":"emulator-5556","state":"device"}]
[debug] &amp#27;[35m[ADB]&amp#27;[39m 2 emulator(s) connected
[debug] &amp#27;[35m[ADB]&amp#27;[39m Sending telnet command to device: avd name
[debug] &amp#27;[35m[ADB]&amp#27;[39m Getting running emulator port
[debug] &amp#27;[35m[ADB]&amp#27;[39m Socket connection to device created
[debug] &amp#27;[35m[ADB]&amp#27;[39m Socket connection to device ready
[debug] &amp#27;[35m[ADB]&amp#27;[39m Telnet command got response: Nexus
[debug] &amp#27;[35m[ADB]&amp#27;[39m Found emulator 'Nexus' on port 5554
[debug] &amp#27;[35m[ADB]&amp#27;[39m Setting device id to emulator-5554
[debug] &amp#27;[35m[AndroidDriver]&amp#27;[39m Not launching AVD because it is already running.
&amp#27;[35m[AndroidDriver]&amp#27;[39m Using device: emulator-5554
&amp#27;[35m[ADB]&amp#27;[39m Using 'adb' from '/home/amrka/Android/Sdk/platform-tools/adb'
[debug] &amp#27;[35m[ADB]&amp#27;[39m Setting device id to emulator-5554
[debug] &amp#27;[35m[ADB]&amp#27;[39m Running '/home/amrka/Android/Sdk/platform-tools/adb -P 5037 -s emulator-5554 shell getprop ro.build.version.sdk'
[debug] &amp#27;[35m[ADB]&amp#27;[39m Current device property 'ro.build.version.sdk': 29
[debug] &amp#27;[35m[ADB]&amp#27;[39m Device API level: 29
&amp#27;[35m[UiAutomator2]&amp#27;[39m Relaxing hidden api policy
[debug] &amp#27;[35m[ADB]&amp#27;[39m Running '/home/amrka/Android/Sdk/platform-tools/adb -P 5037 -s emulator-5556 shell settings put global hidden_api_policy_pre_p_apps 1'
[debug] &amp#27;[35m[ADB]&amp#27;[39m Current device property 'ro.build.version.sdk': 29
[debug] &amp#27;[35m[ADB]&amp#27;[39m Device API level: 29
&amp#27;[35m[UiAutomator2]&amp#27;[39m Relaxing hidden api policy
[debug] &amp#27;[35m[ADB]&amp#27;[39m Running '/home/amrka/Android/Sdk/platform-tools/adb -P 5037 -s emulator-5554 shell settings put global hidden_api_policy_pre_p_apps 1'
[debug] &amp#27;[35m[ADB]&amp#27;[39m Running '/home/amrka/Android/Sdk/platform-tools/adb -P 5037 -s emulator-5556 shell settings put global hidden_api_policy_p_apps 1'
[debug] &amp#27;[35m[ADB]&amp#27;[39m Running '/home/amrka/Android/Sdk/platform-tools/adb -P 5037 -s emulator-5554 shell settings put global hidden_api_policy_p_apps 1'
[debug] &amp#27;[35m[ADB]&amp#27;[39m Running '/home/amrka/Android/Sdk/platform-tools/adb -P 5037 -s emulator-5556 shell settings put global hidden_api_policy 1'
[debug] &amp#27;[35m[ADB]&amp#27;[39m Running '/home/amrka/Android/Sdk/platform-tools/adb -P 5037 -s emulator-5554 shell settings put global hidden_api_policy 1'
&amp#27;[35m[AndroidDriver]&amp#27;[39m No app sent in, not parsing package/activity
[debug] &amp#27;[35m[ADB]&amp#27;[39m Running '/home/amrka/Android/Sdk/platform-tools/adb -P 5037 -s emulator-5556 wait-for-device'
&amp#27;[35m[AndroidDriver]&amp#27;[39m No app sent in, not parsing package/activity
[debug] &amp#27;[35m[ADB]&amp#27;[39m Running '/home/amrka/Android/Sdk/platform-tools/adb -P 5037 -s emulator-5554 wait-for-device'
[debug] &amp#27;[35m[ADB]&amp#27;[39m Running '/home/amrka/Android/Sdk/platform-tools/adb -P 5037 -s emulator-5556 shell echo ping'
[debug] &amp#27;[35m[ADB]&amp#27;[39m Running '/home/amrka/Android/Sdk/platform-tools/adb -P 5037 -s emulator-5554 shell echo ping'
[debug] &amp#27;[35m[AndroidDriver]&amp#27;[39m Pushing settings apk to device...
[debug] &amp#27;[35m[AndroidDriver]&amp#27;[39m Pushing settings apk to device...
[debug] [debug] &amp#27;[35m[ADB]&amp#27;[39m Getting install&amp#27;[ statu35m[ADBs for io]&amp#27;[39m .appium.setGetttiningsg in
stall status for io.appium.settings[debug] 
&amp#27;[[debug]35 &amp#27;m[A[35mDB]&amp#27;[ADB[39]&amp#27;[39m Runnm Ruing '/homnning 'e/amrka/home/am/Andrka/Android/Sdk/platform-tools/adb -P 5037 -s emulator-5554 shell dumpsys package io.appium.settings'
roid/Sdk/platform-tools/adb -P 5037 -s emulator-5556 shell dumpsys package io.appium.settings'
[debug] &amp#27;[35m[ADB]&amp#27;[39m 'io.appium.settings' is installed
[debug] &amp#27;[35m[ADB]&amp#27;[39m Getting package info for 'io.appium.settings'
[debug] &amp#27;[35m[ADB]&amp#27;[39m 'io.appium.settings' is installed
[debug] &amp#27;[35m[ADB]&amp#27;[39m Running '/home/amrka/Android/Sdk/platform-tools/adb -P 5037 -s emulator-5554 shell dumpsys package io.appium.settings'
[debug] &amp#27;[35m[ADB]&amp#27;[39m Getting package info for 'io.appium.settings'
[debug] &amp#27;[35m[ADB]&amp#27;[39m Running '/home/amrka/Android/Sdk/platform-tools/adb -P 5037 -s emulator-5556 shell dumpsys package io.appium.settings'
&amp#27;[35m[ADB]&amp#27;[39m Using 'apkanalyzer' from '/home/amrka/Android/Sdk/tools/bin/apkanalyzer'
[debug] &amp#27;[35m[ADB]&amp#27;[39m Starting '/home/amrka/Android/Sdk/tools/bin/apkanalyzer' with args ["manifest","print","/home/linuxbrew/.linuxbrew/lib/node_modules/appium/node_modules/io.appium.settings/apks/settings_apk-debug.apk"]
&amp#27;[35m[ADB]&amp#27;[39m Using 'apkanalyzer' from '/home/amrka/Android/Sdk/tools/bin/apkanalyzer'
[debug] &amp#27;[35m[ADB]&amp#27;[39m Starting '/home/amrka/Android/Sdk/tools/bin/apkanalyzer' with args ["manifest","print","/home/linuxbrew/.linuxbrew/lib/node_modules/appium/node_modules/io.appium.settings/apks/settings_apk-debug.apk"]
[debug] &amp#27;[35m[ADB]&amp#27;[39m The version name of the installed 'io.appium.settings' is greater or equal to the application version name ('2.14.2' >= '2.14.2')
[debug] &amp#27;[35m[ADB]&amp#27;[39m There is no need to install/upgrade '/home/linuxbrew/.linuxbrew/lib/node_modules/appium/node_modules/io.appium.settings/apks/settings_apk-debug.apk'
[debug] &amp#27;[35m[ADB]&amp#27;[39m Getting IDs of all 'io.appium.settings' processes
[debug] &amp#27;[35m[ADB]&amp#27;[39m Running '/home/amrka/Android/Sdk/platform-tools/adb -P 5037 -s emulator-5556 shell 'pgrep --help; echo $?''
[debug] &amp#27;[35m[ADB]&amp#27;[39m The version name of the installed 'io.appium.settings' is greater or equal to the application version name ('2.14.2' >= '2.14.2')
[debug] &amp#27;[35m[ADB]&amp#27;[39m There is no need to install/upgrade '/home/linuxbrew/.linuxbrew/lib/node_modules/appium/node_modules/io.appium.settings/apks/settings_apk-debug.apk'
[debug] &amp#27;[35m[ADB]&amp#27;[39m Getting IDs of all 'io.appium.settings' processes
[debug] &amp#27;[35m[ADB]&amp#27;[39m Running '/home/amrka/Android/Sdk/platform-tools/adb -P 5037 -s emulator-5554 shell 'pgrep --help; echo $?''
[debug] &amp#27;[35m[ADB]&amp#27;[39m Running '/home/amrka/Android/Sdk/platform-tools/adb -P 5037 -s emulator-5556 shell pgrep -f io\\.appium\\.settings'
[debug] &amp#27;[35m[ADB]&amp#27;[39m Running '/home/amrka/Android/Sdk/platform-tools/adb -P 5037 -s emulator-5554 shell pgrep -f io\\.appium\\.settings'
[debug] &amp#27;[35m[AndroidDriver]&amp#27;[39m io.appium.settings is already running. There is no need to reset its permissions.
[debug] &amp#27;[35m[Logcat]&amp#27;[39m Starting logcat capture
[debug] &amp#27;[35m[AndroidDriver]&amp#27;[39m io.appium.settings is already running. There is no need to reset its permissions.
[debug] &amp#27;[35m[Logcat]&amp#27;[39m Starting logcat capture
[debug] &amp#27;[35m[ADB]&amp#27;[39m Getting install status for io.appium.uiautomator2.server
[debug] &amp#27;[35m[ADB]&amp#27;[39m Running '/home/amrka/Android/Sdk/platform-tools/adb -P 5037 -s emulator-5556 shell dumpsys package io.appium.uiautomator2.server'
[debug] &amp#27;[35m[ADB]&amp#27;[39m Getting install status for io.appium.uiautomator2.server
[debug] &amp#27;[35m[ADB]&amp#27;[39m Running '/home/amrka/Android/Sdk/platform-tools/adb -P 5037 -s emulator-5554 shell dumpsys package io.appium.uiautomator2.server'
[debug] &amp#27;[35m[ADB]&amp#27;[39m 'io.appium.uiautomator2.server' is installed
[debug] &amp#27;[35m[ADB]&amp#27;[39m Getting package info for 'io.appium.uiautomator2.server'
[debug] &amp#27;[35m[ADB]&amp#27;[39m Running '/home/amrka/Android/Sdk/platform-tools/adb -P 5037 -s emulator-5554 shell dumpsys package io.appium.uiautomator2.server'
[debug] &amp#27;[35m[ADB]&amp#27;[39m 'io.appium.uiautomator2.server' is installed
[debug] &amp#27;[35m[ADB]&amp#27;[39m Getting package info for 'io.appium.uiautomator2.server'
[debug] &amp#27;[35m[ADB]&amp#27;[39m Running '/home/amrka/Android/Sdk/platform-tools/adb -P 5037 -s emulator-5556 shell dumpsys package io.appium.uiautomator2.server'
[debug] &amp#27;[35m[ADB]&amp#27;[39m Starting '/home/amrka/Android/Sdk/tools/bin/apkanalyzer' with args ["manifest","print","/home/linuxbrew/.linuxbrew/lib/node_modules/appium/node_modules/appium-uiautomator2-server/apks/appium-uiautomator2-server-v4.3.0.apk"]
[debug] &amp#27;[35m[ADB]&amp#27;[39m Starting '/home/amrka/Android/Sdk/tools/bin/apkanalyzer' with args ["manifest","print","/home/linuxbrew/.linuxbrew/lib/node_modules/appium/node_modules/appium-uiautomator2-server/apks/appium-uiautomator2-server-v4.3.0.apk"]
[debug] &amp#27;[35m[ADB]&amp#27;[39m The version name of the installed 'io.appium.uiautomator2.server' is greater or equal to the application version name ('4.3.0' >= '4.3.0')
[debug] &amp#27;[35m[UiAutomator2]&amp#27;[39m io.appium.uiautomator2.server installation state: sameVersionInstalled
[debug] &amp#27;[35m[ADB]&amp#27;[39m Checking app cert for /home/linuxbrew/.linuxbrew/lib/node_modules/appium/node_modules/appium-uiautomator2-server/apks/appium-uiautomator2-server-v4.3.0.apk
&amp#27;[35m[ADB]&amp#27;[39m Using 'apksigner' from '/home/amrka/Android/Sdk/build-tools/29.0.2/apksigner'
[debug] &amp#27;[35m[ADB]&amp#27;[39m Starting '/home/amrka/Android/Sdk/build-tools/29.0.2/apksigner' with args '["verify","--print-certs","/home/linuxbrew/.linuxbrew/lib/node_modules/appium/node_modules/appium-uiautomator2-server/apks/appium-uiautomator2-server-v4.3.0.apk"]'
[debug] &amp#27;[35m[ADB]&amp#27;[39m The version name of the installed 'io.appium.uiautomator2.server' is greater or equal to the application version name ('4.3.0' >= '4.3.0')
[debug] &amp#27;[35m[UiAutomator2]&amp#27;[39m io.appium.uiautomator2.server installation state: sameVersionInstalled
[debug] &amp#27;[35m[ADB]&amp#27;[39m Checking app cert for /home/linuxbrew/.linuxbrew/lib/node_modules/appium/node_modules/appium-uiautomator2-server/apks/appium-uiautomator2-server-v4.3.0.apk
&amp#27;[35m[ADB]&amp#27;[39m Using 'apksigner' from '/home/amrka/Android/Sdk/build-tools/29.0.2/apksigner'
[debug] &amp#27;[35m[ADB]&amp#27;[39m Starting '/home/amrka/Android/Sdk/build-tools/29.0.2/apksigner' with args '["verify","--print-certs","/home/linuxbrew/.linuxbrew/lib/node_modules/appium/node_modules/appium-uiautomator2-server/apks/appium-uiautomator2-server-v4.3.0.apk"]'
[debug] &amp#27;[35m[ADB]&amp#27;[39m apksigner stdout: Signer #1 certificate DN: EMAILADDRESS=android@android.com, CN=Android, OU=Android, O=Android, L=Mountain View, ST=California, C=US
[debug] &amp#27;[35m[ADB]&amp#27;[39m Signer #1 certificate SHA-256 digest: a40da80a59d170caa950cf15c18c454d47a39b26989d8b640ecd745ba71bf5dc
[debug] &amp#27;[35m[ADB]&amp#27;[39m Signer #1 certificate SHA-1 digest: 61ed377e85d386a8dfee6b864bd85b0bfaa5af81
[debug] &amp#27;[35m[ADB]&amp#27;[39m Signer #1 certificate MD5 digest: e89b158e4bcf988ebd09eb83f5378e87
[debug] &amp#27;[35m[ADB]&amp#27;[39m 
[debug] &amp#27;[35m[ADB]&amp#27;[39m '/home/linuxbrew/.linuxbrew/lib/node_modules/appium/node_modules/appium-uiautomator2-server/apks/appium-uiautomator2-server-v4.3.0.apk' is already signed.
[debug] &amp#27;[35m[ADB]&amp#27;[39m Getting install status for io.appium.uiautomator2.server.test
[debug] &amp#27;[35m[ADB]&amp#27;[39m Running '/home/amrka/Android/Sdk/platform-tools/adb -P 5037 -s emulator-5554 shell dumpsys package io.appium.uiautomator2.server.test'
[debug] &amp#27;[35m[ADB]&amp#27;[39m apksigner stdout: Signer #1 certificate DN: EMAILADDRESS=android@android.com, CN=Android, OU=Android, O=Android, L=Mountain View, ST=California, C=US
[debug] &amp#27;[35m[ADB]&amp#27;[39m Signer #1 certificate SHA-256 digest: a40da80a59d170caa950cf15c18c454d47a39b26989d8b640ecd745ba71bf5dc
[debug] &amp#27;[35m[ADB]&amp#27;[39m Signer #1 certificate SHA-1 digest: 61ed377e85d386a8dfee6b864bd85b0bfaa5af81
[debug] &amp#27;[35m[ADB]&amp#27;[39m Signer #1 certificate MD5 digest: e89b158e4bcf988ebd09eb83f5378e87
[debug] &amp#27;[35m[ADB]&amp#27;[39m 
[debug] &amp#27;[35m[ADB]&amp#27;[39m '/home/linuxbrew/.linuxbrew/lib/node_modules/appium/node_modules/appium-uiautomator2-server/apks/appium-uiautomator2-server-v4.3.0.apk' is already signed.
[debug] &amp#27;[35m[ADB]&amp#27;[39m Getting install status for io.appium.uiautomator2.server.test
[debug] &amp#27;[35m[ADB]&amp#27;[39m Running '/home/amrka/Android/Sdk/platform-tools/adb -P 5037 -s emulator-5556 shell dumpsys package io.appium.uiautomator2.server.test'
[debug] &amp#27;[35m[ADB]&amp#27;[39m 'io.appium.uiautomator2.server.test' is installed
[debug] &amp#27;[35m[ADB]&amp#27;[39m Checking app cert for /home/linuxbrew/.linuxbrew/lib/node_modules/appium/node_modules/appium-uiautomator2-server/apks/appium-uiautomator2-server-debug-androidTest.apk
[debug] &amp#27;[35m[ADB]&amp#27;[39m Starting '/home/amrka/Android/Sdk/build-tools/29.0.2/apksigner' with args '["verify","--print-certs","/home/linuxbrew/.linuxbrew/lib/node_modules/appium/node_modules/appium-uiautomator2-server/apks/appium-uiautomator2-server-debug-androidTest.apk"]'
[debug] &amp#27;[35m[ADB]&amp#27;[39m 'io.appium.uiautomator2.server.test' is installed
[debug] &amp#27;[35m[ADB]&amp#27;[39m Checking app cert for /home/linuxbrew/.linuxbrew/lib/node_modules/appium/node_modules/appium-uiautomator2-server/apks/appium-uiautomator2-server-debug-androidTest.apk
[debug] &amp#27;[35m[ADB]&amp#27;[39m Starting '/home/amrka/Android/Sdk/build-tools/29.0.2/apksigner' with args '["verify","--print-certs","/home/linuxbrew/.linuxbrew/lib/node_modules/appium/node_modules/appium-uiautomator2-server/apks/appium-uiautomator2-server-debug-androidTest.apk"]'
[debug] &amp#27;[35m[ADB]&amp#27;[39m apksigner stdout: Signer #1 certificate DN: EMAILADDRESS=android@android.com, CN=Android, OU=Android, O=Android, L=Mountain View, ST=California, C=US
[debug] &amp#27;[35m[ADB]&amp#27;[39m Signer #1 certificate SHA-256 digest: a40da80a59d170caa950cf15c18c454d47a39b26989d8b640ecd745ba71bf5dc
[debug] &amp#27;[35m[ADB]&amp#27;[39m Signer #1 certificate SHA-1 digest: 61ed377e85d386a8dfee6b864bd85b0bfaa5af81
[debug] &amp#27;[35m[ADB]&amp#27;[39m Signer #1 certificate MD5 digest: e89b158e4bcf988ebd09eb83f5378e87
[debug] &amp#27;[35m[ADB]&amp#27;[39m 
[debug] &amp#27;[35m[ADB]&amp#27;[39m '/home/linuxbrew/.linuxbrew/lib/node_modules/appium/node_modules/appium-uiautomator2-server/apks/appium-uiautomator2-server-debug-androidTest.apk' is already signed.
&amp#27;[35m[UiAutomator2]&amp#27;[39m Server packages are not going to be (re)installed
[debug] &amp#27;[35m[UiAutomator2]&amp#27;[39m Waiting up to 30000ms for services to be available
[debug] &amp#27;[35m[ADB]&amp#27;[39m Running '/home/amrka/Android/Sdk/platform-tools/adb -P 5037 -s emulator-5554 shell pm list instrumentation'
[debug] &amp#27;[35m[ADB]&amp#27;[39m apksigner stdout: Signer #1 certificate DN: EMAILADDRESS=android@android.com, CN=Android, OU=Android, O=Android, L=Mountain View, ST=California, C=US
[debug] &amp#27;[35m[ADB]&amp#27;[39m Signer #1 certificate SHA-256 digest: a40da80a59d170caa950cf15c18c454d47a39b26989d8b640ecd745ba71bf5dc
[debug] &amp#27;[35m[ADB]&amp#27;[39m Signer #1 certificate SHA-1 digest: 61ed377e85d386a8dfee6b864bd85b0bfaa5af81
[debug] &amp#27;[35m[ADB]&amp#27;[39m Signer #1 certificate MD5 digest: e89b158e4bcf988ebd09eb83f5378e87
[debug] &amp#27;[35m[ADB]&amp#27;[39m 
[debug] &amp#27;[35m[ADB]&amp#27;[39m '/home/linuxbrew/.linuxbrew/lib/node_modules/appium/node_modules/appium-uiautomator2-server/apks/appium-uiautomator2-server-debug-androidTest.apk' is already signed.
&amp#27;[35m[UiAutomator2]&amp#27;[39m Server packages are not going to be (re)installed
[debug] &amp#27;[35m[UiAutomator2]&amp#27;[39m Waiting up to 30000ms for services to be available
[debug] &amp#27;[35m[ADB]&amp#27;[39m Running '/home/amrka/Android/Sdk/platform-tools/adb -P 5037 -s emulator-5556 shell pm list instrumentation'
[debug] &amp#27;[35m[UiAutomator2]&amp#27;[39m Instrumentation target 'io.appium.uiautomator2.server.test/androidx.test.runner.AndroidJUnitRunner' is available
[debug] &amp#27;[35m[UiAutomator2]&amp#27;[39m Forwarding UiAutomator2 Server port 6790 to 8210
[debug] &amp#27;[35m[ADB]&amp#27;[39m Forwarding system: 8210 to device: 6790
[debug] &amp#27;[35m[ADB]&amp#27;[39m Running '/home/amrka/Android/Sdk/platform-tools/adb -P 5037 -s emulator-5554 forward tcp\:8210 tcp\:6790'
[debug] &amp#27;[35m[UiAutomator2]&amp#27;[39m No app capability. Assuming it is already on the device
[debug] &amp#27;[35m[ADB]&amp#27;[39m Getting install status for com.sarajevo.food.dictionary
[debug] &amp#27;[35m[ADB]&amp#27;[39m Running '/home/amrka/Android/Sdk/platform-tools/adb -P 5037 -s emulator-5554 shell dumpsys package com.sarajevo.food.dictionary'
[debug] &amp#27;[35m[UiAutomator2]&amp#27;[39m Instrumentation target 'io.appium.uiautomator2.server.test/androidx.test.runner.AndroidJUnitRunner' is available
[debug] &amp#27;[35m[UiAutomator2]&amp#27;[39m Forwarding UiAutomator2 Server port 6790 to 8210
[debug] &amp#27;[35m[ADB]&amp#27;[39m Forwarding system: 8210 to device: 6790
[debug] &amp#27;[35m[ADB]&amp#27;[39m Running '/home/amrka/Android/Sdk/platform-tools/adb -P 5037 -s emulator-5556 forward tcp\:8210 tcp\:6790'
[debug] &amp#27;[35m[UiAutomator2]&amp#27;[39m No app capability. Assuming it is already on the device
[debug] &amp#27;[35m[ADB]&amp#27;[39m Getting install status for com.sarajevo.food.dictionary
[debug] &amp#27;[35m[ADB]&amp#27;[39m Running '/home/amrka/Android/Sdk/platform-tools/adb -P 5037 -s emulator-5556 shell dumpsys package com.sarajevo.food.dictionary'
[debug] &amp#27;[35m[ADB]&amp#27;[39m 'com.sarajevo.food.dictionary' is installed
[debug] &amp#27;[35m[ADB]&amp#27;[39m Running '/home/amrka/Android/Sdk/platform-tools/adb -P 5037 -s emulator-5554 shell am force-stop com.sarajevo.food.dictionary'
[debug] &amp#27;[35m[ADB]&amp#27;[39m 'com.sarajevo.food.dictionary' is installed
[debug] &amp#27;[35m[ADB]&amp#27;[39m Running '/home/amrka/Android/Sdk/platform-tools/adb -P 5037 -s emulator-5556 shell am force-stop com.sarajevo.food.dictionary'
[debug] &amp#27;[35m[ADB]&amp#27;[39m Running '/home/amrka/Android/Sdk/platform-tools/adb -P 5037 -s emulator-5556 shell pm clear com.sarajevo.food.dictionary'
[debug] &amp#27;[35m[ADB]&amp#27;[39m Running '/home/amrka/Android/Sdk/platform-tools/adb -P 5037 -s emulator-5554 shell pm clear com.sarajevo.food.dictionary'
[debug] &amp#27;[35m[ADB]&amp#27;[39m Running '/home/amrka/Android/Sdk/platform-tools/adb -P 5037 -s emulator-5554 shell dumpsys package com.sarajevo.food.dictionary'
[debug] &amp#27;[35m[ADB]&amp#27;[39m Retrieving requested permissions
[debug] &amp#27;[35m[ADB]&amp#27;[39m Retrieved 14 permission(s) from ["requested"] group(s)
[debug] &amp#27;[35m[ADB]&amp#27;[39m Retrieving granted permissions
[debug] &amp#27;[35m[ADB]&amp#27;[39m Retrieved 7 permission(s) from ["install","runtime"] group(s)
[debug] &amp#27;[35m[ADB]&amp#27;[39m Granting permissions ["android.permission.ACCESS_FINE_LOCATION","android.permission.WRITE_EXTERNAL_STORAGE","android.permission.ACCESS_COARSE_LOCATION","android.permission.READ_APP_BADGE","android.permission.READ_PHONE_STATE","android.permission.READ_EXTERNAL_STORAGE","android.permission.ACCESS_BACKGROUND_LOCATION"] to 'com.sarajevo.food.dictionary'
[debug] &amp#27;[35m[ADB]&amp#27;[39m Got the following command chunks to execute: [["pm","grant","com.sarajevo.food.dictionary","android.permission.ACCESS_FINE_LOCATION",";","pm","grant","com.sarajevo.food.dictionary","android.permission.WRITE_EXTERNAL_STORAGE",";","pm","grant","com.sarajevo.food.dictionary","android.permission.ACCESS_COARSE_LOCATION",";","pm","grant","com.sarajevo.food.dictionary","android.permission.READ_APP_BADGE",";","pm","grant","com.sarajevo.food.dictionary","android.permission.READ_PHONE_STATE",";","pm","grant","com.sarajevo.food.dictionary","android.permission.READ_EXTERNAL_STORAGE",";","pm","grant","com.sarajevo.food.dictionary","android.permission.ACCESS_BACKGROUND_LOCATION",";"]]
[debug] &amp#27;[35m[ADB]&amp#27;[39m Running '/home/amrka/Android/Sdk/platform-tools/adb -P 5037 -s emulator-5554 shell pm grant com.sarajevo.food.dictionary android.permission.ACCESS_FINE_LOCATION \; pm grant com.sarajevo.food.dictionary android.permission.WRITE_EXTERNAL_STORAGE \; pm grant com.sarajevo.food.dictionary android.permission.ACCESS_COARSE_LOCATION \; pm grant com.sarajevo.food.dictionary android.permission.READ_APP_BADGE \; pm grant com.sarajevo.food.dictionary android.permission.READ_PHONE_STATE \; pm grant com.sarajevo.food.dictionary android.permission.READ_EXTERNAL_STORAGE \; pm grant com.sarajevo.food.dictionary android.permission.ACCESS_BACKGROUND_LOCATION \;'
[debug] &amp#27;[35m[ADB]&amp#27;[39m Running '/home/amrka/Android/Sdk/platform-tools/adb -P 5037 -s emulator-5556 shell dumpsys package com.sarajevo.food.dictionary'
[debug] &amp#27;[35m[ADB]&amp#27;[39m Retrieving requested permissions
[debug] &amp#27;[35m[ADB]&amp#27;[39m Retrieved 14 permission(s) from ["requested"] group(s)
[debug] &amp#27;[35m[ADB]&amp#27;[39m Retrieving granted permissions
[debug] &amp#27;[35m[ADB]&amp#27;[39m Retrieved 7 permission(s) from ["install","runtime"] group(s)
[debug] &amp#27;[35m[ADB[de]&amp#27;bug][39m Granting permissions ["android.permission.ACCESS_FINE_LOCATION","android.permission.WRITE_EXTERNAL_STORAGE","android.permission.ACCESS_COARSE_LOCATION","android.permission.READ_APP_BADGE","android.permission.READ_PHONE_STATE","android.permission.READ_EXTERN &amp#27;[35m[AndroidDriver]&amp#27;[39m Performed fast reset on the installed 'com.sarajevo.food.dictionary' application (stop and clear)
AL_STORAGE","android.permission.ACCESS_BACKGROUND_LOCATION"] to 'com.sarajevo.food.dictionary'
[debug] &amp#27;[35m[ADB]&amp#27;[39m Got the following command chunks to execute: [["pm","grant","com.sarajevo.food.dictionary","android.permission.ACCESS_FINE_LOCATION",";","pm","grant","com.sarajevo.food.dictionary","android.permission.WRITE_EXTERNAL_STORAGE",";","pm","grant","com.sarajevo.food.dictionary","android.permission.ACCESS_COARSE_LOCATION",";","pm","grant","com.sarajevo.food.dictionary","android.permission.READ_APP_BADGE",";","pm","grant","com.sarajevo.food.dictionary","android.permission.READ_PHONE_STATE",";","pm","grant","com.sarajevo.food.dictionary","android.permission.READ_EXTERNAL_STORAGE",";","pm","grant","com.sarajevo.food.dictionary","android.permission.ACCESS_BACKGROUND_LOCATION",";"]]
[debug] &amp#27;[35m[ADB]&amp#27;[39m Running '/home/amrka/Android/Sdk/platform-tools/adb -P 5037 -s emulator-5556 shell pm grant com.sarajevo.food.dictionary android.permission.ACCESS_FINE_LOCATION \; pm grant com.sarajevo.food.dictionary android.permission.WRITE_EXTERNAL_STORAGE \; pm grant com.sarajevo.food.dictionary android.permission.ACCESS_COARSE_LOCATION \; pm grant com.sarajevo.food.dictionary android.permission.READ_APP_BADGE \; pm grant com.sarajevo.food.dictionary android.permission.READ_PHONE_STATE \; pm grant com.sarajevo.food.dictionary android.permission.READ_EXTERNAL_STORAGE \; pm grant com.sarajevo.food.dictionary android.permission.ACCESS_BACKGROUND_LOCATION \;'
[debug] &amp#27;[35m[UiAutomator2]&amp#27;[39m Performing shallow cleanup of automation leftovers
[debug] &amp#27;[35m[UiAutomator2]&amp#27;[39m No obsolete sessions have been detected
[debug] &amp#27;[35m[ADB]&amp#27;[39m Running '/home/amrka/Android/Sdk/platform-tools/adb -P 5037 -s emulator-5554 shell am force-stop io.appium.uiautomator2.server.test'
&amp#27;[35m[UiAutomator2]&amp#27;[39m Starting UIAutomator2 server 4.3.0
&amp#27;[35m[UiAutomator2]&amp#27;[39m Using UIAutomator2 server from '/home/linuxbrew/.linuxbrew/lib/node_modules/appium/node_modules/appium-uiautomator2-server/apks/appium-uiautomator2-server-v4.3.0.apk' and test from '/home/linuxbrew/.linuxbrew/lib/node_modules/appium/node_modules/appium-uiautomator2-server/apks/appium-uiautomator2-server-debug-androidTest.apk'
&amp#27;[35m[UiAutomator2]&amp#27;[39m Waiting up to 30000ms for UiAutomator2 to be online...
[debug] &amp#27;[35m[ADB]&amp#27;[39m Creating ADB subprocess with args: ["-P",5037,"-s","emulator-5554","shell","am","instrument","-w","io.appium.uiautomator2.server.test/androidx.test.runner.AndroidJUnitRunner"]
[debug] &amp#27;[35m[AndroidDriver]&amp#27;[39m Performed fast reset on the installed 'com.sarajevo.food.dictionary' application (stop and clear)
[debug] &amp#27;[35m[UiAutomator2]&amp#27;[39m Performing shallow cleanup of automation leftovers
[debug] &amp#27;[35m[UiAutomator2]&amp#27;[39m No obsolete sessions have been detected
[debug] &amp#27;[35m[ADB]&amp#27;[39m Running '/home/amrka/Android/Sdk/platform-tools/adb -P 5037 -s emulator-5556 shell am force-stop io.appium.uiautomator2.server.test'
&amp#27;[35m[UiAutomator2]&amp#27;[39m Starting UIAutomator2 server 4.3.0
&amp#27;[35m[UiAutomator2]&amp#27;[39m Using UIAutomator2 server from '/home/linuxbrew/.linuxbrew/lib/node_modules/appium/node_modules/appium-uiautomator2-server/apks/appium-uiautomator2-server-v4.3.0.apk' and test from '/home/linuxbrew/.linuxbrew/lib/node_modules/appium/node_modules/appium-uiautomator2-server/apks/appium-uiautomator2-server-debug-androidTest.apk'
&amp#27;[35m[UiAutomator2]&amp#27;[39m Waiting up to 30000ms for UiAutomator2 to be online...
[debug] &amp#27;[35m[ADB]&amp#27;[39m Creating ADB subprocess with args: ["-P",5037,"-s","emulator-5556","shell","am","instrument","-w","io.appium.uiautomator2.server.test/androidx.test.runner.AndroidJUnitRunner"]
[debug] &amp#27;[35m[Instrumentation]&amp#27;[39m io.appium.uiautomator2.server.test.AppiumUiAutomator2Server:
[debug] &amp#27;[35m[Instrumentation]&amp#27;[39m io.appium.uiautomator2.server.test.AppiumUiAutomator2Server:
[debug] &amp#27;[35m[WD Proxy]&amp#27;[39m Matched '/status' to command name 'getStatus'
[debug] &amp#27;[35m[WD Proxy]&amp#27;[39m Proxying [GET /status] to [GET http://localhost:8210/wd/hub/status] with no body
&amp#27;[35m[WD Proxy]&amp#27;[39m Got an unexpected response with status undefined: {"code":"ECONNRESET"}
[debug] &amp#27;[35m[WD Proxy]&amp#27;[39m Matched '/status' to command name 'getStatus'
[debug] &amp#27;[35m[WD Proxy]&amp#27;[39m Proxying [GET /status] to [GET http://localhost:8210/wd/hub/status] with no body
&amp#27;[35m[WD Proxy]&amp#27;[39m Got an unexpected response with status undefined: {"code":"ECONNRESET"}
[debug] &amp#27;[35m[WD Proxy]&amp#27;[39m Matched '/status' to command name 'getStatus'
[debug] &amp#27;[35m[WD Proxy]&amp#27;[39m Proxying [GET /status] to [GET http://localhost:8210/wd/hub/status] with no body
[debug] &amp#27;[35m[WD Proxy]&amp#27;[39m Got response with status 200: {"sessionId":"None","value":{"ready":true,"message":"UiAutomator2 Server is ready to accept commands"}}
[debug] &amp#27;[35m[UiAutomator2]&amp#27;[39m The initialization of the instrumentation process took 2069ms
[debug] &amp#27;[35m[WD Proxy]&amp#27;[39m Matched '/session' to command name 'createSession'
[debug] &amp#27;[35m[WD Proxy]&amp#27;[39m Proxying [POST /session] to [POST http://localhost:8210/wd/hub/session] with body: {"capabilities":{"firstMatch":[{"platform":"LINUX","webStorageEnabled":false,"takesScreenshot":true,"javascriptEnabled":true,"databaseEnabled":false,"networkConnectionEnabled":true,"locationContextEnabled":false,"warnings":{},"desired":{"platformName":"android","appActivity":"com.sfdmobile.MainActivity","appPackage":"com.sarajevo.food.dictionary","uiautomator2ServerInstallTimeout":8000,"unlockKey":"0122882435abA","unlockType":"password","autoGrantPermissions":true,"automationName":"uiAutomator2","avd":"Nexus","clearSystemFiles":true,"deviceName":"Nexus","platformVersion":"10","udid":"emulator-5554"},"platformName":"android","appActivity":"com.sfdmobile.MainActivity","appPackage":"com.sarajevo.food.dictionary","uiautomator2ServerInstallTimeout":8000,"unlockKey":"0122882435abA","unlockType":"password","autoGrantPermissions":true,"automationName":"uiAutomator2","avd":"Nexus","clearSystemFiles":true,"deviceName":"emulator-5554","platformVersion":"10","udid":"emulator-5554","deviceUDID":"emulator-5554"}],"alway...
[debug] &amp#27;[35m[WD Proxy]&amp#27;[39m Got response with status 200: {"sessionId":"5be3e2fa-3592-4ef1-b3f2-6c24d49950bf","value":{"sessionId":"5be3e2fa-3592-4ef1-b3f2-6c24d49950bf","capabilities":{"firstMatch":[{"platform":"LINUX","webStorageEnabled":false,"takesScreenshot":true,"javascriptEnabled":true,"databaseEnabled":false,"networkConnectionEnabled":true,"locationContextEnabled":false,"warnings":{},"desired":{"platformName":"android","appActivity":"com.sfdmobile.MainActivity","appPackage":"com.sarajevo.food.dictionary","uiautomator2ServerInstallTimeout":8000,"unlockKey":"0122882435abA","unlockType":"password","autoGrantPermissions":true,"automationName":"uiAutomator2","avd":"Nexus","clearSystemFiles":true,"deviceName":"Nexus","platformVersion":"10","udid":"emulator-5554"},"platformName":"android","appActivity":"com.sfdmobile.MainActivity","appPackage":"com.sarajevo.food.dictionary","uiautomator2ServerInstallTimeout":8000,"unlockKey":"0122882435abA","unlockType":"password","autoGrantPermissions":true,"automationName":"uiAutomator2","avd":"Nexus","clearSystemFiles":true,"...
&amp#27;[35m[WD Proxy]&amp#27;[39m Determined the downstream protocol as 'W3C'
[debug] &amp#27;[35m[WD Proxy]&amp#27;[39m Proxying [GET /appium/device/info] to [GET http://localhost:8210/wd/hub/session/5be3e2fa-3592-4ef1-b3f2-6c24d49950bf/appium/device/info] with no body
[debug] &amp#27;[35m[WD Proxy]&amp#27;[39m Got response with status 200: {"sessionId":"5be3e2fa-3592-4ef1-b3f2-6c24d49950bf","value":{"androidId":"2ff7954456c1ed91","manufacturer":"Google","model":"Android SDK built for x86","brand":"google","apiVersion":"29","platformVersion":"10","carrierName":"Android","realDisplaySize":"1440x2560","displayDensity":560,"networks":[{"type":0,"typeName":"MOBILE","subtype":13,"subtypeName":"LTE","isConnected":true,"detailedState":"CONNECTED","state":"CONNECTED","extraInfo":"epc.tmobile.com","isAvailable":true,"isFailover":false,"isRoaming":false,"capabilities":{"transportTypes":"NET_CAPABILITY_MMS","networkCapabilities":"","linkUpstreamBandwidthKbps":51200,"linkDownBandwidthKbps":102400,"signalStrength":-2147483648,"networkSpecifier":"1","SSID":null}},{"type":1,"typeName":"WIFI","subtype":0,"subtypeName":"","isConnected":true,"detailedState":"CONNECTED","state":"CONNECTED","extraInfo":null,"isAvailable":true,"isFailover":false,"isRoaming":false,"capabilities":{"transportTypes":"NET_CAPABILITY_SUPL","networkCapabilities":"","linkUpstreamBandwidt...
[debug] &amp#27;[35m[ADB]&amp#27;[39m Running '/home/amrka/Android/Sdk/platform-tools/adb -P 5037 -s emulator-5554 shell dumpsys window'
&amp#27;[35m[AndroidDriver]&amp#27;[39m Screen already unlocked, doing nothing
&amp#27;[35m[UiAutomator2]&amp#27;[39m Starting 'com.sarajevo.food.dictionary/com.sfdmobile.MainActivity and waiting for 'com.sarajevo.food.dictionary/com.sfdmobile.MainActivity'
[debug] &amp#27;[35m[ADB]&amp#27;[39m Running '/home/amrka/Android/Sdk/platform-tools/adb -P 5037 -s emulator-5554 shell am start -W -n com.sarajevo.food.dictionary/com.sfdmobile.MainActivity -S -a android.intent.action.MAIN -c android.intent.category.LAUNCHER -f 0x10200000'
[debug] &amp#27;[35m[WD Proxy]&amp#27;[39m Matched '/status' to command name 'getStatus'
[debug] &amp#27;[35m[WD Proxy]&amp#27;[39m Proxying [GET /status] to [GET http://localhost:8210/wd/hub/status] with no body
[debug] &amp#27;[35m[WD Proxy]&amp#27;[39m Got response with status 200: {"sessionId":"None","value":{"ready":true,"message":"UiAutomator2 Server is ready to accept commands"}}
[debug] &amp#27;[35m[UiAutomator2]&amp#27;[39m The initialization of the instrumentation process took 2061ms
[debug] &amp#27;[35m[WD Proxy]&amp#27;[39m Matched '/session' to command name 'createSession'
[debug] &amp#27;[35m[WD Proxy]&amp#27;[39m Proxying [POST /session] to [POST http://localhost:8210/wd/hub/session] with body: {"capabilities":{"firstMatch":[{"platform":"LINUX","webStorageEnabled":false,"takesScreenshot":true,"javascriptEnabled":true,"databaseEnabled":false,"networkConnectionEnabled":true,"locationContextEnabled":false,"warnings":{},"desired":{"platformName":"android","appActivity":"com.sfdmobile.MainActivity","appPackage":"com.sarajevo.food.dictionary","uiautomator2ServerInstallTimeout":8000,"unlockKey":"0122882435abA","unlockType":"password","autoGrantPermissions":true,"automationName":"uiAutomator2","avd":"Pixel","clearSystemFiles":true,"deviceName":"Pixel","platformVersion":"10","udid":"emulator-5556"},"platformName":"android","appActivity":"com.sfdmobile.MainActivity","appPackage":"com.sarajevo.food.dictionary","uiautomator2ServerInstallTimeout":8000,"unlockKey":"0122882435abA","unlockType":"password","autoGrantPermissions":true,"automationName":"uiAutomator2","avd":"Pixel","clearSystemFiles":true,"deviceName":"emulator-5556","platformVersion":"10","udid":"emulator-5556","deviceUDID":"emulator-5556"}],"alway...
[debug] &amp#27;[35m[WD Proxy]&amp#27;[39m Got response with status 200: {"sessionId":"289d498c-e923-4e62-b95f-c7f034854878","value":{"sessionId":"289d498c-e923-4e62-b95f-c7f034854878","capabilities":{"firstMatch":[{"platform":"LINUX","webStorageEnabled":false,"takesScreenshot":true,"javascriptEnabled":true,"databaseEnabled":false,"networkConnectionEnabled":true,"locationContextEnabled":false,"warnings":{},"desired":{"platformName":"android","appActivity":"com.sfdmobile.MainActivity","appPackage":"com.sarajevo.food.dictionary","uiautomator2ServerInstallTimeout":8000,"unlockKey":"0122882435abA","unlockType":"password","autoGrantPermissions":true,"automationName":"uiAutomator2","avd":"Pixel","clearSystemFiles":true,"deviceName":"Pixel","platformVersion":"10","udid":"emulator-5556"},"platformName":"android","appActivity":"com.sfdmobile.MainActivity","appPackage":"com.sarajevo.food.dictionary","uiautomator2ServerInstallTimeout":8000,"unlockKey":"0122882435abA","unlockType":"password","autoGrantPermissions":true,"automationName":"uiAutomator2","avd":"Pixel","clearSystemFiles":true,"...
&amp#27;[35m[WD Proxy]&amp#27;[39m Determined the downstream protocol as 'W3C'
[debug] &amp#27;[35m[WD Proxy]&amp#27;[39m Proxying [GET /appium/device/info] to [GET http://localhost:8210/wd/hub/session/289d498c-e923-4e62-b95f-c7f034854878/appium/device/info] with no body
[debug] &amp#27;[35m[WD Proxy]&amp#27;[39m Got response with status 200: {"sessionId":"289d498c-e923-4e62-b95f-c7f034854878","value":{"androidId":"2ff7954456c1ed91","manufacturer":"Google","model":"Android SDK built for x86","brand":"google","apiVersion":"29","platformVersion":"10","carrierName":"Android","realDisplaySize":"1440x2560","displayDensity":560,"networks":[{"type":0,"typeName":"MOBILE","subtype":13,"subtypeName":"LTE","isConnected":true,"detailedState":"CONNECTED","state":"CONNECTED","extraInfo":"epc.tmobile.com","isAvailable":true,"isFailover":false,"isRoaming":false,"capabilities":{"transportTypes":"NET_CAPABILITY_MMS","networkCapabilities":"","linkUpstreamBandwidthKbps":51200,"linkDownBandwidthKbps":102400,"signalStrength":-2147483648,"networkSpecifier":"1","SSID":null}},{"type":1,"typeName":"WIFI","subtype":0,"subtypeName":"","isConnected":true,"detailedState":"CONNECTED","state":"CONNECTED","extraInfo":null,"isAvailable":true,"isFailover":false,"isRoaming":false,"capabilities":{"transportTypes":"NET_CAPABILITY_SUPL","networkCapabilities":"","linkUpstreamBandwidt...
[debug] &amp#27;[35m[ADB]&amp#27;[39m Running '/home/amrka/Android/Sdk/platform-tools/adb -P 5037 -s emulator-5556 shell dumpsys window'
&amp#27;[35m[AndroidDriver]&amp#27;[39m Screen already unlocked, doing nothing
&amp#27;[35m[UiAutomator2]&amp#27;[39m Starting 'com.sarajevo.food.dictionary/com.sfdmobile.MainActivity and waiting for 'com.sarajevo.food.dictionary/com.sfdmobile.MainActivity'
[debug] &amp#27;[35m[ADB]&amp#27;[39m Running '/home/amrka/Android/Sdk/platform-tools/adb -P 5037 -s emulator-5556 shell am start -W -n com.sarajevo.food.dictionary/com.sfdmobile.MainActivity -S -a android.intent.action.MAIN -c android.intent.category.LAUNCHER -f 0x10200000'
[debug] &amp#27;[35m[WD Proxy]&amp#27;[39m Proxying [GET /appium/device/pixel_ratio] to [GET http://localhost:8210/wd/hub/session/5be3e2fa-3592-4ef1-b3f2-6c24d49950bf/appium/device/pixel_ratio] with body: {}
[debug] &amp#27;[35m[WD Proxy]&amp#27;[39m Got response with status 200: {"sessionId":"5be3e2fa-3592-4ef1-b3f2-6c24d49950bf","value":3.5}
[debug] &amp#27;[35m[WD Proxy]&amp#27;[39m Matched '/appium/device/system_bars' to command name 'getSystemBars'
[debug] &amp#27;[35m[WD Proxy]&amp#27;[39m Proxying [GET /appium/device/system_bars] to [GET http://localhost:8210/wd/hub/session/5be3e2fa-3592-4ef1-b3f2-6c24d49950bf/appium/device/system_bars] with body: {}
[debug] &amp#27;[35m[WD Proxy]&amp#27;[39m Got response with status 200: {"sessionId":"5be3e2fa-3592-4ef1-b3f2-6c24d49950bf","value":{"statusBar":84}}
[debug] &amp#27;[35m[WD Proxy]&amp#27;[39m Matched '/window/current/size' to command name 'getWindowSize'
[debug] &amp#27;[35m[WD Proxy]&amp#27;[39m Proxying [GET /window/current/size] to [GET http://localhost:8210/wd/hub/session/5be3e2fa-3592-4ef1-b3f2-6c24d49950bf/window/current/size] with body: {}
[debug] &amp#27;[35m[WD Proxy]&amp#27;[39m Got response with status 200: {"sessionId":"5be3e2fa-3592-4ef1-b3f2-6c24d49950bf","value":{"height":2392,"width":1440}}
&amp#27;[35m[Appium]&amp#27;[39m New AndroidUiautomator2Driver session created successfully, session f2d942e6-800b-4d9f-a146-326bb745f6f0 added to master session list
[debug] &amp#27;[35m[BaseDriver]&amp#27;[39m Event 'newSessionStarted' logged at 1571526867633 (01:14:27 GMT+0200 (Central European Summer Time))
[debug] &amp#27;[35m[W3C (f2d942e6)]&amp#27;[39m Cached the protocol value 'W3C' for the new session f2d942e6-800b-4d9f-a146-326bb745f6f0
[debug] &amp#27;[35m[W3C (f2d942e6)]&amp#27;[39m Responding to client with driver.createSession() result: {"capabilities":{"platform":"LINUX","webStorageEnabled":false,"takesScreenshot":true,"javascriptEnabled":true,"databaseEnabled":false,"networkConnectionEnabled":true,"locationContextEnabled":false,"warnings":{},"desired":{"platformName":"android","appActivity":"com.sfdmobile.MainActivity","appPackage":"com.sarajevo.food.dictionary","uiautomator2ServerInstallTimeout":8000,"unlockKey":"0122882435abA","unlockType":"password","autoGrantPermissions":true,"automationName":"uiAutomator2","avd":"Nexus","clearSystemFiles":true,"deviceName":"Nexus","platformVersion":"10","udid":"emulator-5554"},"platformName":"android","appActivity":"com.sfdmobile.MainActivity","appPackage":"com.sarajevo.food.dictionary","uiautomator2ServerInstallTimeout":8000,"unlockKey":"0122882435abA","unlockType":"password","autoGrantPermissions":true,"automationName":"uiAutomator2","avd":"Nexus","clearSystemFiles":true,"deviceName":"emulator-5554","platformVersion":"10","udid":"emulator-5554","deviceUDID":"emulator-5554","deviceApiLevel":29,"de...
&amp#27;[35m[HTTP]&amp#27;[39m &amp#27;[37m<-- POST /wd/hub/session &amp#27;[39m&amp#27;[32m200&amp#27;[39m &amp#27;[90m7695 ms - 1307&amp#27;[39m
&amp#27;[35m[HTTP]&amp#27;[39m &amp#27;[90m&amp#27;[39m
&amp#27;[35m[HTTP]&amp#27;[39m &amp#27;[37m-->&amp#27;[39m &amp#27;[37mGET&amp#27;[39m &amp#27;[37m/wd/hub/session/f2d942e6-800b-4d9f-a146-326bb745f6f0&amp#27;[39m
&amp#27;[35m[HTTP]&amp#27;[39m &amp#27;[90m{}&amp#27;[39m
[debug] &amp#27;[35m[W3C (f2d942e6)]&amp#27;[39m Calling AppiumDriver.getSession() with args: ["f2d942e6-800b-4d9f-a146-326bb745f6f0"]
[debug] &amp#27;[35m[UiAutomator2]&amp#27;[39m Getting session details from server to mix in
[debug] &amp#27;[35m[WD Proxy]&amp#27;[39m Matched '/' to command name 'getSession'
[debug] &amp#27;[35m[WD Proxy]&amp#27;[39m Proxying [GET /] to [GET http://localhost:8210/wd/hub/session/5be3e2fa-3592-4ef1-b3f2-6c24d49950bf] with body: {}
[debug] &amp#27;[35m[WD Proxy]&amp#27;[39m Got response with status 200: {"sessionId":"5be3e2fa-3592-4ef1-b3f2-6c24d49950bf","value":{}}
[debug] &amp#27;[35m[W3C (f2d942e6)]&amp#27;[39m Responding to client with driver.getSession() result: {"platform":"LINUX","webStorageEnabled":false,"takesScreenshot":true,"javascriptEnabled":true,"databaseEnabled":false,"networkConnectionEnabled":true,"locationContextEnabled":false,"warnings":{},"desired":{"platformName":"android","appActivity":"com.sfdmobile.MainActivity","appPackage":"com.sarajevo.food.dictionary","uiautomator2ServerInstallTimeout":8000,"unlockKey":"0122882435abA","unlockType":"password","autoGrantPermissions":true,"automationName":"uiAutomator2","avd":"Nexus","clearSystemFiles":true,"deviceName":"Nexus","platformVersion":"10","udid":"emulator-5554"},"platformName":"android","appActivity":"com.sfdmobile.MainActivity","appPackage":"com.sarajevo.food.dictionary","uiautomator2ServerInstallTimeout":8000,"unlockKey":"0122882435abA","unlockType":"password","autoGrantPermissions":true,"automationName":"uiAutomator2","avd":"Nexus","clearSystemFiles":true,"deviceName":"emulator-5554","platformVersion":"10","udid":"emulator-5554","deviceUDID":"emulator-5554","deviceApiLevel":29,"deviceScreenSize":...
&amp#27;[35m[HTTP]&amp#27;[39m &amp#27;[37m<-- GET /wd/hub/session/f2d942e6-800b-4d9f-a146-326bb745f6f0 &amp#27;[39m&amp#27;[32m200&amp#27;[39m &amp#27;[90m49 ms - 1239&amp#27;[39m
&amp#27;[35m[HTTP]&amp#27;[39m &amp#27;[90m&amp#27;[39m
&amp#27;[35m[HTTP]&amp#27;[39m &amp#27;[37m-->&amp#27;[39m &amp#27;[37mGET&amp#27;[39m &amp#27;[37m/wd/hub/session/f2d942e6-800b-4d9f-a146-326bb745f6f0&amp#27;[39m
&amp#27;[35m[HTTP]&amp#27;[39m &amp#27;[90m{}&amp#27;[39m
[debug] &amp#27;[35m[W3C (f2d942e6)]&amp#27;[39m Calling AppiumDriver.getSession() with args: ["f2d942e6-800b-4d9f-a146-326bb745f6f0"]
[debug] &amp#27;[35m[UiAutomator2]&amp#27;[39m Getting session details from server to mix in
[debug] &amp#27;[35m[WD Proxy]&amp#27;[39m Matched '/' to command name 'getSession'
[debug] &amp#27;[35m[WD Proxy]&amp#27;[39m Proxying [GET /] to [GET http://localhost:8210/wd/hub/session/5be3e2fa-3592-4ef1-b3f2-6c24d49950bf] with body: {}
[debug] &amp#27;[35m[WD Proxy]&amp#27;[39m Got response with status 200: {"sessionId":"5be3e2fa-3592-4ef1-b3f2-6c24d49950bf","value":{}}
[debug] &amp#27;[35m[W3C (f2d942e6)]&amp#27;[39m Responding to client with driver.getSession() result: {"platform":"LINUX","webStorageEnabled":false,"takesScreenshot":true,"javascriptEnabled":true,"databaseEnabled":false,"networkConnectionEnabled":true,"locationContextEnabled":false,"warnings":{},"desired":{"platformName":"android","appActivity":"com.sfdmobile.MainActivity","appPackage":"com.sarajevo.food.dictionary","uiautomator2ServerInstallTimeout":8000,"unlockKey":"0122882435abA","unlockType":"password","autoGrantPermissions":true,"automationName":"uiAutomator2","avd":"Nexus","clearSystemFiles":true,"deviceName":"Nexus","platformVersion":"10","udid":"emulator-5554"},"platformName":"android","appActivity":"com.sfdmobile.MainActivity","appPackage":"com.sarajevo.food.dictionary","uiautomator2ServerInstallTimeout":8000,"unlockKey":"0122882435abA","unlockType":"password","autoGrantPermissions":true,"automationName":"uiAutomator2","avd":"Nexus","clearSystemFiles":true,"deviceName":"emulator-5554","platformVersion":"10","udid":"emulator-5554","deviceUDID":"emulator-5554","deviceApiLevel":29,"deviceScreenSize":...
&amp#27;[35m[HTTP]&amp#27;[39m &amp#27;[37m<-- GET /wd/hub/session/f2d942e6-800b-4d9f-a146-326bb745f6f0 &amp#27;[39m&amp#27;[32m200&amp#27;[39m &amp#27;[90m22 ms - 1239&amp#27;[39m
&amp#27;[35m[HTTP]&amp#27;[39m &amp#27;[90m&amp#27;[39m
I am in onTestStart method Verify_user_can_use_tourist_mode start
I am in onTestStart method Verify_user_can_use_tourist_mode start
&amp#27;[35m[HTTP]&amp#27;[39m &amp#27;[37m-->&amp#27;[39m &amp#27;[37mGET&amp#27;[39m &amp#27;[37m/wd/hub/session/f2d942e6-800b-4d9f-a146-326bb745f6f0&amp#27;[39m
&amp#27;[35m[HTTP]&amp#27;[39m &amp#27;[90m{}&amp#27;[39m
[debug] &amp#27;[35m[W3C (f2d942e6)]&amp#27;[39m Calling AppiumDriver.getSession() with args: ["f2d942e6-800b-4d9f-a146-326bb745f6f0"]
[debug] &amp#27;[35m[UiAutomator2]&amp#27;[39m Getting session details from server to mix in
[debug] &amp#27;[35m[WD Proxy]&amp#27;[39m Matched '/' to command name 'getSession'
[debug] &amp#27;[35m[WD Proxy]&amp#27;[39m Proxying [GET /] to [GET http://localhost:8210/wd/hub/session/5be3e2fa-3592-4ef1-b3f2-6c24d49950bf] with body: {}
[debug] &amp#27;[35m[WD Proxy]&amp#27;[39m Got response with status 200: {"sessionId":"5be3e2fa-3592-4ef1-b3f2-6c24d49950bf","value":{}}
[debug] &amp#27;[35m[W3C (f2d942e6)]&amp#27;[39m Responding to client with driver.getSession() result: {"platform":"LINUX","webStorageEnabled":false,"takesScreenshot":true,"javascriptEnabled":true,"databaseEnabled":false,"networkConnectionEnabled":true,"locationContextEnabled":false,"warnings":{},"desired":{"platformName":"android","appActivity":"com.sfdmobile.MainActivity","appPackage":"com.sarajevo.food.dictionary","uiautomator2ServerInstallTimeout":8000,"unlockKey":"0122882435abA","unlockType":"password","autoGrantPermissions":true,"automationName":"uiAutomator2","avd":"Nexus","clearSystemFiles":true,"deviceName":"Nexus","platformVersion":"10","udid":"emulator-5554"},"platformName":"android","appActivity":"com.sfdmobile.MainActivity","appPackage":"com.sarajevo.food.dictionary","uiautomator2ServerInstallTimeout":8000,"unlockKey":"0122882435abA","unlockType":"password","autoGrantPermissions":true,"automationName":"uiAutomator2","avd":"Nexus","clearSystemFiles":true,"deviceName":"emulator-5554","platformVersion":"10","udid":"emulator-5554","deviceUDID":"emulator-5554","deviceApiLevel":29,"deviceScreenSize":...
&amp#27;[35m[HTTP]&amp#27;[39m &amp#27;[37m<-- GET /wd/hub/session/f2d942e6-800b-4d9f-a146-326bb745f6f0 &amp#27;[39m&amp#27;[32m200&amp#27;[39m &amp#27;[90m13 ms - 1239&amp#27;[39m
&amp#27;[35m[HTTP]&amp#27;[39m &amp#27;[90m&amp#27;[39m
&amp#27;[35m[HTTP]&amp#27;[39m &amp#27;[37m-->&amp#27;[39m &amp#27;[37mGET&amp#27;[39m &amp#27;[37m/wd/hub/session/f2d942e6-800b-4d9f-a146-326bb745f6f0&amp#27;[39m
&amp#27;[35m[HTTP]&amp#27;[39m &amp#27;[90m{}&amp#27;[39m
[debug] &amp#27;[35m[W3C (f2d942e6)]&amp#27;[39m Calling AppiumDriver.getSession() with args: ["f2d942e6-800b-4d9f-a146-326bb745f6f0"]
[debug] &amp#27;[35m[UiAutomator2]&amp#27;[39m Getting session details from server to mix in
[debug] &amp#27;[35m[WD Proxy]&amp#27;[39m Matched '/' to command name 'getSession'
[debug] &amp#27;[35m[WD Proxy]&amp#27;[39m Proxying [GET /] to [GET http://localhost:8210/wd/hub/session/5be3e2fa-3592-4ef1-b3f2-6c24d49950bf] with body: {}
[debug] &amp#27;[35m[WD Proxy]&amp#27;[39m Got response with status 200: {"sessionId":"5be3e2fa-3592-4ef1-b3f2-6c24d49950bf","value":{}}
[debug] &amp#27;[35m[W3C (f2d942e6)]&amp#27;[39m Responding to client with driver.getSession() result: {"platform":"LINUX","webStorageEnabled":false,"takesScreenshot":true,"javascriptEnabled":true,"databaseEnabled":false,"networkConnectionEnabled":true,"locationContextEnabled":false,"warnings":{},"desired":{"platformName":"android","appActivity":"com.sfdmobile.MainActivity","appPackage":"com.sarajevo.food.dictionary","uiautomator2ServerInstallTimeout":8000,"unlockKey":"0122882435abA","unlockType":"password","autoGrantPermissions":true,"automationName":"uiAutomator2","avd":"Nexus","clearSystemFiles":true,"deviceName":"Nexus","platformVersion":"10","udid":"emulator-5554"},"platformName":"android","appActivity":"com.sfdmobile.MainActivity","appPackage":"com.sarajevo.food.dictionary","uiautomator2ServerInstallTimeout":8000,"unlockKey":"0122882435abA","unlockType":"password","autoGrantPermissions":true,"automationName":"uiAutomator2","avd":"Nexus","clearSystemFiles":true,"deviceName":"emulator-5554","platformVersion":"10","udid":"emulator-5554","deviceUDID":"emulator-5554","deviceApiLevel":29,"deviceScreenSize":...
&amp#27;[35m[HTTP]&amp#27;[39m &amp#27;[37m<-- GET /wd/hub/session/f2d942e6-800b-4d9f-a146-326bb745f6f0 &amp#27;[39m&amp#27;[32m200&amp#27;[39m &amp#27;[90m13 ms - 1239&amp#27;[39m
&amp#27;[35m[HTTP]&amp#27;[39m &amp#27;[90m&amp#27;[39m
[debug] &amp#27;[35m[WD Proxy]&amp#27;[39m Proxying [GET /appium/device/pixel_ratio] to [GET http://localhost:8210/wd/hub/session/289d498c-e923-4e62-b95f-c7f034854878/appium/device/pixel_ratio] with body: {}
[debug] &amp#27;[35m[WD Proxy]&amp#27;[39m Got response with status 200: {"sessionId":"289d498c-e923-4e62-b95f-c7f034854878","value":3.5}
[debug] &amp#27;[35m[WD Proxy]&amp#27;[39m Matched '/appium/device/system_bars' to command name 'getSystemBars'
[debug] &amp#27;[35m[WD Proxy]&amp#27;[39m Proxying [GET /appium/device/system_bars] to [GET http://localhost:8210/wd/hub/session/289d498c-e923-4e62-b95f-c7f034854878/appium/device/system_bars] with body: {}
[debug] &amp#27;[35m[WD Proxy]&amp#27;[39m Got response with status 200: {"sessionId":"289d498c-e923-4e62-b95f-c7f034854878","value":{"statusBar":84}}
[debug] &amp#27;[35m[WD Proxy]&amp#27;[39m Matched '/window/current/size' to command name 'getWindowSize'
[debug] &amp#27;[35m[WD Proxy]&amp#27;[39m Proxying [GET /window/current/size] to [GET http://localhost:8210/wd/hub/session/289d498c-e923-4e62-b95f-c7f034854878/window/current/size] with body: {}
[debug] &amp#27;[35m[WD Proxy]&amp#27;[39m Got response with status 200: {"sessionId":"289d498c-e923-4e62-b95f-c7f034854878","value":{"height":2392,"width":1440}}
&amp#27;[35m[Appium]&amp#27;[39m New AndroidUiautomator2Driver session created successfully, session 94bae10f-5d74-494f-a400-777ee1f29d70 added to master session list
[debug] &amp#27;[35m[BaseDriver]&amp#27;[39m Event 'newSessionStarted' logged at 1571526868115 (01:14:28 GMT+0200 (Central European Summer Time))
[debug] &amp#27;[35m[W3C (94bae10f)]&amp#27;[39m Cached the protocol value 'W3C' for the new session 94bae10f-5d74-494f-a400-777ee1f29d70
[debug] &amp#27;[35m[W3C (94bae10f)]&amp#27;[39m Responding to client with driver.createSession() result: {"capabilities":{"platform":"LINUX","webStorageEnabled":false,"takesScreenshot":true,"javascriptEnabled":true,"databaseEnabled":false,"networkConnectionEnabled":true,"locationContextEnabled":false,"warnings":{},"desired":{"platformName":"android","appActivity":"com.sfdmobile.MainActivity","appPackage":"com.sarajevo.food.dictionary","uiautomator2ServerInstallTimeout":8000,"unlockKey":"0122882435abA","unlockType":"password","autoGrantPermissions":true,"automationName":"uiAutomator2","avd":"Pixel","clearSystemFiles":true,"deviceName":"Pixel","platformVersion":"10","udid":"emulator-5556"},"platformName":"android","appActivity":"com.sfdmobile.MainActivity","appPackage":"com.sarajevo.food.dictionary","uiautomator2ServerInstallTimeout":8000,"unlockKey":"0122882435abA","unlockType":"password","autoGrantPermissions":true,"automationName":"uiAutomator2","avd":"Pixel","clearSystemFiles":true,"deviceName":"emulator-5556","platformVersion":"10","udid":"emulator-5556","deviceUDID":"emulator-5556","deviceApiLevel":29,"de...
&amp#27;[35m[HTTP]&amp#27;[39m &amp#27;[37m<-- POST /wd/hub/session &amp#27;[39m&amp#27;[32m200&amp#27;[39m &amp#27;[90m8175 ms - 1307&amp#27;[39m
&amp#27;[35m[HTTP]&amp#27;[39m &amp#27;[90m&amp#27;[39m
&amp#27;[35m[HTTP]&amp#27;[39m &amp#27;[37m-->&amp#27;[39m &amp#27;[37mGET&amp#27;[39m &amp#27;[37m/wd/hub/session/94bae10f-5d74-494f-a400-777ee1f29d70&amp#27;[39m
&amp#27;[35m[HTTP]&amp#27;[39m &amp#27;[90m{}&amp#27;[39m
[debug] &amp#27;[35m[W3C (94bae10f)]&amp#27;[39m Calling AppiumDriver.getSession() with args: ["94bae10f-5d74-494f-a400-777ee1f29d70"]
[debug] &amp#27;[35m[UiAutomator2]&amp#27;[39m Getting session details from server to mix in
[debug] &amp#27;[35m[WD Proxy]&amp#27;[39m Matched '/' to command name 'getSession'
[debug] &amp#27;[35m[WD Proxy]&amp#27;[39m Proxying [GET /] to [GET http://localhost:8210/wd/hub/session/289d498c-e923-4e62-b95f-c7f034854878] with body: {}
[debug] &amp#27;[35m[WD Proxy]&amp#27;[39m Got response with status 200: {"sessionId":"289d498c-e923-4e62-b95f-c7f034854878","value":{}}
[debug] &amp#27;[35m[W3C (94bae10f)]&amp#27;[39m Responding to client with driver.getSession() result: {"platform":"LINUX","webStorageEnabled":false,"takesScreenshot":true,"javascriptEnabled":true,"databaseEnabled":false,"networkConnectionEnabled":true,"locationContextEnabled":false,"warnings":{},"desired":{"platformName":"android","appActivity":"com.sfdmobile.MainActivity","appPackage":"com.sarajevo.food.dictionary","uiautomator2ServerInstallTimeout":8000,"unlockKey":"0122882435abA","unlockType":"password","autoGrantPermissions":true,"automationName":"uiAutomator2","avd":"Pixel","clearSystemFiles":true,"deviceName":"Pixel","platformVersion":"10","udid":"emulator-5556"},"platformName":"android","appActivity":"com.sfdmobile.MainActivity","appPackage":"com.sarajevo.food.dictionary","uiautomator2ServerInstallTimeout":8000,"unlockKey":"0122882435abA","unlockType":"password","autoGrantPermissions":true,"automationName":"uiAutomator2","avd":"Pixel","clearSystemFiles":true,"deviceName":"emulator-5556","platformVersion":"10","udid":"emulator-5556","deviceUDID":"emulator-5556","deviceApiLevel":29,"deviceScreenSize":...
&amp#27;[35m[HTTP]&amp#27;[39m &amp#27;[37m<-- GET /wd/hub/session/94bae10f-5d74-494f-a400-777ee1f29d70 &amp#27;[39m&amp#27;[32m200&amp#27;[39m &amp#27;[90m73 ms - 1239&amp#27;[39m
&amp#27;[35m[HTTP]&amp#27;[39m &amp#27;[90m&amp#27;[39m
&amp#27;[35m[HTTP]&amp#27;[39m &amp#27;[37m-->&amp#27;[39m &amp#27;[37mGET&amp#27;[39m &amp#27;[37m/wd/hub/session/94bae10f-5d74-494f-a400-777ee1f29d70&amp#27;[39m
&amp#27;[35m[HTTP]&amp#27;[39m &amp#27;[90m{}&amp#27;[39m
[debug] &amp#27;[35m[W3C (94bae10f)]&amp#27;[39m Calling AppiumDriver.getSession() with args: ["94bae10f-5d74-494f-a400-777ee1f29d70"]
[debug] &amp#27;[35m[UiAutomator2]&amp#27;[39m Getting session details from server to mix in
[debug] &amp#27;[35m[WD Proxy]&amp#27;[39m Matched '/' to command name 'getSession'
[debug] &amp#27;[35m[WD Proxy]&amp#27;[39m Proxying [GET /] to [GET http://localhost:8210/wd/hub/session/289d498c-e923-4e62-b95f-c7f034854878] with body: {}
[debug] &amp#27;[35m[WD Proxy]&amp#27;[39m Got response with status 200: {"sessionId":"289d498c-e923-4e62-b95f-c7f034854878","value":{}}
[debug] &amp#27;[35m[W3C (94bae10f)]&amp#27;[39m Responding to client with driver.getSession() result: {"platform":"LINUX","webStorageEnabled":false,"takesScreenshot":true,"javascriptEnabled":true,"databaseEnabled":false,"networkConnectionEnabled":true,"locationContextEnabled":false,"warnings":{},"desired":{"platformName":"android","appActivity":"com.sfdmobile.MainActivity","appPackage":"com.sarajevo.food.dictionary","uiautomator2ServerInstallTimeout":8000,"unlockKey":"0122882435abA","unlockType":"password","autoGrantPermissions":true,"automationName":"uiAutomator2","avd":"Pixel","clearSystemFiles":true,"deviceName":"Pixel","platformVersion":"10","udid":"emulator-5556"},"platformName":"android","appActivity":"com.sfdmobile.MainActivity","appPackage":"com.sarajevo.food.dictionary","uiautomator2ServerInstallTimeout":8000,"unlockKey":"0122882435abA","unlockType":"password","autoGrantPermissions":true,"automationName":"uiAutomator2","avd":"Pixel","clearSystemFiles":true,"deviceName":"emulator-5556","platformVersion":"10","udid":"emulator-5556","deviceUDID":"emulator-5556","deviceApiLevel":29,"deviceScreenSize":...
&amp#27;[35m[HTTP]&amp#27;[39m &amp#27;[37m<-- GET /wd/hub/session/94bae10f-5d74-494f-a400-777ee1f29d70 &amp#27;[39m&amp#27;[32m200&amp#27;[39m &amp#27;[90m20 ms - 1239&amp#27;[39m
&amp#27;[35m[HTTP]&amp#27;[39m &amp#27;[90m&amp#27;[39m
I am in onTestStart method Verify_user_can_use_tourist_mode start
&amp#27;[35m[HTTP]&amp#27;[39m &amp#27;[37m-->&amp#27;[39m &amp#27;[37mGET&amp#27;[39m &amp#27;[37m/wd/hub/session/94bae10f-5d74-494f-a400-777ee1f29d70&amp#27;[39m
&amp#27;[35m[HTTP]&amp#27;[39m &amp#27;[90m{}&amp#27;[39m
[debug] &amp#27;[35m[W3C (94bae10f)]&amp#27;[39m Calling AppiumDriver.getSession() with args: ["94bae10f-5d74-494f-a400-777ee1f29d70"]
[debug] &amp#27;[35m[UiAutomator2]&amp#27;[39m Getting session details from server to mix in
[debug] &amp#27;[35m[WD Proxy]&amp#27;[39m Matched '/' to command name 'getSession'
[debug] &amp#27;[35m[WD Proxy]&amp#27;[39m Proxying [GET /] to [GET http://localhost:8210/wd/hub/session/289d498c-e923-4e62-b95f-c7f034854878] with body: {}
[debug] &amp#27;[35m[WD Proxy]&amp#27;[39m Got response with status 200: {"sessionId":"289d498c-e923-4e62-b95f-c7f034854878","value":{}}
[debug] &amp#27;[35m[W3C (94bae10f)]&amp#27;[39m Responding to client with driver.getSession() result: {"platform":"LINUX","webStorageEnabled":false,"takesScreenshot":true,"javascriptEnabled":true,"databaseEnabled":false,"networkConnectionEnabled":true,"locationContextEnabled":false,"warnings":{},"desired":{"platformName":"android","appActivity":"com.sfdmobile.MainActivity","appPackage":"com.sarajevo.food.dictionary","uiautomator2ServerInstallTimeout":8000,"unlockKey":"0122882435abA","unlockType":"password","autoGrantPermissions":true,"automationName":"uiAutomator2","avd":"Pixel","clearSystemFiles":true,"deviceName":"Pixel","platformVersion":"10","udid":"emulator-5556"},"platformName":"android","appActivity":"com.sfdmobile.MainActivity","appPackage":"com.sarajevo.food.dictionary","uiautomator2ServerInstallTimeout":8000,"unlockKey":"0122882435abA","unlockType":"password","autoGrantPermissions":true,"automationName":"uiAutomator2","avd":"Pixel","clearSystemFiles":true,"deviceName":"emulator-5556","platformVersion":"10","udid":"emulator-5556","deviceUDID":"emulator-5556","deviceApiLevel":29,"deviceScreenSize":...
&amp#27;[35m[HTTP]&amp#27;[39m &amp#27;[37m<-- GET /wd/hub/session/94bae10f-5d74-494f-a400-777ee1f29d70 &amp#27;[39m&amp#27;[32m200&amp#27;[39m &amp#27;[90m34 ms - 1239&amp#27;[39m
&amp#27;[35m[HTTP]&amp#27;[39m &amp#27;[90m&amp#27;[39m
&amp#27;[35m[HTTP]&amp#27;[39m &amp#27;[37m-->&amp#27;[39m &amp#27;[37mGET&amp#27;[39m &amp#27;[37m/wd/hub/session/94bae10f-5d74-494f-a400-777ee1f29d70&amp#27;[39m
&amp#27;[35m[HTTP]&amp#27;[39m &amp#27;[90m{}&amp#27;[39m
[debug] &amp#27;[35m[W3C (94bae10f)]&amp#27;[39m Calling AppiumDriver.getSession() with args: ["94bae10f-5d74-494f-a400-777ee1f29d70"]
[debug] &amp#27;[35m[UiAutomator2]&amp#27;[39m Getting session details from server to mix in
[debug] &amp#27;[35m[WD Proxy]&amp#27;[39m Matched '/' to command name 'getSession'
[debug] &amp#27;[35m[WD Proxy]&amp#27;[39m Proxying [GET /] to [GET http://localhost:8210/wd/hub/session/289d498c-e923-4e62-b95f-c7f034854878] with body: {}
[debug] &amp#27;[35m[WD Proxy]&amp#27;[39m Got response with status 200: {"sessionId":"289d498c-e923-4e62-b95f-c7f034854878","value":{}}
[debug] &amp#27;[35m[W3C (94bae10f)]&amp#27;[39m Responding to client with driver.getSession() result: {"platform":"LINUX","webStorageEnabled":false,"takesScreenshot":true,"javascriptEnabled":true,"databaseEnabled":false,"networkConnectionEnabled":true,"locationContextEnabled":false,"warnings":{},"desired":{"platformName":"android","appActivity":"com.sfdmobile.MainActivity","appPackage":"com.sarajevo.food.dictionary","uiautomator2ServerInstallTimeout":8000,"unlockKey":"0122882435abA","unlockType":"password","autoGrantPermissions":true,"automationName":"uiAutomator2","avd":"Pixel","clearSystemFiles":true,"deviceName":"Pixel","platformVersion":"10","udid":"emulator-5556"},"platformName":"android","appActivity":"com.sfdmobile.MainActivity","appPackage":"com.sarajevo.food.dictionary","uiautomator2ServerInstallTimeout":8000,"unlockKey":"0122882435abA","unlockType":"password","autoGrantPermissions":true,"automationName":"uiAutomator2","avd":"Pixel","clearSystemFiles":true,"deviceName":"emulator-5556","platformVersion":"10","udid":"emulator-5556","deviceUDID":"emulator-5556","deviceApiLevel":29,"deviceScreenSize":...
[...]
[debug] &amp#27;[35m[W3C]&amp#27;[39m Matched W3C error code 'unknown error' to UnknownError
[debug] &amp#27;[35m[WD Proxy]&amp#27;[39m Got response with status 200: {"sessionId":"5be3e2fa-3592-4ef1-b3f2-6c24d49950bf","value":{"ELEMENT":"c0910eba-9185-47e6-b1e4-1c9f28c8c800","element-6066-11e4-a52e-4f735466cecf":"c0910eba-9185-47e6-b1e4-1c9f28c8c800"}}
[debug] &amp#27;[35m[W3C (f2d942e6)]&amp#27;[39m Responding to client with driver.findElement() result: {"element-6066-11e4-a52e-4f735466cecf":"c0910eba-9185-47e6-b1e4-1c9f28c8c800","ELEMENT":"c0910eba-9185-47e6-b1e4-1c9f28c8c800"}
&amp#27;[35m[HTTP]&amp#27;[39m &amp#27;[37m<-- POST /wd/hub/session/f2d942e6-800b-4d9f-a146-326bb745f6f0/element &amp#27;[39m&amp#27;[32m200&amp#27;[39m &amp#27;[90m320 ms - 137&amp#27;[39m
&amp#27;[35m[HTTP]&amp#27;[39m &amp#27;[90m&amp#27;[39m
&amp#27;[35m[HTTP]&amp#27;[39m &amp#27;[37m-->&amp#27;[39m &amp#27;[37mPOST&amp#27;[39m &amp#27;[37m/wd/hub/session/f2d942e6-800b-4d9f-a146-326bb745f6f0/element/c0910eba-9185-47e6-b1e4-1c9f28c8c800/click&amp#27;[39m
&amp#27;[35m[HTTP]&amp#27;[39m &amp#27;[90m{"id":"c0910eba-9185-47e6-b1e4-1c9f28c8c800"}&amp#27;[39m
[debug] &amp#27;[35m[W3C (f2d942e6)]&amp#27;[39m Calling AppiumDriver.click() with args: ["c0910eba-9185-47e6-b1e4-1c9f28c8c800","f2d942e6-800b-4d9f-a146-326bb745f6f0"]
[debug] &amp#27;[35m[WD Proxy]&amp#27;[39m Matched '/element/c0910eba-9185-47e6-b1e4-1c9f28c8c800/click' to command name 'click'
[debug] &amp#27;[35m[WD Proxy]&amp#27;[39m Proxying [POST /element/c0910eba-9185-47e6-b1e4-1c9f28c8c800/click] to [POST http://localhost:8210/wd/hub/session/5be3e2fa-3592-4ef1-b3f2-6c24d49950bf/element/c0910eba-9185-47e6-b1e4-1c9f28c8c800/click] with body: {"element":"c0910eba-9185-47e6-b1e4-1c9f28c8c800"}
[debug] &amp#27;[35m[W3C (94bae10f)]&amp#27;[39m Encountered internal error running command: An unknown server-side error occurred while processing the command. Original error: Error in building: Ill-formed XML document (missing opening tag for android.widget.ImageView). Try changing the 'normalizeTagNames' driver setting to 'true' in order to workaround the problem.
[debug] &amp#27;[35m[W3C (94bae10f)]&amp#27;[39m io.appium.uiautomator2.common.exceptions.UiAutomator2Exception: Error in building: Ill-formed XML document (missing opening tag for android.widget.ImageView). Try changing the 'normalizeTagNames' driver setting to 'true' in order to workaround the problem.
[debug] &amp#27;[35m[W3C (94bae10f)]&amp#27;[39m 	at io.appium.uiautomator2.core.AccessibilityNodeInfoDumper.findNodes(AccessibilityNodeInfoDumper.java:233)
[debug] &amp#27;[35m[W3C (94bae10f)]&amp#27;[39m 	at io.appium.uiautomator2.utils.ElementLocationHelpers.getXPathNodeMatch(ElementLocationHelpers.java:86)
[debug] &amp#27;[35m[W3C (94bae10f)]&amp#27;[39m 	at io.appium.uiautomator2.handler.FindElement.findElement(FindElement.java:100)
[debug] &amp#27;[35m[W3C (94bae10f)]&amp#27;[39m 	at io.appium.uiautomator2.handler.FindElement.safeHandle(FindElement.java:72)
[debug] &amp#27;[35m[W3C (94bae10f)]&amp#27;[39m 	at io.appium.uiautomator2.handler.request.SafeRequestHandler.handle(SafeRequestHandler.java:38)
[debug] &amp#27;[35m[W3C (94bae10f)]&amp#27;[39m 	at io.appium.uiautomator2.server.AppiumServlet.handleRequest(AppiumServlet.java:252)
[debug] &amp#27;[35m[W3C (94bae10f)]&amp#27;[39m 	at io.appium.uiautomator2.server.AppiumServlet.handleHttpRequest(AppiumServlet.java:242)
[debug] &amp#27;[35m[W3C (94bae10f)]&amp#27;[39m 	at io.appium.uiautomator2.http.ServerHandler.channelRead(ServerHandler.java:44)
[debug] &amp#27;[35m[W3C (94bae10f)]&amp#27;[39m 	at io.netty.channel.AbstractChannelHandlerContext.invokeChannelRead(AbstractChannelHandlerContext.java:366)
[debug] &amp#27;[35m[W3C (94bae10f)]&amp#27;[39m 	at io.netty.channel.AbstractChannelHandlerContext.invokeChannelRead(AbstractChannelHandlerContext.java:352)
[debug] &amp#27;[35m[W3C (94bae10f)]&amp#27;[39m 	at io.netty.channel.AbstractChannelHandlerContext.fireChannelRead(AbstractChannelHandlerContext.java:345)
[debug] &amp#27;[35m[W3C (94bae10f)]&amp#27;[39m 	at io.netty.handler.codec.MessageToMessageDecoder.channelRead(MessageToMessageDecoder.java:102)
[debug] &amp#27;[35m[W3C (94bae10f)]&amp#27;[39m 	at io.netty.channel.AbstractChannelHandlerContext.invokeChannelRead(AbstractChannelHandlerContext.java:366)
[debug] &amp#27;[35m[W3C (94bae10f)]&amp#27;[39m 	at io.netty.channel.AbstractChannelHandlerContext.invokeChannelRead(AbstractChannelHandlerContext.java:352)
[debug] &amp#27;[35m[W3C (94bae10f)]&amp#27;[39m 	at io.netty.channel.AbstractChannelHandlerContext.fireChannelRead(AbstractChannelHandlerContext.java:345)
[debug] &amp#27;[35m[W3C (94bae10f)]&amp#27;[39m 	at io.netty.channel.CombinedChannelDuplexHandler$DelegatingChannelHandlerContext.fireChannelRead(CombinedChannelDuplexHandler.java:435)
[debug] &amp#27;[35m[W3C (94bae10f)]&amp#27;[39m 	at io.netty.handler.codec.ByteToMessageDecoder.fireChannelRead(ByteToMessageDecoder.java:293)
[debug] &amp#27;[35m[W3C (94bae10f)]&amp#27;[39m 	at io.netty.handler.codec.ByteToMessageDecoder.channelRead(ByteToMessageDecoder.java:267)
[debug] &amp#27;[35m[W3C (94bae10f)]&amp#27;[39m 	at io.netty.channel.CombinedChannelDuplexHandler.channelRead(CombinedChannelDuplexHandler.java:250)
[debug] &amp#27;[35m[W3C (94bae10f)]&amp#27;[39m 	at io.netty.channel.AbstractChannelHandlerContext.invokeChannelRead(AbstractChannelHandlerContext.java:366)
[debug] &amp#27;[35m[W3C (94bae10f)]&amp#27;[39m 	at io.netty.channel.AbstractChannelHandlerContext.invokeChannelRead(AbstractChannelHandlerContext.java:352)
[debug] &amp#27;[35m[W3C (94bae10f)]&amp#27;[39m 	at io.netty.channel.AbstractChannelHandlerContext.fireChannelRead(AbstractChannelHandlerContext.java:345)
[debug] &amp#27;[35m[W3C (94bae10f)]&amp#27;[39m 	at io.netty.channel.DefaultChannelPipeline$HeadContext.channelRead(DefaultChannelPipeline.java:1294)
[debug] &amp#27;[35m[W3C (94bae10f)]&amp#27;[39m 	at io.netty.channel.AbstractChannelHandlerContext.invokeChannelRead(AbstractChannelHandlerContext.java:366)
[debug] &amp#27;[35m[W3C (94bae10f)]&amp#27;[39m 	at io.netty.channel.AbstractChannelHandlerContext.invokeChannelRead(AbstractChannelHandlerContext.java:352)
[debug] &amp#27;[35m[W3C (94bae10f)]&amp#27;[39m 	at io.netty.channel.DefaultChannelPipeline.fireChannelRead(DefaultChannelPipeline.java:911)
[debug] &amp#27;[35m[W3C (94bae10f)]&amp#27;[39m 	at io.netty.channel.nio.AbstractNioByteChannel$NioByteUnsafe.read(AbstractNioByteChannel.java:131)
[debug] &amp#27;[35m[W3C (94bae10f)]&amp#27;[39m 	at io.netty.channel.nio.NioEventLoop.processSelectedKey(NioEventLoop.java:611)
[debug] &amp#27;[35m[W3C (94bae10f)]&amp#27;[39m 	at io.netty.channel.nio.NioEventLoop.processSelectedKeysOptimized(NioEventLoop.java:552)
[debug] &amp#27;[35m[W3C (94bae10f)]&amp#27;[39m 	at io.netty.channel.nio.NioEventLoop.processSelectedKeys(NioEventLoop.java:466)
[debug] &amp#27;[35m[W3C (94bae10f)]&amp#27;[39m 	at io.netty.channel.nio.NioEventLoop.run(NioEventLoop.java:438)
[debug] &amp#27;[35m[W3C (94bae10f)]&amp#27;[39m 	at io.netty.util.concurrent.SingleThreadEventExecutor$2.run(SingleThreadEventExecutor.java:140)
[debug] &amp#27;[35m[W3C (94bae10f)]&amp#27;[39m 	at io.netty.util.concurrent.DefaultThreadFactory$DefaultRunnableDecorator.run(DefaultThreadFactory.java:144)
[debug] &amp#27;[35m[W3C (94bae10f)]&amp#27;[39m 	at java.lang.Thread.run(Thread.java:919)
[debug] &amp#27;[35m[W3C (94bae10f)]&amp#27;[39m Caused by: org.jdom2.input.JDOMParseException: Error in building: Ill-formed XML document (missing opening tag for android.widget.ImageView)
[debug] &amp#27;[35m[W3C (94bae10f)]&amp#27;[39m 	at org.jdom2.input.sax.SAXBuilderEngine.build(SAXBuilderEngine.java:236)
[debug] &amp#27;[35m[W3C (94bae10f)]&amp#27;[39m 	at org.jdom2.input.sax.SAXBuilderEngine.build(SAXBuilderEngine.java:253)
[debug] &amp#27;[35m[W3C (94bae10f)]&amp#27;[39m 	at org.jdom2.input.SAXBuilder.build(SAXBuilder.java:1091)
[debug] &amp#27;[35m[W3C (94bae10f)]&amp#27;[39m 	at io.appium.uiautomator2.core.AccessibilityNodeInfoDumper.findNodes(AccessibilityNodeInfoDumper.java:213)
[debug] &amp#27;[35m[W3C (94bae10f)]&amp#27;[39m 	... 33 more
[debug] &amp#27;[35m[W3C (94bae10f)]&amp#27;[39m Caused by: org.xml.sax.SAXException: Ill-formed XML document (missing opening tag for android.widget.ImageView)
[debug] &amp#27;[35m[W3C (94bae10f)]&amp#27;[39m 	at org.jdom2.input.sax.SAXHandler.endElement(SAXHandler.java:879)
[debug] &amp#27;[35m[W3C (94bae10f)]&amp#27;[39m 	at org.apache.harmony.xml.ExpatParser.endElement(ExpatParser.java:164)
[debug] &amp#27;[35m[W3C (94bae10f)]&amp#27;[39m 	at org.apache.harmony.xml.ExpatParser.appendBytes(Native Method)
[debug] &amp#27;[35m[W3C (94bae10f)]&amp#27;[39m 	at org.apache.harmony.xml.ExpatParser.parseFragment(ExpatParser.java:523)
[debug] &amp#27;[35m[W3C (94bae10f)]&amp#27;[39m 	at org.apache.harmony.xml.ExpatParser.parseDocument(ExpatParser.java:484)
[debug] &amp#27;[35m[W3C (94bae10f)]&amp#27;[39m 	at org.apache.harmony.xml.ExpatReader.parse(ExpatReader.java:322)
[debug] &amp#27;[35m[W3C (94bae10f)]&amp#27;[39m 	at org.apache.harmony.xml.ExpatReader.parse(ExpatReader.java:285)
[debug] &amp#27;[35m[W3C (94bae10f)]&amp#27;[39m 	at org.jdom2.input.sax.SAXBuilderEngine.build(SAXBuilderEngine.java:217)
[debug] &amp#27;[35m[W3C (94bae10f)]&amp#27;[39m 	... 36 more
[debug] &amp#27;[35m[W3C (94bae10f)]&amp#27;[39m 
&amp#27;[35m[HTTP]&amp#27;[39m &amp#27;[37m<-- POST /wd/hub/session/94bae10f-5d74-494f-a400-777ee1f29d70/element &amp#27;[39m&amp#27;[31m500&amp#27;[39m &amp#27;[90m281 ms - 5155&amp#27;[39m
&amp#27;[35m[HTTP]&amp#27;[39m &amp#27;[90m&amp#27;[39m
I am in onTestFailure method Verify_user_can_use_tourist_mode failed
&amp#27;[35m[HTTP]&amp#27;[39m &amp#27;[37m-->&amp#27;[39m &amp#27;[37mGET&amp#27;[39m &amp#27;[37m/wd/hub/session/94bae10f-5d74-494f-a400-777ee1f29d70/screenshot&amp#27;[39m
&amp#27;[35m[HTTP]&amp#27;[39m &amp#27;[90m{}&amp#27;[39m
[debug] &amp#27;[35m[W3C (94bae10f)]&amp#27;[39m Calling AppiumDriver.getScreenshot() with args: ["94bae10f-5d74-494f-a400-777ee1f29d70"]
[debug] &amp#27;[35m[WD Proxy]&amp#27;[39m Matched '/screenshot' to command name 'getScreenshot'
[debug] &amp#27;[35m[WD Proxy]&amp#27;[39m Proxying [GET /screenshot] to [GET http://localhost:8210/wd/hub/session/289d498c-e923-4e62-b95f-c7f034854878/screenshot] with no body
[debug] &amp#27;[35m[WD Proxy]&amp#27;[39m Got response with status 200: {"sessionId":"5be3e2fa-3592-4ef1-b3f2-6c24d49950bf","value":null}
[debug] &amp#27;[35m[W3C (f2d942e6)]&amp#27;[39m Responding to client with driver.click() result: null
&amp#27;[35m[HTTP]&amp#27;[39m &amp#27;[37m<-- POST /wd/hub/session/f2d942e6-800b-4d9f-a146-326bb745f6f0/element/c0910eba-9185-47e6-b1e4-1c9f28c8c800/click &amp#27;[39m&amp#27;[32m200&amp#27;[39m &amp#27;[90m327 ms - 14&amp#27;[39m
&amp#27;[35m[HTTP]&amp#27;[39m &amp#27;[90m&amp#27;[39m
&amp#27;[35m[HTTP]&amp#27;[39m &amp#27;[37m-->&amp#27;[39m &amp#27;[37mGET&amp#27;[39m &amp#27;[37m/wd/hub/session/f2d942e6-800b-4d9f-a146-326bb745f6f0&amp#27;[39m
&amp#27;[35m[HTTP]&amp#27;[39m &amp#27;[90m{}&amp#27;[39m
[debug] &amp#27;[35m[W3C (f2d942e6)]&amp#27;[39m Calling AppiumDriver.getSession() with args: ["f2d942e6-800b-4d9f-a146-326bb745f6f0"]
[debug] &amp#27;[35m[UiAutomator2]&amp#27;[39m Getting session details from server to mix in
[debug] &amp#27;[35m[WD Proxy]&amp#27;[39m Matched '/' to command name 'getSession'
[debug] &amp#27;[35m[WD Proxy]&amp#27;[39m Proxying [GET /] to [GET http://localhost:8210/wd/hub/session/5be3e2fa-3592-4ef1-b3f2-6c24d49950bf] with body: {}
[debug] &amp#27;[35m[WD Proxy]&amp#27;[39m Got response with status 200: {"sessionId":"5be3e2fa-3592-4ef1-b3f2-6c24d49950bf","value":{}}
[debug] &amp#27;[35m[W3C (f2d942e6)]&amp#27;[39m Responding to client with driver.getSession() result: {"platform":"LINUX","webStorageEnabled":false,"takesScreenshot":true,"javascriptEnabled":true,"databaseEnabled":false,"networkConnectionEnabled":true,"locationContextEnabled":false,"warnings":{},"desired":{"platformName":"android","appActivity":"com.sfdmobile.MainActivity","appPackage":"com.sarajevo.food.dictionary","uiautomator2ServerInstallTimeout":8000,"unlockKey":"0122882435abA","unlockType":"password","autoGrantPermissions":true,"automationName":"uiAutomator2","avd":"Nexus","clearSystemFiles":true,"deviceName":"Nexus","platformVersion":"10","udid":"emulator-5554"},"platformName":"android","appActivity":"com.sfdmobile.MainActivity","appPackage":"com.sarajevo.food.dictionary","uiautomator2ServerInstallTimeout":8000,"unlockKey":"0122882435abA","unlockType":"password","autoGrantPermissions":true,"automationName":"uiAutomator2","avd":"Nexus","clearSystemFiles":true,"deviceName":"emulator-5554","platformVersion":"10","udid":"emulator-5554","deviceUDID":"emulator-5554","deviceApiLevel":29,"deviceScreenSize":...
&amp#27;[35m[HTTP]&amp#27;[39m &amp#27;[37m<-- GET /wd/hub/session/f2d942e6-800b-4d9f-a146-326bb745f6f0 &amp#27;[39m&amp#27;[32m200&amp#27;[39m &amp#27;[90m19 ms - 1239&amp#27;[39m
&amp#27;[35m[HTTP]&amp#27;[39m &amp#27;[90m&amp#27;[39m
&amp#27;[35m[HTTP]&amp#27;[39m &amp#27;[37m-->&amp#27;[39m &amp#27;[37mPOST&amp#27;[39m &amp#27;[37m/wd/hub/session/f2d942e6-800b-4d9f-a146-326bb745f6f0/element&amp#27;[39m
&amp#27;[35m[HTTP]&amp#27;[39m &amp#27;[90m{"using":"xpath","value":"//android.widget.TextView[contains(@text, 'Next')]"}&amp#27;[39m
[debug] &amp#27;[35m[W3C (f2d942e6)]&amp#27;[39m Calling AppiumDriver.findElement() with args: ["xpath","//android.widget.TextView[contains(@text, 'Next')]","f2d942e6-800b-4d9f-a146-326bb745f6f0"]
[debug] &amp#27;[35m[BaseDriver]&amp#27;[39m Valid locator strategies for this request: xpath, id, class name, accessibility id, -android uiautomator
[debug] &amp#27;[35m[BaseDriver]&amp#27;[39m Waiting up to 0 ms for condition
[debug] &amp#27;[35m[WD Proxy]&amp#27;[39m Matched '/element' to command name 'findElement'
[debug] &amp#27;[35m[WD Proxy]&amp#27;[39m Proxying [POST /element] to [POST http://localhost:8210/wd/hub/session/5be3e2fa-3592-4ef1-b3f2-6c24d49950bf/element] with body: {"strategy":"xpath","selector":"//android.widget.TextView[contains(@text, 'Next')]","context":"","multiple":false}
[debug] &amp#27;[35m[WD Proxy]&amp#27;[39m Got response with status 200: {"sessionId":"5be3e2fa-3592-4ef1-b3f2-6c24d49950bf","value":{"ELEMENT":"18537404-54c8-458d-af23-6a72252104fa","element-6066-11e4-a52e-4f735466cecf":"18537404-54c8-458d-af23-6a72252104fa"}}
[debug] &amp#27;[35m[W3C (f2d942e6)]&amp#27;[39m Responding to client with driver.findElement() result: {"element-6066-11e4-a52e-4f735466cecf":"18537404-54c8-458d-af23-6a72252104fa","ELEMENT":"18537404-54c8-458d-af23-6a72252104fa"}
&amp#27;[35m[HTTP]&amp#27;[39m &amp#27;[37m<-- POST /wd/hub/session/f2d942e6-800b-4d9f-a146-326bb745f6f0/element &amp#27;[39m&amp#27;[32m200&amp#27;[39m &amp#27;[90m519 ms - 137&amp#27;[39m
&amp#27;[35m[HTTP]&amp#27;[39m &amp#27;[90m&amp#27;[39m
&amp#27;[35m[HTTP]&amp#27;[39m &amp#27;[37m-->&amp#27;[39m &amp#27;[37mPOST&amp#27;[39m &amp#27;[37m/wd/hub/session/f2d942e6-800b-4d9f-a146-326bb745f6f0/element/18537404-54c8-458d-af23-6a72252104fa/click&amp#27;[39m
&amp#27;[35m[HTTP]&amp#27;[39m &amp#27;[90m{"id":"18537404-54c8-458d-af23-6a72252104fa"}&amp#27;[39m
[debug] &amp#27;[35m[W3C (f2d942e6)]&amp#27;[39m Calling AppiumDriver.click() with args: ["18537404-54c8-458d-af23-6a72252104fa","f2d942e6-800b-4d9f-a146-326bb745f6f0"]
[debug] &amp#27;[35m[WD Proxy]&amp#27;[39m Matched '/element/18537404-54c8-458d-af23-6a72252104fa/click' to command name 'click'
[debug] &amp#27;[35m[WD Proxy]&amp#27;[39m Proxying [POST /element/18537404-54c8-458d-af23-6a72252104fa/click] to [POST http://localhost:8210/wd/hub/session/5be3e2fa-3592-4ef1-b3f2-6c24d49950bf/element/18537404-54c8-458d-af23-6a72252104fa/click] with body: {"element":"18537404-54c8-458d-af23-6a72252104fa"}
[debug] &amp#27;[35m[WD Proxy]&amp#27;[39m Got response with status 200: {"sessionId":"289d498c-e923-4e62-b95f-c7f034854878","value":"iVBORw0KGgoAAAANSUhEUgAABaAAAAoACAYAAABH9IXPAAAAAXNSR0IArs4c6QAAAARzQklUCAgI\nCHwIZIgAACAASURBVHic7N13nBT1\/cfx98zW6w2O4+i9IwpSLCCCDSNqbEQ0aqIGo1FjL9FYYkxi\nTEzMT03sJZaowRJRUbCgFEWQ3uHo7XrfNvP747yTdQ+4trd78Ho+Hjx0Z2e+89njdHff853P17gp\nfaQtAAAAAAAAAABamBnrAgAAAAAAAAAAhyYCaAAAAAAAAABAVBBAAwAAAAAAAACiggAaAAAAAAAA\nABAVBNAAAAAAAAAAgKgggAYAAAAAAAAARAUBNAAAAAAAAAAgKgigAQAAAAAAAABRQQANAAAAAAAA\nAIgKAmgAAAAAAAAAQFQQQAMAAAAAAAAAooIAGgAAAAAAAAAQFQTQAAAAAAAAAICoIIAGAAAAAAAA\nAEQFATQAAAAAAAAAICqcsS4AaCmGYSg1p50GnjZWQ888UbmD+yghI1Wybckwanay7br9S3bu1dZv\nVmrxGx9q\/ZyFqi4pl73P80BDmQ5ThsMhwzBkmN9d17NthYJBWcFQbIsDAAAAAACIIeOm9JEkbmiz\nDMNQYmaazvnrbeo7fpTcSQkyasPmRrAtS5WFJfrqpXf1we8elxWyolAtDgWGYciV4JUr0St3gkfu\nxAR5U5LkSU2SJzlR7gSvZBgK+QMq2blXZXsKFKz2y1dRKX9FlUKBYKxfAgAAAAAAQKshgEabZBiG\nMrvl6tdf\/FvuBM\/3s05bgG1Z2rthi\/4+\/lL5KqpabFy0XYZhyOlxy5uarKSsdHUdMUhdRwxW1+GD\n1HFQ7\/0eZ9u2fGUV2r1mkzZ8sUhrP1mggo3bVFVSJl95ZSu+AgAAAAAAgNgggEabk9QuQzfMeUkp\nHbKaNNu5oaxgSLd1O...
[debug] &amp#27;[35m[W3C (94bae10f)]&amp#27;[39m Responding to client with driver.getScreenshot() result: "iVBORw0KGgoAAAANSUhEUgAABaAAAAoACAYAAABH9IXPAAAAAXNSR0IArs4c6QAAAARzQklUCAgI\nCHwIZIgAACAASURBVHic7N13nBT1/cfx98zW6w2O4+i9IwpSLCCCDSNqbEQ0aqIGo1FjL9FYYkxi\nTEzMT03sJZaowRJRUbCgFEWQ3uHo7XrfNvP747yTdQ+4trd78Ho+Hjx0Z2e+89njdHff853P17gp\nfaQtAAAAAAAAAABamBnrAgAAAAAAAAAAhyYCaAAAAAAAAABAVBBAAwAAAAAAAACiggAaAAAAAAAA\nABAVBNAAAAAAAAAAgKgggAYAAAAAAAAARAUBNAAAAAAAAAAgKgigAQAAAAAAAABRQQANAAAAAAAA\nAIgKAmgAAAAAAAAAQFQQQAMAAAAAAAAAooIAGgAAAAAAAAAQFQTQAAAAAAAAAICoIIAGAAAAAAAA\nAEQFATQAAAAAAAAAICqcsS4AaCmGYSg1p50GnjZWQ888UbmD+yghI1Wybckwanay7br9S3bu1dZv\nVmrxGx9q/ZyFqi4pl73P80BDmQ5ThsMhwzBkmN9d17NthYJBWcFQbIsDAAAAAACIIeOm9JEkbmiz\nDMNQYmaazvnrbeo7fpTcSQkyasPmRrAtS5WFJfrqpXf1we8elxWyolAtDgWGYciV4JUr0St3gkfu\nxAR5U5LkSU2SJzlR7gSvZBgK+QMq2blXZXsKFKz2y1dRKX9FlUKBYKxfAgAAAAAAQKshgEabZBiG\nMrvl6tdf/FvuBM/3s05bgG1Z2rthi/4+/lL5KqpabFy0XYZhyOlxy5uarKSsdHUdMUhdRwxW1+GD\n1HFQ7/0eZ9u2fGUV2r1mkzZ8sUhrP1mggo3bVFVSJl95ZSu+AgAAAAAAgNgggEabk9QuQzfMeUkp\nHbKaNNu5oaxgSLd1OE62dejPhq4NWN1JCc0ey7Zt2SFL/qpqhfyBFqgudgzDkMPtUmpOO3U7eogG\n/+gE9T...
&amp#27;[35m[HTTP]&amp#27;[39m &amp#27;[37m<-- GET /wd/hub/session/94bae10f-5d74-494f-a400-777ee1f29d70/screenshot &amp#27;[39m&amp#27;[32m200&amp#27;[39m &amp#27;[90m942 ms - 230052&amp#27;[39m
&amp#27;[35m[HTTP]&amp#27;[39m &amp#27;[90m&amp#27;[39m
Screenshot captured for test case:Verify_user_can_use_tourist_mode
]]></system-out>
    <system-err><![CDATA[Oct 20, 2019 1:14:27 AM io.appium.java_client.remote.AppiumCommandExecutor$1 lambda$0
INFO: Detected dialect: W3C
Oct 20, 2019 1:14:28 AM io.appium.java_client.remote.AppiumCommandExecutor$1 lambda$0
INFO: Detected dialect: W3C
]]></system-err>
  </testcase>
  <testcase name="Verify_user_can_use_local_mode" classname="Tests.LandingPageTest" time="14.609"/>
  <testcase name="Verify_Places_near_by_is_displayed" classname="Tests.LandingPageTest" time="5.348"/>
</testsuite>