<?xml version="1.0" encoding="UTF-8"?>
<testng-results skipped="0" failed="0" ignored="0" total="1" passed="1">
  <reporter-output>
  </reporter-output>
  <suite name="Default Suite" duration-ms="22831" started-at="2019-12-09T11:56:21 CET" finished-at="2019-12-09T11:56:44 CET">
    <groups>
    </groups>
    <test name="SM-N975F" duration-ms="22831" started-at="2019-12-09T11:56:21 CET" finished-at="2019-12-09T11:56:44 CET">
      <class name="Tests.LandingPageTest">
        <test-method status="PASS" signature="setUp(java.lang.String, java.lang.String, java.lang.String, java.lang.String, java.lang.String, java.lang.String, java.lang.String, java.lang.String, java.lang.String, java.lang.String)[pri:0, instance:Tests.LandingPageTest@62c5bbdc]" name="setUp" is-config="true" duration-ms="10027" started-at="2019-12-09T11:56:21 CET" finished-at="2019-12-09T11:56:31 CET">
          <params>
            <param index="0">
              <value>
                <![CDATA[SM-N975F]]>
              </value>
            </param>
            <param index="1">
              <value>
                <![CDATA[9]]>
              </value>
            </param>
            <param index="2">
              <value>
                <![CDATA[RF8M82EDL8Y]]>
              </value>
            </param>
            <param index="3">
              <value>
                <![CDATA[mdf]]>
              </value>
            </param>
            <param index="4">
              <value>
                <![CDATA[4723]]>
              </value>
            </param>
            <param index="5">
              <value>
                <![CDATA[0.0.0.0:8090]]>
              </value>
            </param>
            <param index="6">
              <value>
                <![CDATA[8200]]>
              </value>
            </param>
            <param index="7">
              <value>
                <![CDATA[100]]>
              </value>
            </param>
            <param index="8">
              <value>
                <![CDATA[8240]]>
              </value>
            </param>
            <param index="9">
              <value>
                <![CDATA[/Applications/Appium.app/Contents/Resources/app/node_modules/appium/build/lib/selenium/note5.json]]>
              </value>
            </param>
          </params>
          <reporter-output>
          </reporter-output>
        </test-method> <!-- setUp -->
        <test-method status="PASS" signature="Verify_user_can_use_tourist_mode()[pri:1, instance:Tests.LandingPageTest@62c5bbdc]" name="Verify_user_can_use_tourist_mode" duration-ms="12426" started-at="2019-12-09T11:56:32 CET" description="Verify user can use tourist mode" finished-at="2019-12-09T11:56:44 CET">
          <reporter-output>
          </reporter-output>
        </test-method> <!-- Verify_user_can_use_tourist_mode -->
        <test-method status="PASS" signature="cleanUp()[pri:0, instance:Tests.LandingPageTest@62c5bbdc]" name="cleanUp" is-config="true" duration-ms="518" started-at="2019-12-09T11:56:44 CET" finished-at="2019-12-09T11:56:45 CET">
          <reporter-output>
          </reporter-output>
        </test-method> <!-- cleanUp -->
      </class> <!-- Tests.LandingPageTest -->
    </test> <!-- SM-N975F -->
  </suite> <!-- Default Suite -->
</testng-results>
