<?xml version="1.0" encoding="UTF-8"?>
<testng-results skipped="0" failed="1" ignored="0" total="3" passed="2">
  <reporter-output>
  </reporter-output>
  <suite name="Default Suite" duration-ms="65589" started-at="2019-10-20T01:14:12 CEST" finished-at="2019-10-20T01:15:17 CEST">
    <groups>
    </groups>
    <test name="Pixel" duration-ms="65589" started-at="2019-10-20T01:14:12 CEST" finished-at="2019-10-20T01:15:17 CEST">
      <class name="Tests.LandingPageTest">
        <test-method status="PASS" signature="setUp(java.lang.String, java.lang.String, java.lang.String, java.lang.String, java.lang.String, java.lang.String, java.lang.String, java.lang.String, java.lang.String, java.lang.String)[pri:0, instance:Tests.LandingPageTest@60222fd8]" name="setUp" is-config="true" duration-ms="15849" started-at="2019-10-20T01:14:12 CEST" finished-at="2019-10-20T01:14:28 CEST">
          <params>
            <param index="0">
              <value>
                <![CDATA[Pixel]]>
              </value>
            </param>
            <param index="1">
              <value>
                <![CDATA[10]]>
              </value>
            </param>
            <param index="2">
              <value>
                <![CDATA[emulator-5556]]>
              </value>
            </param>
            <param index="3">
              <value>
                <![CDATA[127.0.0.1]]>
              </value>
            </param>
            <param index="4">
              <value>
                <![CDATA[4724]]>
              </value>
            </param>
            <param index="5">
              <value>
                <![CDATA[192.168.1.2:5556]]>
              </value>
            </param>
            <param index="6">
              <value>
                <![CDATA[2801]]>
              </value>
            </param>
            <param index="7">
              <value>
                <![CDATA[4730]]>
              </value>
            </param>
            <param index="8">
              <value>
                <![CDATA[8250]]>
              </value>
            </param>
            <param index="9">
              <value>
                <![CDATA[/Applications/Appium.app/Contents/Resources/app/node_modules/appium/build/lib/selenium/note5.json]]>
              </value>
            </param>
          </params>
          <reporter-output>
          </reporter-output>
        </test-method> <!-- setUp -->
        <test-method status="FAIL" signature="Verify_user_can_use_tourist_mode()[pri:1, instance:Tests.LandingPageTest@60222fd8]" name="Verify_user_can_use_tourist_mode" duration-ms="3059" started-at="2019-10-20T01:14:28 CEST" description="Verify user can use tourist mode" finished-at="2019-10-20T01:14:31 CEST">
          <exception class="org.openqa.selenium.WebDriverException">
            <message>
              <![CDATA[org.openqa.selenium.WebDriverException: An unknown server-side error occurred while processing the command. Original error: Error in building: Ill-formed XML document (missing opening tag for android.widget.ImageView). Try changing the 'normalizeTagNames' driver setting to 'true' in order to workaround the problem.
Build info: version: '3.141.59', revision: 'e82be7d358', time: '2018-11-14T08:17:03'
System info: host: 'warrior', ip: '127.0.1.1', os.name: 'Linux', os.arch: 'amd64', os.version: '5.0.0-31-generic', java.version: '1.8.0_221'
Driver info: io.appium.java_client.android.AndroidDriver
Capabilities {appActivity: com.sfdmobile.MainActivity, appPackage: com.sarajevo.food.dictionary, autoGrantPermissions: true, automationName: uiAutomator2, avd: Pixel, clearSystemFiles: true, databaseEnabled: false, desired: {appActivity: com.sfdmobile.MainActivity, appPackage: com.sarajevo.food.dictionary, autoGrantPermissions: true, automationName: uiAutomator2, avd: Pixel, clearSystemFiles: true, deviceName: Pixel, platformName: android, platformVersion: 10, udid: emulator-5556, uiautomator2ServerInstallTimeout: 8000, unlockKey: 0122882435abA, unlockType: password}, deviceApiLevel: 29, deviceManufacturer: Google, deviceModel: Android SDK built for x86, deviceName: emulator-5556, deviceScreenDensity: 560, deviceScreenSize: 1440x2560, deviceUDID: emulator-5556, javascriptEnabled: true, locationContextEnabled: false, networkConnectionEnabled: true, pixelRatio: 3.5, platform: LINUX, platformName: Android, platformVersion: 10, statBarHeight: 84, takesScreenshot: true, udid: emulator-5556, uiautomator2ServerInstallTimeout: 8000, unlockKey: 0122882435abA, unlockType: password, viewportRect: {height: 2308, left: 0, top: 84, width: 1440}, warnings: {}, webStorageEnabled: false}
Session ID: 94bae10f-5d74-494f-a400-777ee1f29d70
*** Element info: {Using=xpath, value=//android.widget.TextView[contains(@text, 'Next')]}]]>
            </message>
            <full-stacktrace>
              <![CDATA[org.openqa.selenium.WebDriverException: org.openqa.selenium.WebDriverException: An unknown server-side error occurred while processing the command. Original error: Error in building: Ill-formed XML document (missing opening tag for android.widget.ImageView). Try changing the 'normalizeTagNames' driver setting to 'true' in order to workaround the problem.
Build info: version: '3.141.59', revision: 'e82be7d358', time: '2018-11-14T08:17:03'
System info: host: 'warrior', ip: '127.0.1.1', os.name: 'Linux', os.arch: 'amd64', os.version: '5.0.0-31-generic', java.version: '1.8.0_221'
Driver info: io.appium.java_client.android.AndroidDriver
Capabilities {appActivity: com.sfdmobile.MainActivity, appPackage: com.sarajevo.food.dictionary, autoGrantPermissions: true, automationName: uiAutomator2, avd: Pixel, clearSystemFiles: true, databaseEnabled: false, desired: {appActivity: com.sfdmobile.MainActivity, appPackage: com.sarajevo.food.dictionary, autoGrantPermissions: true, automationName: uiAutomator2, avd: Pixel, clearSystemFiles: true, deviceName: Pixel, platformName: android, platformVersion: 10, udid: emulator-5556, uiautomator2ServerInstallTimeout: 8000, unlockKey: 0122882435abA, unlockType: password}, deviceApiLevel: 29, deviceManufacturer: Google, deviceModel: Android SDK built for x86, deviceName: emulator-5556, deviceScreenDensity: 560, deviceScreenSize: 1440x2560, deviceUDID: emulator-5556, javascriptEnabled: true, locationContextEnabled: false, networkConnectionEnabled: true, pixelRatio: 3.5, platform: LINUX, platformName: Android, platformVersion: 10, statBarHeight: 84, takesScreenshot: true, udid: emulator-5556, uiautomator2ServerInstallTimeout: 8000, unlockKey: 0122882435abA, unlockType: password, viewportRect: {height: 2308, left: 0, top: 84, width: 1440}, warnings: {}, webStorageEnabled: false}
Session ID: 94bae10f-5d74-494f-a400-777ee1f29d70
*** Element info: {Using=xpath, value=//android.widget.TextView[contains(@text, 'Next')]}
at io.appium.java_client.pagefactory.AppiumElementLocator$WaitingFunction.apply(AppiumElementLocator.java:192)
at io.appium.java_client.pagefactory.AppiumElementLocator$WaitingFunction.apply(AppiumElementLocator.java:1)
at org.openqa.selenium.support.ui.FluentWait.until(FluentWait.java:249)
at io.appium.java_client.pagefactory.AppiumElementLocator.waitFor(AppiumElementLocator.java:99)
at io.appium.java_client.pagefactory.AppiumElementLocator.findElement(AppiumElementLocator.java:119)
at io.appium.java_client.pagefactory.interceptors.InterceptorOfASingleElement.intercept(InterceptorOfASingleElement.java:59)
at io.appium.java_client.android.AndroidElement$$EnhancerByCGLIB$$b598166c.click(<generated>)
at Pages.LandingPage.sign_as_Tourist(LandingPage.java:93)
at Tests.LandingPageTest.Verify_user_can_use_tourist_mode(LandingPageTest.java:28)
at sun.reflect.NativeMethodAccessorImpl.invoke0(Native Method)
at sun.reflect.NativeMethodAccessorImpl.invoke(NativeMethodAccessorImpl.java:62)
at sun.reflect.DelegatingMethodAccessorImpl.invoke(DelegatingMethodAccessorImpl.java:43)
at java.lang.reflect.Method.invoke(Method.java:498)
at org.testng.internal.MethodInvocationHelper.invokeMethod(MethodInvocationHelper.java:133)
at org.testng.internal.TestInvoker.invokeMethod(TestInvoker.java:584)
at org.testng.internal.TestInvoker.invokeTestMethod(TestInvoker.java:172)
at org.testng.internal.MethodRunner.runInSequence(MethodRunner.java:46)
at org.testng.internal.TestInvoker$MethodInvocationAgent.invoke(TestInvoker.java:804)
at org.testng.internal.TestInvoker.invokeTestMethods(TestInvoker.java:145)
at org.testng.internal.TestMethodWorker.invokeTestMethods(TestMethodWorker.java:146)
at org.testng.internal.TestMethodWorker.run(TestMethodWorker.java:128)
at java.util.ArrayList.forEach(ArrayList.java:1257)
at org.testng.TestRunner.privateRun(TestRunner.java:770)
at org.testng.TestRunner.run(TestRunner.java:591)
at org.testng.SuiteRunner.runTest(SuiteRunner.java:402)
at org.testng.SuiteRunner.access$000(SuiteRunner.java:41)
at org.testng.SuiteRunner$SuiteWorker.run(SuiteRunner.java:443)
at org.testng.internal.thread.ThreadUtil.lambda$execute$0(ThreadUtil.java:67)
at java.util.concurrent.FutureTask.run(FutureTask.java:266)
at java.util.concurrent.ThreadPoolExecutor.runWorker(ThreadPoolExecutor.java:1149)
at java.util.concurrent.ThreadPoolExecutor$Worker.run(ThreadPoolExecutor.java:624)
at java.lang.Thread.run(Thread.java:748)
Caused by: org.openqa.selenium.WebDriverException: An unknown server-side error occurred while processing the command. Original error: Error in building: Ill-formed XML document (missing opening tag for android.widget.ImageView). Try changing the 'normalizeTagNames' driver setting to 'true' in order to workaround the problem.
Build info: version: '3.141.59', revision: 'e82be7d358', time: '2018-11-14T08:17:03'
System info: host: 'warrior', ip: '127.0.1.1', os.name: 'Linux', os.arch: 'amd64', os.version: '5.0.0-31-generic', java.version: '1.8.0_221'
Driver info: io.appium.java_client.android.AndroidDriver
Capabilities {appActivity: com.sfdmobile.MainActivity, appPackage: com.sarajevo.food.dictionary, autoGrantPermissions: true, automationName: uiAutomator2, avd: Pixel, clearSystemFiles: true, databaseEnabled: false, desired: {appActivity: com.sfdmobile.MainActivity, appPackage: com.sarajevo.food.dictionary, autoGrantPermissions: true, automationName: uiAutomator2, avd: Pixel, clearSystemFiles: true, deviceName: Pixel, platformName: android, platformVersion: 10, udid: emulator-5556, uiautomator2ServerInstallTimeout: 8000, unlockKey: 0122882435abA, unlockType: password}, deviceApiLevel: 29, deviceManufacturer: Google, deviceModel: Android SDK built for x86, deviceName: emulator-5556, deviceScreenDensity: 560, deviceScreenSize: 1440x2560, deviceUDID: emulator-5556, javascriptEnabled: true, locationContextEnabled: false, networkConnectionEnabled: true, pixelRatio: 3.5, platform: LINUX, platformName: Android, platformVersion: 10, statBarHeight: 84, takesScreenshot: true, udid: emulator-5556, uiautomator2ServerInstallTimeout: 8000, unlockKey: 0122882435abA, unlockType: password, viewportRect: {height: 2308, left: 0, top: 84, width: 1440}, warnings: {}, webStorageEnabled: false}
Session ID: 94bae10f-5d74-494f-a400-777ee1f29d70
*** Element info: {Using=xpath, value=//android.widget.TextView[contains(@text, 'Next')]}
at sun.reflect.NativeConstructorAccessorImpl.newInstance0(Native Method)
at sun.reflect.NativeConstructorAccessorImpl.newInstance(NativeConstructorAccessorImpl.java:62)
at sun.reflect.DelegatingConstructorAccessorImpl.newInstance(DelegatingConstructorAccessorImpl.java:45)
at java.lang.reflect.Constructor.newInstance(Constructor.java:423)
at org.openqa.selenium.remote.http.W3CHttpResponseCodec.createException(W3CHttpResponseCodec.java:187)
at org.openqa.selenium.remote.http.W3CHttpResponseCodec.decode(W3CHttpResponseCodec.java:122)
at org.openqa.selenium.remote.http.W3CHttpResponseCodec.decode(W3CHttpResponseCodec.java:49)
at org.openqa.selenium.remote.HttpCommandExecutor.execute(HttpCommandExecutor.java:158)
at io.appium.java_client.remote.AppiumCommandExecutor.execute(AppiumCommandExecutor.java:239)
at org.openqa.selenium.remote.RemoteWebDriver.execute(RemoteWebDriver.java:552)
at io.appium.java_client.DefaultGenericMobileDriver.execute(DefaultGenericMobileDriver.java:41)
at io.appium.java_client.AppiumDriver.execute(AppiumDriver.java:1)
at io.appium.java_client.android.AndroidDriver.execute(AndroidDriver.java:1)
at org.openqa.selenium.remote.RemoteWebDriver.findElement(RemoteWebDriver.java:323)
at io.appium.java_client.DefaultGenericMobileDriver.findElement(DefaultGenericMobileDriver.java:61)
at io.appium.java_client.AppiumDriver.findElement(AppiumDriver.java:1)
at io.appium.java_client.android.AndroidDriver.findElement(AndroidDriver.java:1)
at org.openqa.selenium.remote.RemoteWebDriver.findElementByXPath(RemoteWebDriver.java:428)
at io.appium.java_client.DefaultGenericMobileDriver.findElementByXPath(DefaultGenericMobileDriver.java:151)
at io.appium.java_client.AppiumDriver.findElementByXPath(AppiumDriver.java:1)
at io.appium.java_client.android.AndroidDriver.findElementByXPath(AndroidDriver.java:1)
at org.openqa.selenium.By$ByXPath.findElement(By.java:353)
at org.openqa.selenium.remote.RemoteWebDriver.findElement(RemoteWebDriver.java:315)
at io.appium.java_client.DefaultGenericMobileDriver.findElement(DefaultGenericMobileDriver.java:57)
at io.appium.java_client.AppiumDriver.findElement(AppiumDriver.java:1)
at io.appium.java_client.android.AndroidDriver.findElement(AndroidDriver.java:1)
at io.appium.java_client.pagefactory.bys.builder.ByChained.lambda$0(ByChained.java:38)
at org.openqa.selenium.support.ui.FluentWait.until(FluentWait.java:249)
at io.appium.java_client.pagefactory.bys.builder.ByChained.findElement(ByChained.java:72)
at org.openqa.selenium.remote.RemoteWebDriver.findElement(RemoteWebDriver.java:315)
at io.appium.java_client.DefaultGenericMobileDriver.findElement(DefaultGenericMobileDriver.java:57)
at io.appium.java_client.AppiumDriver.findElement(AppiumDriver.java:1)
at io.appium.java_client.android.AndroidDriver.findElement(AndroidDriver.java:1)
at io.appium.java_client.pagefactory.bys.ContentMappedBy.findElement(ContentMappedBy.java:50)
at org.openqa.selenium.remote.RemoteWebDriver.findElement(RemoteWebDriver.java:315)
at io.appium.java_client.DefaultGenericMobileDriver.findElement(DefaultGenericMobileDriver.java:57)
at io.appium.java_client.AppiumDriver.findElement(AppiumDriver.java:1)
at io.appium.java_client.android.AndroidDriver.findElement(AndroidDriver.java:1)
at io.appium.java_client.pagefactory.AppiumElementLocator.lambda$0(AppiumElementLocator.java:120)
at io.appium.java_client.pagefactory.AppiumElementLocator$WaitingFunction.apply(AppiumElementLocator.java:172)
... 31 more
]]>
            </full-stacktrace>
          </exception> <!-- org.openqa.selenium.WebDriverException -->
          <reporter-output>
          </reporter-output>
        </test-method> <!-- Verify_user_can_use_tourist_mode -->
        <test-method status="PASS" signature="setUp(java.lang.String, java.lang.String, java.lang.String, java.lang.String, java.lang.String, java.lang.String, java.lang.String, java.lang.String, java.lang.String, java.lang.String)[pri:0, instance:Tests.LandingPageTest@60222fd8]" name="setUp" is-config="true" duration-ms="12772" started-at="2019-10-20T01:14:32 CEST" finished-at="2019-10-20T01:14:45 CEST">
          <params>
            <param index="0">
              <value>
                <![CDATA[Pixel]]>
              </value>
            </param>
            <param index="1">
              <value>
                <![CDATA[10]]>
              </value>
            </param>
            <param index="2">
              <value>
                <![CDATA[emulator-5556]]>
              </value>
            </param>
            <param index="3">
              <value>
                <![CDATA[127.0.0.1]]>
              </value>
            </param>
            <param index="4">
              <value>
                <![CDATA[4724]]>
              </value>
            </param>
            <param index="5">
              <value>
                <![CDATA[192.168.1.2:5556]]>
              </value>
            </param>
            <param index="6">
              <value>
                <![CDATA[2801]]>
              </value>
            </param>
            <param index="7">
              <value>
                <![CDATA[4730]]>
              </value>
            </param>
            <param index="8">
              <value>
                <![CDATA[8250]]>
              </value>
            </param>
            <param index="9">
              <value>
                <![CDATA[/Applications/Appium.app/Contents/Resources/app/node_modules/appium/build/lib/selenium/note5.json]]>
              </value>
            </param>
          </params>
          <reporter-output>
          </reporter-output>
        </test-method> <!-- setUp -->
        <test-method status="PASS" signature="Verify_user_can_use_local_mode()[pri:2, instance:Tests.LandingPageTest@60222fd8]" name="Verify_user_can_use_local_mode" duration-ms="14610" started-at="2019-10-20T01:14:45 CEST" description="Verify user can use local mode" finished-at="2019-10-20T01:14:59 CEST">
          <reporter-output>
          </reporter-output>
        </test-method> <!-- Verify_user_can_use_local_mode -->
        <test-method status="PASS" signature="setUp(java.lang.String, java.lang.String, java.lang.String, java.lang.String, java.lang.String, java.lang.String, java.lang.String, java.lang.String, java.lang.String, java.lang.String)[pri:0, instance:Tests.LandingPageTest@60222fd8]" name="setUp" is-config="true" duration-ms="12746" started-at="2019-10-20T01:14:59 CEST" finished-at="2019-10-20T01:15:12 CEST">
          <params>
            <param index="0">
              <value>
                <![CDATA[Pixel]]>
              </value>
            </param>
            <param index="1">
              <value>
                <![CDATA[10]]>
              </value>
            </param>
            <param index="2">
              <value>
                <![CDATA[emulator-5556]]>
              </value>
            </param>
            <param index="3">
              <value>
                <![CDATA[127.0.0.1]]>
              </value>
            </param>
            <param index="4">
              <value>
                <![CDATA[4724]]>
              </value>
            </param>
            <param index="5">
              <value>
                <![CDATA[192.168.1.2:5556]]>
              </value>
            </param>
            <param index="6">
              <value>
                <![CDATA[2801]]>
              </value>
            </param>
            <param index="7">
              <value>
                <![CDATA[4730]]>
              </value>
            </param>
            <param index="8">
              <value>
                <![CDATA[8250]]>
              </value>
            </param>
            <param index="9">
              <value>
                <![CDATA[/Applications/Appium.app/Contents/Resources/app/node_modules/appium/build/lib/selenium/note5.json]]>
              </value>
            </param>
          </params>
          <reporter-output>
          </reporter-output>
        </test-method> <!-- setUp -->
        <test-method status="PASS" signature="Verify_Places_near_by_is_displayed()[pri:3, instance:Tests.LandingPageTest@60222fd8]" name="Verify_Places_near_by_is_displayed" duration-ms="5354" started-at="2019-10-20T01:15:12 CEST" description="Verify places neary by your location is visible" finished-at="2019-10-20T01:15:17 CEST">
          <reporter-output>
          </reporter-output>
        </test-method> <!-- Verify_Places_near_by_is_displayed -->
        <test-method status="PASS" signature="cleanUp()[pri:0, instance:Tests.LandingPageTest@60222fd8]" name="cleanUp" is-config="true" duration-ms="396" started-at="2019-10-20T01:15:17 CEST" finished-at="2019-10-20T01:15:18 CEST">
          <reporter-output>
          </reporter-output>
        </test-method> <!-- cleanUp -->
      </class> <!-- Tests.LandingPageTest -->
    </test> <!-- Pixel -->
  </suite> <!-- Default Suite -->
</testng-results>
