<?xml version="1.0" encoding="UTF-8"?>
<testsuite xmlns:xsi="http://www.w3.org/2001/XMLSchema-instance" xsi:noNamespaceSchemaLocation="https://maven.apache.org/surefire/maven-surefire-plugin/xsd/surefire-test-report-3.0.xsd" version="3.0" name="TestSuite" time="38.718" tests="6" errors="0" skipped="3" failures="3">
  <properties>
[...]
</properties>
  <testcase name="setUp" classname="Tests.LandingPageTest" time="14.13">
    <failure message="Unable to create a new remote session. Please check the server log for more details. Original error: An unknown server-side error occurred while processing the command. Original error: Error executing adbExec. Original error: &apos;Command &apos;/home/amrka/Android/Sdk/platform-tools/adb -P 5037 -s RF8M82EDL8Y shell pm install -r /data/local/tmp/appium_cache/0cc1725a60a05dbb5d0d09256f2fc6ece7e3b10f.apk&apos; timed out after 8000ms&apos;. Try to increase the 8000ms adb execution timeout represented by &apos;uiautomator2ServerInstallTimeout&apos; capability&#10;Build info: version: &apos;3.141.59&apos;, revision: &apos;e82be7d358&apos;, time: &apos;2018-11-14T08:17:03&apos;&#10;System info: host: &apos;warrior&apos;, ip: &apos;127.0.1.1&apos;, os.name: &apos;Linux&apos;, os.arch: &apos;amd64&apos;, os.version: &apos;5.0.0-37-generic&apos;, java.version: &apos;1.8.0_221&apos;&#10;Driver info: driver.version: AndroidDriver&#10;remote stacktrace: UnknownError: An unknown server-side error occurred while processing the command. Original error: Error executing adbExec. Original error: &apos;Command &apos;/home/amrka/Android/Sdk/platform-tools/adb -P 5037 -s RF8M82EDL8Y shell pm install -r /data/local/tmp/appium_cache/0cc1725a60a05dbb5d0d09256f2fc6ece7e3b10f.apk&apos; timed out after 8000ms&apos;. Try to increase the 8000ms adb execution timeout represented by &apos;uiautomator2ServerInstallTimeout&apos; capability&#10;    at getResponseForW3CError (/tmp/.mount_AppiummJOVmb/resources/app/node_modules/appium/node_modules/appium-base-driver/lib/protocol/errors.js:804:9)&#10;    at asyncHandler (/tmp/.mount_AppiummJOVmb/resources/app/node_modules/appium/node_modules/appium-base-driver/lib/protocol/protocol.js:388:37)&#10;    at process._tickCallback (internal/process/next_tick.js:68:7)&#10;Build info: version: &apos;3.141.59&apos;, revision: &apos;e82be7d358&apos;, time: &apos;2018-11-14T08:17:03&apos;&#10;System info: host: &apos;warrior&apos;, ip: &apos;127.0.1.1&apos;, os.name: &apos;Linux&apos;, os.arch: &apos;amd64&apos;, os.version: &apos;5.0.0-37-generic&apos;, java.version: &apos;1.8.0_221&apos;&#10;Driver info: driver.version: AndroidDriver" type="org.openqa.selenium.SessionNotCreatedException">org.openqa.selenium.SessionNotCreatedException: 
Unable to create a new remote session. Please check the server log for more details. Original error: An unknown server-side error occurred while processing the command. Original error: Error executing adbExec. Original error: 'Command '/home/amrka/Android/Sdk/platform-tools/adb -P 5037 -s RF8M82EDL8Y shell pm install -r /data/local/tmp/appium_cache/0cc1725a60a05dbb5d0d09256f2fc6ece7e3b10f.apk' timed out after 8000ms'. Try to increase the 8000ms adb execution timeout represented by 'uiautomator2ServerInstallTimeout' capability
Build info: version: '3.141.59', revision: 'e82be7d358', time: '2018-11-14T08:17:03'
System info: host: 'warrior', ip: '127.0.1.1', os.name: 'Linux', os.arch: 'amd64', os.version: '5.0.0-37-generic', java.version: '1.8.0_221'
Driver info: driver.version: AndroidDriver
remote stacktrace: UnknownError: An unknown server-side error occurred while processing the command. Original error: Error executing adbExec. Original error: 'Command '/home/amrka/Android/Sdk/platform-tools/adb -P 5037 -s RF8M82EDL8Y shell pm install -r /data/local/tmp/appium_cache/0cc1725a60a05dbb5d0d09256f2fc6ece7e3b10f.apk' timed out after 8000ms'. Try to increase the 8000ms adb execution timeout represented by 'uiautomator2ServerInstallTimeout' capability
    at getResponseForW3CError (/tmp/.mount_AppiummJOVmb/resources/app/node_modules/appium/node_modules/appium-base-driver/lib/protocol/errors.js:804:9)
    at asyncHandler (/tmp/.mount_AppiummJOVmb/resources/app/node_modules/appium/node_modules/appium-base-driver/lib/protocol/protocol.js:388:37)
    at process._tickCallback (internal/process/next_tick.js:68:7)
Build info: version: '3.141.59', revision: 'e82be7d358', time: '2018-11-14T08:17:03'
System info: host: 'warrior', ip: '127.0.1.1', os.name: 'Linux', os.arch: 'amd64', os.version: '5.0.0-37-generic', java.version: '1.8.0_221'
Driver info: driver.version: AndroidDriver
Caused by: java.lang.reflect.InvocationTargetException
Caused by: org.openqa.selenium.WebDriverException: 
An unknown server-side error occurred while processing the command. Original error: Error executing adbExec. Original error: 'Command '/home/amrka/Android/Sdk/platform-tools/adb -P 5037 -s RF8M82EDL8Y shell pm install -r /data/local/tmp/appium_cache/0cc1725a60a05dbb5d0d09256f2fc6ece7e3b10f.apk' timed out after 8000ms'. Try to increase the 8000ms adb execution timeout represented by 'uiautomator2ServerInstallTimeout' capability
Build info: version: '3.141.59', revision: 'e82be7d358', time: '2018-11-14T08:17:03'
System info: host: 'warrior', ip: '127.0.1.1', os.name: 'Linux', os.arch: 'amd64', os.version: '5.0.0-37-generic', java.version: '1.8.0_221'
Driver info: driver.version: AndroidDriver
remote stacktrace: UnknownError: An unknown server-side error occurred while processing the command. Original error: Error executing adbExec. Original error: 'Command '/home/amrka/Android/Sdk/platform-tools/adb -P 5037 -s RF8M82EDL8Y shell pm install -r /data/local/tmp/appium_cache/0cc1725a60a05dbb5d0d09256f2fc6ece7e3b10f.apk' timed out after 8000ms'. Try to increase the 8000ms adb execution timeout represented by 'uiautomator2ServerInstallTimeout' capability
    at getResponseForW3CError (/tmp/.mount_AppiummJOVmb/resources/app/node_modules/appium/node_modules/appium-base-driver/lib/protocol/errors.js:804:9)
    at asyncHandler (/tmp/.mount_AppiummJOVmb/resources/app/node_modules/appium/node_modules/appium-base-driver/lib/protocol/protocol.js:388:37)
    at process._tickCallback (internal/process/next_tick.js:68:7)
</failure>
    <system-out><![CDATA[I am in onStart method SM-N975F
Driver Is Initiated
]]></system-out>
    <system-err><![CDATA[Dec 08, 2019 9:08:52 PM MdfService.DeviceApi addDeviceToUser
INFO: The device <RF8M82EDL8Y> is locked successfully
]]></system-err>
  </testcase>
  <testcase name="setUp" classname="Tests.LandingPageTest" time="12.286">
    <failure message="Unable to create a new remote session. Please check the server log for more details. Original error: An unknown server-side error occurred while processing the command. Original error: Error executing adbExec. Original error: &apos;Command &apos;/home/amrka/Android/Sdk/platform-tools/adb -P 5037 -s RF8M82EDL8Y shell pm install -r /data/local/tmp/appium_cache/0cc1725a60a05dbb5d0d09256f2fc6ece7e3b10f.apk&apos; timed out after 8000ms&apos;. Try to increase the 8000ms adb execution timeout represented by &apos;uiautomator2ServerInstallTimeout&apos; capability&#10;Build info: version: &apos;3.141.59&apos;, revision: &apos;e82be7d358&apos;, time: &apos;2018-11-14T08:17:03&apos;&#10;System info: host: &apos;warrior&apos;, ip: &apos;127.0.1.1&apos;, os.name: &apos;Linux&apos;, os.arch: &apos;amd64&apos;, os.version: &apos;5.0.0-37-generic&apos;, java.version: &apos;1.8.0_221&apos;&#10;Driver info: driver.version: AndroidDriver&#10;remote stacktrace: UnknownError: An unknown server-side error occurred while processing the command. Original error: Error executing adbExec. Original error: &apos;Command &apos;/home/amrka/Android/Sdk/platform-tools/adb -P 5037 -s RF8M82EDL8Y shell pm install -r /data/local/tmp/appium_cache/0cc1725a60a05dbb5d0d09256f2fc6ece7e3b10f.apk&apos; timed out after 8000ms&apos;. Try to increase the 8000ms adb execution timeout represented by &apos;uiautomator2ServerInstallTimeout&apos; capability&#10;    at getResponseForW3CError (/tmp/.mount_AppiummJOVmb/resources/app/node_modules/appium/node_modules/appium-base-driver/lib/protocol/errors.js:804:9)&#10;    at asyncHandler (/tmp/.mount_AppiummJOVmb/resources/app/node_modules/appium/node_modules/appium-base-driver/lib/protocol/protocol.js:388:37)&#10;    at process._tickCallback (internal/process/next_tick.js:68:7)&#10;Build info: version: &apos;3.141.59&apos;, revision: &apos;e82be7d358&apos;, time: &apos;2018-11-14T08:17:03&apos;&#10;System info: host: &apos;warrior&apos;, ip: &apos;127.0.1.1&apos;, os.name: &apos;Linux&apos;, os.arch: &apos;amd64&apos;, os.version: &apos;5.0.0-37-generic&apos;, java.version: &apos;1.8.0_221&apos;&#10;Driver info: driver.version: AndroidDriver" type="org.openqa.selenium.SessionNotCreatedException">org.openqa.selenium.SessionNotCreatedException: 
Unable to create a new remote session. Please check the server log for more details. Original error: An unknown server-side error occurred while processing the command. Original error: Error executing adbExec. Original error: 'Command '/home/amrka/Android/Sdk/platform-tools/adb -P 5037 -s RF8M82EDL8Y shell pm install -r /data/local/tmp/appium_cache/0cc1725a60a05dbb5d0d09256f2fc6ece7e3b10f.apk' timed out after 8000ms'. Try to increase the 8000ms adb execution timeout represented by 'uiautomator2ServerInstallTimeout' capability
Build info: version: '3.141.59', revision: 'e82be7d358', time: '2018-11-14T08:17:03'
System info: host: 'warrior', ip: '127.0.1.1', os.name: 'Linux', os.arch: 'amd64', os.version: '5.0.0-37-generic', java.version: '1.8.0_221'
Driver info: driver.version: AndroidDriver
remote stacktrace: UnknownError: An unknown server-side error occurred while processing the command. Original error: Error executing adbExec. Original error: 'Command '/home/amrka/Android/Sdk/platform-tools/adb -P 5037 -s RF8M82EDL8Y shell pm install -r /data/local/tmp/appium_cache/0cc1725a60a05dbb5d0d09256f2fc6ece7e3b10f.apk' timed out after 8000ms'. Try to increase the 8000ms adb execution timeout represented by 'uiautomator2ServerInstallTimeout' capability
    at getResponseForW3CError (/tmp/.mount_AppiummJOVmb/resources/app/node_modules/appium/node_modules/appium-base-driver/lib/protocol/errors.js:804:9)
    at asyncHandler (/tmp/.mount_AppiummJOVmb/resources/app/node_modules/appium/node_modules/appium-base-driver/lib/protocol/protocol.js:388:37)
    at process._tickCallback (internal/process/next_tick.js:68:7)
Build info: version: '3.141.59', revision: 'e82be7d358', time: '2018-11-14T08:17:03'
System info: host: 'warrior', ip: '127.0.1.1', os.name: 'Linux', os.arch: 'amd64', os.version: '5.0.0-37-generic', java.version: '1.8.0_221'
Driver info: driver.version: AndroidDriver
Caused by: java.lang.reflect.InvocationTargetException
Caused by: org.openqa.selenium.WebDriverException: 
An unknown server-side error occurred while processing the command. Original error: Error executing adbExec. Original error: 'Command '/home/amrka/Android/Sdk/platform-tools/adb -P 5037 -s RF8M82EDL8Y shell pm install -r /data/local/tmp/appium_cache/0cc1725a60a05dbb5d0d09256f2fc6ece7e3b10f.apk' timed out after 8000ms'. Try to increase the 8000ms adb execution timeout represented by 'uiautomator2ServerInstallTimeout' capability
Build info: version: '3.141.59', revision: 'e82be7d358', time: '2018-11-14T08:17:03'
System info: host: 'warrior', ip: '127.0.1.1', os.name: 'Linux', os.arch: 'amd64', os.version: '5.0.0-37-generic', java.version: '1.8.0_221'
Driver info: driver.version: AndroidDriver
remote stacktrace: UnknownError: An unknown server-side error occurred while processing the command. Original error: Error executing adbExec. Original error: 'Command '/home/amrka/Android/Sdk/platform-tools/adb -P 5037 -s RF8M82EDL8Y shell pm install -r /data/local/tmp/appium_cache/0cc1725a60a05dbb5d0d09256f2fc6ece7e3b10f.apk' timed out after 8000ms'. Try to increase the 8000ms adb execution timeout represented by 'uiautomator2ServerInstallTimeout' capability
    at getResponseForW3CError (/tmp/.mount_AppiummJOVmb/resources/app/node_modules/appium/node_modules/appium-base-driver/lib/protocol/errors.js:804:9)
    at asyncHandler (/tmp/.mount_AppiummJOVmb/resources/app/node_modules/appium/node_modules/appium-base-driver/lib/protocol/protocol.js:388:37)
    at process._tickCallback (internal/process/next_tick.js:68:7)
</failure>
    <system-out><![CDATA[Driver Is Initiated
]]></system-out>
    <system-err><![CDATA[Dec 08, 2019 9:09:05 PM MdfService.DeviceApi connectDevice
SEVERE: Device is in use
]]></system-err>
  </testcase>
  <testcase name="setUp" classname="Tests.LandingPageTest" time="12.13">
    <failure message="Unable to create a new remote session. Please check the server log for more details. Original error: An unknown server-side error occurred while processing the command. Original error: Error executing adbExec. Original error: &apos;Command &apos;/home/amrka/Android/Sdk/platform-tools/adb -P 5037 -s RF8M82EDL8Y shell pm install -r /data/local/tmp/appium_cache/0cc1725a60a05dbb5d0d09256f2fc6ece7e3b10f.apk&apos; timed out after 8000ms&apos;. Try to increase the 8000ms adb execution timeout represented by &apos;uiautomator2ServerInstallTimeout&apos; capability&#10;Build info: version: &apos;3.141.59&apos;, revision: &apos;e82be7d358&apos;, time: &apos;2018-11-14T08:17:03&apos;&#10;System info: host: &apos;warrior&apos;, ip: &apos;127.0.1.1&apos;, os.name: &apos;Linux&apos;, os.arch: &apos;amd64&apos;, os.version: &apos;5.0.0-37-generic&apos;, java.version: &apos;1.8.0_221&apos;&#10;Driver info: driver.version: AndroidDriver&#10;remote stacktrace: UnknownError: An unknown server-side error occurred while processing the command. Original error: Error executing adbExec. Original error: &apos;Command &apos;/home/amrka/Android/Sdk/platform-tools/adb -P 5037 -s RF8M82EDL8Y shell pm install -r /data/local/tmp/appium_cache/0cc1725a60a05dbb5d0d09256f2fc6ece7e3b10f.apk&apos; timed out after 8000ms&apos;. Try to increase the 8000ms adb execution timeout represented by &apos;uiautomator2ServerInstallTimeout&apos; capability&#10;    at getResponseForW3CError (/tmp/.mount_AppiummJOVmb/resources/app/node_modules/appium/node_modules/appium-base-driver/lib/protocol/errors.js:804:9)&#10;    at asyncHandler (/tmp/.mount_AppiummJOVmb/resources/app/node_modules/appium/node_modules/appium-base-driver/lib/protocol/protocol.js:388:37)&#10;    at process._tickCallback (internal/process/next_tick.js:68:7)&#10;Build info: version: &apos;3.141.59&apos;, revision: &apos;e82be7d358&apos;, time: &apos;2018-11-14T08:17:03&apos;&#10;System info: host: &apos;warrior&apos;, ip: &apos;127.0.1.1&apos;, os.name: &apos;Linux&apos;, os.arch: &apos;amd64&apos;, os.version: &apos;5.0.0-37-generic&apos;, java.version: &apos;1.8.0_221&apos;&#10;Driver info: driver.version: AndroidDriver" type="org.openqa.selenium.SessionNotCreatedException">org.openqa.selenium.SessionNotCreatedException: 
Unable to create a new remote session. Please check the server log for more details. Original error: An unknown server-side error occurred while processing the command. Original error: Error executing adbExec. Original error: 'Command '/home/amrka/Android/Sdk/platform-tools/adb -P 5037 -s RF8M82EDL8Y shell pm install -r /data/local/tmp/appium_cache/0cc1725a60a05dbb5d0d09256f2fc6ece7e3b10f.apk' timed out after 8000ms'. Try to increase the 8000ms adb execution timeout represented by 'uiautomator2ServerInstallTimeout' capability
Build info: version: '3.141.59', revision: 'e82be7d358', time: '2018-11-14T08:17:03'
System info: host: 'warrior', ip: '127.0.1.1', os.name: 'Linux', os.arch: 'amd64', os.version: '5.0.0-37-generic', java.version: '1.8.0_221'
Driver info: driver.version: AndroidDriver
remote stacktrace: UnknownError: An unknown server-side error occurred while processing the command. Original error: Error executing adbExec. Original error: 'Command '/home/amrka/Android/Sdk/platform-tools/adb -P 5037 -s RF8M82EDL8Y shell pm install -r /data/local/tmp/appium_cache/0cc1725a60a05dbb5d0d09256f2fc6ece7e3b10f.apk' timed out after 8000ms'. Try to increase the 8000ms adb execution timeout represented by 'uiautomator2ServerInstallTimeout' capability
    at getResponseForW3CError (/tmp/.mount_AppiummJOVmb/resources/app/node_modules/appium/node_modules/appium-base-driver/lib/protocol/errors.js:804:9)
    at asyncHandler (/tmp/.mount_AppiummJOVmb/resources/app/node_modules/appium/node_modules/appium-base-driver/lib/protocol/protocol.js:388:37)
    at process._tickCallback (internal/process/next_tick.js:68:7)
Build info: version: '3.141.59', revision: 'e82be7d358', time: '2018-11-14T08:17:03'
System info: host: 'warrior', ip: '127.0.1.1', os.name: 'Linux', os.arch: 'amd64', os.version: '5.0.0-37-generic', java.version: '1.8.0_221'
Driver info: driver.version: AndroidDriver
Caused by: java.lang.reflect.InvocationTargetException
Caused by: org.openqa.selenium.WebDriverException: 
An unknown server-side error occurred while processing the command. Original error: Error executing adbExec. Original error: 'Command '/home/amrka/Android/Sdk/platform-tools/adb -P 5037 -s RF8M82EDL8Y shell pm install -r /data/local/tmp/appium_cache/0cc1725a60a05dbb5d0d09256f2fc6ece7e3b10f.apk' timed out after 8000ms'. Try to increase the 8000ms adb execution timeout represented by 'uiautomator2ServerInstallTimeout' capability
Build info: version: '3.141.59', revision: 'e82be7d358', time: '2018-11-14T08:17:03'
System info: host: 'warrior', ip: '127.0.1.1', os.name: 'Linux', os.arch: 'amd64', os.version: '5.0.0-37-generic', java.version: '1.8.0_221'
Driver info: driver.version: AndroidDriver
remote stacktrace: UnknownError: An unknown server-side error occurred while processing the command. Original error: Error executing adbExec. Original error: 'Command '/home/amrka/Android/Sdk/platform-tools/adb -P 5037 -s RF8M82EDL8Y shell pm install -r /data/local/tmp/appium_cache/0cc1725a60a05dbb5d0d09256f2fc6ece7e3b10f.apk' timed out after 8000ms'. Try to increase the 8000ms adb execution timeout represented by 'uiautomator2ServerInstallTimeout' capability
    at getResponseForW3CError (/tmp/.mount_AppiummJOVmb/resources/app/node_modules/appium/node_modules/appium-base-driver/lib/protocol/errors.js:804:9)
    at asyncHandler (/tmp/.mount_AppiummJOVmb/resources/app/node_modules/appium/node_modules/appium-base-driver/lib/protocol/protocol.js:388:37)
    at process._tickCallback (internal/process/next_tick.js:68:7)
</failure>
    <system-out><![CDATA[Driver Is Initiated
]]></system-out>
    <system-err><![CDATA[Dec 08, 2019 9:09:17 PM MdfService.DeviceApi connectDevice
SEVERE: Device is in use
]]></system-err>
  </testcase>
  <testcase name="Verify_user_can_use_tourist_mode" classname="Tests.LandingPageTest" time="0">
    <skipped message="Unable to create a new remote session. Please check the server log for more details. Original error: An unknown server-side error occurred while processing the command. Original error: Error executing adbExec. Original error: &apos;Command &apos;/home/amrka/Android/Sdk/platform-tools/adb -P 5037 -s RF8M82EDL8Y shell pm install -r /data/local/tmp/appium_cache/0cc1725a60a05dbb5d0d09256f2fc6ece7e3b10f.apk&apos; timed out after 8000ms&apos;. Try to increase the 8000ms adb execution timeout represented by &apos;uiautomator2ServerInstallTimeout&apos; capability&#10;Build info: version: &apos;3.141.59&apos;, revision: &apos;e82be7d358&apos;, time: &apos;2018-11-14T08:17:03&apos;&#10;System info: host: &apos;warrior&apos;, ip: &apos;127.0.1.1&apos;, os.name: &apos;Linux&apos;, os.arch: &apos;amd64&apos;, os.version: &apos;5.0.0-37-generic&apos;, java.version: &apos;1.8.0_221&apos;&#10;Driver info: driver.version: AndroidDriver&#10;remote stacktrace: UnknownError: An unknown server-side error occurred while processing the command. Original error: Error executing adbExec. Original error: &apos;Command &apos;/home/amrka/Android/Sdk/platform-tools/adb -P 5037 -s RF8M82EDL8Y shell pm install -r /data/local/tmp/appium_cache/0cc1725a60a05dbb5d0d09256f2fc6ece7e3b10f.apk&apos; timed out after 8000ms&apos;. Try to increase the 8000ms adb execution timeout represented by &apos;uiautomator2ServerInstallTimeout&apos; capability&#10;    at getResponseForW3CError (/tmp/.mount_AppiummJOVmb/resources/app/node_modules/appium/node_modules/appium-base-driver/lib/protocol/errors.js:804:9)&#10;    at asyncHandler (/tmp/.mount_AppiummJOVmb/resources/app/node_modules/appium/node_modules/appium-base-driver/lib/protocol/protocol.js:388:37)&#10;    at process._tickCallback (internal/process/next_tick.js:68:7)&#10;Build info: version: &apos;3.141.59&apos;, revision: &apos;e82be7d358&apos;, time: &apos;2018-11-14T08:17:03&apos;&#10;System info: host: &apos;warrior&apos;, ip: &apos;127.0.1.1&apos;, os.name: &apos;Linux&apos;, os.arch: &apos;amd64&apos;, os.version: &apos;5.0.0-37-generic&apos;, java.version: &apos;1.8.0_221&apos;&#10;Driver info: driver.version: AndroidDriver"/>
    <system-out><![CDATA[I am in onTestStart method Verify_user_can_use_tourist_mode start
I am in onTestSkipped method Verify_user_can_use_tourist_mode skipped
]]></system-out>
  </testcase>
  <testcase name="Verify_user_can_use_local_mode" classname="Tests.LandingPageTest" time="0">
    <skipped message="Unable to create a new remote session. Please check the server log for more details. Original error: An unknown server-side error occurred while processing the command. Original error: Error executing adbExec. Original error: &apos;Command &apos;/home/amrka/Android/Sdk/platform-tools/adb -P 5037 -s RF8M82EDL8Y shell pm install -r /data/local/tmp/appium_cache/0cc1725a60a05dbb5d0d09256f2fc6ece7e3b10f.apk&apos; timed out after 8000ms&apos;. Try to increase the 8000ms adb execution timeout represented by &apos;uiautomator2ServerInstallTimeout&apos; capability&#10;Build info: version: &apos;3.141.59&apos;, revision: &apos;e82be7d358&apos;, time: &apos;2018-11-14T08:17:03&apos;&#10;System info: host: &apos;warrior&apos;, ip: &apos;127.0.1.1&apos;, os.name: &apos;Linux&apos;, os.arch: &apos;amd64&apos;, os.version: &apos;5.0.0-37-generic&apos;, java.version: &apos;1.8.0_221&apos;&#10;Driver info: driver.version: AndroidDriver&#10;remote stacktrace: UnknownError: An unknown server-side error occurred while processing the command. Original error: Error executing adbExec. Original error: &apos;Command &apos;/home/amrka/Android/Sdk/platform-tools/adb -P 5037 -s RF8M82EDL8Y shell pm install -r /data/local/tmp/appium_cache/0cc1725a60a05dbb5d0d09256f2fc6ece7e3b10f.apk&apos; timed out after 8000ms&apos;. Try to increase the 8000ms adb execution timeout represented by &apos;uiautomator2ServerInstallTimeout&apos; capability&#10;    at getResponseForW3CError (/tmp/.mount_AppiummJOVmb/resources/app/node_modules/appium/node_modules/appium-base-driver/lib/protocol/errors.js:804:9)&#10;    at asyncHandler (/tmp/.mount_AppiummJOVmb/resources/app/node_modules/appium/node_modules/appium-base-driver/lib/protocol/protocol.js:388:37)&#10;    at process._tickCallback (internal/process/next_tick.js:68:7)&#10;Build info: version: &apos;3.141.59&apos;, revision: &apos;e82be7d358&apos;, time: &apos;2018-11-14T08:17:03&apos;&#10;System info: host: &apos;warrior&apos;, ip: &apos;127.0.1.1&apos;, os.name: &apos;Linux&apos;, os.arch: &apos;amd64&apos;, os.version: &apos;5.0.0-37-generic&apos;, java.version: &apos;1.8.0_221&apos;&#10;Driver info: driver.version: AndroidDriver"/>
    <system-out><![CDATA[I am in onTestStart method Verify_user_can_use_local_mode start
I am in onTestSkipped method Verify_user_can_use_local_mode skipped
]]></system-out>
  </testcase>
  <testcase name="Verify_Places_near_by_is_displayed" classname="Tests.LandingPageTest" time="0">
    <skipped message="Unable to create a new remote session. Please check the server log for more details. Original error: An unknown server-side error occurred while processing the command. Original error: Error executing adbExec. Original error: &apos;Command &apos;/home/amrka/Android/Sdk/platform-tools/adb -P 5037 -s RF8M82EDL8Y shell pm install -r /data/local/tmp/appium_cache/0cc1725a60a05dbb5d0d09256f2fc6ece7e3b10f.apk&apos; timed out after 8000ms&apos;. Try to increase the 8000ms adb execution timeout represented by &apos;uiautomator2ServerInstallTimeout&apos; capability&#10;Build info: version: &apos;3.141.59&apos;, revision: &apos;e82be7d358&apos;, time: &apos;2018-11-14T08:17:03&apos;&#10;System info: host: &apos;warrior&apos;, ip: &apos;127.0.1.1&apos;, os.name: &apos;Linux&apos;, os.arch: &apos;amd64&apos;, os.version: &apos;5.0.0-37-generic&apos;, java.version: &apos;1.8.0_221&apos;&#10;Driver info: driver.version: AndroidDriver&#10;remote stacktrace: UnknownError: An unknown server-side error occurred while processing the command. Original error: Error executing adbExec. Original error: &apos;Command &apos;/home/amrka/Android/Sdk/platform-tools/adb -P 5037 -s RF8M82EDL8Y shell pm install -r /data/local/tmp/appium_cache/0cc1725a60a05dbb5d0d09256f2fc6ece7e3b10f.apk&apos; timed out after 8000ms&apos;. Try to increase the 8000ms adb execution timeout represented by &apos;uiautomator2ServerInstallTimeout&apos; capability&#10;    at getResponseForW3CError (/tmp/.mount_AppiummJOVmb/resources/app/node_modules/appium/node_modules/appium-base-driver/lib/protocol/errors.js:804:9)&#10;    at asyncHandler (/tmp/.mount_AppiummJOVmb/resources/app/node_modules/appium/node_modules/appium-base-driver/lib/protocol/protocol.js:388:37)&#10;    at process._tickCallback (internal/process/next_tick.js:68:7)&#10;Build info: version: &apos;3.141.59&apos;, revision: &apos;e82be7d358&apos;, time: &apos;2018-11-14T08:17:03&apos;&#10;System info: host: &apos;warrior&apos;, ip: &apos;127.0.1.1&apos;, os.name: &apos;Linux&apos;, os.arch: &apos;amd64&apos;, os.version: &apos;5.0.0-37-generic&apos;, java.version: &apos;1.8.0_221&apos;&#10;Driver info: driver.version: AndroidDriver"/>
    <system-out><![CDATA[I am in onTestStart method Verify_Places_near_by_is_displayed start
I am in onTestSkipped method Verify_Places_near_by_is_displayed skipped
]]></system-out>
  </testcase>
</testsuite>