-------------------------------------------------------------------------------
Test set: TestSuite
-------------------------------------------------------------------------------
Tests run: 3, Failures: 1, Errors: 0, Skipped: 0, Time elapsed: 76.95 s <<< FAILURE! - in TestSuite
Verify_user_can_use_tourist_mode(Tests.LandingPageTest)  Time elapsed: 12.404 s  <<< FAILURE!
java.lang.AssertionError: expected [TourSist] but found [Tourist]
	at Tests.LandingPageTest.Verify_user_can_use_tourist_mode(LandingPageTest.java:28)

