<?xml version="1.0" encoding="UTF-8"?>
<testng-results skipped="0" failed="0" ignored="0" total="3" passed="3">
  <reporter-output>
  </reporter-output>
  <suite name="Default Suite" duration-ms="101431" started-at="2019-11-27T16:42:31 EET" finished-at="2019-11-27T16:44:13 EET">
    <groups>
    </groups>
    <test name="Nexus" duration-ms="101431" started-at="2019-11-27T16:42:31 EET" finished-at="2019-11-27T16:44:13 EET">
      <class name="Tests.LandingPageTest">
        <test-method status="PASS" signature="setUp(java.lang.String, java.lang.String, java.lang.String, java.lang.String, java.lang.String, java.lang.String, java.lang.String, java.lang.String, java.lang.String, java.lang.String)[pri:0, instance:Tests.LandingPageTest@408b35bf]" name="setUp" is-config="true" duration-ms="33345" started-at="2019-11-27T16:42:31 EET" finished-at="2019-11-27T16:43:05 EET">
          <params>
            <param index="0">
              <value>
                <![CDATA[Nexus 5]]>
              </value>
            </param>
            <param index="1">
              <value>
                <![CDATA[6.0.1]]>
              </value>
            </param>
            <param index="2">
              <value>
                <![CDATA[RF8M82EDL8Y]]>
              </value>
            </param>
            <param index="3">
              <value>
                <![CDATA[mdf]]>
              </value>
            </param>
            <param index="4">
              <value>
                <![CDATA[4723]]>
              </value>
            </param>
            <param index="5">
              <value>
                <![CDATA[mdf:5050]]>
              </value>
            </param>
            <param index="6">
              <value>
                <![CDATA[8200]]>
              </value>
            </param>
            <param index="7">
              <value>
                <![CDATA[100]]>
              </value>
            </param>
            <param index="8">
              <value>
                <![CDATA[8240]]>
              </value>
            </param>
            <param index="9">
              <value>
                <![CDATA[/Applications/Appium.app/Contents/Resources/app/node_modules/appium/build/lib/selenium/note5.json]]>
              </value>
            </param>
          </params>
          <reporter-output>
          </reporter-output>
        </test-method> <!-- setUp -->
        <test-method status="PASS" signature="Verify_user_can_use_tourist_mode()[pri:1, instance:Tests.LandingPageTest@408b35bf]" name="Verify_user_can_use_tourist_mode" duration-ms="12660" started-at="2019-11-27T16:43:05 EET" description="Verify user can use tourist mode" finished-at="2019-11-27T16:43:18 EET">
          <reporter-output>
          </reporter-output>
        </test-method> <!-- Verify_user_can_use_tourist_mode -->
        <test-method status="PASS" signature="setUp(java.lang.String, java.lang.String, java.lang.String, java.lang.String, java.lang.String, java.lang.String, java.lang.String, java.lang.String, java.lang.String, java.lang.String)[pri:0, instance:Tests.LandingPageTest@408b35bf]" name="setUp" is-config="true" duration-ms="17451" started-at="2019-11-27T16:43:18 EET" finished-at="2019-11-27T16:43:35 EET">
          <params>
            <param index="0">
              <value>
                <![CDATA[Nexus 5]]>
              </value>
            </param>
            <param index="1">
              <value>
                <![CDATA[6.0.1]]>
              </value>
            </param>
            <param index="2">
              <value>
                <![CDATA[RF8M82EDL8Y]]>
              </value>
            </param>
            <param index="3">
              <value>
                <![CDATA[mdf]]>
              </value>
            </param>
            <param index="4">
              <value>
                <![CDATA[4723]]>
              </value>
            </param>
            <param index="5">
              <value>
                <![CDATA[mdf:5050]]>
              </value>
            </param>
            <param index="6">
              <value>
                <![CDATA[8200]]>
              </value>
            </param>
            <param index="7">
              <value>
                <![CDATA[100]]>
              </value>
            </param>
            <param index="8">
              <value>
                <![CDATA[8240]]>
              </value>
            </param>
            <param index="9">
              <value>
                <![CDATA[/Applications/Appium.app/Contents/Resources/app/node_modules/appium/build/lib/selenium/note5.json]]>
              </value>
            </param>
          </params>
          <reporter-output>
          </reporter-output>
        </test-method> <!-- setUp -->
        <test-method status="PASS" signature="Verify_user_can_use_local_mode()[pri:2, instance:Tests.LandingPageTest@408b35bf]" name="Verify_user_can_use_local_mode" duration-ms="13371" started-at="2019-11-27T16:43:35 EET" description="Verify user can use local mode" finished-at="2019-11-27T16:43:49 EET">
          <reporter-output>
          </reporter-output>
        </test-method> <!-- Verify_user_can_use_local_mode -->
        <test-method status="PASS" signature="setUp(java.lang.String, java.lang.String, java.lang.String, java.lang.String, java.lang.String, java.lang.String, java.lang.String, java.lang.String, java.lang.String, java.lang.String)[pri:0, instance:Tests.LandingPageTest@408b35bf]" name="setUp" is-config="true" duration-ms="18250" started-at="2019-11-27T16:43:49 EET" finished-at="2019-11-27T16:44:07 EET">
          <params>
            <param index="0">
              <value>
                <![CDATA[Nexus 5]]>
              </value>
            </param>
            <param index="1">
              <value>
                <![CDATA[6.0.1]]>
              </value>
            </param>
            <param index="2">
              <value>
                <![CDATA[RF8M82EDL8Y]]>
              </value>
            </param>
            <param index="3">
              <value>
                <![CDATA[mdf]]>
              </value>
            </param>
            <param index="4">
              <value>
                <![CDATA[4723]]>
              </value>
            </param>
            <param index="5">
              <value>
                <![CDATA[mdf:5050]]>
              </value>
            </param>
            <param index="6">
              <value>
                <![CDATA[8200]]>
              </value>
            </param>
            <param index="7">
              <value>
                <![CDATA[100]]>
              </value>
            </param>
            <param index="8">
              <value>
                <![CDATA[8240]]>
              </value>
            </param>
            <param index="9">
              <value>
                <![CDATA[/Applications/Appium.app/Contents/Resources/app/node_modules/appium/build/lib/selenium/note5.json]]>
              </value>
            </param>
          </params>
          <reporter-output>
          </reporter-output>
        </test-method> <!-- setUp -->
        <test-method status="PASS" signature="Verify_Places_near_by_is_displayed()[pri:3, instance:Tests.LandingPageTest@408b35bf]" name="Verify_Places_near_by_is_displayed" duration-ms="5785" started-at="2019-11-27T16:44:07 EET" description="Verify places neary by your location is visible" finished-at="2019-11-27T16:44:13 EET">
          <reporter-output>
          </reporter-output>
        </test-method> <!-- Verify_Places_near_by_is_displayed -->
        <test-method status="PASS" signature="cleanUp()[pri:0, instance:Tests.LandingPageTest@408b35bf]" name="cleanUp" is-config="true" duration-ms="1291" started-at="2019-11-27T16:44:13 EET" finished-at="2019-11-27T16:44:14 EET">
          <reporter-output>
          </reporter-output>
        </test-method> <!-- cleanUp -->
      </class> <!-- Tests.LandingPageTest -->
    </test> <!-- Nexus -->
  </suite> <!-- Default Suite -->
</testng-results>
