<?xml version="1.0" encoding="UTF-8"?>
<testng-results skipped="0" failed="1" ignored="0" total="3" passed="2">
  <reporter-output>
  </reporter-output>
  <suite name="Default Suite" duration-ms="74851" started-at="2019-06-13T10:47:08Z" finished-at="2019-06-13T10:48:22Z">
    <groups>
    </groups>
    <test name="Note5" duration-ms="74851" started-at="2019-06-13T10:47:08Z" finished-at="2019-06-13T10:48:22Z">
      <class name="Tests.LandingPageTest">
        <test-method status="PASS" signature="setUp(java.lang.String, java.lang.String, java.lang.String, java.lang.String, java.lang.String, java.lang.String, java.lang.String, java.lang.String, java.lang.String, java.lang.String)[pri:0, instance:Tests.LandingPageTest@fd46303]" name="setUp" is-config="true" duration-ms="16353" started-at="2019-06-13T10:47:08Z" finished-at="2019-06-13T10:47:24Z">
          <params>
            <param index="0">
              <value>
                <![CDATA[SM_N950F]]>
              </value>
            </param>
            <param index="1">
              <value>
                <![CDATA[9]]>
              </value>
            </param>
            <param index="2">
              <value>
                <![CDATA[988a1641434e36333130]]>
              </value>
            </param>
            <param index="3">
              <value>
                <![CDATA[0.0.0.0]]>
              </value>
            </param>
            <param index="4">
              <value>
                <![CDATA[4724]]>
              </value>
            </param>
            <param index="5">
              <value>
                <![CDATA[192.168.30.19:5555]]>
              </value>
            </param>
            <param index="6">
              <value>
                <![CDATA[8240]]>
              </value>
            </param>
            <param index="7">
              <value>
                <![CDATA[4729]]>
              </value>
            </param>
            <param index="8">
              <value>
                <![CDATA[8240]]>
              </value>
            </param>
            <param index="9">
              <value>
                <![CDATA[/Applications/Appium.app/Contents/Resources/app/node_modules/appium/build/lib/selenium/note5.json]]>
              </value>
            </param>
          </params>
          <reporter-output>
          </reporter-output>
        </test-method> <!-- setUp -->
        <test-method status="FAIL" signature="Verify_user_can_use_tourist_mode()[pri:1, instance:Tests.LandingPageTest@fd46303]" name="Verify_user_can_use_tourist_mode" duration-ms="12151" started-at="2019-06-13T10:47:24Z" description="Verify user can use tourist mode" finished-at="2019-06-13T10:47:36Z">
          <exception class="java.lang.AssertionError">
            <message>
              <![CDATA[expected [TourSist] but found [Tourist]]]>
            </message>
            <full-stacktrace>
              <![CDATA[java.lang.AssertionError: expected [TourSist] but found [Tourist]
at org.testng.Assert.fail(Assert.java:96)
at org.testng.Assert.failNotEquals(Assert.java:776)
at org.testng.Assert.assertEqualsImpl(Assert.java:137)
at org.testng.Assert.assertEquals(Assert.java:118)
at org.testng.Assert.assertEquals(Assert.java:453)
at org.testng.Assert.assertEquals(Assert.java:463)
at Pages.LandingPage.sign_as_Tourist(LandingPage.java:101)
at Tests.LandingPageTest.Verify_user_can_use_tourist_mode(LandingPageTest.java:28)
at sun.reflect.NativeMethodAccessorImpl.invoke0(Native Method)
at sun.reflect.NativeMethodAccessorImpl.invoke(NativeMethodAccessorImpl.java:62)
at sun.reflect.DelegatingMethodAccessorImpl.invoke(DelegatingMethodAccessorImpl.java:43)
at java.lang.reflect.Method.invoke(Method.java:498)
at org.testng.internal.MethodInvocationHelper.invokeMethod(MethodInvocationHelper.java:124)
at org.testng.internal.Invoker.invokeMethod(Invoker.java:583)
at org.testng.internal.Invoker.invokeTestMethod(Invoker.java:719)
at org.testng.internal.Invoker.invokeTestMethods(Invoker.java:989)
at org.testng.internal.TestMethodWorker.invokeTestMethods(TestMethodWorker.java:125)
at org.testng.internal.TestMethodWorker.run(TestMethodWorker.java:109)
at org.testng.TestRunner.privateRun(TestRunner.java:648)
at org.testng.TestRunner.run(TestRunner.java:505)
at org.testng.SuiteRunner.runTest(SuiteRunner.java:455)
at org.testng.SuiteRunner.access$000(SuiteRunner.java:40)
at org.testng.SuiteRunner$SuiteWorker.run(SuiteRunner.java:489)
at org.testng.internal.thread.ThreadUtil$1.call(ThreadUtil.java:52)
at java.util.concurrent.FutureTask.run(FutureTask.java:266)
at java.util.concurrent.ThreadPoolExecutor.runWorker(ThreadPoolExecutor.java:1149)
at java.util.concurrent.ThreadPoolExecutor$Worker.run(ThreadPoolExecutor.java:624)
at java.lang.Thread.run(Thread.java:748)
]]>
            </full-stacktrace>
          </exception> <!-- java.lang.AssertionError -->
          <reporter-output>
          </reporter-output>
        </test-method> <!-- Verify_user_can_use_tourist_mode -->
        <test-method status="PASS" signature="setUp(java.lang.String, java.lang.String, java.lang.String, java.lang.String, java.lang.String, java.lang.String, java.lang.String, java.lang.String, java.lang.String, java.lang.String)[pri:0, instance:Tests.LandingPageTest@fd46303]" name="setUp" is-config="true" duration-ms="12667" started-at="2019-06-13T10:47:37Z" finished-at="2019-06-13T10:47:50Z">
          <params>
            <param index="0">
              <value>
                <![CDATA[SM_N950F]]>
              </value>
            </param>
            <param index="1">
              <value>
                <![CDATA[9]]>
              </value>
            </param>
            <param index="2">
              <value>
                <![CDATA[988a1641434e36333130]]>
              </value>
            </param>
            <param index="3">
              <value>
                <![CDATA[0.0.0.0]]>
              </value>
            </param>
            <param index="4">
              <value>
                <![CDATA[4724]]>
              </value>
            </param>
            <param index="5">
              <value>
                <![CDATA[192.168.30.19:5555]]>
              </value>
            </param>
            <param index="6">
              <value>
                <![CDATA[8240]]>
              </value>
            </param>
            <param index="7">
              <value>
                <![CDATA[4729]]>
              </value>
            </param>
            <param index="8">
              <value>
                <![CDATA[8240]]>
              </value>
            </param>
            <param index="9">
              <value>
                <![CDATA[/Applications/Appium.app/Contents/Resources/app/node_modules/appium/build/lib/selenium/note5.json]]>
              </value>
            </param>
          </params>
          <reporter-output>
          </reporter-output>
        </test-method> <!-- setUp -->
        <test-method status="PASS" signature="Verify_user_can_use_local_mode()[pri:2, instance:Tests.LandingPageTest@fd46303]" name="Verify_user_can_use_local_mode" duration-ms="14565" started-at="2019-06-13T10:47:50Z" description="Verify user can use local mode" finished-at="2019-06-13T10:48:04Z">
          <reporter-output>
          </reporter-output>
        </test-method> <!-- Verify_user_can_use_local_mode -->
        <test-method status="PASS" signature="setUp(java.lang.String, java.lang.String, java.lang.String, java.lang.String, java.lang.String, java.lang.String, java.lang.String, java.lang.String, java.lang.String, java.lang.String)[pri:0, instance:Tests.LandingPageTest@fd46303]" name="setUp" is-config="true" duration-ms="12686" started-at="2019-06-13T10:48:04Z" finished-at="2019-06-13T10:48:17Z">
          <params>
            <param index="0">
              <value>
                <![CDATA[SM_N950F]]>
              </value>
            </param>
            <param index="1">
              <value>
                <![CDATA[9]]>
              </value>
            </param>
            <param index="2">
              <value>
                <![CDATA[988a1641434e36333130]]>
              </value>
            </param>
            <param index="3">
              <value>
                <![CDATA[0.0.0.0]]>
              </value>
            </param>
            <param index="4">
              <value>
                <![CDATA[4724]]>
              </value>
            </param>
            <param index="5">
              <value>
                <![CDATA[192.168.30.19:5555]]>
              </value>
            </param>
            <param index="6">
              <value>
                <![CDATA[8240]]>
              </value>
            </param>
            <param index="7">
              <value>
                <![CDATA[4729]]>
              </value>
            </param>
            <param index="8">
              <value>
                <![CDATA[8240]]>
              </value>
            </param>
            <param index="9">
              <value>
                <![CDATA[/Applications/Appium.app/Contents/Resources/app/node_modules/appium/build/lib/selenium/note5.json]]>
              </value>
            </param>
          </params>
          <reporter-output>
          </reporter-output>
        </test-method> <!-- setUp -->
        <test-method status="PASS" signature="Verify_Places_near_by_is_displayed()[pri:3, instance:Tests.LandingPageTest@fd46303]" name="Verify_Places_near_by_is_displayed" duration-ms="5346" started-at="2019-06-13T10:48:17Z" description="Verify places neary by your location is visible" finished-at="2019-06-13T10:48:22Z">
          <reporter-output>
          </reporter-output>
        </test-method> <!-- Verify_Places_near_by_is_displayed -->
        <test-method status="PASS" signature="cleanUp()[pri:0, instance:Tests.LandingPageTest@fd46303]" name="cleanUp" is-config="true" duration-ms="616" started-at="2019-06-13T10:48:22Z" finished-at="2019-06-13T10:48:23Z">
          <reporter-output>
          </reporter-output>
        </test-method> <!-- cleanUp -->
      </class> <!-- Tests.LandingPageTest -->
    </test> <!-- Note5 -->
  </suite> <!-- Default Suite -->
</testng-results>
