<?xml version="1.0" encoding="UTF-8"?>
<testng-results skipped="0" failed="0" ignored="0" total="3" passed="3">
  <reporter-output>
  </reporter-output>
  <suite name="Default Suite" duration-ms="59028" started-at="2019-11-02T15:53:28 CET" finished-at="2019-11-02T15:54:27 CET">
    <groups>
    </groups>
    <test name="Nexus" duration-ms="59028" started-at="2019-11-02T15:53:28 CET" finished-at="2019-11-02T15:54:27 CET">
      <class name="Tests.LandingPageTest">
        <test-method status="PASS" signature="setUp(java.lang.String, java.lang.String, java.lang.String, java.lang.String, java.lang.String, java.lang.String, java.lang.String, java.lang.String, java.lang.String, java.lang.String)[pri:0, instance:Tests.LandingPageTest@40bffbca]" name="setUp" is-config="true" duration-ms="9961" started-at="2019-11-02T15:53:28 CET" finished-at="2019-11-02T15:53:38 CET">
          <params>
            <param index="0">
              <value>
                <![CDATA[SM-N975F]]>
              </value>
            </param>
            <param index="1">
              <value>
                <![CDATA[9]]>
              </value>
            </param>
            <param index="2">
              <value>
                <![CDATA[RF8M82EDL8Y]]>
              </value>
            </param>
            <param index="3">
              <value>
                <![CDATA[127.0.0.1]]>
              </value>
            </param>
            <param index="4">
              <value>
                <![CDATA[4723]]>
              </value>
            </param>
            <param index="5">
              <value>
                <![CDATA[0.0.0.0:8080]]>
              </value>
            </param>
            <param index="6">
              <value>
                <![CDATA[8200]]>
              </value>
            </param>
            <param index="7">
              <value>
                <![CDATA[100]]>
              </value>
            </param>
            <param index="8">
              <value>
                <![CDATA[8240]]>
              </value>
            </param>
            <param index="9">
              <value>
                <![CDATA[/Applications/Appium.app/Contents/Resources/app/node_modules/appium/build/lib/selenium/note5.json]]>
              </value>
            </param>
          </params>
          <reporter-output>
          </reporter-output>
        </test-method> <!-- setUp -->
        <test-method status="PASS" signature="Verify_user_can_use_tourist_mode()[pri:1, instance:Tests.LandingPageTest@40bffbca]" name="Verify_user_can_use_tourist_mode" duration-ms="12353" started-at="2019-11-02T15:53:38 CET" description="Verify user can use tourist mode" finished-at="2019-11-02T15:53:50 CET">
          <reporter-output>
          </reporter-output>
        </test-method> <!-- Verify_user_can_use_tourist_mode -->
        <test-method status="PASS" signature="setUp(java.lang.String, java.lang.String, java.lang.String, java.lang.String, java.lang.String, java.lang.String, java.lang.String, java.lang.String, java.lang.String, java.lang.String)[pri:0, instance:Tests.LandingPageTest@40bffbca]" name="setUp" is-config="true" duration-ms="8618" started-at="2019-11-02T15:53:50 CET" finished-at="2019-11-02T15:53:59 CET">
          <params>
            <param index="0">
              <value>
                <![CDATA[SM-N975F]]>
              </value>
            </param>
            <param index="1">
              <value>
                <![CDATA[9]]>
              </value>
            </param>
            <param index="2">
              <value>
                <![CDATA[RF8M82EDL8Y]]>
              </value>
            </param>
            <param index="3">
              <value>
                <![CDATA[127.0.0.1]]>
              </value>
            </param>
            <param index="4">
              <value>
                <![CDATA[4723]]>
              </value>
            </param>
            <param index="5">
              <value>
                <![CDATA[0.0.0.0:8080]]>
              </value>
            </param>
            <param index="6">
              <value>
                <![CDATA[8200]]>
              </value>
            </param>
            <param index="7">
              <value>
                <![CDATA[100]]>
              </value>
            </param>
            <param index="8">
              <value>
                <![CDATA[8240]]>
              </value>
            </param>
            <param index="9">
              <value>
                <![CDATA[/Applications/Appium.app/Contents/Resources/app/node_modules/appium/build/lib/selenium/note5.json]]>
              </value>
            </param>
          </params>
          <reporter-output>
          </reporter-output>
        </test-method> <!-- setUp -->
        <test-method status="PASS" signature="Verify_user_can_use_local_mode()[pri:2, instance:Tests.LandingPageTest@40bffbca]" name="Verify_user_can_use_local_mode" duration-ms="13898" started-at="2019-11-02T15:53:59 CET" description="Verify user can use local mode" finished-at="2019-11-02T15:54:13 CET">
          <reporter-output>
          </reporter-output>
        </test-method> <!-- Verify_user_can_use_local_mode -->
        <test-method status="PASS" signature="setUp(java.lang.String, java.lang.String, java.lang.String, java.lang.String, java.lang.String, java.lang.String, java.lang.String, java.lang.String, java.lang.String, java.lang.String)[pri:0, instance:Tests.LandingPageTest@40bffbca]" name="setUp" is-config="true" duration-ms="8484" started-at="2019-11-02T15:54:13 CET" finished-at="2019-11-02T15:54:21 CET">
          <params>
            <param index="0">
              <value>
                <![CDATA[SM-N975F]]>
              </value>
            </param>
            <param index="1">
              <value>
                <![CDATA[9]]>
              </value>
            </param>
            <param index="2">
              <value>
                <![CDATA[RF8M82EDL8Y]]>
              </value>
            </param>
            <param index="3">
              <value>
                <![CDATA[127.0.0.1]]>
              </value>
            </param>
            <param index="4">
              <value>
                <![CDATA[4723]]>
              </value>
            </param>
            <param index="5">
              <value>
                <![CDATA[0.0.0.0:8080]]>
              </value>
            </param>
            <param index="6">
              <value>
                <![CDATA[8200]]>
              </value>
            </param>
            <param index="7">
              <value>
                <![CDATA[100]]>
              </value>
            </param>
            <param index="8">
              <value>
                <![CDATA[8240]]>
              </value>
            </param>
            <param index="9">
              <value>
                <![CDATA[/Applications/Appium.app/Contents/Resources/app/node_modules/appium/build/lib/selenium/note5.json]]>
              </value>
            </param>
          </params>
          <reporter-output>
          </reporter-output>
        </test-method> <!-- setUp -->
        <test-method status="PASS" signature="Verify_Places_near_by_is_displayed()[pri:3, instance:Tests.LandingPageTest@40bffbca]" name="Verify_Places_near_by_is_displayed" duration-ms="5662" started-at="2019-11-02T15:54:21 CET" description="Verify places neary by your location is visible" finished-at="2019-11-02T15:54:27 CET">
          <reporter-output>
          </reporter-output>
        </test-method> <!-- Verify_Places_near_by_is_displayed -->
      </class> <!-- Tests.LandingPageTest -->
    </test> <!-- Nexus -->
  </suite> <!-- Default Suite -->
</testng-results>
